2023-04-06 07:01:43,292 Namespace(TEST_MODEL_FILE=None, cfg='experiments/atari/multi_base.yaml', eval_only=False, render=False, seed=2)
2023-04-06 07:01:43,294 {'AUTO_RESUME': False,
 'CUDNN': {'BENCHMARK': True, 'DETERMINISTIC': False, 'ENABLED': True},
 'DATASET': {'BRIGHTNESS_FACTOR': 0.0,
             'COLOR_RGB': True,
             'CONTRAST_FACTOR': 0.0,
             'DATASET': 'mpii',
             'GRAYSCALE': True,
             'HISTORY_INPUT': False,
             'HUE_FACTOR': 0.0,
             'HYBRID': False,
             'ROOT': '',
             'SAMPLE_2_FRAME': False,
             'SAMPLE_2_FRAME_OFFSET': 0,
             'SAMPLE_STEP': 1,
             'SAT_FACTOR': 0.0,
             'TEST_SET': 'valid',
             'TRAIN_SET': 'train',
             'TRANSFORM': False},
 'DATA_DIR': '',
 'DEBUG': {'DEBUG': False},
 'GPUS': '2',
 'LOG_DIR': 'log',
 'MODEL': {'HEATMAP_SIZE': [64, 64],
           'IGNORE_BACKGROUND': False,
           'IMAGE_SIZE': array([84, 84]),
           'INIT_WEIGHTS': True,
           'NAME': 'a2c',
           'PRETRAINED': '',
           'SIGMA': 1},
 'MODEL_FILE': '',
 'OUTPUT_DIR': 'output',
 'PIN_MEMORY': True,
 'PRINT_FREQ': 100,
 'RESUME': False,
 'SELFSUP_ATTENTION': {'AUTOENCODER_LOSS': True,
                       'BLOCK_IMAGE_FEAT_GRADIENT': False,
                       'DECODER_WITH_SIGMOID': True,
                       'GAUSS_STD': 0.1,
                       'HEATMAP_SPARSITY_LOSS': True,
                       'HEATMAP_SPARSITY_LOSS_WEIGHT': 0.001,
                       'KEYPOINTER_CLS_AGNOSTIC': True,
                       'NUM_KEYPOINTS': 7,
                       'RECONSTRUCT_LOSS_THRESHOLD': 0.01,
                       'SHARE_PARAMETERS': False,
                       'USE_INSTANCE_NORM': False,
                       'USE_LAYER_NORM': False},
 'TEST': {'BATCH_SIZE_PER_GPU': 32, 'MODEL_FILE': ''},
 'TRAIN': {'BATCH_SIZE_PER_GPU': 32,
           'BEGIN_EPOCH': 0,
           'CHECKPOINT': '',
           'END_EPOCH': 140,
           'GAMMA1': 0.99,
           'GAMMA2': 0.0,
           'LR': 0.001,
           'LR_FACTOR': 0.1,
           'LR_STEP': [90, 110],
           'MOMENTUM': 0.9,
           'NESTEROV': False,
           'OPTIMIZER': 'adam',
           'RESUME': False,
           'SHUFFLE': True,
           'WD': 0.0001},
 'WORKERS': 4,
 'algo': 'a2c',
 'alpha': 0.99,
 'block_selfsup_attention_grad': False,
 'bottom_up_downsample_mask': False,
 'bottom_up_downsample_mask_stride1': False,
 'bottom_up_form_num_of_objects': 10,
 'bottom_up_form_objects': False,
 'cuda': True,
 'cuda_deterministic': False,
 'entropy_coef': 0.01,
 'env_name': ['AsteroidsNoFrameskip-v4',
              'AssaultNoFrameskip-v4',
              'MsPacmanNoFrameskip-v4'],
 'env_num': 3,
 'eps': 1e-05,
 'eval_interval': 1250,
 'feat_add_selfsup_attention': True,
 'feat_from_selfsup_attention': False,
 'feat_mul_selfsup_attention_mask': True,
 'feat_mul_selfsup_attention_mask_residual': False,
 'feat_pool_with_selfsup_attention': False,
 'fix_feature': False,
 'gae_lambda': 0.95,
 'gail': False,
 'gail_batch_size': 128,
 'gail_epoch': 5,
 'gail_experts_dir': './gail_experts',
 'gamma': 0.99,
 'gaussian_std': 0.1,
 'hidden_size': 512,
 'log_interval': 250,
 'lr': 0.0007,
 'mask_threshold': -1.0,
 'max_grad_norm': 0.5,
 'no_cuda': False,
 'num_env_steps': 500000,
 'num_processes': 1,
 'num_steps': 5,
 'ppo_epoch': 4,
 'recurrent_policy': False,
 'resized_size': 84,
 'save_dir': './trained_models/',
 'save_interval': 1250,
 'seed': 2,
 'selfsup_attention_feat_load_pretrained': True,
 'selfsup_attention_feat_masked': True,
 'selfsup_attention_feat_masked_residual': False,
 'selfsup_attention_fix': False,
 'selfsup_attention_fix_keypointer': False,
 'selfsup_attention_image_feat_only': False,
 'selfsup_attention_keyp_maps_pool': True,
 'selfsup_attention_multiframe': False,
 'selfsup_attention_pretrain': '',
 'sep_bg_fg_feat': False,
 'temperature': 0.07,
 'train_selfsup_attention': True,
 'train_selfsup_attention_batch_size': 256,
 'train_selfsup_attention_buffer_size': 10000,
 'use_gae': False,
 'use_layer_norm': False,
 'use_linear_lr_decay': False,
 'use_proper_time_limits': False,
 'value_loss_coef': 0.5,
 'weight_decay': 0.0}
2023-04-06 07:03:50,836 Updates 1250, num timesteps 6255
selfsup attention loss 0.16151

2023-04-06 07:05:19,674 Updates 1500, num timesteps 7505
selfsup attention loss 0.14205

2023-04-06 07:07:01,378 Updates 1750, num timesteps 8755
selfsup attention loss 0.07722

2023-04-06 07:08:26,990 Updates 2000, num timesteps 10005
selfsup attention loss 0.11258

2023-04-06 07:09:58,338 Updates 2250, num timesteps 11255
selfsup attention loss 0.11371

2023-04-06 07:11:32,239 Updates 2500, num timesteps 12505
selfsup attention loss 0.10218

2023-04-06 07:13:12,838 Updates 2750, num timesteps 13755
selfsup attention loss 0.05809

2023-04-06 07:14:45,748 Updates 3000, num timesteps 15005
selfsup attention loss 0.10719

2023-04-06 07:16:17,424 Updates 3250, num timesteps 16255
selfsup attention loss 0.10206

2023-04-06 07:17:50,193 Updates 3500, num timesteps 17505
selfsup attention loss 0.13939

2023-04-06 07:19:07,895 Updates 3750, num timesteps 18755
selfsup attention loss 0.15336

2023-04-06 07:20:40,423 Updates 4000, num timesteps 20005
selfsup attention loss 0.11001

2023-04-06 07:22:00,989 Updates 4250, num timesteps 21255
selfsup attention loss 0.14960

2023-04-06 07:23:39,138 Updates 4500, num timesteps 22505
selfsup attention loss 0.09350

2023-04-06 07:25:10,361 Updates 4750, num timesteps 23755
selfsup attention loss 0.11877

2023-04-06 07:26:44,575 Updates 5000, num timesteps 25005
selfsup attention loss 0.06515

2023-04-06 07:28:15,244 Updates 5250, num timesteps 26255
selfsup attention loss 0.11860

2023-04-06 07:29:38,138 Updates 5500, num timesteps 27505
selfsup attention loss 0.09849

2023-04-06 07:31:07,546 Updates 5750, num timesteps 28755
selfsup attention loss 0.06676

2023-04-06 07:32:32,082 Updates 6000, num timesteps 30005
selfsup attention loss 0.06560

2023-04-06 07:34:10,299 Updates 6250, num timesteps 31255
selfsup attention loss 0.07785

2023-04-06 07:35:44,371 Updates 6500, num timesteps 32505
selfsup attention loss 0.11248

2023-04-06 07:37:19,593 Updates 6750, num timesteps 33755
selfsup attention loss 0.06745

2023-04-06 07:38:58,296 Updates 7000, num timesteps 35005
selfsup attention loss 0.04715

2023-04-06 07:40:16,909 Updates 7250, num timesteps 36255
selfsup attention loss 0.06262

2023-04-06 07:41:49,970 Updates 7500, num timesteps 37505
selfsup attention loss 0.09360

2023-04-06 07:43:09,845 Updates 7750, num timesteps 38755
selfsup attention loss 0.09313

2023-04-06 07:44:40,564 Updates 8000, num timesteps 40005
selfsup attention loss 0.14957

2023-04-06 07:45:58,267 Updates 8250, num timesteps 41255
selfsup attention loss 0.04930

2023-04-06 07:47:41,995 Updates 8500, num timesteps 42505
selfsup attention loss 0.10392

2023-04-06 07:49:09,387 Updates 8750, num timesteps 43755
selfsup attention loss 0.11911

2023-04-06 07:50:45,690 Updates 9000, num timesteps 45005
selfsup attention loss 0.07775

2023-04-06 07:52:12,596 Updates 9250, num timesteps 46255
selfsup attention loss 0.05869

2023-04-06 07:53:36,571 Updates 9500, num timesteps 47505
selfsup attention loss 0.05358

2023-04-06 07:55:12,186 Updates 9750, num timesteps 48755
selfsup attention loss 0.13508

2023-04-06 07:56:33,722 Updates 10000, num timesteps 50005
selfsup attention loss 0.10205

2023-04-06 07:58:08,648 Updates 10250, num timesteps 51255
selfsup attention loss 0.08127

2023-04-06 07:59:19,404 Updates 10500, num timesteps 52505
selfsup attention loss 0.07878

2023-04-06 08:00:45,651 Updates 10750, num timesteps 53755
selfsup attention loss 0.16039

2023-04-06 08:02:01,092 Updates 11000, num timesteps 55005
selfsup attention loss 0.06320

2023-04-06 08:03:28,890 Updates 11250, num timesteps 56255
selfsup attention loss 0.10303

2023-04-06 08:04:48,375 Updates 11500, num timesteps 57505
selfsup attention loss 0.10583

2023-04-06 08:06:13,120 Updates 11750, num timesteps 58755
selfsup attention loss 0.12420

2023-04-06 08:07:27,350 Updates 12000, num timesteps 60005
selfsup attention loss 0.06469

2023-04-06 08:08:51,509 Updates 12250, num timesteps 61255
selfsup attention loss 0.12422

2023-04-06 08:10:04,415 Updates 12500, num timesteps 62505
selfsup attention loss 0.04454

2023-04-06 08:11:28,504 Updates 12750, num timesteps 63755
selfsup attention loss 0.13390

2023-04-06 08:12:57,493 Updates 13000, num timesteps 65005
selfsup attention loss 0.06331

2023-04-06 08:14:20,282 Updates 13250, num timesteps 66255
selfsup attention loss 0.14638

2023-04-06 08:15:35,090 Updates 13500, num timesteps 67505
selfsup attention loss 0.08000

2023-04-06 08:16:57,564 Updates 13750, num timesteps 68755
selfsup attention loss 0.06120

2023-04-06 08:18:14,221 Updates 14000, num timesteps 70005
selfsup attention loss 0.08251

2023-04-06 08:19:37,930 Updates 14250, num timesteps 71255
selfsup attention loss 0.06988

2023-04-06 08:20:57,752 Updates 14500, num timesteps 72505
selfsup attention loss 0.08938

2023-04-06 08:22:26,432 Updates 14750, num timesteps 73755
selfsup attention loss 0.08426

2023-04-06 08:23:45,314 Updates 15000, num timesteps 75005
selfsup attention loss 0.07761

2023-04-06 08:25:08,136 Updates 15250, num timesteps 76255
selfsup attention loss 0.07906

2023-04-06 08:26:22,980 Updates 15500, num timesteps 77505
selfsup attention loss 0.04515

2023-04-06 08:27:46,433 Updates 15750, num timesteps 78755
selfsup attention loss 0.05763

2023-04-06 08:29:04,118 Updates 16000, num timesteps 80005
selfsup attention loss 0.08532

2023-04-06 08:30:27,026 Updates 16250, num timesteps 81255
selfsup attention loss 0.07075

2023-04-06 08:31:23,555 Updates 16500, num timesteps 82505
selfsup attention loss 0.06659

2023-04-06 08:32:20,412 Updates 16750, num timesteps 83755
selfsup attention loss 0.06340

2023-04-06 08:33:17,147 Updates 17000, num timesteps 85005
selfsup attention loss 0.07025

2023-04-06 08:34:13,549 Updates 17250, num timesteps 86255
selfsup attention loss 0.07794

2023-04-06 08:35:09,622 Updates 17500, num timesteps 87505
selfsup attention loss 0.15316

2023-04-06 08:36:05,645 Updates 17750, num timesteps 88755
selfsup attention loss 0.09677

2023-04-06 08:37:05,921 Updates 18000, num timesteps 90005
selfsup attention loss 0.10475

2023-04-06 08:38:04,204 Updates 18250, num timesteps 91255
selfsup attention loss 0.13368

2023-04-06 08:39:00,796 Updates 18500, num timesteps 92505
selfsup attention loss 0.05546

2023-04-06 08:39:56,712 Updates 18750, num timesteps 93755
selfsup attention loss 0.07762

2023-04-06 08:40:53,104 Updates 19000, num timesteps 95005
selfsup attention loss 0.09717

2023-04-06 08:41:50,247 Updates 19250, num timesteps 96255
selfsup attention loss 0.04568

2023-04-06 08:42:47,167 Updates 19500, num timesteps 97505
selfsup attention loss 0.07927

2023-04-06 08:43:43,645 Updates 19750, num timesteps 98755
selfsup attention loss 0.03615

2023-04-06 08:44:45,096 Updates 20000, num timesteps 100005
selfsup attention loss 0.07437

2023-04-06 08:45:51,749 Updates 20250, num timesteps 101255
selfsup attention loss 0.07608

2023-04-06 08:46:49,400 Updates 20500, num timesteps 102505
selfsup attention loss 0.07845

2023-04-06 08:47:46,147 Updates 20750, num timesteps 103755
selfsup attention loss 0.07051

2023-04-06 08:48:44,615 Updates 21000, num timesteps 105005
selfsup attention loss 0.07017

2023-04-06 08:49:43,099 Updates 21250, num timesteps 106255
selfsup attention loss 0.07448

2023-04-06 08:50:41,189 Updates 21500, num timesteps 107505
selfsup attention loss 0.03944

2023-04-06 08:51:41,520 Updates 21750, num timesteps 108755
selfsup attention loss 0.06188

2023-04-06 08:52:42,779 Updates 22000, num timesteps 110005
selfsup attention loss 0.06401

2023-04-06 08:53:43,379 Updates 22250, num timesteps 111255
selfsup attention loss 0.05370

2023-04-06 08:54:42,643 Updates 22500, num timesteps 112505
selfsup attention loss 0.07645

2023-04-06 08:55:40,191 Updates 22750, num timesteps 113755
selfsup attention loss 0.06465

2023-04-06 08:56:39,918 Updates 23000, num timesteps 115005
selfsup attention loss 0.06602

2023-04-06 08:57:39,117 Updates 23250, num timesteps 116255
selfsup attention loss 0.06882

2023-04-06 08:58:37,752 Updates 23500, num timesteps 117505
selfsup attention loss 0.06384

2023-04-06 08:59:34,773 Updates 23750, num timesteps 118755
selfsup attention loss 0.09470

2023-04-06 09:00:31,884 Updates 24000, num timesteps 120005
selfsup attention loss 0.05913

2023-04-06 09:01:36,090 Updates 24250, num timesteps 121255
selfsup attention loss 0.08443

2023-04-06 09:02:35,504 Updates 24500, num timesteps 122505
selfsup attention loss 0.05680

2023-04-06 09:03:34,611 Updates 24750, num timesteps 123755
selfsup attention loss 0.07359

2023-04-06 09:04:31,391 Updates 25000, num timesteps 125005
selfsup attention loss 0.13036

2023-04-06 09:05:28,563 Updates 25250, num timesteps 126255
selfsup attention loss 0.05268

2023-04-06 09:06:26,411 Updates 25500, num timesteps 127505
selfsup attention loss 0.09059

2023-04-06 09:07:26,188 Updates 25750, num timesteps 128755
selfsup attention loss 0.06379

2023-04-06 09:08:23,603 Updates 26000, num timesteps 130005
selfsup attention loss 0.04893

2023-04-06 09:09:24,686 Updates 26250, num timesteps 131255
selfsup attention loss 0.04829

2023-04-06 09:10:32,269 Updates 26500, num timesteps 132505
selfsup attention loss 0.04508

2023-04-06 09:11:54,091 Updates 26750, num timesteps 133755
selfsup attention loss 0.05244

2023-04-06 09:13:04,161 Updates 27000, num timesteps 135005
selfsup attention loss 0.05152

2023-04-06 09:14:05,910 Updates 27250, num timesteps 136255
selfsup attention loss 0.09331

2023-04-06 09:15:13,747 Updates 27500, num timesteps 137505
selfsup attention loss 0.05805

2023-04-06 09:16:15,319 Updates 27750, num timesteps 138755
selfsup attention loss 0.05603

2023-04-06 09:17:19,220 Updates 28000, num timesteps 140005
selfsup attention loss 0.08941

2023-04-06 09:18:32,120 Updates 28250, num timesteps 141255
selfsup attention loss 0.09200

2023-04-06 09:19:40,424 Updates 28500, num timesteps 142505
selfsup attention loss 0.05778

2023-04-06 09:20:57,417 Updates 28750, num timesteps 143755
selfsup attention loss 0.06540

2023-04-06 09:22:15,893 Updates 29000, num timesteps 145005
selfsup attention loss 0.04182

2023-04-06 09:23:29,123 Updates 29250, num timesteps 146255
selfsup attention loss 0.09349

2023-04-06 09:24:39,955 Updates 29500, num timesteps 147505
selfsup attention loss 0.05992

2023-04-06 09:25:44,177 Updates 29750, num timesteps 148755
selfsup attention loss 0.04219

2023-04-06 09:26:52,774 Updates 30000, num timesteps 150005
selfsup attention loss 0.05581

2023-04-06 09:28:05,379 Updates 30250, num timesteps 151255
selfsup attention loss 0.03651

2023-04-06 09:29:24,879 Updates 30500, num timesteps 152505
selfsup attention loss 0.07437

2023-04-06 09:30:39,505 Updates 30750, num timesteps 153755
selfsup attention loss 0.04123

2023-04-06 09:31:50,242 Updates 31000, num timesteps 155005
selfsup attention loss 0.04573

2023-04-06 09:33:07,159 Updates 31250, num timesteps 156255
selfsup attention loss 0.04193

2023-04-06 09:34:27,022 Updates 31500, num timesteps 157505
selfsup attention loss 0.06433

2023-04-06 09:35:39,613 Updates 31750, num timesteps 158755
selfsup attention loss 0.05008

2023-04-06 09:36:45,415 Updates 32000, num timesteps 160005
selfsup attention loss 0.04030

2023-04-06 09:37:57,491 Updates 32250, num timesteps 161255
selfsup attention loss 0.06342

2023-04-06 09:39:05,737 Updates 32500, num timesteps 162505
selfsup attention loss 0.05857

2023-04-06 09:40:14,112 Updates 32750, num timesteps 163755
selfsup attention loss 0.03049

2023-04-06 09:41:28,824 Updates 33000, num timesteps 165005
selfsup attention loss 0.03964

2023-04-06 09:42:46,422 Updates 33250, num timesteps 166255
selfsup attention loss 0.04447

2023-04-06 09:43:55,495 Updates 33500, num timesteps 167505
selfsup attention loss 0.03618

2023-04-06 09:45:05,303 Updates 33750, num timesteps 168755
selfsup attention loss 0.04389

2023-04-06 09:46:17,487 Updates 34000, num timesteps 170005
selfsup attention loss 0.05622

2023-04-06 09:47:24,475 Updates 34250, num timesteps 171255
selfsup attention loss 0.05826

2023-04-06 09:48:31,569 Updates 34500, num timesteps 172505
selfsup attention loss 0.11161

2023-04-06 09:49:48,151 Updates 34750, num timesteps 173755
selfsup attention loss 0.04806

2023-04-06 09:51:04,688 Updates 35000, num timesteps 175005
selfsup attention loss 0.07566

2023-04-06 09:52:12,499 Updates 35250, num timesteps 176255
selfsup attention loss 0.07391

2023-04-06 09:53:25,140 Updates 35500, num timesteps 177505
selfsup attention loss 0.08458

2023-04-06 09:54:45,516 Updates 35750, num timesteps 178755
selfsup attention loss 0.07515

2023-04-06 09:56:04,670 Updates 36000, num timesteps 180005
selfsup attention loss 0.09423

2023-04-06 09:57:22,786 Updates 36250, num timesteps 181255
selfsup attention loss 0.11385

2023-04-06 09:58:35,271 Updates 36500, num timesteps 182505
selfsup attention loss 0.07012

2023-04-06 09:59:50,069 Updates 36750, num timesteps 183755
selfsup attention loss 0.03544

2023-04-06 10:01:05,280 Updates 37000, num timesteps 185005
selfsup attention loss 0.06231

2023-04-06 10:02:13,082 Updates 37250, num timesteps 186255
selfsup attention loss 0.04680

2023-04-06 10:03:22,146 Updates 37500, num timesteps 187505
selfsup attention loss 0.08288

2023-04-06 10:04:29,992 Updates 37750, num timesteps 188755
selfsup attention loss 0.06455

2023-04-06 10:05:39,082 Updates 38000, num timesteps 190005
selfsup attention loss 0.11059

2023-04-06 10:06:48,106 Updates 38250, num timesteps 191255
selfsup attention loss 0.08098

2023-04-06 10:07:51,023 Updates 38500, num timesteps 192505
selfsup attention loss 0.07436

2023-04-06 10:08:56,588 Updates 38750, num timesteps 193755
selfsup attention loss 0.05506

2023-04-06 10:10:09,887 Updates 39000, num timesteps 195005
selfsup attention loss 0.08537

2023-04-06 10:11:15,548 Updates 39250, num timesteps 196255
selfsup attention loss 0.04700

2023-04-06 10:12:13,261 Updates 39500, num timesteps 197505
selfsup attention loss 0.05111

2023-04-06 10:13:29,306 Updates 39750, num timesteps 198755
selfsup attention loss 0.04646

2023-04-06 10:14:40,949 Updates 40000, num timesteps 200005
selfsup attention loss 0.03964

2023-04-06 10:15:44,391 Updates 40250, num timesteps 201255
selfsup attention loss 0.05554

2023-04-06 10:16:52,385 Updates 40500, num timesteps 202505
selfsup attention loss 0.09445

2023-04-06 10:17:59,734 Updates 40750, num timesteps 203755
selfsup attention loss 0.06160

2023-04-06 10:19:13,133 Updates 41000, num timesteps 205005
selfsup attention loss 0.06608

2023-04-06 10:20:20,922 Updates 41250, num timesteps 206255
selfsup attention loss 0.06567

2023-04-06 10:21:24,028 Updates 41500, num timesteps 207505
selfsup attention loss 0.07104

2023-04-06 10:22:32,235 Updates 41750, num timesteps 208755
selfsup attention loss 0.05921

2023-04-06 10:23:47,405 Updates 42000, num timesteps 210005
selfsup attention loss 0.05704

2023-04-06 10:24:46,884 Updates 42250, num timesteps 211255
selfsup attention loss 0.04855

2023-04-06 10:25:45,630 Updates 42500, num timesteps 212505
selfsup attention loss 0.06744

2023-04-06 10:26:56,429 Updates 42750, num timesteps 213755
selfsup attention loss 0.06597

2023-04-06 10:28:04,353 Updates 43000, num timesteps 215005
selfsup attention loss 0.06170

2023-04-06 10:29:09,161 Updates 43250, num timesteps 216255
selfsup attention loss 0.10268

2023-04-06 10:30:09,220 Updates 43500, num timesteps 217505
selfsup attention loss 0.05376

2023-04-06 10:31:08,313 Updates 43750, num timesteps 218755
selfsup attention loss 0.05376

2023-04-06 10:32:08,444 Updates 44000, num timesteps 220005
selfsup attention loss 0.03955

2023-04-06 10:33:07,754 Updates 44250, num timesteps 221255
selfsup attention loss 0.05335

2023-04-06 10:34:13,126 Updates 44500, num timesteps 222505
selfsup attention loss 0.05663

2023-04-06 10:35:23,129 Updates 44750, num timesteps 223755
selfsup attention loss 0.03640

2023-04-06 10:36:42,162 Updates 45000, num timesteps 225005
selfsup attention loss 0.06876

2023-04-06 10:37:53,536 Updates 45250, num timesteps 226255
selfsup attention loss 0.04474

2023-04-06 10:39:04,320 Updates 45500, num timesteps 227505
selfsup attention loss 0.08620

2023-04-06 10:40:12,213 Updates 45750, num timesteps 228755
selfsup attention loss 0.08702

2023-04-06 10:41:24,553 Updates 46000, num timesteps 230005
selfsup attention loss 0.03438

2023-04-06 10:42:32,873 Updates 46250, num timesteps 231255
selfsup attention loss 0.06649

2023-04-06 10:43:34,635 Updates 46500, num timesteps 232505
selfsup attention loss 0.04937

2023-04-06 10:44:39,823 Updates 46750, num timesteps 233755
selfsup attention loss 0.03564

2023-04-06 10:45:48,697 Updates 47000, num timesteps 235005
selfsup attention loss 0.05640

2023-04-06 10:46:46,142 Updates 47250, num timesteps 236255
selfsup attention loss 0.06427

2023-04-06 10:47:42,887 Updates 47500, num timesteps 237505
selfsup attention loss 0.06963

2023-04-06 10:48:39,556 Updates 47750, num timesteps 238755
selfsup attention loss 0.03118

2023-04-06 10:49:35,580 Updates 48000, num timesteps 240005
selfsup attention loss 0.09212

2023-04-06 10:50:33,811 Updates 48250, num timesteps 241255
selfsup attention loss 0.04817

2023-04-06 10:51:30,541 Updates 48500, num timesteps 242505
selfsup attention loss 0.03555

2023-04-06 10:52:27,204 Updates 48750, num timesteps 243755
selfsup attention loss 0.04875

2023-04-06 10:53:23,901 Updates 49000, num timesteps 245005
selfsup attention loss 0.04866

2023-04-06 10:54:20,532 Updates 49250, num timesteps 246255
selfsup attention loss 0.05844

2023-04-06 10:55:17,214 Updates 49500, num timesteps 247505
selfsup attention loss 0.06874

2023-04-06 10:56:13,902 Updates 49750, num timesteps 248755
selfsup attention loss 0.07165

2023-04-06 10:57:10,544 Updates 50000, num timesteps 250005
selfsup attention loss 0.06054

2023-04-06 10:58:07,286 Updates 50250, num timesteps 251255
selfsup attention loss 0.07811

2023-04-06 10:59:04,063 Updates 50500, num timesteps 252505
selfsup attention loss 0.05473

2023-04-06 10:59:59,894 Updates 50750, num timesteps 253755
selfsup attention loss 0.04711

2023-04-06 11:00:55,740 Updates 51000, num timesteps 255005
selfsup attention loss 0.04721

2023-04-06 11:01:51,880 Updates 51250, num timesteps 256255
selfsup attention loss 0.07490

2023-04-06 11:02:48,070 Updates 51500, num timesteps 257505
selfsup attention loss 0.07151

2023-04-06 11:03:44,214 Updates 51750, num timesteps 258755
selfsup attention loss 0.09896

2023-04-06 11:04:40,371 Updates 52000, num timesteps 260005
selfsup attention loss 0.07244

2023-04-06 11:05:36,475 Updates 52250, num timesteps 261255
selfsup attention loss 0.03804

2023-04-06 11:06:32,639 Updates 52500, num timesteps 262505
selfsup attention loss 0.08169

2023-04-06 11:07:28,779 Updates 52750, num timesteps 263755
selfsup attention loss 0.04779

2023-04-06 11:08:32,727 Updates 53000, num timesteps 265005
selfsup attention loss 0.05025

2023-04-06 11:09:34,630 Updates 53250, num timesteps 266255
selfsup attention loss 0.03164

2023-04-06 11:10:45,884 Updates 53500, num timesteps 267505
selfsup attention loss 0.04002

2023-04-06 11:11:52,834 Updates 53750, num timesteps 268755
selfsup attention loss 0.10482

2023-04-06 11:13:06,307 Updates 54000, num timesteps 270005
selfsup attention loss 0.06062

2023-04-06 11:14:14,482 Updates 54250, num timesteps 271255
selfsup attention loss 0.02961

2023-04-06 11:15:33,238 Updates 54500, num timesteps 272505
selfsup attention loss 0.05279

2023-04-06 11:16:47,963 Updates 54750, num timesteps 273755
selfsup attention loss 0.06626

2023-04-06 11:18:06,505 Updates 55000, num timesteps 275005
selfsup attention loss 0.06945

2023-04-06 11:19:21,848 Updates 55250, num timesteps 276255
selfsup attention loss 0.05918

2023-04-06 11:20:35,149 Updates 55500, num timesteps 277505
selfsup attention loss 0.04906

2023-04-06 11:21:45,374 Updates 55750, num timesteps 278755
selfsup attention loss 0.03686

2023-04-06 11:22:53,851 Updates 56000, num timesteps 280005
selfsup attention loss 0.05871

2023-04-06 11:24:10,394 Updates 56250, num timesteps 281255
selfsup attention loss 0.04999

2023-04-06 11:25:28,840 Updates 56500, num timesteps 282505
selfsup attention loss 0.05008

2023-04-06 11:26:33,750 Updates 56750, num timesteps 283755
selfsup attention loss 0.05006

2023-04-06 11:27:44,444 Updates 57000, num timesteps 285005
selfsup attention loss 0.05170

2023-04-06 11:29:01,065 Updates 57250, num timesteps 286255
selfsup attention loss 0.05157

2023-04-06 11:30:11,349 Updates 57500, num timesteps 287505
selfsup attention loss 0.03835

2023-04-06 11:31:20,219 Updates 57750, num timesteps 288755
selfsup attention loss 0.03937

2023-04-06 11:32:30,777 Updates 58000, num timesteps 290005
selfsup attention loss 0.09320

2023-04-06 11:33:42,660 Updates 58250, num timesteps 291255
selfsup attention loss 0.13013

2023-04-06 11:34:54,550 Updates 58500, num timesteps 292505
selfsup attention loss 0.03810

2023-04-06 11:36:16,049 Updates 58750, num timesteps 293755
selfsup attention loss 0.05038

2023-04-06 11:37:23,102 Updates 59000, num timesteps 295005
selfsup attention loss 0.03873

2023-04-06 11:38:30,794 Updates 59250, num timesteps 296255
selfsup attention loss 0.03513

2023-04-06 11:39:33,489 Updates 59500, num timesteps 297505
selfsup attention loss 0.07158

2023-04-06 11:40:43,015 Updates 59750, num timesteps 298755
selfsup attention loss 0.04896

2023-04-06 11:42:00,464 Updates 60000, num timesteps 300005
selfsup attention loss 0.07307

2023-04-06 11:43:10,475 Updates 60250, num timesteps 301255
selfsup attention loss 0.04497

2023-04-06 11:44:20,000 Updates 60500, num timesteps 302505
selfsup attention loss 0.05645

2023-04-06 11:45:40,301 Updates 60750, num timesteps 303755
selfsup attention loss 0.03579

2023-04-06 11:46:56,297 Updates 61000, num timesteps 305005
selfsup attention loss 0.04056

2023-04-06 11:48:08,796 Updates 61250, num timesteps 306255
selfsup attention loss 0.06536

2023-04-06 11:49:22,138 Updates 61500, num timesteps 307505
selfsup attention loss 0.04438

2023-04-06 11:50:29,890 Updates 61750, num timesteps 308755
selfsup attention loss 0.03676

2023-04-06 11:51:43,520 Updates 62000, num timesteps 310005
selfsup attention loss 0.06727

2023-04-06 11:52:49,724 Updates 62250, num timesteps 311255
selfsup attention loss 0.05528

2023-04-06 11:54:04,237 Updates 62500, num timesteps 312505
selfsup attention loss 0.03061

2023-04-06 11:55:10,021 Updates 62750, num timesteps 313755
selfsup attention loss 0.05161

2023-04-06 11:56:28,421 Updates 63000, num timesteps 315005
selfsup attention loss 0.02236

2023-04-06 11:57:44,889 Updates 63250, num timesteps 316255
selfsup attention loss 0.06994

2023-04-06 11:58:52,705 Updates 63500, num timesteps 317505
selfsup attention loss 0.03928

2023-04-06 11:59:58,141 Updates 63750, num timesteps 318755
selfsup attention loss 0.04173

2023-04-06 12:01:07,106 Updates 64000, num timesteps 320005
selfsup attention loss 0.03982

2023-04-06 12:02:18,185 Updates 64250, num timesteps 321255
selfsup attention loss 0.03971

2023-04-06 12:03:23,645 Updates 64500, num timesteps 322505
selfsup attention loss 0.04588

2023-04-06 12:04:30,908 Updates 64750, num timesteps 323755
selfsup attention loss 0.04602

2023-04-06 12:05:46,567 Updates 65000, num timesteps 325005
selfsup attention loss 0.07574

2023-04-06 12:07:08,928 Updates 65250, num timesteps 326255
selfsup attention loss 0.03512

2023-04-06 12:08:16,866 Updates 65500, num timesteps 327505
selfsup attention loss 0.09516

2023-04-06 12:09:24,120 Updates 65750, num timesteps 328755
selfsup attention loss 0.02733

2023-04-06 12:10:33,041 Updates 66000, num timesteps 330005
selfsup attention loss 0.04623

2023-04-06 12:11:36,818 Updates 66250, num timesteps 331255
selfsup attention loss 0.02876

2023-04-06 12:12:43,475 Updates 66500, num timesteps 332505
selfsup attention loss 0.06049

2023-04-06 12:13:51,031 Updates 66750, num timesteps 333755
selfsup attention loss 0.05599

2023-04-06 12:15:02,346 Updates 67000, num timesteps 335005
selfsup attention loss 0.04247

2023-04-06 12:16:06,038 Updates 67250, num timesteps 336255
selfsup attention loss 0.07235

2023-04-06 12:17:26,427 Updates 67500, num timesteps 337505
selfsup attention loss 0.05866

2023-04-06 12:18:46,775 Updates 67750, num timesteps 338755
selfsup attention loss 0.04823

2023-04-06 12:19:54,610 Updates 68000, num timesteps 340005
selfsup attention loss 0.07852

2023-04-06 12:21:06,652 Updates 68250, num timesteps 341255
selfsup attention loss 0.04908

2023-04-06 12:22:23,198 Updates 68500, num timesteps 342505
selfsup attention loss 0.05459

2023-04-06 12:23:31,064 Updates 68750, num timesteps 343755
selfsup attention loss 0.07354

2023-04-06 12:24:39,129 Updates 69000, num timesteps 345005
selfsup attention loss 0.03098

2023-04-06 12:25:50,466 Updates 69250, num timesteps 346255
selfsup attention loss 0.02877

2023-04-06 12:27:06,211 Updates 69500, num timesteps 347505
selfsup attention loss 0.05236

2023-04-06 12:28:27,486 Updates 69750, num timesteps 348755
selfsup attention loss 0.03724

2023-04-06 12:29:44,216 Updates 70000, num timesteps 350005
selfsup attention loss 0.05137

2023-04-06 12:30:54,792 Updates 70250, num timesteps 351255
selfsup attention loss 0.05708

2023-04-06 12:32:04,233 Updates 70500, num timesteps 352505
selfsup attention loss 0.05198

2023-04-06 12:33:13,533 Updates 70750, num timesteps 353755
selfsup attention loss 0.05714

2023-04-06 12:34:22,205 Updates 71000, num timesteps 355005
selfsup attention loss 0.03680

2023-04-06 12:35:34,884 Updates 71250, num timesteps 356255
selfsup attention loss 0.09851

2023-04-06 12:36:46,314 Updates 71500, num timesteps 357505
selfsup attention loss 0.07402

2023-04-06 12:37:52,926 Updates 71750, num timesteps 358755
selfsup attention loss 0.04632

2023-04-06 12:39:11,880 Updates 72000, num timesteps 360005
selfsup attention loss 0.06630

2023-04-06 12:40:23,273 Updates 72250, num timesteps 361255
selfsup attention loss 0.03653

2023-04-06 12:41:29,851 Updates 72500, num timesteps 362505
selfsup attention loss 0.06960

2023-04-06 12:42:40,776 Updates 72750, num timesteps 363755
selfsup attention loss 0.04315

2023-04-06 12:43:52,021 Updates 73000, num timesteps 365005
selfsup attention loss 0.07949

2023-04-06 12:44:53,458 Updates 73250, num timesteps 366255
selfsup attention loss 0.06334

2023-04-06 12:46:05,199 Updates 73500, num timesteps 367505
selfsup attention loss 0.09183

2023-04-06 12:47:11,109 Updates 73750, num timesteps 368755
selfsup attention loss 0.02762

2023-04-06 12:48:26,834 Updates 74000, num timesteps 370005
selfsup attention loss 0.04477

2023-04-06 12:49:39,693 Updates 74250, num timesteps 371255
selfsup attention loss 0.04243

2023-04-06 12:50:58,516 Updates 74500, num timesteps 372505
selfsup attention loss 0.09938

2023-04-06 12:52:16,101 Updates 74750, num timesteps 373755
selfsup attention loss 0.04517

2023-04-06 12:53:20,069 Updates 75000, num timesteps 375005
selfsup attention loss 0.05160

2023-04-06 12:54:31,224 Updates 75250, num timesteps 376255
selfsup attention loss 0.06070

2023-04-06 12:55:42,741 Updates 75500, num timesteps 377505
selfsup attention loss 0.13020

2023-04-06 12:56:50,079 Updates 75750, num timesteps 378755
selfsup attention loss 0.05161

2023-04-06 12:57:58,763 Updates 76000, num timesteps 380005
selfsup attention loss 0.05892

2023-04-06 12:59:03,646 Updates 76250, num timesteps 381255
selfsup attention loss 0.05301

2023-04-06 13:00:15,513 Updates 76500, num timesteps 382505
selfsup attention loss 0.05494

2023-04-06 13:01:39,975 Updates 76750, num timesteps 383755
selfsup attention loss 0.06193

2023-04-06 13:02:57,404 Updates 77000, num timesteps 385005
selfsup attention loss 0.06932

2023-04-06 13:04:13,977 Updates 77250, num timesteps 386255
selfsup attention loss 0.04926

2023-04-06 13:05:21,344 Updates 77500, num timesteps 387505
selfsup attention loss 0.06896

2023-04-06 13:06:32,390 Updates 77750, num timesteps 388755
selfsup attention loss 0.04439

2023-04-06 13:07:42,519 Updates 78000, num timesteps 390005
selfsup attention loss 0.09679

2023-04-06 13:08:52,521 Updates 78250, num timesteps 391255
selfsup attention loss 0.06379

2023-04-06 13:09:57,898 Updates 78500, num timesteps 392505
selfsup attention loss 0.04360

2023-04-06 13:11:16,727 Updates 78750, num timesteps 393755
selfsup attention loss 0.03382

2023-04-06 13:12:29,969 Updates 79000, num timesteps 395005
selfsup attention loss 0.06860

2023-04-06 13:13:41,007 Updates 79250, num timesteps 396255
selfsup attention loss 0.06135

2023-04-06 13:14:48,690 Updates 79500, num timesteps 397505
selfsup attention loss 0.04800

2023-04-06 13:16:08,674 Updates 79750, num timesteps 398755
selfsup attention loss 0.08658

2023-04-06 13:17:15,870 Updates 80000, num timesteps 400005
selfsup attention loss 0.04792

2023-04-06 13:18:19,713 Updates 80250, num timesteps 401255
selfsup attention loss 0.02783

2023-04-06 13:19:27,769 Updates 80500, num timesteps 402505
selfsup attention loss 0.05619

2023-04-06 13:20:43,257 Updates 80750, num timesteps 403755
selfsup attention loss 0.05960

2023-04-06 13:21:51,348 Updates 81000, num timesteps 405005
selfsup attention loss 0.03554

2023-04-06 13:23:08,538 Updates 81250, num timesteps 406255
selfsup attention loss 0.05986

2023-04-06 13:24:29,811 Updates 81500, num timesteps 407505
selfsup attention loss 0.03504

2023-04-06 13:25:37,260 Updates 81750, num timesteps 408755
selfsup attention loss 0.04743

2023-04-06 13:26:51,823 Updates 82000, num timesteps 410005
selfsup attention loss 0.05570

2023-04-06 13:27:56,410 Updates 82250, num timesteps 411255
selfsup attention loss 0.07331

2023-04-06 13:29:09,167 Updates 82500, num timesteps 412505
selfsup attention loss 0.05029

2023-04-06 13:30:23,699 Updates 82750, num timesteps 413755
selfsup attention loss 0.03125

2023-04-06 13:31:32,380 Updates 83000, num timesteps 415005
selfsup attention loss 0.03770

2023-04-06 13:32:34,805 Updates 83250, num timesteps 416255
selfsup attention loss 0.02969

2023-04-06 13:33:51,468 Updates 83500, num timesteps 417505
selfsup attention loss 0.03775

2023-04-06 13:35:08,857 Updates 83750, num timesteps 418755
selfsup attention loss 0.05732

2023-04-06 13:36:17,519 Updates 84000, num timesteps 420005
selfsup attention loss 0.06175

2023-04-06 13:37:31,440 Updates 84250, num timesteps 421255
selfsup attention loss 0.02204

2023-04-06 13:38:39,084 Updates 84500, num timesteps 422505
selfsup attention loss 0.04620

2023-04-06 13:39:49,367 Updates 84750, num timesteps 423755
selfsup attention loss 0.08526

2023-04-06 13:41:00,383 Updates 85000, num timesteps 425005
selfsup attention loss 0.03890

2023-04-06 13:42:18,812 Updates 85250, num timesteps 426255
selfsup attention loss 0.04939

2023-04-06 13:43:35,424 Updates 85500, num timesteps 427505
selfsup attention loss 0.03928

2023-04-06 13:44:58,803 Updates 85750, num timesteps 428755
selfsup attention loss 0.05013

2023-04-06 13:46:16,557 Updates 86000, num timesteps 430005
selfsup attention loss 0.03660

2023-04-06 13:47:30,801 Updates 86250, num timesteps 431255
selfsup attention loss 0.07178

2023-04-06 13:48:51,307 Updates 86500, num timesteps 432505
selfsup attention loss 0.05818

2023-04-06 13:50:10,699 Updates 86750, num timesteps 433755
selfsup attention loss 0.07054

2023-04-06 13:51:32,368 Updates 87000, num timesteps 435005
selfsup attention loss 0.06614

2023-04-06 13:52:49,415 Updates 87250, num timesteps 436255
selfsup attention loss 0.04878

2023-04-06 13:54:04,852 Updates 87500, num timesteps 437505
selfsup attention loss 0.03806

2023-04-06 13:55:23,601 Updates 87750, num timesteps 438755
selfsup attention loss 0.06573

2023-04-06 13:56:42,605 Updates 88000, num timesteps 440005
selfsup attention loss 0.08108

2023-04-06 13:58:01,344 Updates 88250, num timesteps 441255
selfsup attention loss 0.03730

2023-04-06 13:59:21,763 Updates 88500, num timesteps 442505
selfsup attention loss 0.04715

2023-04-06 14:00:33,997 Updates 88750, num timesteps 443755
selfsup attention loss 0.05177

2023-04-06 14:01:47,575 Updates 89000, num timesteps 445005
selfsup attention loss 0.04471

2023-04-06 14:03:07,806 Updates 89250, num timesteps 446255
selfsup attention loss 0.06966

2023-04-06 14:04:26,080 Updates 89500, num timesteps 447505
selfsup attention loss 0.07774

2023-04-06 14:05:41,965 Updates 89750, num timesteps 448755
selfsup attention loss 0.06904

2023-04-06 14:06:55,021 Updates 90000, num timesteps 450005
selfsup attention loss 0.08630

2023-04-06 14:08:10,153 Updates 90250, num timesteps 451255
selfsup attention loss 0.09636

2023-04-06 14:09:22,934 Updates 90500, num timesteps 452505
selfsup attention loss 0.06764

2023-04-06 14:10:42,464 Updates 90750, num timesteps 453755
selfsup attention loss 0.06910

2023-04-06 14:11:57,733 Updates 91000, num timesteps 455005
selfsup attention loss 0.06667

2023-04-06 14:13:10,742 Updates 91250, num timesteps 456255
selfsup attention loss 0.04217

2023-04-06 14:14:27,813 Updates 91500, num timesteps 457505
selfsup attention loss 0.03153

2023-04-06 14:15:44,496 Updates 91750, num timesteps 458755
selfsup attention loss 0.05631

2023-04-06 14:17:00,968 Updates 92000, num timesteps 460005
selfsup attention loss 0.05433

2023-04-06 14:18:20,281 Updates 92250, num timesteps 461255
selfsup attention loss 0.05001

2023-04-06 14:19:34,431 Updates 92500, num timesteps 462505
selfsup attention loss 0.03599

2023-04-06 14:20:49,427 Updates 92750, num timesteps 463755
selfsup attention loss 0.06799

2023-04-06 14:22:06,388 Updates 93000, num timesteps 465005
selfsup attention loss 0.03668

2023-04-06 14:23:21,063 Updates 93250, num timesteps 466255
selfsup attention loss 0.03992

2023-04-06 14:24:35,648 Updates 93500, num timesteps 467505
selfsup attention loss 0.02662

2023-04-06 14:25:53,808 Updates 93750, num timesteps 468755
selfsup attention loss 0.07884

2023-04-06 14:27:07,947 Updates 94000, num timesteps 470005
selfsup attention loss 0.03813

2023-04-06 14:28:25,553 Updates 94250, num timesteps 471255
selfsup attention loss 0.02525

2023-04-06 14:29:45,346 Updates 94500, num timesteps 472505
selfsup attention loss 0.05175

2023-04-06 14:31:00,508 Updates 94750, num timesteps 473755
selfsup attention loss 0.05470

2023-04-06 14:32:18,305 Updates 95000, num timesteps 475005
selfsup attention loss 0.07185

2023-04-06 14:33:35,050 Updates 95250, num timesteps 476255
selfsup attention loss 0.04408

2023-04-06 14:34:48,661 Updates 95500, num timesteps 477505
selfsup attention loss 0.07177

2023-04-06 14:36:08,266 Updates 95750, num timesteps 478755
selfsup attention loss 0.05260

2023-04-06 14:37:26,601 Updates 96000, num timesteps 480005
selfsup attention loss 0.05946

2023-04-06 14:38:42,595 Updates 96250, num timesteps 481255
selfsup attention loss 0.02493

2023-04-06 14:39:58,552 Updates 96500, num timesteps 482505
selfsup attention loss 0.03826

2023-04-06 14:41:12,992 Updates 96750, num timesteps 483755
selfsup attention loss 0.04720

2023-04-06 14:42:24,397 Updates 97000, num timesteps 485005
selfsup attention loss 0.09040

2023-04-06 14:43:32,169 Updates 97250, num timesteps 486255
selfsup attention loss 0.06117

2023-04-06 14:44:49,382 Updates 97500, num timesteps 487505
selfsup attention loss 0.05244

2023-04-06 14:45:54,443 Updates 97750, num timesteps 488755
selfsup attention loss 0.04733

2023-04-06 14:46:57,444 Updates 98000, num timesteps 490005
selfsup attention loss 0.03494

2023-04-06 14:48:04,638 Updates 98250, num timesteps 491255
selfsup attention loss 0.07105

2023-04-06 14:49:08,634 Updates 98500, num timesteps 492505
selfsup attention loss 0.03664

2023-04-06 14:50:11,979 Updates 98750, num timesteps 493755
selfsup attention loss 0.07401

2023-04-06 14:51:15,255 Updates 99000, num timesteps 495005
selfsup attention loss 0.07782

2023-04-06 14:52:19,309 Updates 99250, num timesteps 496255
selfsup attention loss 0.03580

2023-04-06 14:53:29,307 Updates 99500, num timesteps 497505
selfsup attention loss 0.06637

2023-04-06 14:54:36,503 Updates 99750, num timesteps 498755
selfsup attention loss 0.06993

2023-04-06 14:55:43,989 => saving final model state to output/AsteroidsNoFrameskip-v4/a2c/multi_base/seed_2/final_state.pth
