2023-04-06 15:12:09,384 Namespace(TEST_MODEL_FILE=None, cfg='experiments/atari/assault_second.yaml', eval_only=False, render=False, seed=1)
2023-04-06 15:12:09,386 {'AUTO_RESUME': False,
 'CUDNN': {'BENCHMARK': True, 'DETERMINISTIC': False, 'ENABLED': True},
 'DATASET': {'BRIGHTNESS_FACTOR': 0.0,
             'COLOR_RGB': True,
             'CONTRAST_FACTOR': 0.0,
             'DATASET': 'mpii',
             'GRAYSCALE': True,
             'HISTORY_INPUT': False,
             'HUE_FACTOR': 0.0,
             'HYBRID': False,
             'ROOT': '',
             'SAMPLE_2_FRAME': False,
             'SAMPLE_2_FRAME_OFFSET': 0,
             'SAMPLE_STEP': 1,
             'SAT_FACTOR': 0.0,
             'TEST_SET': 'valid',
             'TRAIN_SET': 'train',
             'TRANSFORM': False},
 'DATA_DIR': '',
 'DEBUG': {'DEBUG': False},
 'GPUS': '0',
 'LOG_DIR': 'log',
 'MODEL': {'HEATMAP_SIZE': [64, 64],
           'IGNORE_BACKGROUND': False,
           'IMAGE_SIZE': array([84, 84]),
           'INIT_WEIGHTS': True,
           'NAME': 'a2c',
           'PRETRAINED': '',
           'SIGMA': 1},
 'MODEL_FILE': '',
 'OUTPUT_DIR': 'output',
 'PIN_MEMORY': True,
 'PRINT_FREQ': 100,
 'RESUME': False,
 'SELFSUP_ATTENTION': {'AUTOENCODER_LOSS': True,
                       'BLOCK_IMAGE_FEAT_GRADIENT': False,
                       'DECODER_WITH_SIGMOID': True,
                       'GAUSS_STD': 0.1,
                       'HEATMAP_SPARSITY_LOSS': True,
                       'HEATMAP_SPARSITY_LOSS_WEIGHT': 0.001,
                       'KEYPOINTER_CLS_AGNOSTIC': True,
                       'NUM_KEYPOINTS': 7,
                       'RECONSTRUCT_LOSS_THRESHOLD': 0.01,
                       'SHARE_PARAMETERS': False,
                       'USE_INSTANCE_NORM': False,
                       'USE_LAYER_NORM': False},
 'TEST': {'BATCH_SIZE_PER_GPU': 32, 'MODEL_FILE': ''},
 'TRAIN': {'BATCH_SIZE_PER_GPU': 32,
           'BEGIN_EPOCH': 0,
           'CHECKPOINT': '',
           'END_EPOCH': 140,
           'GAMMA1': 0.99,
           'GAMMA2': 0.0,
           'LR': 0.001,
           'LR_FACTOR': 0.1,
           'LR_STEP': [90, 110],
           'MOMENTUM': 0.9,
           'NESTEROV': False,
           'OPTIMIZER': 'adam',
           'RESUME': False,
           'SHUFFLE': True,
           'WD': 0.0001},
 'WORKERS': 4,
 'algo': 'a2c',
 'alpha': 0.99,
 'block_selfsup_attention_grad': False,
 'bottom_up_downsample_mask': False,
 'bottom_up_downsample_mask_stride1': False,
 'bottom_up_form_num_of_objects': 10,
 'bottom_up_form_objects': False,
 'cuda': True,
 'cuda_deterministic': False,
 'entropy_coef': 0.01,
 'env_name': 'AssaultNoFrameskip-v4',
 'env_num': 3,
 'eps': 1e-05,
 'eval_interval': 1250,
 'feat_add_selfsup_attention': True,
 'feat_from_selfsup_attention': False,
 'feat_mul_selfsup_attention_mask': True,
 'feat_mul_selfsup_attention_mask_residual': False,
 'feat_pool_with_selfsup_attention': False,
 'fix_feature': False,
 'gae_lambda': 0.95,
 'gail': False,
 'gail_batch_size': 128,
 'gail_epoch': 5,
 'gail_experts_dir': './gail_experts',
 'gamma': 0.99,
 'gaussian_std': 0.1,
 'hidden_size': 512,
 'log_interval': 250,
 'lr': 0.0007,
 'mask_threshold': -1.0,
 'max_grad_norm': 0.5,
 'no_cuda': False,
 'num_env_steps': 10000000,
 'num_processes': 16,
 'num_steps': 5,
 'ppo_epoch': 4,
 'recurrent_policy': False,
 'resized_size': 84,
 'save_dir': './trained_models/',
 'save_interval': 1250,
 'seed': 1,
 'selfsup_attention_feat_load_pretrained': True,
 'selfsup_attention_feat_masked': True,
 'selfsup_attention_feat_masked_residual': False,
 'selfsup_attention_fix': False,
 'selfsup_attention_fix_keypointer': False,
 'selfsup_attention_image_feat_only': False,
 'selfsup_attention_keyp_maps_pool': True,
 'selfsup_attention_multiframe': False,
 'selfsup_attention_pretrain': '',
 'sep_bg_fg_feat': False,
 'temperature': 0.07,
 'train_selfsup_attention': True,
 'train_selfsup_attention_batch_size': 256,
 'train_selfsup_attention_buffer_size': 10000,
 'use_gae': False,
 'use_layer_norm': False,
 'use_linear_lr_decay': False,
 'use_proper_time_limits': False,
 'value_loss_coef': 0.5,
 'weight_decay': 0.0}
2023-04-06 15:12:35,028 Updates 250, num timesteps 20080, FPS 1059 
Last 10 training episodes: mean/median reward 266.7/252.0 min/max reward 189.0/378.0 dist entropy 1.9, value loss 0.1, action loss 0.1

2023-04-06 15:12:54,027 Updates 500, num timesteps 40080, FPS 1056 
Last 10 training episodes: mean/median reward 306.6/325.5 min/max reward 189.0/378.0 dist entropy 1.7, value loss 0.1, action loss 0.0

2023-04-06 15:13:13,033 Updates 750, num timesteps 60080, FPS 1054 
Last 10 training episodes: mean/median reward 312.9/304.5 min/max reward 189.0/546.0 dist entropy 1.8, value loss 0.2, action loss 0.2

2023-04-06 15:13:31,932 Updates 1000, num timesteps 80080, FPS 1055 
Last 10 training episodes: mean/median reward 344.4/357.0 min/max reward 189.0/525.0 dist entropy 1.7, value loss 0.1, action loss -0.2

2023-04-06 15:13:50,684 Updates 1250, num timesteps 100080, FPS 1057 
Last 10 training episodes: mean/median reward 291.9/294.0 min/max reward 189.0/420.0 dist entropy 1.8, value loss 0.1, action loss -0.0

2023-04-06 15:14:32,733 TEST: 100080, 392.28, 630.0, ['126.0', '168.0', '189.0', '231.0', '420.0', '399.0', '483.0', '231.0', '378.0', '420.0', '357.0', '483.0', '462.0', '525.0', '588.0', '420.0', '525.0', '210.0', '441.0', '210.0', '567.0', '273.0', '399.0', '336.0', '441.0', '525.0', '273.0', '189.0', '504.0', '399.0', '630.0', '441.0', '483.0', '399.0', '315.0', '252.0', '378.0', '294.0', '315.0', '189.0', '567.0', '483.0', '420.0', '399.0', '441.0', '357.0', '504.0', '462.0', '483.0', '399.0', '525.0', '189.0', '420.0', '357.0', '378.0', '273.0', '273.0', '504.0', '399.0', '462.0', '399.0', '357.0', '189.0', '189.0', '609.0', '336.0', '483.0', '483.0', '399.0', '441.0', '567.0', '399.0', '315.0', '399.0', '378.0', '210.0', '210.0', '441.0', '567.0', '462.0', '357.0', '399.0', '273.0', '336.0', '504.0', '357.0', '441.0', '483.0', '294.0', '252.0', '399.0', '567.0', '315.0', '546.0', '336.0', '609.0', '420.0', '273.0', '609.0', '462.0']

2023-04-06 15:14:32,738 => saving checkpoint to output/AssaultNoFrameskip-v4/a2c/assault_second/seed_1
2023-04-06 15:14:51,719 Updates 1500, num timesteps 120080, FPS 771 
Last 10 training episodes: mean/median reward 308.7/315.0 min/max reward 147.0/441.0 dist entropy 1.8, value loss 0.1, action loss 0.1

2023-04-06 15:15:10,677 Updates 1750, num timesteps 140080, FPS 802 
Last 10 training episodes: mean/median reward 323.4/325.5 min/max reward 189.0/441.0 dist entropy 1.9, value loss 0.0, action loss 0.1

2023-04-06 15:15:29,646 Updates 2000, num timesteps 160080, FPS 826 
Last 10 training episodes: mean/median reward 289.8/304.5 min/max reward 189.0/399.0 dist entropy 1.9, value loss 0.0, action loss -0.2

2023-04-06 15:17:08,558 Updates 2250, num timesteps 180080, FPS 615 
Last 10 training episodes: mean/median reward 346.5/357.0 min/max reward 231.0/483.0 dist entropy 1.7, value loss 0.2, action loss 0.0
selfsup attention loss 0.06792

2023-04-06 15:18:47,886 Updates 2500, num timesteps 200080, FPS 510 
Last 10 training episodes: mean/median reward 308.7/304.5 min/max reward 105.0/504.0 dist entropy 1.7, value loss 0.0, action loss -0.1
selfsup attention loss 0.05983

2023-04-06 15:19:28,972 TEST: 200080, 392.28, 630.0, ['126.0', '168.0', '189.0', '231.0', '420.0', '399.0', '483.0', '231.0', '378.0', '420.0', '357.0', '483.0', '462.0', '525.0', '588.0', '420.0', '525.0', '210.0', '441.0', '210.0', '567.0', '273.0', '399.0', '336.0', '441.0', '525.0', '273.0', '189.0', '504.0', '399.0', '630.0', '441.0', '483.0', '399.0', '315.0', '252.0', '378.0', '294.0', '315.0', '189.0', '567.0', '483.0', '420.0', '399.0', '441.0', '357.0', '504.0', '462.0', '483.0', '399.0', '525.0', '189.0', '420.0', '357.0', '378.0', '273.0', '273.0', '504.0', '399.0', '462.0', '399.0', '357.0', '189.0', '189.0', '609.0', '336.0', '483.0', '483.0', '399.0', '441.0', '567.0', '399.0', '315.0', '399.0', '378.0', '210.0', '210.0', '441.0', '567.0', '462.0', '357.0', '399.0', '273.0', '336.0', '504.0', '357.0', '441.0', '483.0', '294.0', '252.0', '399.0', '567.0', '315.0', '546.0', '336.0', '609.0', '420.0', '273.0', '609.0', '462.0']

2023-04-06 15:19:28,974 => saving checkpoint to output/AssaultNoFrameskip-v4/a2c/assault_second/seed_1
2023-04-06 15:21:07,633 Updates 2750, num timesteps 220080, FPS 414 
Last 10 training episodes: mean/median reward 296.1/294.0 min/max reward 189.0/546.0 dist entropy 1.8, value loss 0.1, action loss 0.1
selfsup attention loss 0.07512

2023-04-06 15:22:46,742 Updates 3000, num timesteps 240080, FPS 380 
Last 10 training episodes: mean/median reward 315.0/357.0 min/max reward 189.0/420.0 dist entropy 1.7, value loss 0.1, action loss 0.2
selfsup attention loss 0.06277

2023-04-06 15:24:25,053 Updates 3250, num timesteps 260080, FPS 356 
Last 10 training episodes: mean/median reward 336.0/357.0 min/max reward 189.0/420.0 dist entropy 1.9, value loss 0.0, action loss -0.0
selfsup attention loss 0.06643

2023-04-06 15:26:03,489 Updates 3500, num timesteps 280080, FPS 338 
Last 10 training episodes: mean/median reward 327.6/325.5 min/max reward 189.0/441.0 dist entropy 1.7, value loss 0.0, action loss -0.0
selfsup attention loss 0.04501

2023-04-06 15:27:41,828 Updates 3750, num timesteps 300080, FPS 324 
Last 10 training episodes: mean/median reward 361.2/357.0 min/max reward 189.0/546.0 dist entropy 1.7, value loss 0.0, action loss -0.1
selfsup attention loss 0.03987

2023-04-06 15:28:24,820 TEST: 300080, 392.28, 630.0, ['126.0', '168.0', '189.0', '231.0', '420.0', '399.0', '483.0', '231.0', '378.0', '420.0', '357.0', '483.0', '462.0', '525.0', '588.0', '420.0', '525.0', '210.0', '441.0', '210.0', '567.0', '273.0', '399.0', '336.0', '441.0', '525.0', '273.0', '189.0', '504.0', '399.0', '630.0', '441.0', '483.0', '399.0', '357.0', '252.0', '378.0', '294.0', '315.0', '567.0', '483.0', '420.0', '399.0', '441.0', '357.0', '504.0', '462.0', '294.0', '483.0', '399.0', '525.0', '189.0', '420.0', '357.0', '273.0', '273.0', '504.0', '399.0', '462.0', '399.0', '357.0', '189.0', '189.0', '609.0', '336.0', '483.0', '483.0', '483.0', '399.0', '441.0', '567.0', '483.0', '315.0', '378.0', '210.0', '210.0', '441.0', '567.0', '567.0', '357.0', '399.0', '273.0', '336.0', '504.0', '441.0', '462.0', '189.0', '273.0', '483.0', '294.0', '252.0', '399.0', '567.0', '315.0', '546.0', '336.0', '420.0', '273.0', '609.0', '462.0']

2023-04-06 15:28:24,820 => saving checkpoint to output/AssaultNoFrameskip-v4/a2c/assault_second/seed_1
2023-04-06 15:30:03,723 Updates 4000, num timesteps 320080, FPS 299 
Last 10 training episodes: mean/median reward 329.7/367.5 min/max reward 189.0/399.0 dist entropy 1.8, value loss 0.2, action loss 0.1
selfsup attention loss 0.04480

2023-04-06 15:31:42,019 Updates 4250, num timesteps 340080, FPS 291 
Last 10 training episodes: mean/median reward 365.4/367.5 min/max reward 210.0/567.0 dist entropy 1.8, value loss 0.1, action loss -0.0
selfsup attention loss 0.03866

2023-04-06 15:33:21,317 Updates 4500, num timesteps 360080, FPS 284 
Last 10 training episodes: mean/median reward 348.6/367.5 min/max reward 210.0/462.0 dist entropy 1.7, value loss 0.1, action loss -0.1
selfsup attention loss 0.04839

2023-04-06 15:35:00,365 Updates 4750, num timesteps 380080, FPS 278 
Last 10 training episodes: mean/median reward 369.6/388.5 min/max reward 105.0/525.0 dist entropy 1.7, value loss 0.1, action loss 0.1
selfsup attention loss 0.05615

2023-04-06 15:36:38,053 Updates 5000, num timesteps 400080, FPS 273 
Last 10 training episodes: mean/median reward 361.2/378.0 min/max reward 231.0/462.0 dist entropy 1.7, value loss 0.1, action loss 0.1
selfsup attention loss 0.04765

2023-04-06 15:37:17,264 TEST: 400080, 375.06, 588.0, ['126.0', '294.0', '483.0', '420.0', '399.0', '462.0', '462.0', '399.0', '483.0', '441.0', '441.0', '420.0', '504.0', '441.0', '252.0', '546.0', '441.0', '147.0', '252.0', '231.0', '105.0', '315.0', '462.0', '399.0', '189.0', '231.0', '315.0', '441.0', '462.0', '273.0', '441.0', '420.0', '399.0', '441.0', '399.0', '399.0', '84.0', '210.0', '483.0', '252.0', '378.0', '420.0', '294.0', '294.0', '546.0', '441.0', '399.0', '378.0', '231.0', '567.0', '441.0', '273.0', '126.0', '483.0', '399.0', '315.0', '357.0', '399.0', '399.0', '441.0', '483.0', '336.0', '315.0', '315.0', '546.0', '462.0', '399.0', '525.0', '357.0', '378.0', '231.0', '315.0', '420.0', '504.0', '504.0', '441.0', '462.0', '357.0', '273.0', '399.0', '357.0', '252.0', '399.0', '252.0', '483.0', '420.0', '483.0', '441.0', '399.0', '567.0', '588.0', '399.0', '336.0', '273.0', '294.0', '294.0', '273.0', '231.0', '441.0', '357.0']

2023-04-06 15:37:17,265 => saving checkpoint to output/AssaultNoFrameskip-v4/a2c/assault_second/seed_1
2023-04-06 15:38:55,840 Updates 5250, num timesteps 420080, FPS 262 
Last 10 training episodes: mean/median reward 291.9/241.5 min/max reward 189.0/441.0 dist entropy 1.8, value loss 0.1, action loss -0.1
selfsup attention loss 0.04654

2023-04-06 15:40:33,713 Updates 5500, num timesteps 440080, FPS 259 
Last 10 training episodes: mean/median reward 348.6/357.0 min/max reward 84.0/630.0 dist entropy 1.8, value loss 0.1, action loss -0.2
selfsup attention loss 0.04920

2023-04-06 15:42:12,868 Updates 5750, num timesteps 460080, FPS 256 
Last 10 training episodes: mean/median reward 354.9/357.0 min/max reward 252.0/441.0 dist entropy 1.7, value loss 0.1, action loss -0.1
selfsup attention loss 0.04143

2023-04-06 15:43:51,341 Updates 6000, num timesteps 480080, FPS 253 
Last 10 training episodes: mean/median reward 317.1/325.5 min/max reward 189.0/546.0 dist entropy 1.7, value loss 0.1, action loss -0.0
selfsup attention loss 0.03827

2023-04-06 15:45:35,184 Updates 6250, num timesteps 500080, FPS 250 
Last 10 training episodes: mean/median reward 312.9/315.0 min/max reward 210.0/441.0 dist entropy 1.8, value loss 0.2, action loss -0.0
selfsup attention loss 0.04923

2023-04-06 15:47:03,563 TEST: 500080, 513.75, 756.0, ['231.0', '273.0', '399.0', '189.0', '399.0', '399.0', '525.0', '420.0', '661.0', '483.0', '672.0', '483.0', '714.0', '483.0', '399.0', '399.0', '483.0', '525.0', '630.0', '588.0', '399.0', '441.0', '651.0', '525.0', '483.0', '630.0', '210.0', '462.0', '210.0', '630.0', '483.0', '630.0', '483.0', '315.0', '651.0', '567.0', '724.0', '273.0', '651.0', '546.0', '483.0', '504.0', '672.0', '693.0', '651.0', '525.0', '399.0', '609.0', '651.0', '357.0', '399.0', '504.0', '672.0', '441.0', '231.0', '588.0', '483.0', '735.0', '609.0', '672.0', '588.0', '399.0', '714.0', '672.0', '420.0', '609.0', '294.0', '546.0', '609.0', '336.0', '609.0', '399.0', '756.0', '441.0', '420.0', '567.0', '336.0', '504.0', '504.0', '588.0', '693.0', '273.0', '567.0', '399.0', '588.0', '693.0', '609.0', '378.0', '231.0', '714.0', '693.0', '651.0', '609.0', '661.0', '399.0', '315.0', '672.0', '567.0', '651.0', '504.0']

2023-04-06 15:47:03,565 => saving checkpoint to output/AssaultNoFrameskip-v4/a2c/assault_second/seed_1
2023-04-06 15:49:03,862 Updates 6500, num timesteps 520080, FPS 235 
Last 10 training episodes: mean/median reward 291.9/283.5 min/max reward 147.0/441.0 dist entropy 1.8, value loss 0.0, action loss -0.1
selfsup attention loss 0.04152

2023-04-06 15:51:02,106 Updates 6750, num timesteps 540080, FPS 232 
Last 10 training episodes: mean/median reward 363.3/378.0 min/max reward 189.0/462.0 dist entropy 1.7, value loss 0.1, action loss -0.0
selfsup attention loss 0.03928

2023-04-06 15:53:00,467 Updates 7000, num timesteps 560080, FPS 229 
Last 10 training episodes: mean/median reward 319.2/336.0 min/max reward 189.0/420.0 dist entropy 1.6, value loss 0.1, action loss -0.1
selfsup attention loss 0.03602

2023-04-06 15:54:57,919 Updates 7250, num timesteps 580080, FPS 226 
Last 10 training episodes: mean/median reward 449.4/441.0 min/max reward 252.0/651.0 dist entropy 1.8, value loss 0.1, action loss -0.0
selfsup attention loss 0.02957

2023-04-06 15:56:57,600 Updates 7500, num timesteps 600080, FPS 223 
Last 10 training episodes: mean/median reward 342.3/357.0 min/max reward 189.0/504.0 dist entropy 1.3, value loss 0.1, action loss 0.0
selfsup attention loss 0.03985

2023-04-06 15:58:26,991 TEST: 600080, 560.91, 798.0, ['399.0', '378.0', '357.0', '378.0', '735.0', '483.0', '693.0', '210.0', '399.0', '672.0', '189.0', '693.0', '525.0', '630.0', '651.0', '504.0', '735.0', '651.0', '399.0', '672.0', '672.0', '126.0', '693.0', '210.0', '378.0', '315.0', '672.0', '483.0', '273.0', '672.0', '609.0', '735.0', '609.0', '252.0', '672.0', '651.0', '399.0', '399.0', '273.0', '441.0', '693.0', '651.0', '693.0', '399.0', '714.0', '420.0', '798.0', '714.0', '735.0', '735.0', '672.0', '378.0', '630.0', '651.0', '189.0', '336.0', '693.0', '630.0', '462.0', '735.0', '651.0', '651.0', '714.0', '567.0', '672.0', '525.0', '651.0', '693.0', '693.0', '231.0', '651.0', '672.0', '630.0', '651.0', '651.0', '399.0', '483.0', '672.0', '672.0', '735.0', '672.0', '294.0', '672.0', '462.0', '672.0', '714.0', '651.0', '672.0', '714.0', '651.0', '399.0', '693.0', '756.0', '714.0', '609.0', '504.0', '630.0', '672.0', '588.0', '273.0']

2023-04-06 15:58:26,993 => saving checkpoint to output/AssaultNoFrameskip-v4/a2c/assault_second/seed_1
2023-04-06 16:00:26,326 Updates 7750, num timesteps 620080, FPS 214 
Last 10 training episodes: mean/median reward 436.8/441.0 min/max reward 294.0/546.0 dist entropy 1.6, value loss 0.1, action loss 0.1
selfsup attention loss 0.03590

2023-04-06 16:02:23,936 Updates 8000, num timesteps 640080, FPS 212 
Last 10 training episodes: mean/median reward 346.5/388.5 min/max reward 126.0/441.0 dist entropy 1.5, value loss 0.1, action loss 0.0
selfsup attention loss 0.04298

2023-04-06 16:04:21,489 Updates 8250, num timesteps 660080, FPS 211 
Last 10 training episodes: mean/median reward 411.6/430.5 min/max reward 273.0/504.0 dist entropy 1.7, value loss 0.0, action loss 0.0
selfsup attention loss 0.04263

2023-04-06 16:06:18,503 Updates 8500, num timesteps 680080, FPS 209 
Last 10 training episodes: mean/median reward 451.5/462.0 min/max reward 231.0/651.0 dist entropy 1.6, value loss 0.1, action loss 0.0
selfsup attention loss 0.04643

2023-04-06 16:08:16,650 Updates 8750, num timesteps 700080, FPS 208 
Last 10 training episodes: mean/median reward 401.1/420.0 min/max reward 231.0/588.0 dist entropy 1.4, value loss 0.1, action loss 0.0
selfsup attention loss 0.05499

2023-04-06 16:09:42,506 TEST: 700080, 572.45, 766.0, ['252.0', '336.0', '441.0', '399.0', '525.0', '630.0', '567.0', '567.0', '651.0', '651.0', '588.0', '672.0', '483.0', '651.0', '630.0', '588.0', '630.0', '420.0', '588.0', '651.0', '525.0', '273.0', '651.0', '735.0', '399.0', '693.0', '357.0', '420.0', '693.0', '714.0', '682.0', '399.0', '609.0', '420.0', '651.0', '651.0', '693.0', '630.0', '210.0', '273.0', '693.0', '315.0', '672.0', '483.0', '483.0', '609.0', '651.0', '672.0', '588.0', '735.0', '714.0', '714.0', '672.0', '672.0', '672.0', '546.0', '651.0', '766.0', '483.0', '609.0', '420.0', '672.0', '693.0', '630.0', '651.0', '336.0', '672.0', '651.0', '693.0', '462.0', '315.0', '609.0', '525.0', '630.0', '609.0', '693.0', '693.0', '630.0', '588.0', '714.0', '651.0', '693.0', '357.0', '630.0', '378.0', '231.0', '651.0', '567.0', '651.0', '462.0', '651.0', '357.0', '588.0', '588.0', '609.0', '714.0', '672.0', '483.0', '735.0', '693.0']

2023-04-06 16:09:42,507 => saving checkpoint to output/AssaultNoFrameskip-v4/a2c/assault_second/seed_1
2023-04-06 16:11:39,992 Updates 9000, num timesteps 720080, FPS 202 
Last 10 training episodes: mean/median reward 458.8/462.0 min/max reward 189.0/703.0 dist entropy 1.7, value loss 0.2, action loss 0.1
selfsup attention loss 0.03726

2023-04-06 16:13:36,802 Updates 9250, num timesteps 740080, FPS 201 
Last 10 training episodes: mean/median reward 403.2/441.0 min/max reward 189.0/609.0 dist entropy 1.6, value loss 0.1, action loss -0.3
selfsup attention loss 0.03519

2023-04-06 16:15:34,289 Updates 9500, num timesteps 760080, FPS 200 
Last 10 training episodes: mean/median reward 462.0/472.5 min/max reward 294.0/588.0 dist entropy 1.6, value loss 0.2, action loss -0.1
selfsup attention loss 0.05349

2023-04-06 16:17:32,189 Updates 9750, num timesteps 780080, FPS 199 
Last 10 training episodes: mean/median reward 454.6/430.5 min/max reward 231.0/724.0 dist entropy 1.6, value loss 0.0, action loss -0.1
selfsup attention loss 0.04841

2023-04-06 16:19:33,220 Updates 10000, num timesteps 800080, FPS 198 
Last 10 training episodes: mean/median reward 432.6/451.5 min/max reward 189.0/630.0 dist entropy 1.5, value loss 0.1, action loss 0.1
selfsup attention loss 0.03359

2023-04-06 16:21:06,647 TEST: 800080, 557.94, 913.0, ['147.0', '357.0', '399.0', '504.0', '378.0', '546.0', '420.0', '399.0', '315.0', '189.0', '462.0', '609.0', '588.0', '745.0', '630.0', '672.0', '651.0', '714.0', '399.0', '357.0', '483.0', '378.0', '714.0', '651.0', '399.0', '504.0', '693.0', '693.0', '567.0', '703.0', '609.0', '420.0', '693.0', '693.0', '777.0', '693.0', '420.0', '714.0', '420.0', '441.0', '672.0', '630.0', '399.0', '483.0', '378.0', '651.0', '609.0', '462.0', '462.0', '735.0', '441.0', '378.0', '714.0', '588.0', '525.0', '651.0', '483.0', '672.0', '441.0', '756.0', '483.0', '546.0', '672.0', '724.0', '546.0', '651.0', '483.0', '420.0', '693.0', '630.0', '609.0', '651.0', '913.0', '609.0', '399.0', '766.0', '630.0', '504.0', '441.0', '756.0', '462.0', '672.0', '441.0', '651.0', '724.0', '504.0', '273.0', '504.0', '630.0', '672.0', '525.0', '714.0', '672.0', '462.0', '567.0', '504.0', '651.0', '735.0', '441.0', '588.0']

2023-04-06 16:21:06,649 => saving checkpoint to output/AssaultNoFrameskip-v4/a2c/assault_second/seed_1
2023-04-06 16:23:02,832 Updates 10250, num timesteps 820080, FPS 193 
Last 10 training episodes: mean/median reward 380.1/399.0 min/max reward 189.0/525.0 dist entropy 1.6, value loss 0.0, action loss 0.1
selfsup attention loss 0.05267

2023-04-06 16:24:59,266 Updates 10500, num timesteps 840080, FPS 192 
Last 10 training episodes: mean/median reward 392.7/399.0 min/max reward 252.0/546.0 dist entropy 1.5, value loss 0.2, action loss 0.0
selfsup attention loss 0.02844

2023-04-06 16:26:55,258 Updates 10750, num timesteps 860080, FPS 192 
Last 10 training episodes: mean/median reward 428.4/420.0 min/max reward 210.0/672.0 dist entropy 1.7, value loss 0.0, action loss -0.2
selfsup attention loss 0.04013

2023-04-06 16:28:53,415 Updates 11000, num timesteps 880080, FPS 191 
Last 10 training episodes: mean/median reward 394.8/399.0 min/max reward 210.0/546.0 dist entropy 1.6, value loss 0.1, action loss -0.1
selfsup attention loss 0.03506

2023-04-06 16:30:51,112 Updates 11250, num timesteps 900080, FPS 190 
Last 10 training episodes: mean/median reward 357.0/304.5 min/max reward 189.0/630.0 dist entropy 1.6, value loss 0.0, action loss -0.0
selfsup attention loss 0.03563

2023-04-06 16:31:52,873 TEST: 900080, 451.08, 735.0, ['189.0', '210.0', '273.0', '357.0', '357.0', '399.0', '483.0', '315.0', '441.0', '441.0', '210.0', '399.0', '609.0', '315.0', '462.0', '462.0', '399.0', '504.0', '651.0', '630.0', '462.0', '504.0', '441.0', '609.0', '399.0', '651.0', '399.0', '378.0', '483.0', '210.0', '420.0', '483.0', '609.0', '357.0', '399.0', '504.0', '315.0', '399.0', '546.0', '462.0', '336.0', '546.0', '168.0', '525.0', '609.0', '315.0', '399.0', '714.0', '651.0', '294.0', '399.0', '378.0', '504.0', '357.0', '378.0', '231.0', '357.0', '630.0', '399.0', '609.0', '525.0', '567.0', '525.0', '441.0', '315.0', '399.0', '609.0', '315.0', '462.0', '483.0', '609.0', '672.0', '483.0', '336.0', '378.0', '483.0', '609.0', '462.0', '735.0', '420.0', '546.0', '588.0', '483.0', '378.0', '399.0', '420.0', '441.0', '504.0', '483.0', '672.0', '483.0', '504.0', '462.0', '504.0', '462.0', '252.0', '609.0', '273.0', '273.0', '609.0']

2023-04-06 16:31:52,875 => saving checkpoint to output/AssaultNoFrameskip-v4/a2c/assault_second/seed_1
2023-04-06 16:33:48,129 Updates 11500, num timesteps 920080, FPS 188 
Last 10 training episodes: mean/median reward 434.7/420.0 min/max reward 294.0/588.0 dist entropy 1.7, value loss 0.0, action loss 0.0
selfsup attention loss 0.04298

2023-04-06 16:35:44,843 Updates 11750, num timesteps 940080, FPS 187 
Last 10 training episodes: mean/median reward 394.8/409.5 min/max reward 252.0/504.0 dist entropy 1.6, value loss 0.1, action loss 0.0
selfsup attention loss 0.04700

2023-04-06 16:37:42,282 Updates 12000, num timesteps 960080, FPS 187 
Last 10 training episodes: mean/median reward 459.9/462.0 min/max reward 252.0/567.0 dist entropy 1.5, value loss 0.1, action loss 0.1
selfsup attention loss 0.03511

2023-04-06 16:39:38,034 Updates 12250, num timesteps 980080, FPS 186 
Last 10 training episodes: mean/median reward 466.2/493.5 min/max reward 294.0/630.0 dist entropy 1.4, value loss 0.1, action loss -0.1
selfsup attention loss 0.03434

2023-04-06 16:41:33,848 Updates 12500, num timesteps 1000080, FPS 186 
Last 10 training episodes: mean/median reward 518.7/493.5 min/max reward 399.0/693.0 dist entropy 1.6, value loss 0.2, action loss 0.1
selfsup attention loss 0.03929

2023-04-06 16:42:53,316 TEST: 1000080, 508.41, 777.0, ['315.0', '378.0', '462.0', '483.0', '399.0', '441.0', '399.0', '378.0', '504.0', '714.0', '525.0', '462.0', '651.0', '420.0', '651.0', '609.0', '630.0', '378.0', '420.0', '588.0', '714.0', '546.0', '336.0', '567.0', '609.0', '504.0', '441.0', '273.0', '357.0', '441.0', '441.0', '525.0', '567.0', '588.0', '378.0', '399.0', '378.0', '546.0', '630.0', '378.0', '378.0', '651.0', '504.0', '252.0', '420.0', '483.0', '399.0', '462.0', '504.0', '735.0', '399.0', '441.0', '588.0', '420.0', '714.0', '336.0', '399.0', '525.0', '504.0', '399.0', '693.0', '567.0', '651.0', '693.0', '630.0', '378.0', '504.0', '651.0', '588.0', '399.0', '630.0', '777.0', '399.0', '567.0', '483.0', '483.0', '672.0', '651.0', '630.0', '357.0', '609.0', '315.0', '651.0', '420.0', '630.0', '588.0', '441.0', '546.0', '399.0', '441.0', '630.0', '378.0', '609.0', '588.0', '378.0', '651.0', '672.0', '630.0', '525.0', '399.0']

2023-04-06 16:42:53,317 => saving checkpoint to output/AssaultNoFrameskip-v4/a2c/assault_second/seed_1
2023-04-06 16:44:53,776 Updates 12750, num timesteps 1020080, FPS 183 
Last 10 training episodes: mean/median reward 420.0/399.0 min/max reward 336.0/504.0 dist entropy 1.5, value loss 0.1, action loss -0.1
selfsup attention loss 0.03815

2023-04-06 16:46:49,376 Updates 13000, num timesteps 1040080, FPS 183 
Last 10 training episodes: mean/median reward 484.0/472.5 min/max reward 315.0/661.0 dist entropy 1.5, value loss 0.0, action loss -0.0
selfsup attention loss 0.03497

2023-04-06 16:48:44,900 Updates 13250, num timesteps 1060080, FPS 183 
Last 10 training episodes: mean/median reward 365.4/388.5 min/max reward 231.0/567.0 dist entropy 1.6, value loss 0.1, action loss 0.0
selfsup attention loss 0.05900

2023-04-06 16:50:41,140 Updates 13500, num timesteps 1080080, FPS 182 
Last 10 training episodes: mean/median reward 430.5/441.0 min/max reward 210.0/609.0 dist entropy 1.7, value loss 0.2, action loss -0.2
selfsup attention loss 0.04825

2023-04-06 16:52:38,208 Updates 13750, num timesteps 1100080, FPS 182 
Last 10 training episodes: mean/median reward 483.0/483.0 min/max reward 378.0/609.0 dist entropy 1.6, value loss 0.1, action loss 0.1
selfsup attention loss 0.02748

2023-04-06 16:54:14,087 TEST: 1100080, 582.19, 798.0, ['252.0', '273.0', '546.0', '588.0', '777.0', '755.0', '693.0', '651.0', '651.0', '630.0', '693.0', '651.0', '735.0', '609.0', '189.0', '462.0', '504.0', '546.0', '693.0', '756.0', '504.0', '630.0', '357.0', '588.0', '672.0', '672.0', '420.0', '651.0', '651.0', '189.0', '462.0', '357.0', '693.0', '630.0', '693.0', '567.0', '651.0', '168.0', '504.0', '357.0', '745.0', '378.0', '357.0', '189.0', '693.0', '609.0', '693.0', '315.0', '294.0', '693.0', '651.0', '703.0', '483.0', '672.0', '630.0', '609.0', '525.0', '693.0', '462.0', '766.0', '756.0', '525.0', '714.0', '703.0', '567.0', '525.0', '693.0', '231.0', '672.0', '546.0', '787.0', '462.0', '651.0', '693.0', '273.0', '798.0', '672.0', '756.0', '609.0', '567.0', '672.0', '630.0', '714.0', '693.0', '714.0', '756.0', '189.0', '714.0', '630.0', '378.0', '504.0', '672.0', '651.0', '693.0', '756.0', '714.0', '693.0', '630.0', '756.0', '630.0']

2023-04-06 16:54:14,088 => saving checkpoint to output/AssaultNoFrameskip-v4/a2c/assault_second/seed_1
2023-04-06 16:56:09,326 Updates 14000, num timesteps 1120080, FPS 179 
Last 10 training episodes: mean/median reward 456.6/388.5 min/max reward 189.0/849.0 dist entropy 1.4, value loss 0.1, action loss 0.3
selfsup attention loss 0.04151

2023-04-06 16:58:04,099 Updates 14250, num timesteps 1140080, FPS 179 
Last 10 training episodes: mean/median reward 575.3/640.5 min/max reward 399.0/703.0 dist entropy 1.6, value loss 0.2, action loss -0.1
selfsup attention loss 0.03809

2023-04-06 17:00:01,083 Updates 14500, num timesteps 1160080, FPS 179 
Last 10 training episodes: mean/median reward 438.9/493.5 min/max reward 189.0/630.0 dist entropy 1.5, value loss 0.2, action loss -0.2
selfsup attention loss 0.04788

2023-04-06 17:01:57,603 Updates 14750, num timesteps 1180080, FPS 179 
Last 10 training episodes: mean/median reward 522.9/525.0 min/max reward 378.0/651.0 dist entropy 1.4, value loss 0.2, action loss -0.1
selfsup attention loss 0.04059

2023-04-06 17:03:55,073 Updates 15000, num timesteps 1200080, FPS 179 
Last 10 training episodes: mean/median reward 484.0/483.0 min/max reward 294.0/724.0 dist entropy 1.2, value loss 0.0, action loss -0.0
selfsup attention loss 0.04664

2023-04-06 17:05:27,034 TEST: 1200080, 530.46, 819.0, ['378.0', '315.0', '294.0', '462.0', '525.0', '378.0', '189.0', '399.0', '651.0', '357.0', '567.0', '651.0', '525.0', '651.0', '294.0', '630.0', '693.0', '693.0', '441.0', '651.0', '651.0', '399.0', '231.0', '378.0', '189.0', '588.0', '693.0', '630.0', '525.0', '651.0', '630.0', '441.0', '189.0', '525.0', '399.0', '441.0', '630.0', '672.0', '462.0', '630.0', '588.0', '378.0', '651.0', '273.0', '651.0', '399.0', '630.0', '567.0', '651.0', '693.0', '483.0', '693.0', '672.0', '483.0', '693.0', '630.0', '483.0', '588.0', '378.0', '630.0', '756.0', '483.0', '672.0', '462.0', '441.0', '525.0', '672.0', '357.0', '630.0', '378.0', '651.0', '546.0', '735.0', '273.0', '315.0', '819.0', '693.0', '378.0', '546.0', '483.0', '693.0', '672.0', '504.0', '609.0', '462.0', '609.0', '399.0', '609.0', '672.0', '672.0', '462.0', '672.0', '504.0', '336.0', '399.0', '630.0', '504.0', '651.0', '630.0', '630.0']

2023-04-06 17:05:27,035 => saving checkpoint to output/AssaultNoFrameskip-v4/a2c/assault_second/seed_1
2023-04-06 17:07:24,979 Updates 15250, num timesteps 1220080, FPS 176 
Last 10 training episodes: mean/median reward 453.6/441.0 min/max reward 315.0/567.0 dist entropy 1.7, value loss 0.1, action loss 0.1
selfsup attention loss 0.04065

2023-04-06 17:09:22,922 Updates 15500, num timesteps 1240080, FPS 176 
Last 10 training episodes: mean/median reward 639.1/630.0 min/max reward 378.0/818.0 dist entropy 1.6, value loss 0.1, action loss 0.1
selfsup attention loss 0.06089

2023-04-06 17:11:19,805 Updates 15750, num timesteps 1260080, FPS 176 
Last 10 training episodes: mean/median reward 540.6/535.5 min/max reward 378.0/723.0 dist entropy 1.5, value loss 0.1, action loss 0.1
selfsup attention loss 0.04219

2023-04-06 17:13:16,158 Updates 16000, num timesteps 1280080, FPS 176 
Last 10 training episodes: mean/median reward 541.8/556.5 min/max reward 378.0/651.0 dist entropy 1.6, value loss 0.1, action loss 0.0
selfsup attention loss 0.04223

2023-04-06 17:14:56,840 Updates 16250, num timesteps 1300080, FPS 176 
Last 10 training episodes: mean/median reward 424.2/420.0 min/max reward 273.0/630.0 dist entropy 1.4, value loss 0.1, action loss 0.1
selfsup attention loss 0.06163

2023-04-06 17:16:14,135 TEST: 1300080, 620.55, 819.0, ['357.0', '399.0', '399.0', '525.0', '651.0', '651.0', '651.0', '630.0', '672.0', '672.0', '756.0', '756.0', '735.0', '735.0', '651.0', '630.0', '588.0', '441.0', '462.0', '693.0', '651.0', '609.0', '693.0', '693.0', '609.0', '630.0', '630.0', '735.0', '672.0', '672.0', '609.0', '441.0', '672.0', '609.0', '588.0', '588.0', '651.0', '651.0', '651.0', '672.0', '651.0', '441.0', '714.0', '693.0', '819.0', '672.0', '651.0', '735.0', '651.0', '651.0', '672.0', '399.0', '651.0', '546.0', '651.0', '609.0', '672.0', '672.0', '420.0', '525.0', '546.0', '693.0', '651.0', '693.0', '672.0', '483.0', '672.0', '483.0', '693.0', '441.0', '714.0', '630.0', '714.0', '525.0', '672.0', '651.0', '630.0', '399.0', '588.0', '693.0', '672.0', '630.0', '651.0', '756.0', '693.0', '567.0', '693.0', '546.0', '651.0', '630.0', '756.0', '273.0', '651.0', '630.0', '609.0', '672.0', '609.0', '483.0', '672.0', '693.0']

2023-04-06 17:16:14,136 => saving checkpoint to output/AssaultNoFrameskip-v4/a2c/assault_second/seed_1
2023-04-06 17:18:16,406 Updates 16500, num timesteps 1320080, FPS 174 
Last 10 training episodes: mean/median reward 472.5/430.5 min/max reward 294.0/693.0 dist entropy 1.5, value loss 0.1, action loss -0.1
selfsup attention loss 0.05001

2023-04-06 17:20:15,968 Updates 16750, num timesteps 1340080, FPS 174 
Last 10 training episodes: mean/median reward 584.8/609.0 min/max reward 420.0/745.0 dist entropy 1.4, value loss 0.1, action loss 0.0
selfsup attention loss 0.03666

2023-04-06 17:22:11,198 Updates 17000, num timesteps 1360080, FPS 174 
Last 10 training episodes: mean/median reward 430.5/409.5 min/max reward 294.0/651.0 dist entropy 1.4, value loss 0.1, action loss -0.1
selfsup attention loss 0.06129

2023-04-06 17:24:06,576 Updates 17250, num timesteps 1380080, FPS 174 
Last 10 training episodes: mean/median reward 480.9/504.0 min/max reward 294.0/672.0 dist entropy 1.2, value loss 0.3, action loss 0.0
selfsup attention loss 0.03693

2023-04-06 17:26:01,883 Updates 17500, num timesteps 1400080, FPS 174 
Last 10 training episodes: mean/median reward 522.9/556.5 min/max reward 357.0/609.0 dist entropy 1.6, value loss 0.1, action loss -0.1
selfsup attention loss 0.04175

2023-04-06 17:27:17,173 TEST: 1400080, 618.55, 798.0, ['378.0', '336.0', '546.0', '504.0', '693.0', '672.0', '630.0', '703.0', '630.0', '714.0', '777.0', '693.0', '336.0', '714.0', '693.0', '651.0', '798.0', '336.0', '546.0', '672.0', '735.0', '672.0', '630.0', '441.0', '504.0', '651.0', '651.0', '735.0', '756.0', '777.0', '567.0', '609.0', '630.0', '672.0', '462.0', '735.0', '441.0', '672.0', '609.0', '777.0', '672.0', '462.0', '567.0', '777.0', '609.0', '546.0', '693.0', '651.0', '672.0', '735.0', '693.0', '609.0', '735.0', '588.0', '672.0', '798.0', '672.0', '672.0', '693.0', '651.0', '756.0', '420.0', '756.0', '777.0', '567.0', '714.0', '315.0', '336.0', '672.0', '420.0', '651.0', '693.0', '756.0', '609.0', '651.0', '504.0', '672.0', '630.0', '693.0', '672.0', '693.0', '630.0', '714.0', '714.0', '483.0', '210.0', '693.0', '420.0', '378.0', '315.0', '693.0', '630.0', '651.0', '315.0', '714.0', '693.0', '714.0', '798.0', '714.0', '504.0']

2023-04-06 17:27:17,174 => saving checkpoint to output/AssaultNoFrameskip-v4/a2c/assault_second/seed_1
2023-04-06 17:29:14,253 Updates 17750, num timesteps 1420080, FPS 172 
Last 10 training episodes: mean/median reward 566.9/609.0 min/max reward 357.0/755.0 dist entropy 1.2, value loss 0.1, action loss -0.0
selfsup attention loss 0.03072

2023-04-06 17:31:09,938 Updates 18000, num timesteps 1440080, FPS 172 
Last 10 training episodes: mean/median reward 506.1/525.0 min/max reward 294.0/630.0 dist entropy 1.3, value loss 0.1, action loss -0.1
selfsup attention loss 0.04293

2023-04-06 17:33:05,665 Updates 18250, num timesteps 1460080, FPS 172 
Last 10 training episodes: mean/median reward 510.3/514.5 min/max reward 294.0/672.0 dist entropy 1.5, value loss 0.1, action loss 0.1
selfsup attention loss 0.03585

2023-04-06 17:35:02,737 Updates 18500, num timesteps 1480080, FPS 172 
Last 10 training episodes: mean/median reward 466.2/472.5 min/max reward 378.0/546.0 dist entropy 1.5, value loss 0.2, action loss -0.1
selfsup attention loss 0.03851

2023-04-06 17:36:59,944 Updates 18750, num timesteps 1500080, FPS 172 
Last 10 training episodes: mean/median reward 553.3/588.0 min/max reward 378.0/724.0 dist entropy 1.7, value loss 0.1, action loss 0.0
selfsup attention loss 0.04020

2023-04-06 17:38:06,483 TEST: 1500080, 602.74, 870.0, ['336.0', '504.0', '420.0', '609.0', '609.0', '588.0', '714.0', '609.0', '714.0', '714.0', '735.0', '714.0', '829.0', '682.0', '651.0', '693.0', '504.0', '441.0', '672.0', '546.0', '525.0', '609.0', '651.0', '630.0', '640.0', '693.0', '504.0', '651.0', '672.0', '651.0', '798.0', '672.0', '546.0', '630.0', '399.0', '483.0', '693.0', '462.0', '483.0', '525.0', '630.0', '441.0', '567.0', '672.0', '609.0', '609.0', '724.0', '714.0', '714.0', '609.0', '525.0', '546.0', '420.0', '630.0', '441.0', '693.0', '483.0', '588.0', '870.0', '567.0', '693.0', '682.0', '252.0', '630.0', '546.0', '609.0', '693.0', '630.0', '651.0', '755.0', '714.0', '672.0', '651.0', '588.0', '525.0', '609.0', '672.0', '714.0', '682.0', '672.0', '630.0', '399.0', '399.0', '441.0', '735.0', '483.0', '630.0', '504.0', '735.0', '525.0', '734.0', '672.0', '399.0', '567.0', '651.0', '630.0', '651.0', '693.0', '462.0', '441.0']

2023-04-06 17:38:06,484 => saving checkpoint to output/AssaultNoFrameskip-v4/a2c/assault_second/seed_1
2023-04-06 17:40:02,886 Updates 19000, num timesteps 1520080, FPS 171 
Last 10 training episodes: mean/median reward 579.6/598.5 min/max reward 462.0/651.0 dist entropy 1.6, value loss 0.1, action loss -0.0
selfsup attention loss 0.05431

2023-04-06 17:41:59,752 Updates 19250, num timesteps 1540080, FPS 171 
Last 10 training episodes: mean/median reward 521.8/546.0 min/max reward 273.0/724.0 dist entropy 1.6, value loss 0.1, action loss 0.1
selfsup attention loss 0.04736

2023-04-06 17:43:57,094 Updates 19500, num timesteps 1560080, FPS 171 
Last 10 training episodes: mean/median reward 472.5/514.5 min/max reward 294.0/630.0 dist entropy 1.5, value loss 0.1, action loss -0.1
selfsup attention loss 0.03453

2023-04-06 17:45:54,027 Updates 19750, num timesteps 1580080, FPS 171 
Last 10 training episodes: mean/median reward 519.5/483.0 min/max reward 294.0/734.0 dist entropy 1.4, value loss 0.1, action loss -0.1
selfsup attention loss 0.03128

2023-04-06 17:47:48,283 Updates 20000, num timesteps 1600080, FPS 171 
Last 10 training episodes: mean/median reward 568.0/619.5 min/max reward 231.0/745.0 dist entropy 1.5, value loss 0.0, action loss 0.1
selfsup attention loss 0.02783

2023-04-06 17:49:03,921 TEST: 1600080, 704.75, 1008.0, ['483.0', '714.0', '651.0', '672.0', '693.0', '609.0', '798.0', '714.0', '693.0', '714.0', '714.0', '735.0', '756.0', '756.0', '840.0', '777.0', '609.0', '630.0', '693.0', '756.0', '651.0', '714.0', '630.0', '693.0', '651.0', '714.0', '672.0', '1008.0', '819.0', '693.0', '756.0', '735.0', '672.0', '798.0', '672.0', '672.0', '735.0', '756.0', '525.0', '672.0', '777.0', '693.0', '651.0', '630.0', '693.0', '724.0', '693.0', '693.0', '735.0', '714.0', '777.0', '714.0', '567.0', '672.0', '861.0', '630.0', '798.0', '672.0', '798.0', '756.0', '672.0', '798.0', '714.0', '462.0', '672.0', '714.0', '714.0', '672.0', '588.0', '651.0', '672.0', '693.0', '735.0', '724.0', '672.0', '735.0', '672.0', '714.0', '777.0', '756.0', '630.0', '714.0', '693.0', '672.0', '735.0', '693.0', '735.0', '714.0', '777.0', '714.0', '693.0', '756.0', '630.0', '756.0', '798.0', '525.0', '651.0', '798.0', '693.0', '798.0']

2023-04-06 17:49:03,922 => saving checkpoint to output/AssaultNoFrameskip-v4/a2c/assault_second/seed_1
2023-04-06 17:51:01,962 Updates 20250, num timesteps 1620080, FPS 170 
Last 10 training episodes: mean/median reward 612.0/588.0 min/max reward 399.0/1133.0 dist entropy 1.5, value loss 0.1, action loss 0.1
selfsup attention loss 0.04710

2023-04-06 17:52:58,296 Updates 20500, num timesteps 1640080, FPS 170 
Last 10 training episodes: mean/median reward 604.8/661.5 min/max reward 378.0/798.0 dist entropy 1.4, value loss 0.4, action loss -0.1
selfsup attention loss 0.02914

2023-04-06 17:54:53,141 Updates 20750, num timesteps 1660080, FPS 170 
Last 10 training episodes: mean/median reward 619.3/651.0 min/max reward 441.0/703.0 dist entropy 1.3, value loss 0.0, action loss -0.0
selfsup attention loss 0.07141

2023-04-06 17:56:48,700 Updates 21000, num timesteps 1680080, FPS 170 
Last 10 training episodes: mean/median reward 494.5/504.0 min/max reward 252.0/724.0 dist entropy 1.5, value loss 0.1, action loss 0.0
selfsup attention loss 0.05090

2023-04-06 17:58:44,260 Updates 21250, num timesteps 1700080, FPS 170 
Last 10 training episodes: mean/median reward 652.9/672.0 min/max reward 483.0/777.0 dist entropy 1.3, value loss 0.1, action loss 0.1
selfsup attention loss 0.04158

2023-04-06 17:59:56,664 TEST: 1700080, 649.47, 871.0, ['420.0', '420.0', '651.0', '672.0', '693.0', '798.0', '651.0', '651.0', '651.0', '735.0', '703.0', '714.0', '703.0', '441.0', '714.0', '651.0', '703.0', '714.0', '693.0', '693.0', '724.0', '651.0', '483.0', '798.0', '714.0', '756.0', '714.0', '745.0', '777.0', '693.0', '651.0', '735.0', '336.0', '651.0', '504.0', '420.0', '504.0', '693.0', '462.0', '525.0', '651.0', '546.0', '798.0', '693.0', '672.0', '672.0', '693.0', '630.0', '777.0', '651.0', '735.0', '399.0', '871.0', '609.0', '546.0', '693.0', '357.0', '672.0', '693.0', '756.0', '766.0', '441.0', '735.0', '703.0', '735.0', '630.0', '672.0', '651.0', '714.0', '651.0', '735.0', '672.0', '651.0', '714.0', '672.0', '651.0', '399.0', '630.0', '756.0', '336.0', '546.0', '651.0', '693.0', '756.0', '651.0', '745.0', '630.0', '777.0', '776.0', '462.0', '756.0', '798.0', '546.0', '735.0', '651.0', '798.0', '525.0', '609.0', '483.0', '724.0']

2023-04-06 17:59:56,666 => saving checkpoint to output/AssaultNoFrameskip-v4/a2c/assault_second/seed_1
2023-04-06 18:01:51,508 Updates 21500, num timesteps 1720080, FPS 169 
Last 10 training episodes: mean/median reward 534.3/619.5 min/max reward 294.0/713.0 dist entropy 1.4, value loss 0.1, action loss 0.1
selfsup attention loss 0.03741

2023-04-06 18:03:47,557 Updates 21750, num timesteps 1740080, FPS 169 
Last 10 training episodes: mean/median reward 602.7/630.0 min/max reward 399.0/756.0 dist entropy 1.2, value loss 0.1, action loss 0.1
selfsup attention loss 0.03666

2023-04-06 18:05:42,952 Updates 22000, num timesteps 1760080, FPS 169 
Last 10 training episodes: mean/median reward 537.6/588.0 min/max reward 336.0/714.0 dist entropy 1.5, value loss 0.2, action loss 0.3
selfsup attention loss 0.03204

2023-04-06 18:07:40,095 Updates 22250, num timesteps 1780080, FPS 169 
Last 10 training episodes: mean/median reward 596.3/661.5 min/max reward 273.0/756.0 dist entropy 1.0, value loss 0.1, action loss 0.1
selfsup attention loss 0.03890

2023-04-06 18:09:37,626 Updates 22500, num timesteps 1800080, FPS 169 
Last 10 training episodes: mean/median reward 585.9/651.0 min/max reward 378.0/693.0 dist entropy 1.5, value loss 0.1, action loss -0.0
selfsup attention loss 0.04475

2023-04-06 18:10:54,356 TEST: 1800080, 677.61, 903.0, ['378.0', '693.0', '714.0', '714.0', '630.0', '714.0', '630.0', '661.0', '756.0', '693.0', '672.0', '735.0', '756.0', '735.0', '724.0', '903.0', '567.0', '756.0', '567.0', '630.0', '735.0', '777.0', '819.0', '734.0', '504.0', '735.0', '693.0', '777.0', '703.0', '777.0', '651.0', '724.0', '441.0', '546.0', '672.0', '766.0', '724.0', '651.0', '630.0', '588.0', '651.0', '504.0', '672.0', '756.0', '672.0', '777.0', '756.0', '672.0', '630.0', '672.0', '630.0', '567.0', '777.0', '588.0', '672.0', '630.0', '651.0', '672.0', '693.0', '504.0', '630.0', '672.0', '588.0', '735.0', '840.0', '672.0', '672.0', '777.0', '714.0', '672.0', '693.0', '861.0', '651.0', '756.0', '504.0', '777.0', '672.0', '441.0', '693.0', '682.0', '735.0', '630.0', '714.0', '672.0', '777.0', '766.0', '483.0', '588.0', '651.0', '672.0', '693.0', '609.0', '829.0', '630.0', '693.0', '651.0', '693.0', '714.0', '766.0', '672.0']

2023-04-06 18:10:54,357 => saving checkpoint to output/AssaultNoFrameskip-v4/a2c/assault_second/seed_1
2023-04-06 18:12:50,676 Updates 22750, num timesteps 1820080, FPS 167 
Last 10 training episodes: mean/median reward 670.7/672.0 min/max reward 546.0/765.0 dist entropy 1.4, value loss 0.2, action loss 0.2
selfsup attention loss 0.04034

2023-04-06 18:14:49,474 Updates 23000, num timesteps 1840080, FPS 167 
Last 10 training episodes: mean/median reward 683.3/708.5 min/max reward 336.0/808.0 dist entropy 1.5, value loss 0.0, action loss -0.0
selfsup attention loss 0.03350

2023-04-06 18:16:47,052 Updates 23250, num timesteps 1860080, FPS 168 
Last 10 training episodes: mean/median reward 634.1/651.0 min/max reward 399.0/735.0 dist entropy 1.4, value loss 0.1, action loss 0.0
selfsup attention loss 0.03606

2023-04-06 18:18:39,323 Updates 23500, num timesteps 1880080, FPS 168 
Last 10 training episodes: mean/median reward 487.2/462.0 min/max reward 378.0/693.0 dist entropy 1.4, value loss 0.1, action loss -0.1
selfsup attention loss 0.04005

2023-04-06 18:20:19,237 Updates 23750, num timesteps 1900080, FPS 168 
Last 10 training episodes: mean/median reward 567.0/546.0 min/max reward 462.0/714.0 dist entropy 1.3, value loss 0.1, action loss 0.0
selfsup attention loss 0.05194

2023-04-06 18:21:27,310 TEST: 1900080, 682.45, 1081.0, ['357.0', '504.0', '651.0', '850.0', '714.0', '651.0', '756.0', '672.0', '756.0', '672.0', '756.0', '714.0', '609.0', '651.0', '714.0', '672.0', '567.0', '797.0', '546.0', '735.0', '483.0', '766.0', '672.0', '735.0', '756.0', '798.0', '651.0', '819.0', '714.0', '756.0', '745.0', '672.0', '315.0', '315.0', '693.0', '651.0', '567.0', '546.0', '630.0', '777.0', '714.0', '777.0', '735.0', '735.0', '714.0', '651.0', '714.0', '693.0', '693.0', '798.0', '546.0', '756.0', '651.0', '819.0', '808.0', '693.0', '672.0', '672.0', '609.0', '756.0', '609.0', '777.0', '735.0', '787.0', '693.0', '672.0', '777.0', '672.0', '693.0', '672.0', '546.0', '693.0', '672.0', '714.0', '672.0', '850.0', '714.0', '567.0', '651.0', '693.0', '1081.0', '745.0', '735.0', '651.0', '567.0', '672.0', '714.0', '672.0', '756.0', '693.0', '609.0', '630.0', '462.0', '672.0', '651.0', '693.0', '756.0', '693.0', '651.0', '672.0']

2023-04-06 18:21:27,311 => saving checkpoint to output/AssaultNoFrameskip-v4/a2c/assault_second/seed_1
2023-04-06 18:23:23,367 Updates 24000, num timesteps 1920080, FPS 167 
Last 10 training episodes: mean/median reward 613.0/640.5 min/max reward 420.0/808.0 dist entropy 1.4, value loss 0.0, action loss -0.1
selfsup attention loss 0.04353

2023-04-06 18:25:16,780 Updates 24250, num timesteps 1940080, FPS 167 
Last 10 training episodes: mean/median reward 674.0/682.5 min/max reward 483.0/787.0 dist entropy 1.4, value loss 0.1, action loss 0.0
selfsup attention loss 0.02930

2023-04-06 18:27:08,824 Updates 24500, num timesteps 1960080, FPS 167 
Last 10 training episodes: mean/median reward 508.2/504.0 min/max reward 378.0/609.0 dist entropy 1.3, value loss 0.1, action loss 0.1
selfsup attention loss 0.02662

2023-04-06 18:29:00,512 Updates 24750, num timesteps 1980080, FPS 167 
Last 10 training episodes: mean/median reward 611.1/640.5 min/max reward 336.0/735.0 dist entropy 1.6, value loss 0.7, action loss -0.3
selfsup attention loss 0.03768

2023-04-06 18:30:54,769 Updates 25000, num timesteps 2000080, FPS 167 
Last 10 training episodes: mean/median reward 608.9/651.0 min/max reward 378.0/776.0 dist entropy 1.4, value loss 0.1, action loss 0.2
selfsup attention loss 0.03947

2023-04-06 18:32:08,801 TEST: 2000080, 711.11, 882.0, ['630.0', '672.0', '714.0', '693.0', '693.0', '756.0', '735.0', '714.0', '714.0', '693.0', '714.0', '777.0', '819.0', '714.0', '693.0', '807.0', '693.0', '840.0', '630.0', '693.0', '693.0', '672.0', '672.0', '735.0', '651.0', '787.0', '840.0', '693.0', '798.0', '735.0', '777.0', '714.0', '567.0', '714.0', '819.0', '735.0', '630.0', '693.0', '693.0', '808.0', '693.0', '672.0', '777.0', '756.0', '735.0', '756.0', '756.0', '745.0', '378.0', '714.0', '672.0', '756.0', '756.0', '693.0', '714.0', '672.0', '588.0', '714.0', '693.0', '693.0', '829.0', '756.0', '693.0', '777.0', '693.0', '693.0', '651.0', '441.0', '882.0', '766.0', '693.0', '714.0', '714.0', '735.0', '651.0', '735.0', '714.0', '672.0', '755.0', '840.0', '819.0', '567.0', '651.0', '819.0', '798.0', '819.0', '609.0', '630.0', '630.0', '672.0', '829.0', '651.0', '693.0', '672.0', '777.0', '756.0', '672.0', '525.0', '672.0', '693.0']

2023-04-06 18:32:08,802 => saving checkpoint to output/AssaultNoFrameskip-v4/a2c/assault_second/seed_1
2023-04-06 18:33:59,715 Updates 25250, num timesteps 2020080, FPS 166 
Last 10 training episodes: mean/median reward 663.4/661.5 min/max reward 420.0/828.0 dist entropy 1.1, value loss 0.1, action loss 0.0
selfsup attention loss 0.03911

2023-04-06 18:35:51,775 Updates 25500, num timesteps 2040080, FPS 167 
Last 10 training episodes: mean/median reward 595.2/609.0 min/max reward 441.0/745.0 dist entropy 1.4, value loss 0.3, action loss 0.0
selfsup attention loss 0.03939

2023-04-06 18:37:45,709 Updates 25750, num timesteps 2060080, FPS 167 
Last 10 training episodes: mean/median reward 573.2/567.0 min/max reward 420.0/818.0 dist entropy 1.2, value loss 0.5, action loss -0.1
selfsup attention loss 0.03162

2023-04-06 18:39:37,341 Updates 26000, num timesteps 2080080, FPS 167 
Last 10 training episodes: mean/median reward 592.0/598.5 min/max reward 315.0/964.0 dist entropy 1.4, value loss 0.1, action loss 0.0
selfsup attention loss 0.07199

2023-04-06 18:41:27,501 Updates 26250, num timesteps 2100080, FPS 167 
Last 10 training episodes: mean/median reward 611.1/609.0 min/max reward 462.0/735.0 dist entropy 1.4, value loss 0.4, action loss -0.4
selfsup attention loss 0.04094

2023-04-06 18:42:29,327 TEST: 2100080, 661.94, 945.0, ['546.0', '462.0', '672.0', '504.0', '693.0', '630.0', '693.0', '871.0', '703.0', '714.0', '714.0', '693.0', '756.0', '672.0', '819.0', '945.0', '336.0', '462.0', '630.0', '693.0', '567.0', '693.0', '651.0', '693.0', '735.0', '693.0', '693.0', '525.0', '735.0', '756.0', '672.0', '756.0', '756.0', '672.0', '609.0', '609.0', '819.0', '755.0', '651.0', '525.0', '483.0', '630.0', '567.0', '630.0', '588.0', '787.0', '630.0', '945.0', '462.0', '651.0', '672.0', '714.0', '546.0', '546.0', '651.0', '693.0', '567.0', '672.0', '630.0', '630.0', '796.0', '787.0', '672.0', '714.0', '756.0', '609.0', '630.0', '714.0', '630.0', '651.0', '777.0', '672.0', '672.0', '672.0', '672.0', '630.0', '766.0', '462.0', '609.0', '703.0', '462.0', '819.0', '672.0', '609.0', '630.0', '525.0', '714.0', '714.0', '714.0', '756.0', '693.0', '567.0', '567.0', '588.0', '567.0', '724.0', '796.0', '588.0', '693.0', '735.0']

2023-04-06 18:42:29,328 => saving checkpoint to output/AssaultNoFrameskip-v4/a2c/assault_second/seed_1
2023-04-06 18:44:20,944 Updates 26500, num timesteps 2120080, FPS 166 
Last 10 training episodes: mean/median reward 668.6/672.0 min/max reward 546.0/829.0 dist entropy 1.2, value loss 0.1, action loss 0.1
selfsup attention loss 0.03565

2023-04-06 18:46:12,422 Updates 26750, num timesteps 2140080, FPS 166 
Last 10 training episodes: mean/median reward 647.7/651.0 min/max reward 441.0/829.0 dist entropy 1.2, value loss 0.1, action loss 0.0
selfsup attention loss 0.04349

2023-04-06 18:48:05,777 Updates 27000, num timesteps 2160080, FPS 166 
Last 10 training episodes: mean/median reward 556.5/567.0 min/max reward 315.0/693.0 dist entropy 1.5, value loss 0.1, action loss 0.0
selfsup attention loss 0.03908

2023-04-06 18:49:59,521 Updates 27250, num timesteps 2180080, FPS 166 
Last 10 training episodes: mean/median reward 616.3/651.0 min/max reward 420.0/819.0 dist entropy 1.3, value loss 0.1, action loss 0.1
selfsup attention loss 0.05094

2023-04-06 18:51:49,545 Updates 27500, num timesteps 2200080, FPS 167 
Last 10 training episodes: mean/median reward 628.9/651.0 min/max reward 441.0/766.0 dist entropy 1.5, value loss 0.1, action loss 0.1
selfsup attention loss 0.04925

2023-04-06 18:52:52,606 TEST: 2200080, 730.5445544554456, 1281.0, ['399.0', '693.0', '651.0', '819.0', '651.0', '787.0', '714.0', '766.0', '693.0', '819.0', '829.0', '829.0', '861.0', '787.0', '1081.0', '525.0', '1281.0', '756.0', '714.0', '714.0', '776.0', '735.0', '672.0', '693.0', '756.0', '672.0', '766.0', '766.0', '735.0', '546.0', '798.0', '902.0', '745.0', '777.0', '336.0', '714.0', '756.0', '756.0', '735.0', '546.0', '735.0', '672.0', '798.0', '651.0', '777.0', '693.0', '975.0', '693.0', '777.0', '724.0', '756.0', '693.0', '859.0', '588.0', '693.0', '630.0', '756.0', '798.0', '735.0', '787.0', '682.0', '714.0', '756.0', '787.0', '849.0', '693.0', '714.0', '609.0', '546.0', '714.0', '735.0', '797.0', '871.0', '693.0', '735.0', '808.0', '693.0', '913.0', '735.0', '766.0', '525.0', '735.0', '714.0', '693.0', '765.0', '735.0', '756.0', '651.0', '787.0', '913.0', '693.0', '672.0', '819.0', '819.0', '651.0', '441.0', '735.0', '672.0', '745.0', '672.0', '441.0']

2023-04-06 18:52:52,607 => saving checkpoint to output/AssaultNoFrameskip-v4/a2c/assault_second/seed_1
2023-04-06 18:54:31,899 Updates 27750, num timesteps 2220080, FPS 166 
Last 10 training episodes: mean/median reward 649.8/672.0 min/max reward 441.0/787.0 dist entropy 1.2, value loss 0.1, action loss -0.1
selfsup attention loss 0.02703

2023-04-06 18:56:20,397 Updates 28000, num timesteps 2240080, FPS 166 
Last 10 training episodes: mean/median reward 600.5/609.0 min/max reward 462.0/766.0 dist entropy 1.2, value loss 0.2, action loss -0.0
selfsup attention loss 0.04062

2023-04-06 18:58:11,188 Updates 28250, num timesteps 2260080, FPS 166 
Last 10 training episodes: mean/median reward 639.4/703.5 min/max reward 441.0/840.0 dist entropy 1.3, value loss 0.1, action loss -0.0
selfsup attention loss 0.07282

2023-04-06 19:00:03,920 Updates 28500, num timesteps 2280080, FPS 166 
Last 10 training episodes: mean/median reward 647.7/651.0 min/max reward 483.0/766.0 dist entropy 1.4, value loss 0.1, action loss -0.1
selfsup attention loss 0.06843

2023-04-06 19:01:48,980 Updates 28750, num timesteps 2300080, FPS 167 
Last 10 training episodes: mean/median reward 654.1/672.0 min/max reward 525.0/766.0 dist entropy 1.2, value loss 0.1, action loss 0.2
selfsup attention loss 0.02922

2023-04-06 19:02:59,458 TEST: 2300080, 754.14, 1784.0, ['714.0', '651.0', '735.0', '693.0', '819.0', '693.0', '672.0', '745.0', '651.0', '840.0', '819.0', '787.0', '693.0', '882.0', '840.0', '892.0', '567.0', '567.0', '756.0', '672.0', '651.0', '777.0', '766.0', '651.0', '651.0', '651.0', '787.0', '756.0', '672.0', '756.0', '714.0', '798.0', '756.0', '861.0', '504.0', '714.0', '693.0', '819.0', '777.0', '777.0', '756.0', '861.0', '819.0', '850.0', '735.0', '693.0', '1722.0', '756.0', '420.0', '776.0', '756.0', '546.0', '798.0', '714.0', '693.0', '693.0', '735.0', '567.0', '840.0', '756.0', '672.0', '819.0', '693.0', '567.0', '693.0', '850.0', '777.0', '672.0', '777.0', '735.0', '756.0', '756.0', '756.0', '672.0', '756.0', '798.0', '714.0', '693.0', '693.0', '882.0', '640.0', '840.0', '672.0', '777.0', '735.0', '735.0', '714.0', '819.0', '672.0', '724.0', '892.0', '1784.0', '714.0', '735.0', '714.0', '903.0', '745.0', '777.0', '672.0', '714.0']

2023-04-06 19:02:59,460 => saving checkpoint to output/AssaultNoFrameskip-v4/a2c/assault_second/seed_1
2023-04-06 19:04:52,460 Updates 29000, num timesteps 2320080, FPS 166 
Last 10 training episodes: mean/median reward 701.2/693.0 min/max reward 420.0/850.0 dist entropy 1.4, value loss 0.1, action loss 0.0
selfsup attention loss 0.03714

2023-04-06 19:06:43,009 Updates 29250, num timesteps 2340080, FPS 166 
Last 10 training episodes: mean/median reward 657.1/672.0 min/max reward 504.0/839.0 dist entropy 1.4, value loss 0.1, action loss -0.1
selfsup attention loss 0.03425

2023-04-06 19:08:31,940 Updates 29500, num timesteps 2360080, FPS 166 
Last 10 training episodes: mean/median reward 718.0/708.5 min/max reward 504.0/860.0 dist entropy 1.3, value loss 0.0, action loss -0.1
selfsup attention loss 0.04488

2023-04-06 19:10:19,661 Updates 29750, num timesteps 2380080, FPS 166 
Last 10 training episodes: mean/median reward 726.3/713.5 min/max reward 651.0/850.0 dist entropy 1.5, value loss 0.0, action loss -0.0
selfsup attention loss 0.05409

2023-04-06 19:11:59,060 Updates 30000, num timesteps 2400080, FPS 166 
Last 10 training episodes: mean/median reward 588.0/609.0 min/max reward 399.0/714.0 dist entropy 1.5, value loss 0.2, action loss 0.0
selfsup attention loss 0.07731

2023-04-06 19:13:04,915 TEST: 2400080, 753.14, 1302.0, ['483.0', '588.0', '714.0', '567.0', '714.0', '777.0', '693.0', '798.0', '735.0', '714.0', '756.0', '693.0', '840.0', '798.0', '756.0', '798.0', '504.0', '693.0', '798.0', '672.0', '850.0', '693.0', '693.0', '777.0', '693.0', '798.0', '630.0', '882.0', '777.0', '756.0', '766.0', '672.0', '766.0', '1302.0', '798.0', '840.0', '840.0', '861.0', '735.0', '735.0', '777.0', '798.0', '693.0', '672.0', '745.0', '756.0', '924.0', '798.0', '693.0', '672.0', '693.0', '735.0', '735.0', '756.0', '693.0', '756.0', '693.0', '672.0', '798.0', '777.0', '777.0', '798.0', '955.0', '735.0', '1218.0', '756.0', '693.0', '819.0', '672.0', '735.0', '714.0', '714.0', '714.0', '693.0', '840.0', '693.0', '693.0', '777.0', '819.0', '756.0', '693.0', '861.0', '714.0', '756.0', '735.0', '777.0', '735.0', '756.0', '735.0', '714.0', '756.0', '714.0', '714.0', '777.0', '672.0', '798.0', '756.0', '693.0', '798.0', '798.0']

2023-04-06 19:13:04,917 => saving checkpoint to output/AssaultNoFrameskip-v4/a2c/assault_second/seed_1
2023-04-06 19:14:51,742 Updates 30250, num timesteps 2420080, FPS 166 
Last 10 training episodes: mean/median reward 604.7/651.0 min/max reward 399.0/808.0 dist entropy 1.4, value loss 0.1, action loss 0.0
selfsup attention loss 0.04475

2023-04-06 19:16:35,523 Updates 30500, num timesteps 2440080, FPS 166 
Last 10 training episodes: mean/median reward 739.9/745.0 min/max reward 609.0/839.0 dist entropy 1.3, value loss 0.3, action loss 0.1
selfsup attention loss 0.05638

2023-04-06 19:18:29,292 Updates 30750, num timesteps 2460080, FPS 166 
Last 10 training episodes: mean/median reward 707.4/713.5 min/max reward 462.0/933.0 dist entropy 1.2, value loss 0.2, action loss 0.3
selfsup attention loss 0.05725

2023-04-06 19:20:22,915 Updates 31000, num timesteps 2480080, FPS 166 
Last 10 training episodes: mean/median reward 702.2/714.0 min/max reward 525.0/997.0 dist entropy 1.5, value loss 0.1, action loss -0.1
selfsup attention loss 0.04402

2023-04-06 19:22:12,695 Updates 31250, num timesteps 2500080, FPS 166 
Last 10 training episodes: mean/median reward 651.9/693.0 min/max reward 441.0/745.0 dist entropy 1.2, value loss 0.2, action loss 0.2
selfsup attention loss 0.03138

2023-04-06 19:23:25,767 TEST: 2500080, 780.62, 1595.0, ['714.0', '756.0', '735.0', '714.0', '693.0', '840.0', '808.0', '714.0', '756.0', '692.0', '861.0', '861.0', '672.0', '798.0', '735.0', '1039.0', '672.0', '693.0', '850.0', '798.0', '829.0', '714.0', '661.0', '724.0', '703.0', '735.0', '745.0', '787.0', '714.0', '682.0', '693.0', '703.0', '567.0', '735.0', '441.0', '859.0', '714.0', '756.0', '798.0', '797.0', '693.0', '766.0', '661.0', '871.0', '714.0', '934.0', '745.0', '735.0', '672.0', '693.0', '693.0', '735.0', '755.0', '703.0', '714.0', '713.0', '860.0', '861.0', '1008.0', '735.0', '818.0', '1206.0', '756.0', '693.0', '745.0', '703.0', '672.0', '756.0', '1321.0', '714.0', '703.0', '840.0', '787.0', '1584.0', '651.0', '818.0', '1102.0', '745.0', '829.0', '766.0', '1059.0', '840.0', '682.0', '714.0', '336.0', '756.0', '672.0', '859.0', '1595.0', '808.0', '672.0', '682.0', '588.0', '828.0', '756.0', '849.0', '714.0', '756.0', '828.0', '840.0']

2023-04-06 19:23:25,768 => saving checkpoint to output/AssaultNoFrameskip-v4/a2c/assault_second/seed_1
2023-04-06 19:25:17,112 Updates 31500, num timesteps 2520080, FPS 166 
Last 10 training episodes: mean/median reward 701.3/703.5 min/max reward 546.0/850.0 dist entropy 1.1, value loss 0.1, action loss 0.0
selfsup attention loss 0.04956

2023-04-06 19:27:06,291 Updates 31750, num timesteps 2540080, FPS 166 
Last 10 training episodes: mean/median reward 672.9/677.0 min/max reward 546.0/892.0 dist entropy 1.3, value loss 0.0, action loss -0.0
selfsup attention loss 0.03798

2023-04-06 19:28:54,715 Updates 32000, num timesteps 2560080, FPS 166 
Last 10 training episodes: mean/median reward 647.7/693.0 min/max reward 231.0/850.0 dist entropy 1.4, value loss 0.4, action loss -0.2
selfsup attention loss 0.05091

2023-04-06 19:30:27,352 Updates 32250, num timesteps 2580080, FPS 166 
Last 10 training episodes: mean/median reward 716.7/703.0 min/max reward 588.0/996.0 dist entropy 1.4, value loss 0.1, action loss -0.1
selfsup attention loss 0.03891

2023-04-06 19:32:03,521 Updates 32500, num timesteps 2600080, FPS 166 
Last 10 training episodes: mean/median reward 674.0/682.5 min/max reward 525.0/777.0 dist entropy 1.3, value loss 0.1, action loss 0.1
selfsup attention loss 0.04101

2023-04-06 19:33:08,726 TEST: 2600080, 795.58, 2835.0, ['315.0', '735.0', '714.0', '714.0', '735.0', '808.0', '735.0', '798.0', '693.0', '714.0', '735.0', '829.0', '840.0', '829.0', '714.0', '1333.0', '672.0', '1291.0', '693.0', '756.0', '651.0', '819.0', '756.0', '756.0', '787.0', '672.0', '703.0', '745.0', '913.0', '798.0', '714.0', '756.0', '672.0', '735.0', '651.0', '672.0', '672.0', '766.0', '756.0', '714.0', '871.0', '735.0', '693.0', '714.0', '672.0', '735.0', '735.0', '672.0', '693.0', '756.0', '819.0', '735.0', '693.0', '714.0', '756.0', '850.0', '735.0', '787.0', '651.0', '588.0', '651.0', '693.0', '882.0', '840.0', '756.0', '672.0', '777.0', '745.0', '735.0', '714.0', '2835.0', '819.0', '777.0', '693.0', '756.0', '714.0', '777.0', '693.0', '819.0', '798.0', '1617.0', '871.0', '819.0', '1690.0', '756.0', '693.0', '735.0', '808.0', '1459.0', '672.0', '693.0', '703.0', '798.0', '693.0', '756.0', '808.0', '672.0', '693.0', '745.0', '766.0']

2023-04-06 19:33:08,733 => saving checkpoint to output/AssaultNoFrameskip-v4/a2c/assault_second/seed_1
2023-04-06 19:34:43,089 Updates 32750, num timesteps 2620080, FPS 166 
Last 10 training episodes: mean/median reward 778.7/703.0 min/max reward 567.0/1344.0 dist entropy 1.4, value loss 0.1, action loss -0.1
selfsup attention loss 0.02704

2023-04-06 19:35:55,134 Updates 33000, num timesteps 2640080, FPS 166 
Last 10 training episodes: mean/median reward 719.0/719.0 min/max reward 504.0/913.0 dist entropy 1.1, value loss 0.1, action loss -0.0
selfsup attention loss 0.02529

2023-04-06 19:37:04,780 Updates 33250, num timesteps 2660080, FPS 167 
Last 10 training episodes: mean/median reward 753.5/703.0 min/max reward 630.0/1081.0 dist entropy 1.3, value loss 0.1, action loss -0.0
selfsup attention loss 0.04473

2023-04-06 19:38:18,905 Updates 33500, num timesteps 2680080, FPS 167 
Last 10 training episodes: mean/median reward 682.2/677.0 min/max reward 441.0/965.0 dist entropy 1.2, value loss 0.1, action loss -0.0
selfsup attention loss 0.04042

2023-04-06 19:40:16,072 Updates 33750, num timesteps 2700080, FPS 167 
Last 10 training episodes: mean/median reward 726.2/734.5 min/max reward 588.0/819.0 dist entropy 1.3, value loss 0.4, action loss -0.0
selfsup attention loss 0.03632

2023-04-06 19:41:09,418 TEST: 2700080, 797.4, 1637.0, ['714.0', '630.0', '787.0', '735.0', '756.0', '745.0', '892.0', '714.0', '861.0', '787.0', '777.0', '745.0', '849.0', '756.0', '1205.0', '651.0', '693.0', '630.0', '735.0', '672.0', '714.0', '777.0', '766.0', '714.0', '985.0', '630.0', '955.0', '1584.0', '504.0', '1081.0', '693.0', '913.0', '756.0', '630.0', '651.0', '693.0', '787.0', '776.0', '1291.0', '840.0', '829.0', '840.0', '651.0', '829.0', '693.0', '871.0', '735.0', '703.0', '766.0', '735.0', '735.0', '797.0', '818.0', '735.0', '1333.0', '693.0', '766.0', '714.0', '829.0', '734.0', '735.0', '766.0', '651.0', '756.0', '756.0', '839.0', '483.0', '776.0', '504.0', '1196.0', '766.0', '840.0', '724.0', '735.0', '755.0', '755.0', '766.0', '693.0', '714.0', '891.0', '902.0', '735.0', '756.0', '911.0', '829.0', '861.0', '1186.0', '1637.0', '703.0', '901.0', '693.0', '714.0', '661.0', '714.0', '777.0', '808.0', '756.0', '703.0', '693.0', '819.0']

2023-04-06 19:41:09,421 => saving checkpoint to output/AssaultNoFrameskip-v4/a2c/assault_second/seed_1
2023-04-06 19:42:20,383 Updates 34000, num timesteps 2720080, FPS 167 
Last 10 training episodes: mean/median reward 722.2/735.0 min/max reward 525.0/902.0 dist entropy 1.3, value loss 0.1, action loss 0.1
selfsup attention loss 0.02621

2023-04-06 19:43:28,630 Updates 34250, num timesteps 2740080, FPS 168 
Last 10 training episodes: mean/median reward 698.2/693.0 min/max reward 525.0/1029.0 dist entropy 1.2, value loss 0.3, action loss 0.2
selfsup attention loss 0.03735

2023-04-06 19:44:34,278 Updates 34500, num timesteps 2760080, FPS 168 
Last 10 training episodes: mean/median reward 780.7/834.0 min/max reward 525.0/933.0 dist entropy 1.4, value loss 0.0, action loss -0.1
selfsup attention loss 0.06194

2023-04-06 19:45:45,763 Updates 34750, num timesteps 2780080, FPS 169 
Last 10 training episodes: mean/median reward 703.3/740.0 min/max reward 546.0/797.0 dist entropy 1.3, value loss 0.5, action loss -0.3
selfsup attention loss 0.02733

2023-04-06 19:46:55,982 Updates 35000, num timesteps 2800080, FPS 169 
Last 10 training episodes: mean/median reward 713.7/708.5 min/max reward 504.0/1133.0 dist entropy 1.3, value loss 0.2, action loss -0.2
selfsup attention loss 0.06384

2023-04-06 19:47:42,665 TEST: 2800080, 787.77, 1595.0, ['693.0', '777.0', '735.0', '808.0', '777.0', '703.0', '839.0', '787.0', '693.0', '808.0', '714.0', '787.0', '787.0', '819.0', '787.0', '966.0', '714.0', '798.0', '777.0', '756.0', '735.0', '871.0', '745.0', '703.0', '871.0', '798.0', '777.0', '829.0', '735.0', '630.0', '923.0', '986.0', '797.0', '735.0', '819.0', '693.0', '861.0', '797.0', '766.0', '693.0', '798.0', '1113.0', '735.0', '840.0', '734.0', '734.0', '735.0', '735.0', '756.0', '819.0', '693.0', '850.0', '745.0', '714.0', '871.0', '693.0', '913.0', '766.0', '693.0', '756.0', '818.0', '860.0', '903.0', '819.0', '777.0', '735.0', '734.0', '714.0', '693.0', '714.0', '819.0', '703.0', '651.0', '840.0', '798.0', '724.0', '913.0', '861.0', '787.0', '840.0', '777.0', '714.0', '798.0', '693.0', '672.0', '1595.0', '693.0', '777.0', '944.0', '819.0', '756.0', '756.0', '546.0', '871.0', '975.0', '735.0', '693.0', '714.0', '871.0', '693.0']

2023-04-06 19:47:42,667 => saving checkpoint to output/AssaultNoFrameskip-v4/a2c/assault_second/seed_1
2023-04-06 19:49:03,090 Updates 35250, num timesteps 2820080, FPS 169 
Last 10 training episodes: mean/median reward 711.7/724.5 min/max reward 504.0/1027.0 dist entropy 1.4, value loss 0.3, action loss -0.1
selfsup attention loss 0.02544

2023-04-06 19:50:09,406 Updates 35500, num timesteps 2840080, FPS 170 
Last 10 training episodes: mean/median reward 661.2/708.5 min/max reward 336.0/777.0 dist entropy 1.5, value loss 0.0, action loss -0.1
selfsup attention loss 0.04455

2023-04-06 19:51:12,443 Updates 35750, num timesteps 2860080, FPS 170 
Last 10 training episodes: mean/median reward 700.0/719.0 min/max reward 441.0/839.0 dist entropy 1.4, value loss 0.0, action loss 0.1
selfsup attention loss 0.05536

2023-04-06 19:52:19,041 Updates 36000, num timesteps 2880080, FPS 171 
Last 10 training episodes: mean/median reward 743.1/750.5 min/max reward 672.0/808.0 dist entropy 1.4, value loss 0.1, action loss -0.1
selfsup attention loss 0.03906

2023-04-06 19:53:26,870 Updates 36250, num timesteps 2900080, FPS 171 
Last 10 training episodes: mean/median reward 712.4/745.0 min/max reward 378.0/891.0 dist entropy 1.4, value loss 0.1, action loss -0.0
selfsup attention loss 0.03984

