2023-04-08 00:30:06,948 Namespace(TEST_MODEL_FILE=None, cfg='experiments/atari/multi_base.yaml', eval_only=False, render=False, seed=2)
2023-04-08 00:30:06,950 {'AUTO_RESUME': False,
 'CUDNN': {'BENCHMARK': True, 'DETERMINISTIC': False, 'ENABLED': True},
 'DATASET': {'BRIGHTNESS_FACTOR': 0.0,
             'COLOR_RGB': True,
             'CONTRAST_FACTOR': 0.0,
             'DATASET': 'mpii',
             'GRAYSCALE': True,
             'HISTORY_INPUT': False,
             'HUE_FACTOR': 0.0,
             'HYBRID': False,
             'ROOT': '',
             'SAMPLE_2_FRAME': False,
             'SAMPLE_2_FRAME_OFFSET': 0,
             'SAMPLE_STEP': 1,
             'SAT_FACTOR': 0.0,
             'TEST_SET': 'valid',
             'TRAIN_SET': 'train',
             'TRANSFORM': False},
 'DATA_DIR': '',
 'DEBUG': {'DEBUG': False},
 'GPUS': '7',
 'LOG_DIR': 'log',
 'MODEL': {'HEATMAP_SIZE': [64, 64],
           'IGNORE_BACKGROUND': False,
           'IMAGE_SIZE': array([84, 84]),
           'INIT_WEIGHTS': True,
           'NAME': 'a2c',
           'PRETRAINED': '',
           'SIGMA': 1},
 'MODEL_FILE': '',
 'OUTPUT_DIR': 'output',
 'PIN_MEMORY': True,
 'PRINT_FREQ': 100,
 'RESUME': False,
 'SELFSUP_ATTENTION': {'AUTOENCODER_LOSS': True,
                       'BLOCK_IMAGE_FEAT_GRADIENT': False,
                       'DECODER_WITH_SIGMOID': True,
                       'GAUSS_STD': 0.1,
                       'HEATMAP_SPARSITY_LOSS': True,
                       'HEATMAP_SPARSITY_LOSS_WEIGHT': 0.001,
                       'KEYPOINTER_CLS_AGNOSTIC': True,
                       'NUM_KEYPOINTS': 7,
                       'RECONSTRUCT_LOSS_THRESHOLD': 0.01,
                       'SHARE_PARAMETERS': False,
                       'USE_INSTANCE_NORM': False,
                       'USE_LAYER_NORM': False},
 'TEST': {'BATCH_SIZE_PER_GPU': 32, 'MODEL_FILE': ''},
 'TRAIN': {'BATCH_SIZE_PER_GPU': 32,
           'BEGIN_EPOCH': 0,
           'CHECKPOINT': '',
           'END_EPOCH': 140,
           'GAMMA1': 0.99,
           'GAMMA2': 0.0,
           'LR': 0.001,
           'LR_FACTOR': 0.1,
           'LR_STEP': [90, 110],
           'MOMENTUM': 0.9,
           'NESTEROV': False,
           'OPTIMIZER': 'adam',
           'RESUME': False,
           'SHUFFLE': True,
           'WD': 0.0001},
 'WORKERS': 4,
 'algo': 'a2c',
 'alpha': 0.99,
 'block_selfsup_attention_grad': False,
 'bottom_up_downsample_mask': False,
 'bottom_up_downsample_mask_stride1': False,
 'bottom_up_form_num_of_objects': 10,
 'bottom_up_form_objects': False,
 'cuda': True,
 'cuda_deterministic': False,
 'entropy_coef': 0.01,
 'env_name': ['CarnivalNoFrameskip-v4',
              'AsteroidsNoFrameskip-v4',
              'MsPacmanNoFrameskip-v4'],
 'env_num': 3,
 'eps': 1e-05,
 'eval_interval': 1250,
 'feat_add_selfsup_attention': True,
 'feat_from_selfsup_attention': False,
 'feat_mul_selfsup_attention_mask': True,
 'feat_mul_selfsup_attention_mask_residual': False,
 'feat_pool_with_selfsup_attention': False,
 'fix_feature': False,
 'gae_lambda': 0.95,
 'gail': False,
 'gail_batch_size': 128,
 'gail_epoch': 5,
 'gail_experts_dir': './gail_experts',
 'gamma': 0.99,
 'gaussian_std': 0.1,
 'hidden_size': 512,
 'log_interval': 250,
 'lr': 0.0007,
 'mask_threshold': -1.0,
 'max_grad_norm': 0.5,
 'no_cuda': False,
 'num_env_steps': 500000,
 'num_processes': 1,
 'num_steps': 5,
 'ppo_epoch': 4,
 'recurrent_policy': False,
 'resized_size': 84,
 'save_dir': './trained_models/',
 'save_interval': 1250,
 'seed': 2,
 'selfsup_attention_feat_load_pretrained': True,
 'selfsup_attention_feat_masked': True,
 'selfsup_attention_feat_masked_residual': False,
 'selfsup_attention_fix': False,
 'selfsup_attention_fix_keypointer': False,
 'selfsup_attention_image_feat_only': False,
 'selfsup_attention_keyp_maps_pool': True,
 'selfsup_attention_multiframe': False,
 'selfsup_attention_pretrain': '',
 'sep_bg_fg_feat': False,
 'temperature': 0.07,
 'train_selfsup_attention': True,
 'train_selfsup_attention_batch_size': 256,
 'train_selfsup_attention_buffer_size': 10000,
 'use_gae': False,
 'use_layer_norm': False,
 'use_linear_lr_decay': False,
 'use_proper_time_limits': False,
 'value_loss_coef': 0.5,
 'weight_decay': 0.0}
2023-04-08 00:32:31,507 Updates 1250, num timesteps 6255
selfsup attention loss 0.30718

2023-04-08 00:34:20,831 Updates 1500, num timesteps 7505
selfsup attention loss 0.14714

2023-04-08 00:36:12,559 Updates 1750, num timesteps 8755
selfsup attention loss 0.14805

2023-04-08 00:38:05,143 Updates 2000, num timesteps 10005
selfsup attention loss 0.16871

2023-04-08 00:39:55,013 Updates 2250, num timesteps 11255
selfsup attention loss 0.12109

2023-04-08 00:41:44,449 Updates 2500, num timesteps 12505
selfsup attention loss 0.17555

2023-04-08 00:43:34,693 Updates 2750, num timesteps 13755
selfsup attention loss 0.10272

2023-04-08 00:45:27,544 Updates 3000, num timesteps 15005
selfsup attention loss 0.12767

2023-04-08 00:47:17,908 Updates 3250, num timesteps 16255
selfsup attention loss 0.13946

2023-04-08 00:49:06,272 Updates 3500, num timesteps 17505
selfsup attention loss 0.13699

2023-04-08 00:50:57,868 Updates 3750, num timesteps 18755
selfsup attention loss 0.13896

2023-04-08 00:52:47,322 Updates 4000, num timesteps 20005
selfsup attention loss 0.12410

2023-04-08 00:54:40,208 Updates 4250, num timesteps 21255
selfsup attention loss 0.14491

2023-04-08 00:56:28,770 Updates 4500, num timesteps 22505
selfsup attention loss 0.06356

2023-04-08 00:58:18,805 Updates 4750, num timesteps 23755
selfsup attention loss 0.13837

2023-04-08 01:00:06,875 Updates 5000, num timesteps 25005
selfsup attention loss 0.08662

2023-04-08 01:02:00,749 Updates 5250, num timesteps 26255
selfsup attention loss 0.11011

2023-04-08 01:03:49,896 Updates 5500, num timesteps 27505
selfsup attention loss 0.11271

2023-04-08 01:05:42,699 Updates 5750, num timesteps 28755
selfsup attention loss 0.06095

2023-04-08 01:07:31,568 Updates 6000, num timesteps 30005
selfsup attention loss 0.14371

2023-04-08 01:09:20,524 Updates 6250, num timesteps 31255
selfsup attention loss 0.15364

2023-04-08 01:11:09,783 Updates 6500, num timesteps 32505
selfsup attention loss 0.12749

2023-04-08 01:12:59,668 Updates 6750, num timesteps 33755
selfsup attention loss 0.10008

2023-04-08 01:14:50,360 Updates 7000, num timesteps 35005
selfsup attention loss 0.08073

2023-04-08 01:16:44,524 Updates 7250, num timesteps 36255
selfsup attention loss 0.09481

2023-04-08 01:18:36,015 Updates 7500, num timesteps 37505
selfsup attention loss 0.11361

2023-04-08 01:20:25,008 Updates 7750, num timesteps 38755
selfsup attention loss 0.09591

2023-04-08 01:22:15,870 Updates 8000, num timesteps 40005
selfsup attention loss 0.12607

2023-04-08 01:24:06,133 Updates 8250, num timesteps 41255
selfsup attention loss 0.06810

2023-04-08 01:25:57,336 Updates 8500, num timesteps 42505
selfsup attention loss 0.05952

2023-04-08 01:27:47,845 Updates 8750, num timesteps 43755
selfsup attention loss 0.09103

2023-04-08 01:29:39,763 Updates 9000, num timesteps 45005
selfsup attention loss 0.07397

2023-04-08 01:31:29,632 Updates 9250, num timesteps 46255
selfsup attention loss 0.08255

2023-04-08 01:33:19,762 Updates 9500, num timesteps 47505
selfsup attention loss 0.06943

2023-04-08 01:35:09,417 Updates 9750, num timesteps 48755
selfsup attention loss 0.13888

2023-04-08 01:37:00,274 Updates 10000, num timesteps 50005
selfsup attention loss 0.07226

2023-04-08 01:38:50,850 Updates 10250, num timesteps 51255
selfsup attention loss 0.07473

2023-04-08 01:40:42,270 Updates 10500, num timesteps 52505
selfsup attention loss 0.10195

2023-04-08 01:42:33,864 Updates 10750, num timesteps 53755
selfsup attention loss 0.12525

2023-04-08 01:44:24,188 Updates 11000, num timesteps 55005
selfsup attention loss 0.08604

2023-04-08 01:46:16,893 Updates 11250, num timesteps 56255
selfsup attention loss 0.11187

2023-04-08 01:48:10,333 Updates 11500, num timesteps 57505
selfsup attention loss 0.14428

2023-04-08 01:50:00,833 Updates 11750, num timesteps 58755
selfsup attention loss 0.07066

2023-04-08 01:51:50,223 Updates 12000, num timesteps 60005
selfsup attention loss 0.14179

2023-04-08 01:53:39,242 Updates 12250, num timesteps 61255
selfsup attention loss 0.06424

2023-04-08 01:55:28,134 Updates 12500, num timesteps 62505
selfsup attention loss 0.16275

2023-04-08 01:57:18,277 Updates 12750, num timesteps 63755
selfsup attention loss 0.11238

2023-04-08 01:59:10,321 Updates 13000, num timesteps 65005
selfsup attention loss 0.11666

2023-04-08 02:01:01,183 Updates 13250, num timesteps 66255
selfsup attention loss 0.06465

2023-04-08 02:02:51,241 Updates 13500, num timesteps 67505
selfsup attention loss 0.08067

2023-04-08 02:04:40,703 Updates 13750, num timesteps 68755
selfsup attention loss 0.09005

2023-04-08 02:06:29,527 Updates 14000, num timesteps 70005
selfsup attention loss 0.10538

2023-04-08 02:08:20,687 Updates 14250, num timesteps 71255
selfsup attention loss 0.09504

2023-04-08 02:10:13,338 Updates 14500, num timesteps 72505
selfsup attention loss 0.14236

2023-04-08 02:12:03,919 Updates 14750, num timesteps 73755
selfsup attention loss 0.10490

2023-04-08 02:13:55,532 Updates 15000, num timesteps 75005
selfsup attention loss 0.08067

2023-04-08 02:15:46,524 Updates 15250, num timesteps 76255
selfsup attention loss 0.10055

2023-04-08 02:17:35,174 Updates 15500, num timesteps 77505
selfsup attention loss 0.10737

2023-04-08 02:19:24,262 Updates 15750, num timesteps 78755
selfsup attention loss 0.12896

2023-04-08 02:21:16,429 Updates 16000, num timesteps 80005
selfsup attention loss 0.12255

2023-04-08 02:23:09,621 Updates 16250, num timesteps 81255
selfsup attention loss 0.06849

2023-04-08 02:24:55,326 Updates 16500, num timesteps 82505
selfsup attention loss 0.13308

2023-04-08 02:26:39,249 Updates 16750, num timesteps 83755
selfsup attention loss 0.06085

2023-04-08 02:28:24,782 Updates 17000, num timesteps 85005
selfsup attention loss 0.10486

2023-04-08 02:30:09,268 Updates 17250, num timesteps 86255
selfsup attention loss 0.07738

2023-04-08 02:32:01,454 Updates 17500, num timesteps 87505
selfsup attention loss 0.04795

2023-04-08 02:33:46,020 Updates 17750, num timesteps 88755
selfsup attention loss 0.08824

2023-04-08 02:35:31,197 Updates 18000, num timesteps 90005
selfsup attention loss 0.11300

2023-04-08 02:37:15,341 Updates 18250, num timesteps 91255
selfsup attention loss 0.12610

2023-04-08 02:38:59,597 Updates 18500, num timesteps 92505
selfsup attention loss 0.11627

2023-04-08 02:40:43,284 Updates 18750, num timesteps 93755
selfsup attention loss 0.06482

2023-04-08 02:42:29,475 Updates 19000, num timesteps 95005
selfsup attention loss 0.10504

2023-04-08 02:44:09,891 Updates 19250, num timesteps 96255
selfsup attention loss 0.07872

2023-04-08 02:45:49,422 Updates 19500, num timesteps 97505
selfsup attention loss 0.11158

2023-04-08 02:47:27,447 Updates 19750, num timesteps 98755
selfsup attention loss 0.15251

2023-04-08 02:49:08,796 Updates 20000, num timesteps 100005
selfsup attention loss 0.10666

2023-04-08 02:50:50,999 Updates 20250, num timesteps 101255
selfsup attention loss 0.07510

2023-04-08 02:52:31,605 Updates 20500, num timesteps 102505
selfsup attention loss 0.06204

2023-04-08 02:54:11,069 Updates 20750, num timesteps 103755
selfsup attention loss 0.06711

2023-04-08 02:55:50,417 Updates 21000, num timesteps 105005
selfsup attention loss 0.05044

2023-04-08 02:57:29,754 Updates 21250, num timesteps 106255
selfsup attention loss 0.12497

2023-04-08 02:59:09,113 Updates 21500, num timesteps 107505
selfsup attention loss 0.05807

2023-04-08 03:00:47,910 Updates 21750, num timesteps 108755
selfsup attention loss 0.11285

2023-04-08 03:02:28,697 Updates 22000, num timesteps 110005
selfsup attention loss 0.11505

2023-04-08 03:04:08,141 Updates 22250, num timesteps 111255
selfsup attention loss 0.09618

2023-04-08 03:05:49,012 Updates 22500, num timesteps 112505
selfsup attention loss 0.10117

2023-04-08 03:07:27,323 Updates 22750, num timesteps 113755
selfsup attention loss 0.07919

2023-04-08 03:09:06,153 Updates 23000, num timesteps 115005
selfsup attention loss 0.09268

2023-04-08 03:10:44,885 Updates 23250, num timesteps 116255
selfsup attention loss 0.08821

2023-04-08 03:12:25,800 Updates 23500, num timesteps 117505
selfsup attention loss 0.07759

2023-04-08 03:14:05,297 Updates 23750, num timesteps 118755
selfsup attention loss 0.04807

2023-04-08 03:15:45,372 Updates 24000, num timesteps 120005
selfsup attention loss 0.09773

2023-04-08 03:17:24,511 Updates 24250, num timesteps 121255
selfsup attention loss 0.08190

2023-04-08 03:19:02,597 Updates 24500, num timesteps 122505
selfsup attention loss 0.05608

2023-04-08 03:20:40,763 Updates 24750, num timesteps 123755
selfsup attention loss 0.04432

2023-04-08 03:22:18,982 Updates 25000, num timesteps 125005
selfsup attention loss 0.08568

2023-04-08 03:23:59,022 Updates 25250, num timesteps 126255
selfsup attention loss 0.07814

2023-04-08 03:25:36,780 Updates 25500, num timesteps 127505
selfsup attention loss 0.09358

2023-04-08 03:27:14,501 Updates 25750, num timesteps 128755
selfsup attention loss 0.07334

2023-04-08 03:28:51,982 Updates 26000, num timesteps 130005
selfsup attention loss 0.06500

2023-04-08 03:30:28,852 Updates 26250, num timesteps 131255
selfsup attention loss 0.08403

2023-04-08 03:32:07,321 Updates 26500, num timesteps 132505
selfsup attention loss 0.06514

2023-04-08 03:33:47,789 Updates 26750, num timesteps 133755
selfsup attention loss 0.08546

2023-04-08 03:35:26,098 Updates 27000, num timesteps 135005
selfsup attention loss 0.06703

2023-04-08 03:37:09,784 Updates 27250, num timesteps 136255
selfsup attention loss 0.10848

2023-04-08 03:38:55,116 Updates 27500, num timesteps 137505
selfsup attention loss 0.06327

2023-04-08 03:40:32,962 Updates 27750, num timesteps 138755
selfsup attention loss 0.05108

2023-04-08 03:42:11,845 Updates 28000, num timesteps 140005
selfsup attention loss 0.06796

2023-04-08 03:43:51,695 Updates 28250, num timesteps 141255
selfsup attention loss 0.06778

2023-04-08 03:45:39,619 Updates 28500, num timesteps 142505
selfsup attention loss 0.04899

2023-04-08 03:47:29,064 Updates 28750, num timesteps 143755
selfsup attention loss 0.07774

2023-04-08 03:49:06,140 Updates 29000, num timesteps 145005
selfsup attention loss 0.05331

2023-04-08 03:50:44,149 Updates 29250, num timesteps 146255
selfsup attention loss 0.10670

2023-04-08 03:52:23,815 Updates 29500, num timesteps 147505
selfsup attention loss 0.09082

2023-04-08 03:54:07,683 Updates 29750, num timesteps 148755
selfsup attention loss 0.04585

2023-04-08 03:55:46,961 Updates 30000, num timesteps 150005
selfsup attention loss 0.08495

2023-04-08 03:57:26,372 Updates 30250, num timesteps 151255
selfsup attention loss 0.05589

2023-04-08 03:59:05,786 Updates 30500, num timesteps 152505
selfsup attention loss 0.14157

2023-04-08 04:00:44,960 Updates 30750, num timesteps 153755
selfsup attention loss 0.04912

2023-04-08 04:02:26,799 Updates 31000, num timesteps 155005
selfsup attention loss 0.09404

2023-04-08 04:04:09,598 Updates 31250, num timesteps 156255
selfsup attention loss 0.11432

2023-04-08 04:06:09,268 Updates 31500, num timesteps 157505
selfsup attention loss 0.07479

2023-04-08 04:08:08,726 Updates 31750, num timesteps 158755
selfsup attention loss 0.06667

2023-04-08 04:09:58,378 Updates 32000, num timesteps 160005
selfsup attention loss 0.07046

2023-04-08 04:11:47,765 Updates 32250, num timesteps 161255
selfsup attention loss 0.08935

2023-04-08 04:13:27,191 Updates 32500, num timesteps 162505
selfsup attention loss 0.06146

2023-04-08 04:15:14,257 Updates 32750, num timesteps 163755
selfsup attention loss 0.05450

2023-04-08 04:16:56,656 Updates 33000, num timesteps 165005
selfsup attention loss 0.04519

2023-04-08 04:18:35,135 Updates 33250, num timesteps 166255
selfsup attention loss 0.11479

2023-04-08 04:20:13,626 Updates 33500, num timesteps 167505
selfsup attention loss 0.06345

2023-04-08 04:21:51,962 Updates 33750, num timesteps 168755
selfsup attention loss 0.05339

2023-04-08 04:23:30,701 Updates 34000, num timesteps 170005
selfsup attention loss 0.04425

2023-04-08 04:25:09,329 Updates 34250, num timesteps 171255
selfsup attention loss 0.08218

2023-04-08 04:26:49,166 Updates 34500, num timesteps 172505
selfsup attention loss 0.06349

2023-04-08 04:28:27,784 Updates 34750, num timesteps 173755
selfsup attention loss 0.05330

2023-04-08 04:30:06,121 Updates 35000, num timesteps 175005
selfsup attention loss 0.07648

2023-04-08 04:31:44,044 Updates 35250, num timesteps 176255
selfsup attention loss 0.04399

2023-04-08 04:33:24,314 Updates 35500, num timesteps 177505
selfsup attention loss 0.08173

2023-04-08 04:35:02,664 Updates 35750, num timesteps 178755
selfsup attention loss 0.10398

2023-04-08 04:36:58,294 Updates 36000, num timesteps 180005
selfsup attention loss 0.07546

2023-04-08 04:38:36,696 Updates 36250, num timesteps 181255
selfsup attention loss 0.07173

2023-04-08 04:40:23,418 Updates 36500, num timesteps 182505
selfsup attention loss 0.07732

2023-04-08 04:42:03,830 Updates 36750, num timesteps 183755
selfsup attention loss 0.06457

2023-04-08 04:43:42,808 Updates 37000, num timesteps 185005
selfsup attention loss 0.08271

2023-04-08 04:45:20,477 Updates 37250, num timesteps 186255
selfsup attention loss 0.07732

2023-04-08 04:46:58,340 Updates 37500, num timesteps 187505
selfsup attention loss 0.06402

2023-04-08 04:48:36,253 Updates 37750, num timesteps 188755
selfsup attention loss 0.06597

2023-04-08 04:50:14,611 Updates 38000, num timesteps 190005
selfsup attention loss 0.09382

2023-04-08 04:52:05,920 Updates 38250, num timesteps 191255
selfsup attention loss 0.05743

2023-04-08 04:53:44,943 Updates 38500, num timesteps 192505
selfsup attention loss 0.06914

2023-04-08 04:55:22,892 Updates 38750, num timesteps 193755
selfsup attention loss 0.07013

2023-04-08 04:57:01,208 Updates 39000, num timesteps 195005
selfsup attention loss 0.09521

2023-04-08 04:58:39,787 Updates 39250, num timesteps 196255
selfsup attention loss 0.06897

2023-04-08 05:00:18,333 Updates 39500, num timesteps 197505
selfsup attention loss 0.07131

2023-04-08 05:01:57,958 Updates 39750, num timesteps 198755
selfsup attention loss 0.08209

2023-04-08 05:03:37,469 Updates 40000, num timesteps 200005
selfsup attention loss 0.03343

2023-04-08 05:05:16,586 Updates 40250, num timesteps 201255
selfsup attention loss 0.08849

2023-04-08 05:06:55,706 Updates 40500, num timesteps 202505
selfsup attention loss 0.08034

2023-04-08 05:08:33,723 Updates 40750, num timesteps 203755
selfsup attention loss 0.05611

2023-04-08 05:10:12,197 Updates 41000, num timesteps 205005
selfsup attention loss 0.11256

2023-04-08 05:11:50,347 Updates 41250, num timesteps 206255
selfsup attention loss 0.09102

2023-04-08 05:13:29,544 Updates 41500, num timesteps 207505
selfsup attention loss 0.07300

2023-04-08 05:15:09,206 Updates 41750, num timesteps 208755
selfsup attention loss 0.05082

2023-04-08 05:16:51,247 Updates 42000, num timesteps 210005
selfsup attention loss 0.07160

2023-04-08 05:18:38,397 Updates 42250, num timesteps 211255
selfsup attention loss 0.04025

2023-04-08 05:20:17,902 Updates 42500, num timesteps 212505
selfsup attention loss 0.09674

2023-04-08 05:22:00,281 Updates 42750, num timesteps 213755
selfsup attention loss 0.07137

2023-04-08 05:23:37,981 Updates 43000, num timesteps 215005
selfsup attention loss 0.10725

2023-04-08 05:25:15,461 Updates 43250, num timesteps 216255
selfsup attention loss 0.07828

2023-04-08 05:26:52,976 Updates 43500, num timesteps 217505
selfsup attention loss 0.11938

2023-04-08 05:28:30,994 Updates 43750, num timesteps 218755
selfsup attention loss 0.06761

2023-04-08 05:30:09,218 Updates 44000, num timesteps 220005
selfsup attention loss 0.08963

2023-04-08 05:31:47,797 Updates 44250, num timesteps 221255
selfsup attention loss 0.04255

2023-04-08 05:33:26,292 Updates 44500, num timesteps 222505
selfsup attention loss 0.06078

2023-04-08 05:35:04,056 Updates 44750, num timesteps 223755
selfsup attention loss 0.02819

2023-04-08 05:36:42,788 Updates 45000, num timesteps 225005
selfsup attention loss 0.07043

2023-04-08 05:38:20,974 Updates 45250, num timesteps 226255
selfsup attention loss 0.07410

2023-04-08 05:39:59,460 Updates 45500, num timesteps 227505
selfsup attention loss 0.07616

2023-04-08 05:41:38,345 Updates 45750, num timesteps 228755
selfsup attention loss 0.07706

2023-04-08 05:43:17,638 Updates 46000, num timesteps 230005
selfsup attention loss 0.03937

2023-04-08 05:44:55,428 Updates 46250, num timesteps 231255
selfsup attention loss 0.09646

2023-04-08 05:46:33,230 Updates 46500, num timesteps 232505
selfsup attention loss 0.04778

2023-04-08 05:48:11,125 Updates 46750, num timesteps 233755
selfsup attention loss 0.06988

2023-04-08 05:49:49,136 Updates 47000, num timesteps 235005
selfsup attention loss 0.07675

2023-04-08 05:51:27,379 Updates 47250, num timesteps 236255
selfsup attention loss 0.03980

2023-04-08 05:53:07,448 Updates 47500, num timesteps 237505
selfsup attention loss 0.06799

2023-04-08 05:54:45,417 Updates 47750, num timesteps 238755
selfsup attention loss 0.06302

2023-04-08 05:56:23,476 Updates 48000, num timesteps 240005
selfsup attention loss 0.09524

2023-04-08 05:58:02,252 Updates 48250, num timesteps 241255
selfsup attention loss 0.05440

2023-04-08 05:59:40,970 Updates 48500, num timesteps 242505
selfsup attention loss 0.04990

2023-04-08 06:01:19,295 Updates 48750, num timesteps 243755
selfsup attention loss 0.06283

2023-04-08 06:02:58,030 Updates 49000, num timesteps 245005
selfsup attention loss 0.03457

2023-04-08 06:04:37,825 Updates 49250, num timesteps 246255
selfsup attention loss 0.08099

2023-04-08 06:06:16,705 Updates 49500, num timesteps 247505
selfsup attention loss 0.06337

2023-04-08 06:07:55,202 Updates 49750, num timesteps 248755
selfsup attention loss 0.08442

2023-04-08 06:09:32,847 Updates 50000, num timesteps 250005
selfsup attention loss 0.09001

2023-04-08 06:11:11,265 Updates 50250, num timesteps 251255
selfsup attention loss 0.06676

2023-04-08 06:12:49,902 Updates 50500, num timesteps 252505
selfsup attention loss 0.07794

2023-04-08 06:14:30,012 Updates 50750, num timesteps 253755
selfsup attention loss 0.04231

2023-04-08 06:16:08,863 Updates 51000, num timesteps 255005
selfsup attention loss 0.05237

2023-04-08 06:17:47,725 Updates 51250, num timesteps 256255
selfsup attention loss 0.05000

2023-04-08 06:19:26,748 Updates 51500, num timesteps 257505
selfsup attention loss 0.07932

2023-04-08 06:21:05,883 Updates 51750, num timesteps 258755
selfsup attention loss 0.05075

2023-04-08 06:22:44,137 Updates 52000, num timesteps 260005
selfsup attention loss 0.06852

2023-04-08 06:24:23,081 Updates 52250, num timesteps 261255
selfsup attention loss 0.05348

2023-04-08 06:26:01,638 Updates 52500, num timesteps 262505
selfsup attention loss 0.10297

2023-04-08 06:27:39,877 Updates 52750, num timesteps 263755
selfsup attention loss 0.11543

2023-04-08 06:29:18,115 Updates 53000, num timesteps 265005
selfsup attention loss 0.05950

2023-04-08 06:30:56,415 Updates 53250, num timesteps 266255
selfsup attention loss 0.08764

2023-04-08 06:32:34,439 Updates 53500, num timesteps 267505
selfsup attention loss 0.05886

2023-04-08 06:34:12,554 Updates 53750, num timesteps 268755
selfsup attention loss 0.05811

2023-04-08 06:35:51,304 Updates 54000, num timesteps 270005
selfsup attention loss 0.05094

2023-04-08 06:37:30,059 Updates 54250, num timesteps 271255
selfsup attention loss 0.04631

2023-04-08 06:39:08,808 Updates 54500, num timesteps 272505
selfsup attention loss 0.05022

2023-04-08 06:40:47,361 Updates 54750, num timesteps 273755
selfsup attention loss 0.06019

2023-04-08 06:42:26,358 Updates 55000, num timesteps 275005
selfsup attention loss 0.05323

2023-04-08 06:44:05,099 Updates 55250, num timesteps 276255
selfsup attention loss 0.04923

2023-04-08 06:45:44,061 Updates 55500, num timesteps 277505
selfsup attention loss 0.03648

2023-04-08 06:47:21,887 Updates 55750, num timesteps 278755
selfsup attention loss 0.07408

2023-04-08 06:49:00,016 Updates 56000, num timesteps 280005
selfsup attention loss 0.07642

2023-04-08 06:50:38,540 Updates 56250, num timesteps 281255
selfsup attention loss 0.06372

2023-04-08 06:52:16,901 Updates 56500, num timesteps 282505
selfsup attention loss 0.08398

2023-04-08 06:53:54,894 Updates 56750, num timesteps 283755
selfsup attention loss 0.09824

2023-04-08 06:55:34,512 Updates 57000, num timesteps 285005
selfsup attention loss 0.09864

2023-04-08 06:57:12,208 Updates 57250, num timesteps 286255
selfsup attention loss 0.04905

2023-04-08 06:58:50,026 Updates 57500, num timesteps 287505
selfsup attention loss 0.07648

2023-04-08 07:00:27,909 Updates 57750, num timesteps 288755
selfsup attention loss 0.06333

2023-04-08 07:02:06,244 Updates 58000, num timesteps 290005
selfsup attention loss 0.08525

2023-04-08 07:03:52,952 Updates 58250, num timesteps 291255
selfsup attention loss 0.07308

2023-04-08 07:05:34,016 Updates 58500, num timesteps 292505
selfsup attention loss 0.05325

2023-04-08 07:07:13,101 Updates 58750, num timesteps 293755
selfsup attention loss 0.05660

2023-04-08 07:08:50,884 Updates 59000, num timesteps 295005
selfsup attention loss 0.04967

2023-04-08 07:10:29,510 Updates 59250, num timesteps 296255
selfsup attention loss 0.04043

2023-04-08 07:12:08,605 Updates 59500, num timesteps 297505
selfsup attention loss 0.05917

2023-04-08 07:13:46,713 Updates 59750, num timesteps 298755
selfsup attention loss 0.08542

2023-04-08 07:15:24,683 Updates 60000, num timesteps 300005
selfsup attention loss 0.04337

2023-04-08 07:17:06,648 Updates 60250, num timesteps 301255
selfsup attention loss 0.04484

2023-04-08 07:18:45,191 Updates 60500, num timesteps 302505
selfsup attention loss 0.04812

2023-04-08 07:20:32,059 Updates 60750, num timesteps 303755
selfsup attention loss 0.03785

2023-04-08 07:22:10,414 Updates 61000, num timesteps 305005
selfsup attention loss 0.03092

2023-04-08 07:23:48,384 Updates 61250, num timesteps 306255
selfsup attention loss 0.08113

2023-04-08 07:25:26,057 Updates 61500, num timesteps 307505
selfsup attention loss 0.12713

2023-04-08 07:27:05,678 Updates 61750, num timesteps 308755
selfsup attention loss 0.10036

2023-04-08 07:28:43,302 Updates 62000, num timesteps 310005
selfsup attention loss 0.07343

2023-04-08 07:30:21,711 Updates 62250, num timesteps 311255
selfsup attention loss 0.03206

2023-04-08 07:32:00,148 Updates 62500, num timesteps 312505
selfsup attention loss 0.03993

2023-04-08 07:33:38,234 Updates 62750, num timesteps 313755
selfsup attention loss 0.08509

2023-04-08 07:35:16,968 Updates 63000, num timesteps 315005
selfsup attention loss 0.03925

2023-04-08 07:36:57,543 Updates 63250, num timesteps 316255
selfsup attention loss 0.06648

2023-04-08 07:38:36,983 Updates 63500, num timesteps 317505
selfsup attention loss 0.07360

2023-04-08 07:40:14,361 Updates 63750, num timesteps 318755
selfsup attention loss 0.09131

2023-04-08 07:41:52,344 Updates 64000, num timesteps 320005
selfsup attention loss 0.06537

2023-04-08 07:43:32,430 Updates 64250, num timesteps 321255
selfsup attention loss 0.04861

2023-04-08 07:45:10,494 Updates 64500, num timesteps 322505
selfsup attention loss 0.04681

2023-04-08 07:46:48,872 Updates 64750, num timesteps 323755
selfsup attention loss 0.06137

2023-04-08 07:48:30,394 Updates 65000, num timesteps 325005
selfsup attention loss 0.07093

2023-04-08 07:50:09,032 Updates 65250, num timesteps 326255
selfsup attention loss 0.05106

2023-04-08 07:51:46,773 Updates 65500, num timesteps 327505
selfsup attention loss 0.07462

2023-04-08 07:53:24,394 Updates 65750, num timesteps 328755
selfsup attention loss 0.04774

2023-04-08 07:55:02,429 Updates 66000, num timesteps 330005
selfsup attention loss 0.09670

2023-04-08 07:56:40,487 Updates 66250, num timesteps 331255
selfsup attention loss 0.07335

2023-04-08 07:58:21,282 Updates 66500, num timesteps 332505
selfsup attention loss 0.04880

2023-04-08 07:59:59,206 Updates 66750, num timesteps 333755
selfsup attention loss 0.05571

2023-04-08 08:01:37,884 Updates 67000, num timesteps 335005
selfsup attention loss 0.08131

2023-04-08 08:03:16,284 Updates 67250, num timesteps 336255
selfsup attention loss 0.05087

2023-04-08 08:04:53,547 Updates 67500, num timesteps 337505
selfsup attention loss 0.08219

2023-04-08 08:06:31,809 Updates 67750, num timesteps 338755
selfsup attention loss 0.04221

2023-04-08 08:08:11,160 Updates 68000, num timesteps 340005
selfsup attention loss 0.08072

2023-04-08 08:09:49,979 Updates 68250, num timesteps 341255
selfsup attention loss 0.05730

2023-04-08 08:11:28,150 Updates 68500, num timesteps 342505
selfsup attention loss 0.06112

2023-04-08 08:13:06,288 Updates 68750, num timesteps 343755
selfsup attention loss 0.07046

2023-04-08 08:14:44,479 Updates 69000, num timesteps 345005
selfsup attention loss 0.06594

2023-04-08 08:16:22,626 Updates 69250, num timesteps 346255
selfsup attention loss 0.04167

2023-04-08 08:18:05,845 Updates 69500, num timesteps 347505
selfsup attention loss 0.06230

2023-04-08 08:19:44,967 Updates 69750, num timesteps 348755
selfsup attention loss 0.04747

2023-04-08 08:21:23,663 Updates 70000, num timesteps 350005
selfsup attention loss 0.05415

2023-04-08 08:23:03,277 Updates 70250, num timesteps 351255
selfsup attention loss 0.06159

2023-04-08 08:24:41,049 Updates 70500, num timesteps 352505
selfsup attention loss 0.06155

2023-04-08 08:26:19,428 Updates 70750, num timesteps 353755
selfsup attention loss 0.07961

2023-04-08 08:27:58,174 Updates 71000, num timesteps 355005
selfsup attention loss 0.05151

2023-04-08 08:29:39,370 Updates 71250, num timesteps 356255
selfsup attention loss 0.10107

2023-04-08 08:31:18,881 Updates 71500, num timesteps 357505
selfsup attention loss 0.07750

2023-04-08 08:32:58,589 Updates 71750, num timesteps 358755
selfsup attention loss 0.07157

2023-04-08 08:34:38,176 Updates 72000, num timesteps 360005
selfsup attention loss 0.05855

2023-04-08 08:36:16,664 Updates 72250, num timesteps 361255
selfsup attention loss 0.06016

2023-04-08 08:37:54,157 Updates 72500, num timesteps 362505
selfsup attention loss 0.04889

2023-04-08 08:39:34,091 Updates 72750, num timesteps 363755
selfsup attention loss 0.04457

2023-04-08 08:41:13,176 Updates 73000, num timesteps 365005
selfsup attention loss 0.05074

2023-04-08 08:42:52,114 Updates 73250, num timesteps 366255
selfsup attention loss 0.04780

2023-04-08 08:44:31,350 Updates 73500, num timesteps 367505
selfsup attention loss 0.05104

2023-04-08 08:46:10,199 Updates 73750, num timesteps 368755
selfsup attention loss 0.05019

2023-04-08 08:47:49,233 Updates 74000, num timesteps 370005
selfsup attention loss 0.05547

2023-04-08 08:49:29,303 Updates 74250, num timesteps 371255
selfsup attention loss 0.04833

2023-04-08 08:51:08,714 Updates 74500, num timesteps 372505
selfsup attention loss 0.07536

2023-04-08 08:52:48,166 Updates 74750, num timesteps 373755
selfsup attention loss 0.05396

2023-04-08 08:54:27,689 Updates 75000, num timesteps 375005
selfsup attention loss 0.09024

2023-04-08 08:56:07,982 Updates 75250, num timesteps 376255
selfsup attention loss 0.05410

2023-04-08 08:57:46,355 Updates 75500, num timesteps 377505
selfsup attention loss 0.08578

2023-04-08 08:59:26,510 Updates 75750, num timesteps 378755
selfsup attention loss 0.07929

2023-04-08 09:01:05,518 Updates 76000, num timesteps 380005
selfsup attention loss 0.05314

2023-04-08 09:02:44,783 Updates 76250, num timesteps 381255
selfsup attention loss 0.09778

2023-04-08 09:04:24,227 Updates 76500, num timesteps 382505
selfsup attention loss 0.06945

2023-04-08 09:06:02,234 Updates 76750, num timesteps 383755
selfsup attention loss 0.06248

2023-04-08 09:07:41,979 Updates 77000, num timesteps 385005
selfsup attention loss 0.06110

2023-04-08 09:09:22,457 Updates 77250, num timesteps 386255
selfsup attention loss 0.06348

2023-04-08 09:11:01,840 Updates 77500, num timesteps 387505
selfsup attention loss 0.10191

2023-04-08 09:12:39,816 Updates 77750, num timesteps 388755
selfsup attention loss 0.07264

2023-04-08 09:14:17,086 Updates 78000, num timesteps 390005
selfsup attention loss 0.04587

2023-04-08 09:15:55,547 Updates 78250, num timesteps 391255
selfsup attention loss 0.06600

2023-04-08 09:17:35,223 Updates 78500, num timesteps 392505
selfsup attention loss 0.05770

2023-04-08 09:19:14,850 Updates 78750, num timesteps 393755
selfsup attention loss 0.04846

2023-04-08 09:20:55,516 Updates 79000, num timesteps 395005
selfsup attention loss 0.05649

2023-04-08 09:22:35,304 Updates 79250, num timesteps 396255
selfsup attention loss 0.07866

2023-04-08 09:24:13,358 Updates 79500, num timesteps 397505
selfsup attention loss 0.05834

2023-04-08 09:25:54,306 Updates 79750, num timesteps 398755
selfsup attention loss 0.05091

2023-04-08 09:27:33,280 Updates 80000, num timesteps 400005
selfsup attention loss 0.05214

2023-04-08 09:29:12,866 Updates 80250, num timesteps 401255
selfsup attention loss 0.07422

2023-04-08 09:30:53,380 Updates 80500, num timesteps 402505
selfsup attention loss 0.06139

2023-04-08 09:32:31,558 Updates 80750, num timesteps 403755
selfsup attention loss 0.05867

2023-04-08 09:34:09,643 Updates 81000, num timesteps 405005
selfsup attention loss 0.06743

2023-04-08 09:35:47,862 Updates 81250, num timesteps 406255
selfsup attention loss 0.04819

2023-04-08 09:37:26,877 Updates 81500, num timesteps 407505
selfsup attention loss 0.03057

2023-04-08 09:39:05,926 Updates 81750, num timesteps 408755
selfsup attention loss 0.04476

2023-04-08 09:40:45,132 Updates 82000, num timesteps 410005
selfsup attention loss 0.05758

2023-04-08 09:42:22,774 Updates 82250, num timesteps 411255
selfsup attention loss 0.04160

2023-04-08 09:44:00,880 Updates 82500, num timesteps 412505
selfsup attention loss 0.05677

2023-04-08 09:45:39,798 Updates 82750, num timesteps 413755
selfsup attention loss 0.09034

2023-04-08 09:47:17,720 Updates 83000, num timesteps 415005
selfsup attention loss 0.04694

2023-04-08 09:48:55,245 Updates 83250, num timesteps 416255
selfsup attention loss 0.07043

2023-04-08 09:50:32,925 Updates 83500, num timesteps 417505
selfsup attention loss 0.07122

2023-04-08 09:52:11,829 Updates 83750, num timesteps 418755
selfsup attention loss 0.04927

2023-04-08 09:53:50,904 Updates 84000, num timesteps 420005
selfsup attention loss 0.03549

2023-04-08 09:55:29,732 Updates 84250, num timesteps 421255
selfsup attention loss 0.03756

2023-04-08 09:57:07,742 Updates 84500, num timesteps 422505
selfsup attention loss 0.04057

2023-04-08 09:58:45,559 Updates 84750, num timesteps 423755
selfsup attention loss 0.03688

2023-04-08 10:00:23,610 Updates 85000, num timesteps 425005
selfsup attention loss 0.09484

2023-04-08 10:02:02,214 Updates 85250, num timesteps 426255
selfsup attention loss 0.04898

2023-04-08 10:03:40,030 Updates 85500, num timesteps 427505
selfsup attention loss 0.12301

2023-04-08 10:05:18,641 Updates 85750, num timesteps 428755
selfsup attention loss 0.04780

2023-04-08 10:06:57,401 Updates 86000, num timesteps 430005
selfsup attention loss 0.06787

2023-04-08 10:08:36,299 Updates 86250, num timesteps 431255
selfsup attention loss 0.05087

2023-04-08 10:10:14,970 Updates 86500, num timesteps 432505
selfsup attention loss 0.07500

2023-04-08 10:11:56,066 Updates 86750, num timesteps 433755
selfsup attention loss 0.05924

2023-04-08 10:13:34,998 Updates 87000, num timesteps 435005
selfsup attention loss 0.05815

2023-04-08 10:15:13,713 Updates 87250, num timesteps 436255
selfsup attention loss 0.05741

2023-04-08 10:16:52,484 Updates 87500, num timesteps 437505
selfsup attention loss 0.03119

2023-04-08 10:18:30,742 Updates 87750, num timesteps 438755
selfsup attention loss 0.06042

2023-04-08 10:20:08,927 Updates 88000, num timesteps 440005
selfsup attention loss 0.07496

2023-04-08 10:21:49,315 Updates 88250, num timesteps 441255
selfsup attention loss 0.07379

2023-04-08 10:23:27,558 Updates 88500, num timesteps 442505
selfsup attention loss 0.09207

2023-04-08 10:25:05,610 Updates 88750, num timesteps 443755
selfsup attention loss 0.03952

2023-04-08 10:26:54,301 Updates 89000, num timesteps 445005
selfsup attention loss 0.08138

2023-04-08 10:28:32,890 Updates 89250, num timesteps 446255
selfsup attention loss 0.07999

2023-04-08 10:30:11,964 Updates 89500, num timesteps 447505
selfsup attention loss 0.04619

2023-04-08 10:31:50,974 Updates 89750, num timesteps 448755
selfsup attention loss 0.06576

2023-04-08 10:33:29,880 Updates 90000, num timesteps 450005
selfsup attention loss 0.04981

2023-04-08 10:35:08,839 Updates 90250, num timesteps 451255
selfsup attention loss 0.06452

2023-04-08 10:36:46,632 Updates 90500, num timesteps 452505
selfsup attention loss 0.05255

2023-04-08 10:38:23,858 Updates 90750, num timesteps 453755
selfsup attention loss 0.02948

2023-04-08 10:40:02,196 Updates 91000, num timesteps 455005
selfsup attention loss 0.03311

2023-04-08 10:41:40,450 Updates 91250, num timesteps 456255
selfsup attention loss 0.03310

2023-04-08 10:43:19,430 Updates 91500, num timesteps 457505
selfsup attention loss 0.05228

2023-04-08 10:44:57,483 Updates 91750, num timesteps 458755
selfsup attention loss 0.04941

2023-04-08 10:46:35,564 Updates 92000, num timesteps 460005
selfsup attention loss 0.03462

2023-04-08 10:48:13,750 Updates 92250, num timesteps 461255
selfsup attention loss 0.05320

2023-04-08 10:49:51,341 Updates 92500, num timesteps 462505
selfsup attention loss 0.06686

2023-04-08 10:51:29,232 Updates 92750, num timesteps 463755
selfsup attention loss 0.05078

2023-04-08 10:53:09,133 Updates 93000, num timesteps 465005
selfsup attention loss 0.08016

2023-04-08 10:54:46,477 Updates 93250, num timesteps 466255
selfsup attention loss 0.02692

2023-04-08 10:56:24,440 Updates 93500, num timesteps 467505
selfsup attention loss 0.06673

2023-04-08 10:58:02,590 Updates 93750, num timesteps 468755
selfsup attention loss 0.06185

2023-04-08 10:59:41,145 Updates 94000, num timesteps 470005
selfsup attention loss 0.05737

2023-04-08 11:01:19,907 Updates 94250, num timesteps 471255
selfsup attention loss 0.04992

2023-04-08 11:03:01,388 Updates 94500, num timesteps 472505
selfsup attention loss 0.04517

2023-04-08 11:04:39,202 Updates 94750, num timesteps 473755
selfsup attention loss 0.05452

2023-04-08 11:06:16,667 Updates 95000, num timesteps 475005
selfsup attention loss 0.06475

2023-04-08 11:07:55,088 Updates 95250, num timesteps 476255
selfsup attention loss 0.05926

2023-04-08 11:09:34,520 Updates 95500, num timesteps 477505
selfsup attention loss 0.04290

2023-04-08 11:11:14,530 Updates 95750, num timesteps 478755
selfsup attention loss 0.05578

2023-04-08 11:12:54,829 Updates 96000, num timesteps 480005
selfsup attention loss 0.10100

2023-04-08 11:14:33,521 Updates 96250, num timesteps 481255
selfsup attention loss 0.05217

2023-04-08 11:16:24,584 Updates 96500, num timesteps 482505
selfsup attention loss 0.05953

2023-04-08 11:18:03,514 Updates 96750, num timesteps 483755
selfsup attention loss 0.05334

2023-04-08 11:19:41,505 Updates 97000, num timesteps 485005
selfsup attention loss 0.05025

2023-04-08 11:21:19,986 Updates 97250, num timesteps 486255
selfsup attention loss 0.03413

2023-04-08 11:22:59,863 Updates 97500, num timesteps 487505
selfsup attention loss 0.05923

2023-04-08 11:24:38,894 Updates 97750, num timesteps 488755
selfsup attention loss 0.05557

2023-04-08 11:26:17,593 Updates 98000, num timesteps 490005
selfsup attention loss 0.03404

2023-04-08 11:27:56,255 Updates 98250, num timesteps 491255
selfsup attention loss 0.08141

2023-04-08 11:29:35,174 Updates 98500, num timesteps 492505
selfsup attention loss 0.08041

2023-04-08 11:31:14,580 Updates 98750, num timesteps 493755
selfsup attention loss 0.06345

2023-04-08 11:32:53,044 Updates 99000, num timesteps 495005
selfsup attention loss 0.05457

2023-04-08 11:34:32,327 Updates 99250, num timesteps 496255
selfsup attention loss 0.05728

2023-04-08 11:36:11,120 Updates 99500, num timesteps 497505
selfsup attention loss 0.05534

2023-04-08 11:37:49,566 Updates 99750, num timesteps 498755
selfsup attention loss 0.03571

2023-04-08 11:39:27,896 => saving final model state to output/CarnivalNoFrameskip-v4/a2c/multi_base/seed_2/final_state.pth
