2023-04-06 20:11:29,727 Namespace(TEST_MODEL_FILE=None, cfg='experiments/atari/car_trans.yaml', eval_only=False, render=False, seed=2)
2023-04-06 20:11:29,729 {'AUTO_RESUME': False,
 'CUDNN': {'BENCHMARK': True, 'DETERMINISTIC': False, 'ENABLED': True},
 'DATASET': {'BRIGHTNESS_FACTOR': 0.0,
             'COLOR_RGB': True,
             'CONTRAST_FACTOR': 0.0,
             'DATASET': 'mpii',
             'GRAYSCALE': True,
             'HISTORY_INPUT': False,
             'HUE_FACTOR': 0.0,
             'HYBRID': False,
             'ROOT': '',
             'SAMPLE_2_FRAME': False,
             'SAMPLE_2_FRAME_OFFSET': 0,
             'SAMPLE_STEP': 1,
             'SAT_FACTOR': 0.0,
             'TEST_SET': 'valid',
             'TRAIN_SET': 'train',
             'TRANSFORM': False},
 'DATA_DIR': '',
 'DEBUG': {'DEBUG': False},
 'GPUS': '1',
 'LOG_DIR': 'log',
 'MODEL': {'HEATMAP_SIZE': [64, 64],
           'IGNORE_BACKGROUND': False,
           'IMAGE_SIZE': array([84, 84]),
           'INIT_WEIGHTS': True,
           'NAME': 'a2c',
           'PRETRAINED': '',
           'SIGMA': 1},
 'MODEL_FILE': '',
 'OUTPUT_DIR': 'output',
 'PIN_MEMORY': True,
 'PRINT_FREQ': 100,
 'RESUME': False,
 'SELFSUP_ATTENTION': {'AUTOENCODER_LOSS': True,
                       'BLOCK_IMAGE_FEAT_GRADIENT': False,
                       'DECODER_WITH_SIGMOID': True,
                       'GAUSS_STD': 0.1,
                       'HEATMAP_SPARSITY_LOSS': True,
                       'HEATMAP_SPARSITY_LOSS_WEIGHT': 0.001,
                       'KEYPOINTER_CLS_AGNOSTIC': True,
                       'NUM_KEYPOINTS': 7,
                       'RECONSTRUCT_LOSS_THRESHOLD': 0.01,
                       'SHARE_PARAMETERS': False,
                       'USE_INSTANCE_NORM': False,
                       'USE_LAYER_NORM': False},
 'TEST': {'BATCH_SIZE_PER_GPU': 32, 'MODEL_FILE': ''},
 'TRAIN': {'BATCH_SIZE_PER_GPU': 32,
           'BEGIN_EPOCH': 0,
           'CHECKPOINT': '',
           'END_EPOCH': 140,
           'GAMMA1': 0.99,
           'GAMMA2': 0.0,
           'LR': 0.001,
           'LR_FACTOR': 0.1,
           'LR_STEP': [90, 110],
           'MOMENTUM': 0.9,
           'NESTEROV': False,
           'OPTIMIZER': 'adam',
           'RESUME': False,
           'SHUFFLE': True,
           'WD': 0.0001},
 'WORKERS': 4,
 'algo': 'a2c',
 'alpha': 0.99,
 'block_selfsup_attention_grad': False,
 'bottom_up_downsample_mask': False,
 'bottom_up_downsample_mask_stride1': False,
 'bottom_up_form_num_of_objects': 10,
 'bottom_up_form_objects': False,
 'cuda': True,
 'cuda_deterministic': False,
 'entropy_coef': 0.01,
 'env_name': 'CarnivalNoFrameskip-v4',
 'env_num': 3,
 'eps': 1e-05,
 'eval_interval': 1250,
 'feat_add_selfsup_attention': True,
 'feat_from_selfsup_attention': False,
 'feat_mul_selfsup_attention_mask': True,
 'feat_mul_selfsup_attention_mask_residual': False,
 'feat_pool_with_selfsup_attention': False,
 'fix_feature': False,
 'gae_lambda': 0.95,
 'gail': False,
 'gail_batch_size': 128,
 'gail_epoch': 5,
 'gail_experts_dir': './gail_experts',
 'gamma': 0.99,
 'gaussian_std': 0.1,
 'hidden_size': 512,
 'log_interval': 250,
 'lr': 0.0007,
 'mask_threshold': -1.0,
 'max_grad_norm': 0.5,
 'no_cuda': False,
 'num_env_steps': 10000000,
 'num_processes': 16,
 'num_steps': 5,
 'ppo_epoch': 4,
 'recurrent_policy': False,
 'resized_size': 84,
 'save_dir': './trained_models/',
 'save_interval': 1250,
 'seed': 2,
 'selfsup_attention_feat_load_pretrained': True,
 'selfsup_attention_feat_masked': True,
 'selfsup_attention_feat_masked_residual': False,
 'selfsup_attention_fix': True,
 'selfsup_attention_fix_keypointer': True,
 'selfsup_attention_image_feat_only': False,
 'selfsup_attention_keyp_maps_pool': True,
 'selfsup_attention_multiframe': False,
 'selfsup_attention_pretrain': '/media/disk2/yangsy/final/DM-homework/output/MsPacmanNoFrameskip-v4/a2c/aug34256/seed_2/model_best.pth.tar',
 'sep_bg_fg_feat': False,
 'temperature': 0.07,
 'train_selfsup_attention': False,
 'train_selfsup_attention_batch_size': 256,
 'train_selfsup_attention_buffer_size': 10000,
 'use_gae': False,
 'use_layer_norm': False,
 'use_linear_lr_decay': False,
 'use_proper_time_limits': False,
 'value_loss_coef': 0.5,
 'weight_decay': 0.0}
2023-04-06 20:11:38,649 => loading pretrained model /media/disk2/yangsy/final/DM-homework/output/MsPacmanNoFrameskip-v4/a2c/aug34256/seed_2/model_best.pth.tar
2023-04-06 20:11:54,196 Updates 250, num timesteps 20080, FPS 1298 
Last 10 training episodes: mean/median reward 926.0/960.0 min/max reward 580.0/1280.0 dist entropy 1.7, value loss 0.2, action loss -0.2

2023-04-06 20:12:09,952 Updates 500, num timesteps 40080, FPS 1283 
Last 10 training episodes: mean/median reward 954.0/920.0 min/max reward 600.0/1420.0 dist entropy 1.7, value loss 0.0, action loss -0.1

2023-04-06 20:12:27,167 Updates 750, num timesteps 60080, FPS 1240 
Last 10 training episodes: mean/median reward 870.0/870.0 min/max reward 580.0/1180.0 dist entropy 1.8, value loss 0.1, action loss 0.1

2023-04-06 20:12:45,530 Updates 1000, num timesteps 80080, FPS 1198 
Last 10 training episodes: mean/median reward 642.0/670.0 min/max reward 140.0/1140.0 dist entropy 1.6, value loss 0.1, action loss 0.1

2023-04-06 20:13:03,662 Updates 1250, num timesteps 100080, FPS 1178 
Last 10 training episodes: mean/median reward 774.0/790.0 min/max reward 460.0/1220.0 dist entropy 1.7, value loss 0.1, action loss -0.1

2023-04-06 20:14:18,711 TEST: 100080, 9.6, 20.0, ['20.0', '20.0', '20.0', '20.0', '20.0', '20.0', '20.0', '20.0', '0.0', '0.0', '0.0', '0.0', '0.0', '0.0', '0.0', '0.0', '20.0', '20.0', '20.0', '20.0', '20.0', '20.0', '20.0', '20.0', '0.0', '0.0', '20.0', '20.0', '0.0', '0.0', '0.0', '0.0', '20.0', '0.0', '20.0', '0.0', '20.0', '20.0', '0.0', '0.0', '0.0', '20.0', '0.0', '20.0', '0.0', '0.0', '0.0', '0.0', '20.0', '0.0', '20.0', '20.0', '20.0', '20.0', '0.0', '0.0', '20.0', '20.0', '20.0', '0.0', '0.0', '0.0', '20.0', '0.0', '20.0', '0.0', '20.0', '20.0', '20.0', '20.0', '20.0', '0.0', '0.0', '0.0', '0.0', '0.0', '20.0', '20.0', '0.0', '0.0', '0.0', '0.0', '20.0', '0.0', '0.0', '0.0', '20.0', '0.0', '20.0', '0.0', '0.0', '20.0', '0.0', '20.0', '0.0', '0.0', '20.0', '20.0', '0.0', '0.0']

2023-04-06 20:14:18,717 => saving checkpoint to output/CarnivalNoFrameskip-v4/a2c/car_trans/seed_2
2023-04-06 20:14:37,125 Updates 1500, num timesteps 120080, FPS 673 
Last 10 training episodes: mean/median reward 714.0/700.0 min/max reward 120.0/1100.0 dist entropy 1.8, value loss 0.2, action loss 0.1

2023-04-06 20:14:55,302 Updates 1750, num timesteps 140080, FPS 712 
Last 10 training episodes: mean/median reward 464.0/440.0 min/max reward 380.0/640.0 dist entropy 1.8, value loss 0.1, action loss 0.1

2023-04-06 20:15:13,706 Updates 2000, num timesteps 160080, FPS 744 
Last 10 training episodes: mean/median reward 810.0/670.0 min/max reward 480.0/1540.0 dist entropy 1.8, value loss 0.1, action loss 0.2

2023-04-06 20:15:32,126 Updates 2250, num timesteps 180080, FPS 771 
Last 10 training episodes: mean/median reward 826.0/800.0 min/max reward 480.0/1100.0 dist entropy 1.7, value loss 0.1, action loss 0.0

2023-04-06 20:15:50,475 Updates 2500, num timesteps 200080, FPS 794 
Last 10 training episodes: mean/median reward 822.0/830.0 min/max reward 660.0/1160.0 dist entropy 1.8, value loss 0.1, action loss -0.1

2023-04-06 20:17:12,447 TEST: 200080, 9.6, 20.0, ['20.0', '20.0', '20.0', '20.0', '20.0', '20.0', '20.0', '20.0', '0.0', '0.0', '0.0', '0.0', '0.0', '0.0', '0.0', '0.0', '20.0', '20.0', '20.0', '20.0', '20.0', '20.0', '20.0', '20.0', '0.0', '0.0', '20.0', '20.0', '0.0', '0.0', '0.0', '0.0', '20.0', '0.0', '20.0', '0.0', '20.0', '20.0', '0.0', '0.0', '0.0', '20.0', '0.0', '20.0', '0.0', '0.0', '0.0', '0.0', '20.0', '0.0', '20.0', '20.0', '20.0', '20.0', '0.0', '0.0', '20.0', '20.0', '20.0', '0.0', '0.0', '0.0', '20.0', '0.0', '20.0', '0.0', '20.0', '20.0', '20.0', '20.0', '20.0', '0.0', '0.0', '0.0', '0.0', '0.0', '20.0', '20.0', '0.0', '0.0', '0.0', '0.0', '20.0', '0.0', '0.0', '0.0', '20.0', '0.0', '20.0', '0.0', '0.0', '20.0', '0.0', '20.0', '0.0', '0.0', '20.0', '20.0', '0.0', '0.0']

2023-04-06 20:17:12,449 => saving checkpoint to output/CarnivalNoFrameskip-v4/a2c/car_trans/seed_2
2023-04-06 20:17:31,005 Updates 2750, num timesteps 220080, FPS 624 
Last 10 training episodes: mean/median reward 880.0/810.0 min/max reward 140.0/1580.0 dist entropy 1.8, value loss 0.1, action loss -0.1

2023-04-06 20:17:49,236 Updates 3000, num timesteps 240080, FPS 647 
Last 10 training episodes: mean/median reward 992.0/880.0 min/max reward 380.0/1720.0 dist entropy 1.8, value loss 0.2, action loss 0.1

2023-04-06 20:18:07,225 Updates 3250, num timesteps 260080, FPS 669 
Last 10 training episodes: mean/median reward 908.0/940.0 min/max reward 440.0/1440.0 dist entropy 1.8, value loss 0.1, action loss 0.2

2023-04-06 20:18:25,367 Updates 3500, num timesteps 280080, FPS 688 
Last 10 training episodes: mean/median reward 594.0/580.0 min/max reward 420.0/900.0 dist entropy 1.8, value loss 0.1, action loss 0.1

2023-04-06 20:18:43,232 Updates 3750, num timesteps 300080, FPS 706 
Last 10 training episodes: mean/median reward 842.0/570.0 min/max reward 480.0/2280.0 dist entropy 1.8, value loss 0.1, action loss 0.1

2023-04-06 20:20:00,429 TEST: 300080, 9.6, 20.0, ['20.0', '20.0', '20.0', '20.0', '20.0', '20.0', '20.0', '20.0', '0.0', '0.0', '0.0', '0.0', '0.0', '0.0', '0.0', '0.0', '20.0', '20.0', '20.0', '20.0', '20.0', '20.0', '20.0', '20.0', '0.0', '0.0', '20.0', '20.0', '0.0', '0.0', '0.0', '0.0', '20.0', '0.0', '20.0', '0.0', '20.0', '20.0', '0.0', '0.0', '0.0', '20.0', '0.0', '20.0', '0.0', '0.0', '0.0', '0.0', '20.0', '0.0', '20.0', '20.0', '20.0', '20.0', '0.0', '0.0', '20.0', '20.0', '20.0', '0.0', '0.0', '0.0', '20.0', '0.0', '20.0', '0.0', '20.0', '20.0', '20.0', '20.0', '20.0', '0.0', '0.0', '0.0', '0.0', '0.0', '20.0', '20.0', '0.0', '0.0', '0.0', '0.0', '20.0', '0.0', '0.0', '0.0', '20.0', '0.0', '20.0', '0.0', '0.0', '20.0', '0.0', '20.0', '0.0', '0.0', '20.0', '20.0', '0.0', '0.0']

2023-04-06 20:20:00,431 => saving checkpoint to output/CarnivalNoFrameskip-v4/a2c/car_trans/seed_2
2023-04-06 20:20:18,592 Updates 4000, num timesteps 320080, FPS 615 
Last 10 training episodes: mean/median reward 540.0/530.0 min/max reward 380.0/740.0 dist entropy 1.8, value loss 0.1, action loss 0.0

2023-04-06 20:20:36,690 Updates 4250, num timesteps 340080, FPS 632 
Last 10 training episodes: mean/median reward 580.0/520.0 min/max reward 340.0/1040.0 dist entropy 1.8, value loss 0.1, action loss 0.1

2023-04-06 20:20:54,484 Updates 4500, num timesteps 360080, FPS 647 
Last 10 training episodes: mean/median reward 552.0/500.0 min/max reward 400.0/820.0 dist entropy 1.7, value loss 0.1, action loss -0.1

2023-04-06 20:21:12,488 Updates 4750, num timesteps 380080, FPS 662 
Last 10 training episodes: mean/median reward 460.0/460.0 min/max reward 360.0/540.0 dist entropy 1.7, value loss 0.1, action loss 0.2

2023-04-06 20:21:30,953 Updates 5000, num timesteps 400080, FPS 675 
Last 10 training episodes: mean/median reward 490.0/490.0 min/max reward 280.0/720.0 dist entropy 1.8, value loss 0.0, action loss -0.1

