2023-04-06 09:14:14,652 Namespace(TEST_MODEL_FILE=None, cfg='experiments/atari/fre_top_down.yaml', eval_only=False, render=False, seed=2)
2023-04-06 09:14:14,653 {'AUTO_RESUME': False,
 'CUDNN': {'BENCHMARK': True, 'DETERMINISTIC': False, 'ENABLED': True},
 'DATASET': {'BRIGHTNESS_FACTOR': 0.0,
             'COLOR_RGB': True,
             'CONTRAST_FACTOR': 0.0,
             'DATASET': 'mpii',
             'GRAYSCALE': True,
             'HISTORY_INPUT': False,
             'HUE_FACTOR': 0.0,
             'HYBRID': False,
             'ROOT': '',
             'SAMPLE_2_FRAME': False,
             'SAMPLE_2_FRAME_OFFSET': 0,
             'SAMPLE_STEP': 1,
             'SAT_FACTOR': 0.0,
             'TEST_SET': 'valid',
             'TRAIN_SET': 'train',
             'TRANSFORM': False},
 'DATA_DIR': '',
 'DEBUG': {'DEBUG': False},
 'GPUS': '1',
 'LOG_DIR': 'log',
 'MODEL': {'HEATMAP_SIZE': [64, 64],
           'IGNORE_BACKGROUND': False,
           'IMAGE_SIZE': array([84, 84]),
           'INIT_WEIGHTS': True,
           'NAME': 'a2c',
           'PRETRAINED': '',
           'SIGMA': 1},
 'MODEL_FILE': '',
 'OUTPUT_DIR': 'output',
 'PIN_MEMORY': True,
 'PRINT_FREQ': 100,
 'RESUME': False,
 'SELFSUP_ATTENTION': {'AUTOENCODER_LOSS': True,
                       'BLOCK_IMAGE_FEAT_GRADIENT': False,
                       'DECODER_WITH_SIGMOID': True,
                       'GAUSS_STD': 0.1,
                       'HEATMAP_SPARSITY_LOSS': True,
                       'HEATMAP_SPARSITY_LOSS_WEIGHT': 0.001,
                       'KEYPOINTER_CLS_AGNOSTIC': True,
                       'NUM_KEYPOINTS': 7,
                       'RECONSTRUCT_LOSS_THRESHOLD': 0.01,
                       'SHARE_PARAMETERS': False,
                       'USE_INSTANCE_NORM': False,
                       'USE_LAYER_NORM': False},
 'TEST': {'BATCH_SIZE_PER_GPU': 32, 'MODEL_FILE': ''},
 'TRAIN': {'BATCH_SIZE_PER_GPU': 32,
           'BEGIN_EPOCH': 0,
           'CHECKPOINT': '',
           'END_EPOCH': 140,
           'GAMMA1': 0.99,
           'GAMMA2': 0.0,
           'LR': 0.001,
           'LR_FACTOR': 0.1,
           'LR_STEP': [90, 110],
           'MOMENTUM': 0.9,
           'NESTEROV': False,
           'OPTIMIZER': 'adam',
           'RESUME': False,
           'SHUFFLE': True,
           'WD': 0.0001},
 'WORKERS': 4,
 'algo': 'a2c',
 'alpha': 0.99,
 'block_selfsup_attention_grad': False,
 'bottom_up_downsample_mask': False,
 'bottom_up_downsample_mask_stride1': False,
 'bottom_up_form_num_of_objects': 10,
 'bottom_up_form_objects': False,
 'cuda': True,
 'cuda_deterministic': False,
 'entropy_coef': 0.01,
 'env_name': 'FreewayNoFrameskip-v4',
 'env_num': 3,
 'eps': 1e-05,
 'eval_interval': 1250,
 'feat_add_selfsup_attention': True,
 'feat_from_selfsup_attention': False,
 'feat_mul_selfsup_attention_mask': True,
 'feat_mul_selfsup_attention_mask_residual': False,
 'feat_pool_with_selfsup_attention': False,
 'fix_feature': False,
 'gae_lambda': 0.95,
 'gail': False,
 'gail_batch_size': 128,
 'gail_epoch': 5,
 'gail_experts_dir': './gail_experts',
 'gamma': 0.99,
 'gaussian_std': 0.1,
 'hidden_size': 512,
 'log_interval': 250,
 'lr': 0.0007,
 'mask_threshold': -1.0,
 'max_grad_norm': 0.5,
 'no_cuda': False,
 'num_env_steps': 10000000,
 'num_processes': 16,
 'num_steps': 5,
 'ppo_epoch': 4,
 'recurrent_policy': False,
 'resized_size': 84,
 'save_dir': './trained_models/',
 'save_interval': 1250,
 'seed': 2,
 'selfsup_attention_feat_load_pretrained': True,
 'selfsup_attention_feat_masked': True,
 'selfsup_attention_feat_masked_residual': False,
 'selfsup_attention_fix': False,
 'selfsup_attention_fix_keypointer': False,
 'selfsup_attention_image_feat_only': False,
 'selfsup_attention_keyp_maps_pool': True,
 'selfsup_attention_multiframe': False,
 'selfsup_attention_pretrain': '',
 'sep_bg_fg_feat': False,
 'temperature': 0.07,
 'train_selfsup_attention': False,
 'train_selfsup_attention_batch_size': 256,
 'train_selfsup_attention_buffer_size': 10000,
 'use_gae': False,
 'use_layer_norm': False,
 'use_linear_lr_decay': False,
 'use_proper_time_limits': False,
 'value_loss_coef': 0.5,
 'weight_decay': 0.0}
2023-04-06 09:14:54,675 Updates 500, num timesteps 40080, FPS 1128 
Last 10 training episodes: mean/median reward 0.0/0.0 min/max reward 0.0/0.0 dist entropy 1.1, value loss 0.0, action loss 0.0

2023-04-06 09:15:13,508 Updates 750, num timesteps 60080, FPS 1105 
Last 10 training episodes: mean/median reward 0.0/0.0 min/max reward 0.0/0.0 dist entropy 1.1, value loss 0.0, action loss -0.0

2023-04-06 09:15:31,634 Updates 1000, num timesteps 80080, FPS 1104 
Last 10 training episodes: mean/median reward 0.0/0.0 min/max reward 0.0/0.0 dist entropy 1.1, value loss 0.0, action loss -0.0

2023-04-06 09:15:49,741 Updates 1250, num timesteps 100080, FPS 1104 
Last 10 training episodes: mean/median reward 0.0/0.0 min/max reward 0.0/0.0 dist entropy 1.1, value loss 0.0, action loss -0.0

2023-04-06 09:18:22,400 TEST: 100080, 22.67, 26.0, ['20.0', '20.0', '21.0', '21.0', '21.0', '21.0', '21.0', '23.0', '20.0', '24.0', '22.0', '25.0', '21.0', '23.0', '26.0', '26.0', '21.0', '21.0', '21.0', '22.0', '24.0', '25.0', '23.0', '22.0', '21.0', '19.0', '20.0', '24.0', '25.0', '25.0', '24.0', '26.0', '21.0', '25.0', '21.0', '25.0', '20.0', '21.0', '25.0', '22.0', '23.0', '20.0', '24.0', '22.0', '25.0', '26.0', '22.0', '25.0', '25.0', '22.0', '23.0', '20.0', '21.0', '22.0', '22.0', '21.0', '22.0', '24.0', '24.0', '23.0', '26.0', '18.0', '21.0', '25.0', '24.0', '25.0', '19.0', '21.0', '21.0', '24.0', '24.0', '23.0', '20.0', '26.0', '21.0', '24.0', '21.0', '24.0', '22.0', '24.0', '23.0', '20.0', '22.0', '22.0', '25.0', '21.0', '21.0', '24.0', '25.0', '23.0', '24.0', '24.0', '21.0', '24.0', '24.0', '22.0', '23.0', '21.0', '25.0', '26.0']

2023-04-06 09:18:22,405 => saving checkpoint to output/FreewayNoFrameskip-v4/a2c/fre_top_down/seed_2
2023-04-06 09:18:40,019 Updates 1500, num timesteps 120080, FPS 460 
Last 10 training episodes: mean/median reward 0.0/0.0 min/max reward 0.0/0.0 dist entropy 1.1, value loss 0.0, action loss 0.0

2023-04-06 09:18:57,274 Updates 1750, num timesteps 140080, FPS 503 
Last 10 training episodes: mean/median reward 0.0/0.0 min/max reward 0.0/0.0 dist entropy 1.1, value loss 0.0, action loss -0.0

2023-04-06 09:19:13,923 Updates 2000, num timesteps 160080, FPS 543 
Last 10 training episodes: mean/median reward 0.0/0.0 min/max reward 0.0/0.0 dist entropy 1.1, value loss 0.0, action loss 0.0

2023-04-06 09:19:31,800 Updates 2250, num timesteps 180080, FPS 575 
Last 10 training episodes: mean/median reward 0.0/0.0 min/max reward 0.0/0.0 dist entropy 1.1, value loss 0.0, action loss -0.0

2023-04-06 09:19:50,301 Updates 2500, num timesteps 200080, FPS 604 
Last 10 training episodes: mean/median reward 0.0/0.0 min/max reward 0.0/0.0 dist entropy 1.1, value loss 0.0, action loss -0.0

2023-04-06 09:22:34,549 TEST: 200080, 21.44, 26.0, ['23.0', '23.0', '23.0', '22.0', '22.0', '22.0', '20.0', '20.0', '20.0', '21.0', '21.0', '20.0', '24.0', '24.0', '24.0', '21.0', '23.0', '23.0', '23.0', '22.0', '22.0', '20.0', '23.0', '21.0', '22.0', '21.0', '26.0', '22.0', '20.0', '20.0', '21.0', '24.0', '21.0', '20.0', '22.0', '20.0', '26.0', '23.0', '20.0', '21.0', '21.0', '19.0', '22.0', '21.0', '20.0', '21.0', '21.0', '20.0', '20.0', '21.0', '23.0', '23.0', '22.0', '21.0', '21.0', '22.0', '19.0', '22.0', '21.0', '20.0', '24.0', '21.0', '20.0', '20.0', '20.0', '20.0', '21.0', '22.0', '23.0', '21.0', '21.0', '23.0', '26.0', '21.0', '20.0', '21.0', '23.0', '20.0', '21.0', '21.0', '20.0', '26.0', '19.0', '21.0', '20.0', '21.0', '23.0', '21.0', '20.0', '20.0', '21.0', '21.0', '20.0', '21.0', '21.0', '20.0', '20.0', '20.0', '23.0', '21.0']

2023-04-06 09:22:34,550 => saving checkpoint to output/FreewayNoFrameskip-v4/a2c/fre_top_down/seed_2
2023-04-06 09:22:51,419 Updates 2750, num timesteps 220080, FPS 429 
Last 10 training episodes: mean/median reward 0.0/0.0 min/max reward 0.0/0.0 dist entropy 1.1, value loss 0.0, action loss 0.0

2023-04-06 09:23:06,978 Updates 3000, num timesteps 240080, FPS 454 
Last 10 training episodes: mean/median reward 0.0/0.0 min/max reward 0.0/0.0 dist entropy 1.1, value loss 0.0, action loss 0.0

2023-04-06 09:23:23,512 Updates 3250, num timesteps 260080, FPS 477 
Last 10 training episodes: mean/median reward 0.0/0.0 min/max reward 0.0/0.0 dist entropy 1.1, value loss 0.0, action loss -0.0

2023-04-06 09:23:41,067 Updates 3500, num timesteps 280080, FPS 498 
Last 10 training episodes: mean/median reward 0.0/0.0 min/max reward 0.0/0.0 dist entropy 1.1, value loss 0.0, action loss -0.0

2023-04-06 09:23:58,838 Updates 3750, num timesteps 300080, FPS 517 
Last 10 training episodes: mean/median reward 0.1/0.0 min/max reward 0.0/1.0 dist entropy 1.1, value loss 0.0, action loss -0.0

2023-04-06 09:26:23,884 TEST: 300080, 21.51, 26.0, ['23.0', '23.0', '23.0', '22.0', '22.0', '22.0', '20.0', '20.0', '20.0', '21.0', '21.0', '20.0', '24.0', '24.0', '24.0', '21.0', '23.0', '23.0', '23.0', '21.0', '22.0', '20.0', '23.0', '21.0', '22.0', '21.0', '26.0', '22.0', '20.0', '20.0', '21.0', '24.0', '21.0', '20.0', '22.0', '20.0', '26.0', '23.0', '20.0', '21.0', '21.0', '19.0', '22.0', '21.0', '20.0', '21.0', '21.0', '20.0', '20.0', '21.0', '23.0', '23.0', '22.0', '21.0', '21.0', '22.0', '23.0', '22.0', '21.0', '20.0', '24.0', '21.0', '20.0', '20.0', '20.0', '20.0', '21.0', '22.0', '23.0', '21.0', '21.0', '23.0', '26.0', '21.0', '20.0', '21.0', '23.0', '20.0', '21.0', '21.0', '20.0', '26.0', '23.0', '21.0', '20.0', '21.0', '23.0', '21.0', '20.0', '20.0', '21.0', '21.0', '20.0', '21.0', '21.0', '20.0', '20.0', '20.0', '23.0', '21.0']

2023-04-06 09:26:23,886 => saving checkpoint to output/FreewayNoFrameskip-v4/a2c/fre_top_down/seed_2
2023-04-06 09:26:41,776 Updates 4000, num timesteps 320080, FPS 431 
Last 10 training episodes: mean/median reward 0.1/0.0 min/max reward 0.0/1.0 dist entropy 1.1, value loss 0.0, action loss -0.0

2023-04-06 09:27:00,021 Updates 4250, num timesteps 340080, FPS 446 
Last 10 training episodes: mean/median reward 0.0/0.0 min/max reward 0.0/0.0 dist entropy 1.1, value loss 0.0, action loss -0.0

2023-04-06 09:27:17,796 Updates 4500, num timesteps 360080, FPS 462 
Last 10 training episodes: mean/median reward 0.0/0.0 min/max reward 0.0/0.0 dist entropy 1.1, value loss 0.0, action loss 0.0

2023-04-06 09:27:35,340 Updates 4750, num timesteps 380080, FPS 477 
Last 10 training episodes: mean/median reward 0.0/0.0 min/max reward 0.0/0.0 dist entropy 1.1, value loss 0.0, action loss 0.0

2023-04-06 09:27:53,792 Updates 5000, num timesteps 400080, FPS 491 
Last 10 training episodes: mean/median reward 0.0/0.0 min/max reward 0.0/0.0 dist entropy 1.1, value loss 0.0, action loss 0.0

2023-04-06 09:30:34,274 TEST: 400080, 20.24, 23.0, ['18.0', '18.0', '20.0', '21.0', '20.0', '20.0', '21.0', '16.0', '21.0', '21.0', '21.0', '19.0', '20.0', '21.0', '22.0', '21.0', '20.0', '20.0', '20.0', '21.0', '21.0', '19.0', '18.0', '20.0', '21.0', '20.0', '20.0', '21.0', '19.0', '19.0', '21.0', '22.0', '19.0', '19.0', '20.0', '19.0', '20.0', '20.0', '19.0', '20.0', '21.0', '21.0', '21.0', '20.0', '19.0', '21.0', '20.0', '19.0', '19.0', '21.0', '18.0', '18.0', '21.0', '21.0', '21.0', '21.0', '21.0', '21.0', '21.0', '21.0', '22.0', '21.0', '21.0', '19.0', '23.0', '19.0', '20.0', '21.0', '20.0', '21.0', '21.0', '18.0', '20.0', '21.0', '21.0', '21.0', '20.0', '23.0', '20.0', '21.0', '21.0', '20.0', '21.0', '21.0', '19.0', '21.0', '20.0', '21.0', '19.0', '16.0', '21.0', '21.0', '21.0', '21.0', '21.0', '21.0', '21.0', '21.0', '19.0', '21.0']

2023-04-06 09:30:34,275 => saving checkpoint to output/FreewayNoFrameskip-v4/a2c/fre_top_down/seed_2
2023-04-06 09:30:52,373 Updates 5250, num timesteps 420080, FPS 422 
Last 10 training episodes: mean/median reward 0.0/0.0 min/max reward 0.0/0.0 dist entropy 1.1, value loss 0.0, action loss -0.0

2023-04-06 09:31:09,796 Updates 5500, num timesteps 440080, FPS 435 
Last 10 training episodes: mean/median reward 0.0/0.0 min/max reward 0.0/0.0 dist entropy 1.1, value loss 0.0, action loss 0.0

2023-04-06 09:31:28,724 Updates 5750, num timesteps 460080, FPS 446 
Last 10 training episodes: mean/median reward 0.0/0.0 min/max reward 0.0/0.0 dist entropy 1.1, value loss 0.0, action loss 0.0

2023-04-06 09:31:46,123 Updates 6000, num timesteps 480080, FPS 458 
Last 10 training episodes: mean/median reward 0.0/0.0 min/max reward 0.0/0.0 dist entropy 1.1, value loss 0.0, action loss -0.0

2023-04-06 09:32:04,760 Updates 6250, num timesteps 500080, FPS 469 
Last 10 training episodes: mean/median reward 0.0/0.0 min/max reward 0.0/0.0 dist entropy 1.1, value loss 0.0, action loss -0.0

2023-04-06 09:34:48,184 TEST: 500080, 0.0, 0.0, ['0.0', '0.0', '0.0', '0.0', '0.0', '0.0', '0.0', '0.0', '0.0', '0.0', '0.0', '0.0', '0.0', '0.0', '0.0', '0.0', '0.0', '0.0', '0.0', '0.0', '0.0', '0.0', '0.0', '0.0', '0.0', '0.0', '0.0', '0.0', '0.0', '0.0', '0.0', '0.0', '0.0', '0.0', '0.0', '0.0', '0.0', '0.0', '0.0', '0.0', '0.0', '0.0', '0.0', '0.0', '0.0', '0.0', '0.0', '0.0', '0.0', '0.0', '0.0', '0.0', '0.0', '0.0', '0.0', '0.0', '0.0', '0.0', '0.0', '0.0', '0.0', '0.0', '0.0', '0.0', '0.0', '0.0', '0.0', '0.0', '0.0', '0.0', '0.0', '0.0', '0.0', '0.0', '0.0', '0.0', '0.0', '0.0', '0.0', '0.0', '0.0', '0.0', '0.0', '0.0', '0.0', '0.0', '0.0', '0.0', '0.0', '0.0', '0.0', '0.0', '0.0', '0.0', '0.0', '0.0', '0.0', '0.0', '0.0', '0.0']

2023-04-06 09:34:48,186 => saving checkpoint to output/FreewayNoFrameskip-v4/a2c/fre_top_down/seed_2
2023-04-06 09:35:05,756 Updates 6500, num timesteps 520080, FPS 417 
Last 10 training episodes: mean/median reward 0.0/0.0 min/max reward 0.0/0.0 dist entropy 1.1, value loss 0.0, action loss -0.0

2023-04-06 09:35:22,479 Updates 6750, num timesteps 540080, FPS 427 
Last 10 training episodes: mean/median reward 0.0/0.0 min/max reward 0.0/0.0 dist entropy 1.1, value loss 0.0, action loss 0.0

2023-04-06 09:35:40,203 Updates 7000, num timesteps 560080, FPS 437 
Last 10 training episodes: mean/median reward 0.0/0.0 min/max reward 0.0/0.0 dist entropy 1.1, value loss 0.0, action loss 0.0

2023-04-06 09:35:57,761 Updates 7250, num timesteps 580080, FPS 446 
Last 10 training episodes: mean/median reward 0.0/0.0 min/max reward 0.0/0.0 dist entropy 1.1, value loss 0.0, action loss -0.0

2023-04-06 09:36:16,768 Updates 7500, num timesteps 600080, FPS 455 
Last 10 training episodes: mean/median reward 0.0/0.0 min/max reward 0.0/0.0 dist entropy 1.1, value loss 0.0, action loss 0.0

2023-04-06 09:38:51,632 TEST: 600080, 21.51, 26.0, ['23.0', '23.0', '23.0', '22.0', '22.0', '22.0', '20.0', '20.0', '20.0', '21.0', '21.0', '20.0', '24.0', '24.0', '24.0', '21.0', '23.0', '23.0', '23.0', '21.0', '22.0', '20.0', '23.0', '21.0', '22.0', '21.0', '26.0', '22.0', '20.0', '20.0', '21.0', '24.0', '21.0', '20.0', '22.0', '20.0', '26.0', '23.0', '20.0', '21.0', '21.0', '19.0', '22.0', '21.0', '20.0', '21.0', '21.0', '20.0', '20.0', '21.0', '23.0', '23.0', '22.0', '21.0', '21.0', '22.0', '23.0', '22.0', '21.0', '20.0', '24.0', '21.0', '20.0', '20.0', '20.0', '20.0', '21.0', '22.0', '23.0', '21.0', '21.0', '23.0', '26.0', '21.0', '20.0', '21.0', '23.0', '20.0', '21.0', '21.0', '20.0', '26.0', '23.0', '21.0', '20.0', '21.0', '23.0', '21.0', '20.0', '20.0', '21.0', '21.0', '20.0', '21.0', '21.0', '20.0', '20.0', '20.0', '23.0', '21.0']

2023-04-06 09:38:51,634 => saving checkpoint to output/FreewayNoFrameskip-v4/a2c/fre_top_down/seed_2
2023-04-06 09:39:09,341 Updates 7750, num timesteps 620080, FPS 416 
Last 10 training episodes: mean/median reward 0.0/0.0 min/max reward 0.0/0.0 dist entropy 1.1, value loss 0.0, action loss 0.0

2023-04-06 09:39:27,198 Updates 8000, num timesteps 640080, FPS 424 
Last 10 training episodes: mean/median reward 0.0/0.0 min/max reward 0.0/0.0 dist entropy 1.1, value loss 0.0, action loss 0.0

2023-04-06 09:39:44,192 Updates 8250, num timesteps 660080, FPS 432 
Last 10 training episodes: mean/median reward 0.0/0.0 min/max reward 0.0/0.0 dist entropy 1.1, value loss 0.0, action loss 0.0

2023-04-06 09:40:02,541 Updates 8500, num timesteps 680080, FPS 440 
Last 10 training episodes: mean/median reward 0.0/0.0 min/max reward 0.0/0.0 dist entropy 1.1, value loss 0.0, action loss 0.0

2023-04-06 09:40:20,923 Updates 8750, num timesteps 700080, FPS 448 
Last 10 training episodes: mean/median reward 0.0/0.0 min/max reward 0.0/0.0 dist entropy 1.1, value loss 0.0, action loss -0.0

2023-04-06 09:42:57,329 TEST: 700080, 21.51, 26.0, ['23.0', '23.0', '23.0', '22.0', '22.0', '22.0', '20.0', '20.0', '20.0', '21.0', '21.0', '20.0', '24.0', '24.0', '24.0', '21.0', '23.0', '23.0', '23.0', '21.0', '22.0', '20.0', '23.0', '21.0', '22.0', '21.0', '26.0', '22.0', '20.0', '20.0', '21.0', '24.0', '21.0', '20.0', '22.0', '20.0', '26.0', '23.0', '20.0', '21.0', '21.0', '19.0', '22.0', '21.0', '20.0', '21.0', '21.0', '20.0', '20.0', '21.0', '23.0', '23.0', '22.0', '21.0', '21.0', '22.0', '23.0', '22.0', '21.0', '20.0', '24.0', '21.0', '20.0', '20.0', '20.0', '20.0', '21.0', '22.0', '23.0', '21.0', '21.0', '23.0', '26.0', '21.0', '20.0', '21.0', '23.0', '20.0', '21.0', '21.0', '20.0', '26.0', '23.0', '21.0', '20.0', '21.0', '23.0', '21.0', '20.0', '20.0', '21.0', '21.0', '20.0', '21.0', '21.0', '20.0', '20.0', '20.0', '23.0', '21.0']

2023-04-06 09:42:57,331 => saving checkpoint to output/FreewayNoFrameskip-v4/a2c/fre_top_down/seed_2
2023-04-06 09:43:15,946 Updates 9000, num timesteps 720080, FPS 414 
Last 10 training episodes: mean/median reward 0.0/0.0 min/max reward 0.0/0.0 dist entropy 1.1, value loss 0.0, action loss -0.0

2023-04-06 09:43:35,035 Updates 9250, num timesteps 740080, FPS 421 
Last 10 training episodes: mean/median reward 0.0/0.0 min/max reward 0.0/0.0 dist entropy 1.1, value loss 0.0, action loss 0.0

2023-04-06 09:43:52,716 Updates 9500, num timesteps 760080, FPS 428 
Last 10 training episodes: mean/median reward 0.0/0.0 min/max reward 0.0/0.0 dist entropy 1.1, value loss 0.0, action loss 0.0

2023-04-06 09:44:10,591 Updates 9750, num timesteps 780080, FPS 435 
Last 10 training episodes: mean/median reward 0.0/0.0 min/max reward 0.0/0.0 dist entropy 1.1, value loss 0.0, action loss -0.0

2023-04-06 09:44:29,180 Updates 10000, num timesteps 800080, FPS 442 
Last 10 training episodes: mean/median reward 0.0/0.0 min/max reward 0.0/0.0 dist entropy 1.1, value loss 0.0, action loss -0.0

2023-04-06 09:46:42,656 TEST: 800080, 21.51, 26.0, ['23.0', '23.0', '23.0', '22.0', '22.0', '22.0', '20.0', '20.0', '20.0', '21.0', '21.0', '20.0', '24.0', '24.0', '24.0', '21.0', '23.0', '23.0', '23.0', '21.0', '22.0', '20.0', '23.0', '21.0', '22.0', '21.0', '26.0', '22.0', '20.0', '20.0', '21.0', '24.0', '21.0', '20.0', '22.0', '20.0', '26.0', '23.0', '20.0', '21.0', '21.0', '19.0', '22.0', '21.0', '20.0', '21.0', '21.0', '20.0', '20.0', '21.0', '23.0', '23.0', '22.0', '21.0', '21.0', '22.0', '23.0', '22.0', '21.0', '20.0', '24.0', '21.0', '20.0', '20.0', '20.0', '20.0', '21.0', '22.0', '23.0', '21.0', '21.0', '23.0', '26.0', '21.0', '20.0', '21.0', '23.0', '20.0', '21.0', '21.0', '20.0', '26.0', '23.0', '21.0', '20.0', '21.0', '23.0', '21.0', '20.0', '20.0', '21.0', '21.0', '20.0', '21.0', '21.0', '20.0', '20.0', '20.0', '23.0', '21.0']

2023-04-06 09:46:42,657 => saving checkpoint to output/FreewayNoFrameskip-v4/a2c/fre_top_down/seed_2
2023-04-06 09:46:58,786 Updates 10250, num timesteps 820080, FPS 418 
Last 10 training episodes: mean/median reward 0.0/0.0 min/max reward 0.0/0.0 dist entropy 1.1, value loss 0.0, action loss -0.0

2023-04-06 09:47:15,531 Updates 10500, num timesteps 840080, FPS 425 
Last 10 training episodes: mean/median reward 0.0/0.0 min/max reward 0.0/0.0 dist entropy 1.1, value loss 0.0, action loss 0.0

2023-04-06 09:47:32,566 Updates 10750, num timesteps 860080, FPS 431 
Last 10 training episodes: mean/median reward 0.0/0.0 min/max reward 0.0/0.0 dist entropy 1.1, value loss 0.0, action loss 0.0

2023-04-06 09:47:49,979 Updates 11000, num timesteps 880080, FPS 437 
Last 10 training episodes: mean/median reward 0.0/0.0 min/max reward 0.0/0.0 dist entropy 1.1, value loss 0.0, action loss 0.0

2023-04-06 09:48:06,936 Updates 11250, num timesteps 900080, FPS 443 
Last 10 training episodes: mean/median reward 0.0/0.0 min/max reward 0.0/0.0 dist entropy 1.1, value loss 0.0, action loss -0.0

2023-04-06 09:50:45,957 TEST: 900080, 0.0, 0.0, ['0.0', '0.0', '0.0', '0.0', '0.0', '0.0', '0.0', '0.0', '0.0', '0.0', '0.0', '0.0', '0.0', '0.0', '0.0', '0.0', '0.0', '0.0', '0.0', '0.0', '0.0', '0.0', '0.0', '0.0', '0.0', '0.0', '0.0', '0.0', '0.0', '0.0', '0.0', '0.0', '0.0', '0.0', '0.0', '0.0', '0.0', '0.0', '0.0', '0.0', '0.0', '0.0', '0.0', '0.0', '0.0', '0.0', '0.0', '0.0', '0.0', '0.0', '0.0', '0.0', '0.0', '0.0', '0.0', '0.0', '0.0', '0.0', '0.0', '0.0', '0.0', '0.0', '0.0', '0.0', '0.0', '0.0', '0.0', '0.0', '0.0', '0.0', '0.0', '0.0', '0.0', '0.0', '0.0', '0.0', '0.0', '0.0', '0.0', '0.0', '0.0', '0.0', '0.0', '0.0', '0.0', '0.0', '0.0', '0.0', '0.0', '0.0', '0.0', '0.0', '0.0', '0.0', '0.0', '0.0', '0.0', '0.0', '0.0', '0.0']

2023-04-06 09:50:45,959 => saving checkpoint to output/FreewayNoFrameskip-v4/a2c/fre_top_down/seed_2
2023-04-06 09:51:03,308 Updates 11500, num timesteps 920080, FPS 417 
Last 10 training episodes: mean/median reward 0.0/0.0 min/max reward 0.0/0.0 dist entropy 1.1, value loss 0.0, action loss -0.0

2023-04-06 09:51:19,981 Updates 11750, num timesteps 940080, FPS 423 
Last 10 training episodes: mean/median reward 0.0/0.0 min/max reward 0.0/0.0 dist entropy 1.1, value loss 0.0, action loss 0.0

2023-04-06 09:51:36,651 Updates 12000, num timesteps 960080, FPS 429 
Last 10 training episodes: mean/median reward 0.0/0.0 min/max reward 0.0/0.0 dist entropy 1.1, value loss 0.0, action loss 0.0

2023-04-06 09:51:51,836 Updates 12250, num timesteps 980080, FPS 435 
Last 10 training episodes: mean/median reward 0.0/0.0 min/max reward 0.0/0.0 dist entropy 1.1, value loss 0.0, action loss -0.0

2023-04-06 09:52:07,390 Updates 12500, num timesteps 1000080, FPS 440 
Last 10 training episodes: mean/median reward 0.0/0.0 min/max reward 0.0/0.0 dist entropy 1.1, value loss 0.0, action loss 0.0

2023-04-06 09:54:25,271 TEST: 1000080, 0.0, 0.0, ['0.0', '0.0', '0.0', '0.0', '0.0', '0.0', '0.0', '0.0', '0.0', '0.0', '0.0', '0.0', '0.0', '0.0', '0.0', '0.0', '0.0', '0.0', '0.0', '0.0', '0.0', '0.0', '0.0', '0.0', '0.0', '0.0', '0.0', '0.0', '0.0', '0.0', '0.0', '0.0', '0.0', '0.0', '0.0', '0.0', '0.0', '0.0', '0.0', '0.0', '0.0', '0.0', '0.0', '0.0', '0.0', '0.0', '0.0', '0.0', '0.0', '0.0', '0.0', '0.0', '0.0', '0.0', '0.0', '0.0', '0.0', '0.0', '0.0', '0.0', '0.0', '0.0', '0.0', '0.0', '0.0', '0.0', '0.0', '0.0', '0.0', '0.0', '0.0', '0.0', '0.0', '0.0', '0.0', '0.0', '0.0', '0.0', '0.0', '0.0', '0.0', '0.0', '0.0', '0.0', '0.0', '0.0', '0.0', '0.0', '0.0', '0.0', '0.0', '0.0', '0.0', '0.0', '0.0', '0.0', '0.0', '0.0', '0.0', '0.0']

2023-04-06 09:54:25,272 => saving checkpoint to output/FreewayNoFrameskip-v4/a2c/fre_top_down/seed_2
2023-04-06 09:54:42,190 Updates 12750, num timesteps 1020080, FPS 420 
Last 10 training episodes: mean/median reward 0.0/0.0 min/max reward 0.0/0.0 dist entropy 1.1, value loss 0.0, action loss -0.0

2023-04-06 09:54:57,949 Updates 13000, num timesteps 1040080, FPS 426 
Last 10 training episodes: mean/median reward 0.0/0.0 min/max reward 0.0/0.0 dist entropy 1.1, value loss 0.0, action loss -0.0

2023-04-06 09:55:14,249 Updates 13250, num timesteps 1060080, FPS 431 
Last 10 training episodes: mean/median reward 0.0/0.0 min/max reward 0.0/0.0 dist entropy 1.1, value loss 0.0, action loss -0.0

2023-04-06 09:55:31,402 Updates 13500, num timesteps 1080080, FPS 436 
Last 10 training episodes: mean/median reward 0.0/0.0 min/max reward 0.0/0.0 dist entropy 1.1, value loss 0.0, action loss -0.0

2023-04-06 09:55:49,229 Updates 13750, num timesteps 1100080, FPS 441 
Last 10 training episodes: mean/median reward 0.0/0.0 min/max reward 0.0/0.0 dist entropy 1.1, value loss 0.0, action loss -0.0

2023-04-06 09:58:11,481 TEST: 1100080, 0.0, 0.0, ['0.0', '0.0', '0.0', '0.0', '0.0', '0.0', '0.0', '0.0', '0.0', '0.0', '0.0', '0.0', '0.0', '0.0', '0.0', '0.0', '0.0', '0.0', '0.0', '0.0', '0.0', '0.0', '0.0', '0.0', '0.0', '0.0', '0.0', '0.0', '0.0', '0.0', '0.0', '0.0', '0.0', '0.0', '0.0', '0.0', '0.0', '0.0', '0.0', '0.0', '0.0', '0.0', '0.0', '0.0', '0.0', '0.0', '0.0', '0.0', '0.0', '0.0', '0.0', '0.0', '0.0', '0.0', '0.0', '0.0', '0.0', '0.0', '0.0', '0.0', '0.0', '0.0', '0.0', '0.0', '0.0', '0.0', '0.0', '0.0', '0.0', '0.0', '0.0', '0.0', '0.0', '0.0', '0.0', '0.0', '0.0', '0.0', '0.0', '0.0', '0.0', '0.0', '0.0', '0.0', '0.0', '0.0', '0.0', '0.0', '0.0', '0.0', '0.0', '0.0', '0.0', '0.0', '0.0', '0.0', '0.0', '0.0', '0.0', '0.0']

2023-04-06 09:58:11,483 => saving checkpoint to output/FreewayNoFrameskip-v4/a2c/fre_top_down/seed_2
2023-04-06 09:58:29,997 Updates 14000, num timesteps 1120080, FPS 422 
Last 10 training episodes: mean/median reward 0.0/0.0 min/max reward 0.0/0.0 dist entropy 1.1, value loss 0.0, action loss 0.0

2023-04-06 09:58:47,113 Updates 14250, num timesteps 1140080, FPS 427 
Last 10 training episodes: mean/median reward 0.0/0.0 min/max reward 0.0/0.0 dist entropy 1.1, value loss 0.0, action loss -0.0

2023-04-06 09:59:04,789 Updates 14500, num timesteps 1160080, FPS 431 
Last 10 training episodes: mean/median reward 0.0/0.0 min/max reward 0.0/0.0 dist entropy 1.1, value loss 0.0, action loss 0.0

2023-04-06 09:59:21,489 Updates 14750, num timesteps 1180080, FPS 436 
Last 10 training episodes: mean/median reward 0.0/0.0 min/max reward 0.0/0.0 dist entropy 1.1, value loss 0.0, action loss 0.0

2023-04-06 09:59:37,390 Updates 15000, num timesteps 1200080, FPS 441 
Last 10 training episodes: mean/median reward 0.0/0.0 min/max reward 0.0/0.0 dist entropy 1.1, value loss 0.0, action loss 0.0

2023-04-06 10:01:58,531 TEST: 1200080, 21.51, 26.0, ['23.0', '23.0', '23.0', '22.0', '22.0', '22.0', '20.0', '20.0', '20.0', '21.0', '21.0', '20.0', '24.0', '24.0', '24.0', '21.0', '23.0', '23.0', '23.0', '21.0', '22.0', '20.0', '23.0', '21.0', '22.0', '21.0', '26.0', '22.0', '20.0', '20.0', '21.0', '24.0', '21.0', '20.0', '22.0', '20.0', '26.0', '23.0', '20.0', '21.0', '21.0', '19.0', '22.0', '21.0', '20.0', '21.0', '21.0', '20.0', '20.0', '21.0', '23.0', '23.0', '22.0', '21.0', '21.0', '22.0', '23.0', '22.0', '21.0', '20.0', '24.0', '21.0', '20.0', '20.0', '20.0', '20.0', '21.0', '22.0', '23.0', '21.0', '21.0', '23.0', '26.0', '21.0', '20.0', '21.0', '23.0', '20.0', '21.0', '21.0', '20.0', '26.0', '23.0', '21.0', '20.0', '21.0', '23.0', '21.0', '20.0', '20.0', '21.0', '21.0', '20.0', '21.0', '21.0', '20.0', '20.0', '20.0', '23.0', '21.0']

2023-04-06 10:01:58,533 => saving checkpoint to output/FreewayNoFrameskip-v4/a2c/fre_top_down/seed_2
2023-04-06 10:02:14,443 Updates 15250, num timesteps 1220080, FPS 424 
Last 10 training episodes: mean/median reward 0.0/0.0 min/max reward 0.0/0.0 dist entropy 1.1, value loss 0.0, action loss 0.0

2023-04-06 10:02:43,155 Updates 15500, num timesteps 1240080, FPS 427 
Last 10 training episodes: mean/median reward 0.0/0.0 min/max reward 0.0/0.0 dist entropy 1.1, value loss 0.0, action loss -0.0

2023-04-06 10:03:18,901 Updates 15750, num timesteps 1260080, FPS 428 
Last 10 training episodes: mean/median reward 0.0/0.0 min/max reward 0.0/0.0 dist entropy 1.1, value loss 0.0, action loss -0.0

2023-04-06 10:03:54,510 Updates 16000, num timesteps 1280080, FPS 430 
Last 10 training episodes: mean/median reward 0.0/0.0 min/max reward 0.0/0.0 dist entropy 1.1, value loss 0.0, action loss 0.0

2023-04-06 10:04:30,360 Updates 16250, num timesteps 1300080, FPS 431 
Last 10 training episodes: mean/median reward 0.0/0.0 min/max reward 0.0/0.0 dist entropy 1.1, value loss 0.0, action loss 0.0

2023-04-06 10:08:54,280 TEST: 1300080, 0.0, 0.0, ['0.0', '0.0', '0.0', '0.0', '0.0', '0.0', '0.0', '0.0', '0.0', '0.0', '0.0', '0.0', '0.0', '0.0', '0.0', '0.0', '0.0', '0.0', '0.0', '0.0', '0.0', '0.0', '0.0', '0.0', '0.0', '0.0', '0.0', '0.0', '0.0', '0.0', '0.0', '0.0', '0.0', '0.0', '0.0', '0.0', '0.0', '0.0', '0.0', '0.0', '0.0', '0.0', '0.0', '0.0', '0.0', '0.0', '0.0', '0.0', '0.0', '0.0', '0.0', '0.0', '0.0', '0.0', '0.0', '0.0', '0.0', '0.0', '0.0', '0.0', '0.0', '0.0', '0.0', '0.0', '0.0', '0.0', '0.0', '0.0', '0.0', '0.0', '0.0', '0.0', '0.0', '0.0', '0.0', '0.0', '0.0', '0.0', '0.0', '0.0', '0.0', '0.0', '0.0', '0.0', '0.0', '0.0', '0.0', '0.0', '0.0', '0.0', '0.0', '0.0', '0.0', '0.0', '0.0', '0.0', '0.0', '0.0', '0.0', '0.0']

2023-04-06 10:08:54,281 => saving checkpoint to output/FreewayNoFrameskip-v4/a2c/fre_top_down/seed_2
2023-04-06 10:09:30,441 Updates 16500, num timesteps 1320080, FPS 398 
Last 10 training episodes: mean/median reward 0.0/0.0 min/max reward 0.0/0.0 dist entropy 1.1, value loss 0.0, action loss -0.0

2023-04-06 10:10:05,779 Updates 16750, num timesteps 1340080, FPS 400 
Last 10 training episodes: mean/median reward 0.0/0.0 min/max reward 0.0/0.0 dist entropy 1.1, value loss 0.0, action loss -0.0

2023-04-06 10:10:41,899 Updates 17000, num timesteps 1360080, FPS 402 
Last 10 training episodes: mean/median reward 0.0/0.0 min/max reward 0.0/0.0 dist entropy 1.1, value loss 0.0, action loss 0.0

2023-04-06 10:11:17,190 Updates 17250, num timesteps 1380080, FPS 403 
Last 10 training episodes: mean/median reward 0.0/0.0 min/max reward 0.0/0.0 dist entropy 1.1, value loss 0.0, action loss -0.0

2023-04-06 10:11:52,174 Updates 17500, num timesteps 1400080, FPS 405 
Last 10 training episodes: mean/median reward 0.0/0.0 min/max reward 0.0/0.0 dist entropy 1.1, value loss 0.0, action loss 0.0

2023-04-06 10:16:19,308 TEST: 1400080, 0.0, 0.0, ['0.0', '0.0', '0.0', '0.0', '0.0', '0.0', '0.0', '0.0', '0.0', '0.0', '0.0', '0.0', '0.0', '0.0', '0.0', '0.0', '0.0', '0.0', '0.0', '0.0', '0.0', '0.0', '0.0', '0.0', '0.0', '0.0', '0.0', '0.0', '0.0', '0.0', '0.0', '0.0', '0.0', '0.0', '0.0', '0.0', '0.0', '0.0', '0.0', '0.0', '0.0', '0.0', '0.0', '0.0', '0.0', '0.0', '0.0', '0.0', '0.0', '0.0', '0.0', '0.0', '0.0', '0.0', '0.0', '0.0', '0.0', '0.0', '0.0', '0.0', '0.0', '0.0', '0.0', '0.0', '0.0', '0.0', '0.0', '0.0', '0.0', '0.0', '0.0', '0.0', '0.0', '0.0', '0.0', '0.0', '0.0', '0.0', '0.0', '0.0', '0.0', '0.0', '0.0', '0.0', '0.0', '0.0', '0.0', '0.0', '0.0', '0.0', '0.0', '0.0', '0.0', '0.0', '0.0', '0.0', '0.0', '0.0', '0.0', '0.0']

2023-04-06 10:16:19,310 => saving checkpoint to output/FreewayNoFrameskip-v4/a2c/fre_top_down/seed_2
2023-04-06 10:16:54,971 Updates 17750, num timesteps 1420080, FPS 378 
Last 10 training episodes: mean/median reward 0.0/0.0 min/max reward 0.0/0.0 dist entropy 1.1, value loss 0.0, action loss -0.0

2023-04-06 10:17:30,822 Updates 18000, num timesteps 1440080, FPS 379 
Last 10 training episodes: mean/median reward 0.0/0.0 min/max reward 0.0/0.0 dist entropy 1.1, value loss 0.0, action loss -0.0

2023-04-06 10:18:06,273 Updates 18250, num timesteps 1460080, FPS 381 
Last 10 training episodes: mean/median reward 0.0/0.0 min/max reward 0.0/0.0 dist entropy 1.1, value loss 0.0, action loss 0.0

2023-04-06 10:18:42,314 Updates 18500, num timesteps 1480080, FPS 383 
Last 10 training episodes: mean/median reward 0.0/0.0 min/max reward 0.0/0.0 dist entropy 1.1, value loss 0.0, action loss -0.0

2023-04-06 10:19:18,014 Updates 18750, num timesteps 1500080, FPS 384 
Last 10 training episodes: mean/median reward 0.0/0.0 min/max reward 0.0/0.0 dist entropy 1.1, value loss 0.0, action loss 0.0

2023-04-06 10:23:41,571 TEST: 1500080, 21.51, 26.0, ['23.0', '23.0', '23.0', '22.0', '22.0', '22.0', '20.0', '20.0', '20.0', '21.0', '21.0', '20.0', '24.0', '24.0', '24.0', '21.0', '23.0', '23.0', '23.0', '21.0', '22.0', '20.0', '23.0', '21.0', '22.0', '21.0', '26.0', '22.0', '20.0', '20.0', '21.0', '24.0', '21.0', '20.0', '22.0', '20.0', '26.0', '23.0', '20.0', '21.0', '21.0', '19.0', '22.0', '21.0', '20.0', '21.0', '21.0', '20.0', '20.0', '21.0', '23.0', '23.0', '22.0', '21.0', '21.0', '22.0', '23.0', '22.0', '21.0', '20.0', '24.0', '21.0', '20.0', '20.0', '20.0', '20.0', '21.0', '22.0', '23.0', '21.0', '21.0', '23.0', '26.0', '21.0', '20.0', '21.0', '23.0', '20.0', '21.0', '21.0', '20.0', '26.0', '23.0', '21.0', '20.0', '21.0', '23.0', '21.0', '20.0', '20.0', '21.0', '21.0', '20.0', '21.0', '21.0', '20.0', '20.0', '20.0', '23.0', '21.0']

2023-04-06 10:23:41,572 => saving checkpoint to output/FreewayNoFrameskip-v4/a2c/fre_top_down/seed_2
2023-04-06 10:24:16,850 Updates 19000, num timesteps 1520080, FPS 362 
Last 10 training episodes: mean/median reward 0.0/0.0 min/max reward 0.0/0.0 dist entropy 1.1, value loss 0.0, action loss -0.0

2023-04-06 10:24:52,296 Updates 19250, num timesteps 1540080, FPS 363 
Last 10 training episodes: mean/median reward 0.0/0.0 min/max reward 0.0/0.0 dist entropy 1.1, value loss 0.0, action loss 0.0

2023-04-06 10:25:27,517 Updates 19500, num timesteps 1560080, FPS 365 
Last 10 training episodes: mean/median reward 0.0/0.0 min/max reward 0.0/0.0 dist entropy 1.1, value loss 0.0, action loss -0.0

2023-04-06 10:26:03,160 Updates 19750, num timesteps 1580080, FPS 367 
Last 10 training episodes: mean/median reward 0.0/0.0 min/max reward 0.0/0.0 dist entropy 1.1, value loss 0.0, action loss 0.0

2023-04-06 10:26:39,158 Updates 20000, num timesteps 1600080, FPS 368 
Last 10 training episodes: mean/median reward 0.0/0.0 min/max reward 0.0/0.0 dist entropy 1.1, value loss 0.0, action loss -0.0

2023-04-06 10:31:01,310 TEST: 1600080, 21.51, 26.0, ['23.0', '23.0', '23.0', '22.0', '22.0', '22.0', '20.0', '20.0', '20.0', '21.0', '21.0', '20.0', '24.0', '24.0', '24.0', '21.0', '23.0', '23.0', '23.0', '21.0', '22.0', '20.0', '23.0', '21.0', '22.0', '21.0', '26.0', '22.0', '20.0', '20.0', '21.0', '24.0', '21.0', '20.0', '22.0', '20.0', '26.0', '23.0', '20.0', '21.0', '21.0', '19.0', '22.0', '21.0', '20.0', '21.0', '21.0', '20.0', '20.0', '21.0', '23.0', '23.0', '22.0', '21.0', '21.0', '22.0', '23.0', '22.0', '21.0', '20.0', '24.0', '21.0', '20.0', '20.0', '20.0', '20.0', '21.0', '22.0', '23.0', '21.0', '21.0', '23.0', '26.0', '21.0', '20.0', '21.0', '23.0', '20.0', '21.0', '21.0', '20.0', '26.0', '23.0', '21.0', '20.0', '21.0', '23.0', '21.0', '20.0', '20.0', '21.0', '21.0', '20.0', '21.0', '21.0', '20.0', '20.0', '20.0', '23.0', '21.0']

2023-04-06 10:31:01,311 => saving checkpoint to output/FreewayNoFrameskip-v4/a2c/fre_top_down/seed_2
2023-04-06 10:31:36,868 Updates 20250, num timesteps 1620080, FPS 349 
Last 10 training episodes: mean/median reward 0.0/0.0 min/max reward 0.0/0.0 dist entropy 1.1, value loss 0.0, action loss -0.0

2023-04-06 10:32:12,436 Updates 20500, num timesteps 1640080, FPS 350 
Last 10 training episodes: mean/median reward 0.0/0.0 min/max reward 0.0/0.0 dist entropy 1.1, value loss 0.0, action loss 0.0

2023-04-06 10:32:47,407 Updates 20750, num timesteps 1660080, FPS 352 
Last 10 training episodes: mean/median reward 0.0/0.0 min/max reward 0.0/0.0 dist entropy 1.1, value loss 0.0, action loss 0.0

2023-04-06 10:33:22,933 Updates 21000, num timesteps 1680080, FPS 354 
Last 10 training episodes: mean/median reward 0.0/0.0 min/max reward 0.0/0.0 dist entropy 1.1, value loss 0.0, action loss 0.0

2023-04-06 10:33:58,534 Updates 21250, num timesteps 1700080, FPS 355 
Last 10 training episodes: mean/median reward 0.0/0.0 min/max reward 0.0/0.0 dist entropy 1.1, value loss 0.0, action loss -0.0

2023-04-06 10:38:27,292 TEST: 1700080, 0.0, 0.0, ['0.0', '0.0', '0.0', '0.0', '0.0', '0.0', '0.0', '0.0', '0.0', '0.0', '0.0', '0.0', '0.0', '0.0', '0.0', '0.0', '0.0', '0.0', '0.0', '0.0', '0.0', '0.0', '0.0', '0.0', '0.0', '0.0', '0.0', '0.0', '0.0', '0.0', '0.0', '0.0', '0.0', '0.0', '0.0', '0.0', '0.0', '0.0', '0.0', '0.0', '0.0', '0.0', '0.0', '0.0', '0.0', '0.0', '0.0', '0.0', '0.0', '0.0', '0.0', '0.0', '0.0', '0.0', '0.0', '0.0', '0.0', '0.0', '0.0', '0.0', '0.0', '0.0', '0.0', '0.0', '0.0', '0.0', '0.0', '0.0', '0.0', '0.0', '0.0', '0.0', '0.0', '0.0', '0.0', '0.0', '0.0', '0.0', '0.0', '0.0', '0.0', '0.0', '0.0', '0.0', '0.0', '0.0', '0.0', '0.0', '0.0', '0.0', '0.0', '0.0', '0.0', '0.0', '0.0', '0.0', '0.0', '0.0', '0.0', '0.0']

2023-04-06 10:38:27,295 => saving checkpoint to output/FreewayNoFrameskip-v4/a2c/fre_top_down/seed_2
2023-04-06 10:39:03,046 Updates 21500, num timesteps 1720080, FPS 338 
Last 10 training episodes: mean/median reward 0.0/0.0 min/max reward 0.0/0.0 dist entropy 1.1, value loss 0.0, action loss -0.0

2023-04-06 10:39:39,205 Updates 21750, num timesteps 1740080, FPS 339 
Last 10 training episodes: mean/median reward 0.0/0.0 min/max reward 0.0/0.0 dist entropy 1.1, value loss 0.0, action loss 0.0

2023-04-06 10:40:14,840 Updates 22000, num timesteps 1760080, FPS 341 
Last 10 training episodes: mean/median reward 0.0/0.0 min/max reward 0.0/0.0 dist entropy 1.1, value loss 0.0, action loss -0.0

2023-04-06 10:40:50,495 Updates 22250, num timesteps 1780080, FPS 342 
Last 10 training episodes: mean/median reward 0.0/0.0 min/max reward 0.0/0.0 dist entropy 1.1, value loss 0.0, action loss 0.0

2023-04-06 10:41:26,765 Updates 22500, num timesteps 1800080, FPS 344 
Last 10 training episodes: mean/median reward 0.0/0.0 min/max reward 0.0/0.0 dist entropy 1.1, value loss 0.0, action loss 0.0

2023-04-06 10:44:58,773 TEST: 1800080, 0.0, 0.0, ['0.0', '0.0', '0.0', '0.0', '0.0', '0.0', '0.0', '0.0', '0.0', '0.0', '0.0', '0.0', '0.0', '0.0', '0.0', '0.0', '0.0', '0.0', '0.0', '0.0', '0.0', '0.0', '0.0', '0.0', '0.0', '0.0', '0.0', '0.0', '0.0', '0.0', '0.0', '0.0', '0.0', '0.0', '0.0', '0.0', '0.0', '0.0', '0.0', '0.0', '0.0', '0.0', '0.0', '0.0', '0.0', '0.0', '0.0', '0.0', '0.0', '0.0', '0.0', '0.0', '0.0', '0.0', '0.0', '0.0', '0.0', '0.0', '0.0', '0.0', '0.0', '0.0', '0.0', '0.0', '0.0', '0.0', '0.0', '0.0', '0.0', '0.0', '0.0', '0.0', '0.0', '0.0', '0.0', '0.0', '0.0', '0.0', '0.0', '0.0', '0.0', '0.0', '0.0', '0.0', '0.0', '0.0', '0.0', '0.0', '0.0', '0.0', '0.0', '0.0', '0.0', '0.0', '0.0', '0.0', '0.0', '0.0', '0.0', '0.0']

2023-04-06 10:44:58,776 => saving checkpoint to output/FreewayNoFrameskip-v4/a2c/fre_top_down/seed_2
2023-04-06 10:45:15,550 Updates 22750, num timesteps 1820080, FPS 333 
Last 10 training episodes: mean/median reward 0.0/0.0 min/max reward 0.0/0.0 dist entropy 1.1, value loss 0.0, action loss 0.0

2023-04-06 10:45:32,306 Updates 23000, num timesteps 1840080, FPS 336 
Last 10 training episodes: mean/median reward 0.0/0.0 min/max reward 0.0/0.0 dist entropy 1.1, value loss 0.0, action loss -0.0

2023-04-06 10:45:46,351 Updates 23250, num timesteps 1860080, FPS 338 
Last 10 training episodes: mean/median reward 0.0/0.0 min/max reward 0.0/0.0 dist entropy 1.1, value loss 0.0, action loss 0.0

2023-04-06 10:46:00,442 Updates 23500, num timesteps 1880080, FPS 341 
Last 10 training episodes: mean/median reward 0.0/0.0 min/max reward 0.0/0.0 dist entropy 1.1, value loss 0.0, action loss 0.0

2023-04-06 10:46:14,073 Updates 23750, num timesteps 1900080, FPS 344 
Last 10 training episodes: mean/median reward 0.0/0.0 min/max reward 0.0/0.0 dist entropy 1.1, value loss 0.0, action loss -0.0

