2023-04-04 04:34:47,862 Namespace(TEST_MODEL_FILE=None, cfg='experiments/atari/augu1234.yaml', eval_only=False, render=False, seed=2)
2023-04-04 04:34:47,863 {'AUTO_RESUME': False,
 'CUDNN': {'BENCHMARK': True, 'DETERMINISTIC': False, 'ENABLED': True},
 'DATASET': {'BRIGHTNESS_FACTOR': 0.0,
             'COLOR_RGB': True,
             'CONTRAST_FACTOR': 0.0,
             'DATASET': 'mpii',
             'GRAYSCALE': True,
             'HISTORY_INPUT': False,
             'HUE_FACTOR': 0.0,
             'HYBRID': False,
             'ROOT': '',
             'SAMPLE_2_FRAME': False,
             'SAMPLE_2_FRAME_OFFSET': 0,
             'SAMPLE_STEP': 1,
             'SAT_FACTOR': 0.0,
             'TEST_SET': 'valid',
             'TRAIN_SET': 'train',
             'TRANSFORM': False},
 'DATA_DIR': '',
 'DEBUG': {'DEBUG': False},
 'GPUS': '0',
 'LOG_DIR': 'log',
 'MODEL': {'HEATMAP_SIZE': [64, 64],
           'IGNORE_BACKGROUND': False,
           'IMAGE_SIZE': array([84, 84]),
           'INIT_WEIGHTS': True,
           'NAME': 'a2c',
           'PRETRAINED': '',
           'SIGMA': 1},
 'MODEL_FILE': '',
 'OUTPUT_DIR': 'output',
 'PIN_MEMORY': True,
 'PRINT_FREQ': 100,
 'RESUME': False,
 'SELFSUP_ATTENTION': {'AUTOENCODER_LOSS': True,
                       'BLOCK_IMAGE_FEAT_GRADIENT': False,
                       'DECODER_WITH_SIGMOID': True,
                       'GAUSS_STD': 0.1,
                       'HEATMAP_SPARSITY_LOSS': True,
                       'HEATMAP_SPARSITY_LOSS_WEIGHT': 0.001,
                       'KEYPOINTER_CLS_AGNOSTIC': True,
                       'NUM_KEYPOINTS': 7,
                       'RECONSTRUCT_LOSS_THRESHOLD': 0.01,
                       'SHARE_PARAMETERS': False,
                       'USE_INSTANCE_NORM': False,
                       'USE_LAYER_NORM': False},
 'TEST': {'BATCH_SIZE_PER_GPU': 32, 'MODEL_FILE': ''},
 'TRAIN': {'BATCH_SIZE_PER_GPU': 32,
           'BEGIN_EPOCH': 0,
           'CHECKPOINT': '',
           'END_EPOCH': 140,
           'GAMMA1': 0.99,
           'GAMMA2': 0.0,
           'LR': 0.001,
           'LR_FACTOR': 0.1,
           'LR_STEP': [90, 110],
           'MOMENTUM': 0.9,
           'NESTEROV': False,
           'OPTIMIZER': 'adam',
           'RESUME': False,
           'SHUFFLE': True,
           'WD': 0.0001},
 'WORKERS': 4,
 'algo': 'a2c',
 'alpha': 0.99,
 'block_selfsup_attention_grad': False,
 'bottom_up_downsample_mask': False,
 'bottom_up_downsample_mask_stride1': False,
 'bottom_up_form_num_of_objects': 10,
 'bottom_up_form_objects': False,
 'cuda': True,
 'cuda_deterministic': False,
 'entropy_coef': 0.01,
 'env_name': 'MsPacmanNoFrameskip-v4',
 'eps': 1e-05,
 'eval_interval': 1250,
 'feat_add_selfsup_attention': True,
 'feat_from_selfsup_attention': False,
 'feat_mul_selfsup_attention_mask': True,
 'feat_mul_selfsup_attention_mask_residual': False,
 'feat_pool_with_selfsup_attention': False,
 'fix_feature': False,
 'gae_lambda': 0.95,
 'gail': False,
 'gail_batch_size': 128,
 'gail_epoch': 5,
 'gail_experts_dir': './gail_experts',
 'gamma': 0.99,
 'gaussian_std': 0.1,
 'hidden_size': 512,
 'log_interval': 250,
 'lr': 0.0007,
 'mask_threshold': -1.0,
 'max_grad_norm': 0.5,
 'no_cuda': False,
 'num_env_steps': 10000000,
 'num_processes': 16,
 'num_steps': 5,
 'ppo_epoch': 4,
 'recurrent_policy': False,
 'resized_size': 84,
 'save_dir': './trained_models/',
 'save_interval': 1250,
 'seed': 2,
 'selfsup_attention_feat_load_pretrained': True,
 'selfsup_attention_feat_masked': True,
 'selfsup_attention_feat_masked_residual': False,
 'selfsup_attention_fix': False,
 'selfsup_attention_fix_keypointer': False,
 'selfsup_attention_image_feat_only': False,
 'selfsup_attention_keyp_maps_pool': True,
 'selfsup_attention_multiframe': False,
 'selfsup_attention_pretrain': '',
 'sep_bg_fg_feat': False,
 'temperature': 0.07,
 'train_selfsup_attention': True,
 'train_selfsup_attention_batch_size': 1024,
 'train_selfsup_attention_buffer_size': 50000,
 'use_gae': False,
 'use_layer_norm': False,
 'use_linear_lr_decay': False,
 'use_proper_time_limits': False,
 'value_loss_coef': 0.5,
 'weight_decay': 0.0}
2023-04-04 04:35:08,838 Updates 250, num timesteps 20080, FPS 1354 
Last 10 training episodes: mean/median reward 582.0/655.0 min/max reward 340.0/850.0 dist entropy 1.0, value loss 0.2, action loss -0.0

2023-04-04 04:35:23,690 Updates 500, num timesteps 40080, FPS 1350 
Last 10 training episodes: mean/median reward 526.0/395.0 min/max reward 200.0/1260.0 dist entropy 1.9, value loss 0.1, action loss -0.0

2023-04-04 04:35:38,721 Updates 750, num timesteps 60080, FPS 1343 
Last 10 training episodes: mean/median reward 573.0/540.0 min/max reward 210.0/1140.0 dist entropy 1.9, value loss 0.4, action loss 0.4

2023-04-04 04:35:53,713 Updates 1000, num timesteps 80080, FPS 1341 
Last 10 training episodes: mean/median reward 632.0/520.0 min/max reward 280.0/1160.0 dist entropy 1.5, value loss 0.3, action loss 0.0

2023-04-04 04:36:08,640 Updates 1250, num timesteps 100080, FPS 1341 
Last 10 training episodes: mean/median reward 526.0/540.0 min/max reward 340.0/960.0 dist entropy 2.0, value loss 0.4, action loss -0.0

2023-04-04 04:36:42,970 TEST: 100080, 60.0, 60.0, ['60.0', '60.0', '60.0', '60.0', '60.0', '60.0', '60.0', '60.0', '60.0', '60.0', '60.0', '60.0', '60.0', '60.0', '60.0', '60.0', '60.0', '60.0', '60.0', '60.0', '60.0', '60.0', '60.0', '60.0', '60.0', '60.0', '60.0', '60.0', '60.0', '60.0', '60.0', '60.0', '60.0', '60.0', '60.0', '60.0', '60.0', '60.0', '60.0', '60.0', '60.0', '60.0', '60.0', '60.0', '60.0', '60.0', '60.0', '60.0', '60.0', '60.0', '60.0', '60.0', '60.0', '60.0', '60.0', '60.0', '60.0', '60.0', '60.0', '60.0', '60.0', '60.0', '60.0', '60.0', '60.0', '60.0', '60.0', '60.0', '60.0', '60.0', '60.0', '60.0', '60.0', '60.0', '60.0', '60.0', '60.0', '60.0', '60.0', '60.0', '60.0', '60.0', '60.0', '60.0', '60.0', '60.0', '60.0', '60.0', '60.0', '60.0', '60.0', '60.0', '60.0', '60.0', '60.0', '60.0', '60.0', '60.0', '60.0', '60.0', '60.0']

2023-04-04 04:36:42,976 => saving checkpoint to output/MsPacmanNoFrameskip-v4/a2c/augu1234/seed_2
2023-04-04 04:36:58,645 Updates 1500, num timesteps 120080, FPS 963 
Last 10 training episodes: mean/median reward 537.0/510.0 min/max reward 270.0/1010.0 dist entropy 2.0, value loss 0.2, action loss 0.3

2023-04-04 04:37:14,248 Updates 1750, num timesteps 140080, FPS 998 
Last 10 training episodes: mean/median reward 710.0/520.0 min/max reward 200.0/2270.0 dist entropy 1.7, value loss 0.4, action loss 0.3

2023-04-04 04:37:29,756 Updates 2000, num timesteps 160080, FPS 1027 
Last 10 training episodes: mean/median reward 685.0/635.0 min/max reward 230.0/1250.0 dist entropy 2.1, value loss 0.1, action loss 0.1

2023-04-04 04:37:45,342 Updates 2250, num timesteps 180080, FPS 1051 
Last 10 training episodes: mean/median reward 625.0/635.0 min/max reward 300.0/940.0 dist entropy 2.0, value loss 0.4, action loss -0.1

2023-04-04 04:38:01,534 Updates 2500, num timesteps 200080, FPS 1067 
Last 10 training episodes: mean/median reward 428.0/455.0 min/max reward 180.0/700.0 dist entropy 2.1, value loss 0.4, action loss 0.3

2023-04-04 04:38:28,172 TEST: 200080, 164.45544554455446, 170.0, ['170.0', '170.0', '170.0', '170.0', '170.0', '170.0', '170.0', '170.0', '170.0', '170.0', '170.0', '170.0', '130.0', '130.0', '130.0', '130.0', '170.0', '170.0', '170.0', '170.0', '170.0', '170.0', '170.0', '170.0', '170.0', '170.0', '170.0', '170.0', '170.0', '170.0', '130.0', '130.0', '170.0', '170.0', '170.0', '170.0', '170.0', '170.0', '170.0', '170.0', '170.0', '170.0', '170.0', '130.0', '170.0', '170.0', '130.0', '130.0', '170.0', '170.0', '170.0', '170.0', '170.0', '170.0', '170.0', '170.0', '170.0', '170.0', '170.0', '130.0', '130.0', '170.0', '170.0', '130.0', '170.0', '170.0', '170.0', '170.0', '170.0', '170.0', '170.0', '170.0', '170.0', '170.0', '170.0', '170.0', '170.0', '130.0', '170.0', '170.0', '170.0', '170.0', '170.0', '170.0', '170.0', '170.0', '170.0', '170.0', '170.0', '170.0', '170.0', '130.0', '170.0', '170.0', '170.0', '170.0', '170.0', '170.0', '170.0', '170.0', '170.0']

2023-04-04 04:38:28,174 => saving checkpoint to output/MsPacmanNoFrameskip-v4/a2c/augu1234/seed_2
2023-04-04 04:38:44,034 Updates 2750, num timesteps 220080, FPS 956 
Last 10 training episodes: mean/median reward 548.0/575.0 min/max reward 260.0/890.0 dist entropy 2.0, value loss 0.2, action loss 0.3

2023-04-04 04:38:59,034 Updates 3000, num timesteps 240080, FPS 979 
Last 10 training episodes: mean/median reward 732.0/805.0 min/max reward 260.0/920.0 dist entropy 1.7, value loss 0.3, action loss -0.0

2023-04-04 04:39:14,691 Updates 3250, num timesteps 260080, FPS 997 
Last 10 training episodes: mean/median reward 622.0/510.0 min/max reward 330.0/1050.0 dist entropy 1.9, value loss 0.2, action loss 0.0

2023-04-04 04:39:30,391 Updates 3500, num timesteps 280080, FPS 1013 
Last 10 training episodes: mean/median reward 628.0/580.0 min/max reward 340.0/1090.0 dist entropy 1.8, value loss 0.4, action loss -0.3

2023-04-04 04:39:45,736 Updates 3750, num timesteps 300080, FPS 1028 
Last 10 training episodes: mean/median reward 638.0/650.0 min/max reward 330.0/1030.0 dist entropy 1.6, value loss 0.2, action loss -0.0

2023-04-04 04:40:15,427 TEST: 300080, 485.6, 540.0, ['430.0', '430.0', '430.0', '540.0', '540.0', '540.0', '540.0', '540.0', '470.0', '470.0', '470.0', '470.0', '470.0', '470.0', '470.0', '470.0', '430.0', '430.0', '540.0', '540.0', '430.0', '470.0', '430.0', '540.0', '540.0', '540.0', '540.0', '470.0', '470.0', '470.0', '470.0', '470.0', '430.0', '540.0', '540.0', '430.0', '540.0', '470.0', '540.0', '430.0', '430.0', '430.0', '430.0', '470.0', '430.0', '540.0', '470.0', '470.0', '430.0', '470.0', '430.0', '540.0', '470.0', '540.0', '470.0', '470.0', '540.0', '470.0', '540.0', '540.0', '470.0', '540.0', '470.0', '470.0', '430.0', '430.0', '430.0', '470.0', '470.0', '540.0', '540.0', '470.0', '540.0', '540.0', '540.0', '540.0', '470.0', '470.0', '470.0', '470.0', '430.0', '470.0', '430.0', '540.0', '470.0', '540.0', '540.0', '470.0', '540.0', '470.0', '540.0', '540.0', '540.0', '430.0', '470.0', '540.0', '430.0', '470.0', '470.0', '430.0']

2023-04-04 04:40:15,429 => saving checkpoint to output/MsPacmanNoFrameskip-v4/a2c/augu1234/seed_2
2023-04-04 04:40:31,050 Updates 4000, num timesteps 320080, FPS 949 
Last 10 training episodes: mean/median reward 789.0/825.0 min/max reward 260.0/1120.0 dist entropy 1.0, value loss 0.4, action loss -0.3

2023-04-04 04:40:46,439 Updates 4250, num timesteps 340080, FPS 964 
Last 10 training episodes: mean/median reward 948.0/670.0 min/max reward 460.0/2340.0 dist entropy 1.1, value loss 0.4, action loss 0.1

2023-04-04 04:41:01,845 Updates 4500, num timesteps 360080, FPS 978 
Last 10 training episodes: mean/median reward 499.0/510.0 min/max reward 160.0/790.0 dist entropy 1.9, value loss 0.3, action loss 0.1

2023-04-04 04:41:17,575 Updates 4750, num timesteps 380080, FPS 990 
Last 10 training episodes: mean/median reward 691.0/595.0 min/max reward 190.0/2000.0 dist entropy 2.1, value loss 1.7, action loss 0.3

2023-04-04 04:41:33,634 Updates 5000, num timesteps 400080, FPS 1001 
Last 10 training episodes: mean/median reward 813.0/700.0 min/max reward 190.0/2110.0 dist entropy 1.7, value loss 0.7, action loss -0.2

2023-04-04 04:42:02,301 TEST: 400080, 144.6, 240.0, ['60.0', '60.0', '60.0', '60.0', '60.0', '60.0', '60.0', '60.0', '150.0', '150.0', '150.0', '240.0', '240.0', '240.0', '240.0', '240.0', '60.0', '60.0', '60.0', '60.0', '60.0', '60.0', '150.0', '240.0', '240.0', '150.0', '150.0', '240.0', '240.0', '150.0', '240.0', '240.0', '60.0', '150.0', '150.0', '150.0', '60.0', '150.0', '150.0', '60.0', '240.0', '150.0', '150.0', '60.0', '240.0', '240.0', '240.0', '240.0', '60.0', '60.0', '150.0', '60.0', '240.0', '150.0', '60.0', '240.0', '240.0', '60.0', '60.0', '240.0', '60.0', '240.0', '60.0', '240.0', '60.0', '60.0', '60.0', '150.0', '60.0', '150.0', '240.0', '240.0', '240.0', '240.0', '150.0', '60.0', '60.0', '240.0', '240.0', '60.0', '150.0', '240.0', '60.0', '60.0', '240.0', '60.0', '240.0', '150.0', '60.0', '60.0', '240.0', '240.0', '150.0', '240.0', '240.0', '240.0', '60.0', '60.0', '60.0', '60.0']

2023-04-04 04:42:02,302 => saving checkpoint to output/MsPacmanNoFrameskip-v4/a2c/augu1234/seed_2
2023-04-04 04:42:18,118 Updates 5250, num timesteps 420080, FPS 945 
Last 10 training episodes: mean/median reward 594.0/480.0 min/max reward 310.0/1120.0 dist entropy 1.6, value loss 0.5, action loss 0.1

2023-04-04 04:42:33,970 Updates 5500, num timesteps 440080, FPS 956 
Last 10 training episodes: mean/median reward 696.0/630.0 min/max reward 380.0/1120.0 dist entropy 1.2, value loss 1.8, action loss -0.6

2023-04-04 04:42:49,928 Updates 5750, num timesteps 460080, FPS 966 
Last 10 training episodes: mean/median reward 467.0/420.0 min/max reward 230.0/840.0 dist entropy 1.6, value loss 0.5, action loss -0.4

2023-04-04 04:43:05,838 Updates 6000, num timesteps 480080, FPS 976 
Last 10 training episodes: mean/median reward 401.0/375.0 min/max reward 180.0/630.0 dist entropy 1.8, value loss 0.2, action loss -0.3

2023-04-04 04:43:21,793 Updates 6250, num timesteps 500080, FPS 984 
Last 10 training episodes: mean/median reward 592.0/565.0 min/max reward 270.0/1050.0 dist entropy 1.4, value loss 0.4, action loss -0.1

2023-04-04 04:43:51,940 TEST: 500080, 70.0, 70.0, ['70.0', '70.0', '70.0', '70.0', '70.0', '70.0', '70.0', '70.0', '70.0', '70.0', '70.0', '70.0', '70.0', '70.0', '70.0', '70.0', '70.0', '70.0', '70.0', '70.0', '70.0', '70.0', '70.0', '70.0', '70.0', '70.0', '70.0', '70.0', '70.0', '70.0', '70.0', '70.0', '70.0', '70.0', '70.0', '70.0', '70.0', '70.0', '70.0', '70.0', '70.0', '70.0', '70.0', '70.0', '70.0', '70.0', '70.0', '70.0', '70.0', '70.0', '70.0', '70.0', '70.0', '70.0', '70.0', '70.0', '70.0', '70.0', '70.0', '70.0', '70.0', '70.0', '70.0', '70.0', '70.0', '70.0', '70.0', '70.0', '70.0', '70.0', '70.0', '70.0', '70.0', '70.0', '70.0', '70.0', '70.0', '70.0', '70.0', '70.0', '70.0', '70.0', '70.0', '70.0', '70.0', '70.0', '70.0', '70.0', '70.0', '70.0', '70.0', '70.0', '70.0', '70.0', '70.0', '70.0', '70.0', '70.0', '70.0', '70.0', '70.0']

2023-04-04 04:43:51,941 => saving checkpoint to output/MsPacmanNoFrameskip-v4/a2c/augu1234/seed_2
2023-04-04 04:44:07,460 Updates 6500, num timesteps 520080, FPS 939 
Last 10 training episodes: mean/median reward 719.0/660.0 min/max reward 370.0/1280.0 dist entropy 1.9, value loss 0.4, action loss 0.4

2023-04-04 04:44:23,368 Updates 6750, num timesteps 540080, FPS 948 
Last 10 training episodes: mean/median reward 1107.0/935.0 min/max reward 480.0/2800.0 dist entropy 1.7, value loss 0.2, action loss 0.2

2023-04-04 04:44:39,239 Updates 7000, num timesteps 560080, FPS 957 
Last 10 training episodes: mean/median reward 843.0/770.0 min/max reward 250.0/1630.0 dist entropy 2.0, value loss 0.2, action loss -0.1

2023-04-04 04:44:55,428 Updates 7250, num timesteps 580080, FPS 964 
Last 10 training episodes: mean/median reward 787.0/730.0 min/max reward 370.0/1350.0 dist entropy 1.8, value loss 9.4, action loss 0.3

2023-04-04 04:45:11,468 Updates 7500, num timesteps 600080, FPS 971 
Last 10 training episodes: mean/median reward 573.0/485.0 min/max reward 270.0/1080.0 dist entropy 1.6, value loss 0.3, action loss -0.0

2023-04-04 04:45:48,900 TEST: 600080, 90.0, 90.0, ['90.0', '90.0', '90.0', '90.0', '90.0', '90.0', '90.0', '90.0', '90.0', '90.0', '90.0', '90.0', '90.0', '90.0', '90.0', '90.0', '90.0', '90.0', '90.0', '90.0', '90.0', '90.0', '90.0', '90.0', '90.0', '90.0', '90.0', '90.0', '90.0', '90.0', '90.0', '90.0', '90.0', '90.0', '90.0', '90.0', '90.0', '90.0', '90.0', '90.0', '90.0', '90.0', '90.0', '90.0', '90.0', '90.0', '90.0', '90.0', '90.0', '90.0', '90.0', '90.0', '90.0', '90.0', '90.0', '90.0', '90.0', '90.0', '90.0', '90.0', '90.0', '90.0', '90.0', '90.0', '90.0', '90.0', '90.0', '90.0', '90.0', '90.0', '90.0', '90.0', '90.0', '90.0', '90.0', '90.0', '90.0', '90.0', '90.0', '90.0', '90.0', '90.0', '90.0', '90.0', '90.0', '90.0', '90.0', '90.0', '90.0', '90.0', '90.0', '90.0', '90.0', '90.0', '90.0', '90.0', '90.0', '90.0', '90.0', '90.0']

2023-04-04 04:45:48,901 => saving checkpoint to output/MsPacmanNoFrameskip-v4/a2c/augu1234/seed_2
2023-04-04 04:46:04,638 Updates 7750, num timesteps 620080, FPS 924 
Last 10 training episodes: mean/median reward 630.0/350.0 min/max reward 280.0/1700.0 dist entropy 2.0, value loss 2.7, action loss 0.9

2023-04-04 04:46:19,792 Updates 8000, num timesteps 640080, FPS 933 
Last 10 training episodes: mean/median reward 1028.0/920.0 min/max reward 400.0/1980.0 dist entropy 1.5, value loss 0.4, action loss -0.0

2023-04-04 04:46:34,983 Updates 8250, num timesteps 660080, FPS 941 
Last 10 training episodes: mean/median reward 861.0/1010.0 min/max reward 270.0/1240.0 dist entropy 1.4, value loss 0.5, action loss -0.1

2023-04-04 04:46:50,414 Updates 8500, num timesteps 680080, FPS 949 
Last 10 training episodes: mean/median reward 617.0/555.0 min/max reward 340.0/920.0 dist entropy 1.5, value loss 1.1, action loss 0.8

2023-04-04 04:47:05,798 Updates 8750, num timesteps 700080, FPS 956 
Last 10 training episodes: mean/median reward 947.0/855.0 min/max reward 350.0/2060.0 dist entropy 1.6, value loss 0.2, action loss 0.0

2023-04-04 04:47:36,852 TEST: 700080, 261.9, 300.0, ['300.0', '300.0', '300.0', '300.0', '300.0', '300.0', '300.0', '300.0', '190.0', '190.0', '190.0', '190.0', '210.0', '210.0', '210.0', '210.0', '300.0', '300.0', '300.0', '300.0', '300.0', '300.0', '300.0', '300.0', '300.0', '190.0', '300.0', '190.0', '210.0', '210.0', '210.0', '210.0', '300.0', '300.0', '300.0', '300.0', '300.0', '190.0', '300.0', '300.0', '210.0', '300.0', '300.0', '190.0', '190.0', '300.0', '300.0', '300.0', '300.0', '300.0', '300.0', '190.0', '210.0', '300.0', '300.0', '210.0', '210.0', '300.0', '190.0', '210.0', '210.0', '300.0', '300.0', '190.0', '300.0', '300.0', '300.0', '300.0', '210.0', '300.0', '210.0', '210.0', '300.0', '210.0', '300.0', '210.0', '300.0', '300.0', '210.0', '190.0', '190.0', '300.0', '300.0', '300.0', '210.0', '210.0', '300.0', '300.0', '300.0', '300.0', '300.0', '300.0', '210.0', '300.0', '300.0', '210.0', '300.0', '300.0', '190.0', '300.0']

2023-04-04 04:47:36,854 => saving checkpoint to output/MsPacmanNoFrameskip-v4/a2c/augu1234/seed_2
2023-04-04 04:47:52,368 Updates 9000, num timesteps 720080, FPS 925 
Last 10 training episodes: mean/median reward 739.0/500.0 min/max reward 230.0/2380.0 dist entropy 0.8, value loss 2.7, action loss -0.7

2023-04-04 04:48:08,098 Updates 9250, num timesteps 740080, FPS 931 
Last 10 training episodes: mean/median reward 802.0/665.0 min/max reward 350.0/1950.0 dist entropy 1.5, value loss 0.2, action loss -0.3

2023-04-04 04:48:23,933 Updates 9500, num timesteps 760080, FPS 938 
Last 10 training episodes: mean/median reward 515.0/500.0 min/max reward 270.0/740.0 dist entropy 1.3, value loss 0.4, action loss 0.2

2023-04-04 04:48:39,454 Updates 9750, num timesteps 780080, FPS 945 
Last 10 training episodes: mean/median reward 1107.0/1065.0 min/max reward 230.0/2240.0 dist entropy 1.4, value loss 0.2, action loss -0.4

2023-04-04 04:48:55,620 Updates 10000, num timesteps 800080, FPS 950 
Last 10 training episodes: mean/median reward 718.0/715.0 min/max reward 310.0/1260.0 dist entropy 1.9, value loss 1.7, action loss 1.2

2023-04-04 04:49:26,584 TEST: 800080, 171.2, 220.0, ['220.0', '220.0', '220.0', '220.0', '220.0', '220.0', '220.0', '220.0', '170.0', '170.0', '170.0', '170.0', '170.0', '80.0', '80.0', '80.0', '220.0', '220.0', '220.0', '220.0', '220.0', '170.0', '170.0', '220.0', '80.0', '170.0', '170.0', '80.0', '80.0', '170.0', '170.0', '80.0', '220.0', '80.0', '80.0', '80.0', '220.0', '80.0', '220.0', '80.0', '220.0', '170.0', '80.0', '170.0', '170.0', '170.0', '170.0', '80.0', '220.0', '220.0', '220.0', '170.0', '220.0', '170.0', '170.0', '80.0', '170.0', '220.0', '220.0', '170.0', '220.0', '80.0', '220.0', '170.0', '220.0', '220.0', '220.0', '220.0', '220.0', '170.0', '170.0', '80.0', '170.0', '170.0', '220.0', '170.0', '170.0', '220.0', '80.0', '80.0', '80.0', '170.0', '220.0', '220.0', '220.0', '170.0', '170.0', '220.0', '170.0', '170.0', '170.0', '220.0', '170.0', '170.0', '80.0', '80.0', '220.0', '220.0', '220.0', '220.0']

2023-04-04 04:49:26,585 => saving checkpoint to output/MsPacmanNoFrameskip-v4/a2c/augu1234/seed_2
2023-04-04 04:59:00,055 Updates 10250, num timesteps 820080, FPS 567 
Last 10 training episodes: mean/median reward 929.0/895.0 min/max reward 440.0/1430.0 dist entropy 1.4, value loss 0.9, action loss 0.3
selfsup attention loss 7.58556

2023-04-04 05:08:40,698 Updates 10500, num timesteps 840080, FPS 414 
Last 10 training episodes: mean/median reward 793.0/755.0 min/max reward 390.0/1560.0 dist entropy 1.2, value loss 1.5, action loss 0.1
selfsup attention loss 7.46319

2023-04-04 05:18:04,591 Updates 10750, num timesteps 860080, FPS 332 
Last 10 training episodes: mean/median reward 890.0/740.0 min/max reward 400.0/1520.0 dist entropy 1.8, value loss 0.2, action loss -0.1
selfsup attention loss 7.41773

2023-04-04 05:27:27,655 Updates 11000, num timesteps 880080, FPS 279 
Last 10 training episodes: mean/median reward 749.0/705.0 min/max reward 320.0/1400.0 dist entropy 1.5, value loss 1.9, action loss -0.4
selfsup attention loss 7.39563

2023-04-04 05:36:53,249 Updates 11250, num timesteps 900080, FPS 242 
Last 10 training episodes: mean/median reward 984.0/920.0 min/max reward 440.0/1810.0 dist entropy 1.8, value loss 0.4, action loss 0.4
selfsup attention loss 7.29227

2023-04-04 05:37:22,483 TEST: 900080, 315.6, 430.0, ['210.0', '210.0', '260.0', '260.0', '260.0', '210.0', '210.0', '430.0', '430.0', '430.0', '430.0', '320.0', '320.0', '320.0', '320.0', '320.0', '210.0', '260.0', '210.0', '430.0', '430.0', '430.0', '430.0', '320.0', '260.0', '260.0', '320.0', '320.0', '260.0', '320.0', '320.0', '320.0', '260.0', '210.0', '210.0', '260.0', '260.0', '260.0', '260.0', '260.0', '430.0', '320.0', '260.0', '210.0', '320.0', '320.0', '320.0', '320.0', '210.0', '260.0', '210.0', '260.0', '320.0', '430.0', '430.0', '430.0', '320.0', '320.0', '210.0', '320.0', '430.0', '320.0', '320.0', '430.0', '430.0', '430.0', '210.0', '260.0', '260.0', '430.0', '320.0', '260.0', '320.0', '320.0', '320.0', '320.0', '430.0', '320.0', '430.0', '430.0', '260.0', '210.0', '320.0', '320.0', '430.0', '260.0', '430.0', '320.0', '260.0', '430.0', '430.0', '320.0', '320.0', '320.0', '320.0', '320.0', '210.0', '210.0', '210.0', '430.0']

2023-04-04 05:37:22,485 => saving checkpoint to output/MsPacmanNoFrameskip-v4/a2c/augu1234/seed_2
2023-04-04 05:46:44,567 Updates 11500, num timesteps 920080, FPS 213 
Last 10 training episodes: mean/median reward 532.0/475.0 min/max reward 340.0/950.0 dist entropy 1.4, value loss 0.4, action loss 0.2
selfsup attention loss 7.25196

2023-04-04 05:56:50,183 Updates 11750, num timesteps 940080, FPS 191 
Last 10 training episodes: mean/median reward 1245.0/1120.0 min/max reward 510.0/2410.0 dist entropy 1.5, value loss 0.5, action loss -0.1
selfsup attention loss 7.25137

2023-04-04 06:07:12,938 Updates 12000, num timesteps 960080, FPS 173 
Last 10 training episodes: mean/median reward 903.0/975.0 min/max reward 330.0/1500.0 dist entropy 1.3, value loss 0.8, action loss 0.0
selfsup attention loss 7.16773

2023-04-04 06:17:27,164 Updates 12250, num timesteps 980080, FPS 159 
Last 10 training episodes: mean/median reward 603.0/555.0 min/max reward 330.0/920.0 dist entropy 0.9, value loss 0.7, action loss 0.3
selfsup attention loss 7.15594

2023-04-04 06:27:42,760 Updates 12500, num timesteps 1000080, FPS 147 
Last 10 training episodes: mean/median reward 758.0/765.0 min/max reward 350.0/1110.0 dist entropy 1.2, value loss 0.7, action loss 0.0
selfsup attention loss 7.06980

2023-04-04 06:28:26,036 TEST: 1000080, 426.6, 530.0, ['500.0', '500.0', '500.0', '500.0', '530.0', '530.0', '530.0', '530.0', '360.0', '360.0', '360.0', '360.0', '360.0', '360.0', '360.0', '360.0', '500.0', '500.0', '530.0', '530.0', '530.0', '360.0', '530.0', '360.0', '360.0', '360.0', '360.0', '360.0', '360.0', '360.0', '360.0', '360.0', '500.0', '360.0', '500.0', '360.0', '360.0', '360.0', '360.0', '530.0', '360.0', '360.0', '500.0', '360.0', '360.0', '360.0', '360.0', '360.0', '500.0', '500.0', '360.0', '360.0', '530.0', '530.0', '360.0', '360.0', '360.0', '530.0', '500.0', '360.0', '530.0', '360.0', '530.0', '530.0', '360.0', '500.0', '530.0', '360.0', '530.0', '360.0', '360.0', '360.0', '360.0', '530.0', '530.0', '360.0', '360.0', '360.0', '360.0', '530.0', '360.0', '360.0', '360.0', '530.0', '530.0', '530.0', '500.0', '360.0', '530.0', '360.0', '360.0', '360.0', '500.0', '360.0', '360.0', '360.0', '360.0', '530.0', '500.0', '530.0']

2023-04-04 06:28:26,037 => saving checkpoint to output/MsPacmanNoFrameskip-v4/a2c/augu1234/seed_2
2023-04-04 06:38:24,507 Updates 12750, num timesteps 1020080, FPS 137 
Last 10 training episodes: mean/median reward 745.0/555.0 min/max reward 250.0/2040.0 dist entropy 1.3, value loss 4.3, action loss 0.7
selfsup attention loss 7.07723

2023-04-04 06:48:38,454 Updates 13000, num timesteps 1040080, FPS 129 
Last 10 training episodes: mean/median reward 689.0/540.0 min/max reward 290.0/1200.0 dist entropy 1.5, value loss 0.1, action loss 0.1
selfsup attention loss 7.04518

2023-04-04 06:58:55,943 Updates 13250, num timesteps 1060080, FPS 122 
Last 10 training episodes: mean/median reward 879.0/965.0 min/max reward 240.0/1430.0 dist entropy 1.3, value loss 0.3, action loss 0.0
selfsup attention loss 7.06442

2023-04-04 07:09:14,374 Updates 13500, num timesteps 1080080, FPS 116 
Last 10 training episodes: mean/median reward 669.0/595.0 min/max reward 370.0/1280.0 dist entropy 0.8, value loss 6.6, action loss 0.3
selfsup attention loss 7.07309

2023-04-04 07:19:29,204 Updates 13750, num timesteps 1100080, FPS 111 
Last 10 training episodes: mean/median reward 881.0/850.0 min/max reward 340.0/1430.0 dist entropy 1.5, value loss 1.0, action loss -0.3
selfsup attention loss 6.95120

2023-04-04 07:20:08,480 TEST: 1100080, 599.9, 990.0, ['300.0', '300.0', '300.0', '300.0', '300.0', '490.0', '490.0', '490.0', '490.0', '920.0', '920.0', '920.0', '920.0', '990.0', '990.0', '990.0', '300.0', '300.0', '300.0', '300.0', '490.0', '490.0', '490.0', '990.0', '990.0', '300.0', '300.0', '990.0', '490.0', '920.0', '920.0', '990.0', '300.0', '920.0', '300.0', '300.0', '300.0', '490.0', '300.0', '990.0', '990.0', '990.0', '990.0', '990.0', '990.0', '920.0', '990.0', '920.0', '490.0', '300.0', '300.0', '300.0', '490.0', '920.0', '490.0', '490.0', '300.0', '300.0', '490.0', '300.0', '920.0', '990.0', '920.0', '990.0', '490.0', '490.0', '300.0', '490.0', '300.0', '300.0', '300.0', '300.0', '990.0', '300.0', '990.0', '490.0', '920.0', '490.0', '300.0', '990.0', '490.0', '300.0', '490.0', '300.0', '300.0', '300.0', '490.0', '990.0', '300.0', '490.0', '490.0', '300.0', '990.0', '300.0', '990.0', '920.0', '990.0', '300.0', '490.0', '990.0']

2023-04-04 07:20:08,481 => saving checkpoint to output/MsPacmanNoFrameskip-v4/a2c/augu1234/seed_2
2023-04-04 07:30:10,540 Updates 14000, num timesteps 1120080, FPS 106 
Last 10 training episodes: mean/median reward 598.0/385.0 min/max reward 280.0/1820.0 dist entropy 1.6, value loss 0.4, action loss 0.1
selfsup attention loss 7.04106

2023-04-04 07:40:34,428 Updates 14250, num timesteps 1140080, FPS 102 
Last 10 training episodes: mean/median reward 637.0/560.0 min/max reward 380.0/1050.0 dist entropy 1.4, value loss 1.0, action loss 0.1
selfsup attention loss 6.93488

2023-04-04 07:50:59,180 Updates 14500, num timesteps 1160080, FPS 98 
Last 10 training episodes: mean/median reward 1100.0/1125.0 min/max reward 440.0/2020.0 dist entropy 1.3, value loss 0.3, action loss 0.2
selfsup attention loss 7.02177

2023-04-04 08:01:18,925 Updates 14750, num timesteps 1180080, FPS 95 
Last 10 training episodes: mean/median reward 972.0/930.0 min/max reward 500.0/1600.0 dist entropy 1.5, value loss 0.3, action loss -0.3
selfsup attention loss 6.87092

2023-04-04 08:11:18,170 Updates 15000, num timesteps 1200080, FPS 92 
Last 10 training episodes: mean/median reward 820.0/855.0 min/max reward 390.0/1280.0 dist entropy 1.1, value loss 0.9, action loss -0.3
selfsup attention loss 6.86138

2023-04-04 08:12:02,687 TEST: 1200080, 324.0, 640.0, ['210.0', '210.0', '220.0', '220.0', '210.0', '220.0', '220.0', '220.0', '210.0', '240.0', '240.0', '240.0', '640.0', '640.0', '640.0', '640.0', '220.0', '220.0', '210.0', '220.0', '210.0', '240.0', '240.0', '220.0', '240.0', '220.0', '240.0', '220.0', '640.0', '640.0', '640.0', '640.0', '210.0', '220.0', '210.0', '240.0', '240.0', '220.0', '220.0', '220.0', '210.0', '240.0', '640.0', '220.0', '240.0', '240.0', '240.0', '240.0', '220.0', '210.0', '210.0', '220.0', '220.0', '240.0', '640.0', '240.0', '220.0', '640.0', '640.0', '640.0', '210.0', '640.0', '220.0', '220.0', '220.0', '220.0', '640.0', '640.0', '240.0', '220.0', '640.0', '640.0', '240.0', '640.0', '210.0', '220.0', '220.0', '220.0', '240.0', '640.0', '640.0', '210.0', '640.0', '240.0', '220.0', '640.0', '240.0', '220.0', '220.0', '220.0', '220.0', '220.0', '240.0', '220.0', '220.0', '640.0', '210.0', '210.0', '240.0', '240.0']

2023-04-04 08:12:02,689 => saving checkpoint to output/MsPacmanNoFrameskip-v4/a2c/augu1234/seed_2
2023-04-04 08:22:25,943 Updates 15250, num timesteps 1220080, FPS 89 
Last 10 training episodes: mean/median reward 984.0/1035.0 min/max reward 310.0/1500.0 dist entropy 1.3, value loss 1.1, action loss -0.1
selfsup attention loss 6.89964

2023-04-04 08:32:52,799 Updates 15500, num timesteps 1240080, FPS 86 
Last 10 training episodes: mean/median reward 943.0/805.0 min/max reward 340.0/1660.0 dist entropy 2.1, value loss 0.0, action loss 0.1
selfsup attention loss 6.86201

2023-04-04 08:44:08,956 Updates 15750, num timesteps 1260080, FPS 84 
Last 10 training episodes: mean/median reward 1173.0/1180.0 min/max reward 450.0/2200.0 dist entropy 1.7, value loss 0.3, action loss 0.1
selfsup attention loss 6.86272

2023-04-04 08:55:36,083 Updates 16000, num timesteps 1280080, FPS 81 
Last 10 training episodes: mean/median reward 785.0/800.0 min/max reward 300.0/1220.0 dist entropy 1.1, value loss 6.9, action loss -0.4
selfsup attention loss 6.87131

2023-04-04 09:07:00,941 Updates 16250, num timesteps 1300080, FPS 79 
Last 10 training episodes: mean/median reward 874.0/810.0 min/max reward 390.0/1760.0 dist entropy 1.3, value loss 0.6, action loss -0.2
selfsup attention loss 6.90266

2023-04-04 09:07:49,149 TEST: 1300080, 77.8, 80.0, ['80.0', '80.0', '70.0', '80.0', '70.0', '70.0', '80.0', '80.0', '80.0', '80.0', '80.0', '80.0', '80.0', '80.0', '80.0', '80.0', '80.0', '80.0', '80.0', '80.0', '70.0', '80.0', '80.0', '70.0', '80.0', '70.0', '80.0', '80.0', '70.0', '80.0', '80.0', '80.0', '70.0', '70.0', '70.0', '70.0', '80.0', '80.0', '80.0', '70.0', '80.0', '70.0', '70.0', '80.0', '80.0', '80.0', '80.0', '80.0', '70.0', '80.0', '80.0', '80.0', '80.0', '80.0', '80.0', '80.0', '70.0', '80.0', '80.0', '80.0', '80.0', '80.0', '80.0', '80.0', '80.0', '80.0', '70.0', '80.0', '80.0', '70.0', '70.0', '80.0', '80.0', '80.0', '80.0', '70.0', '80.0', '80.0', '80.0', '80.0', '80.0', '80.0', '80.0', '80.0', '80.0', '80.0', '70.0', '80.0', '70.0', '80.0', '80.0', '80.0', '80.0', '80.0', '80.0', '80.0', '80.0', '80.0', '80.0', '80.0']

2023-04-04 09:07:49,149 => saving checkpoint to output/MsPacmanNoFrameskip-v4/a2c/augu1234/seed_2
2023-04-04 09:19:24,591 Updates 16500, num timesteps 1320080, FPS 77 
Last 10 training episodes: mean/median reward 1043.0/1125.0 min/max reward 560.0/1630.0 dist entropy 1.6, value loss 4.3, action loss 0.0
selfsup attention loss 6.77717

2023-04-04 09:30:49,626 Updates 16750, num timesteps 1340080, FPS 75 
Last 10 training episodes: mean/median reward 829.0/705.0 min/max reward 400.0/1560.0 dist entropy 1.4, value loss 0.2, action loss -0.1
selfsup attention loss 6.75819

2023-04-04 09:42:25,528 Updates 17000, num timesteps 1360080, FPS 73 
Last 10 training episodes: mean/median reward 1164.0/1080.0 min/max reward 560.0/2280.0 dist entropy 1.2, value loss 0.6, action loss 0.1
selfsup attention loss 6.85706

2023-04-04 09:53:47,656 Updates 17250, num timesteps 1380080, FPS 72 
Last 10 training episodes: mean/median reward 798.0/755.0 min/max reward 320.0/1330.0 dist entropy 1.6, value loss 3.0, action loss 0.2
selfsup attention loss 6.69053

2023-04-04 10:05:05,406 Updates 17500, num timesteps 1400080, FPS 70 
Last 10 training episodes: mean/median reward 974.0/905.0 min/max reward 360.0/1650.0 dist entropy 1.3, value loss 0.9, action loss -0.5
selfsup attention loss 6.66216

2023-04-04 10:05:46,084 TEST: 1400080, 181.6, 250.0, ['250.0', '250.0', '250.0', '250.0', '250.0', '130.0', '130.0', '130.0', '130.0', '130.0', '130.0', '130.0', '130.0', '160.0', '160.0', '160.0', '250.0', '250.0', '250.0', '250.0', '160.0', '160.0', '250.0', '250.0', '160.0', '130.0', '130.0', '130.0', '130.0', '130.0', '130.0', '160.0', '250.0', '130.0', '250.0', '250.0', '250.0', '160.0', '130.0', '250.0', '160.0', '160.0', '130.0', '160.0', '160.0', '160.0', '130.0', '160.0', '250.0', '130.0', '250.0', '130.0', '250.0', '130.0', '160.0', '130.0', '250.0', '130.0', '130.0', '250.0', '250.0', '130.0', '130.0', '160.0', '130.0', '130.0', '250.0', '250.0', '130.0', '250.0', '250.0', '250.0', '160.0', '250.0', '160.0', '160.0', '130.0', '130.0', '130.0', '130.0', '250.0', '250.0', '130.0', '130.0', '160.0', '250.0', '250.0', '250.0', '130.0', '250.0', '160.0', '250.0', '130.0', '130.0', '250.0', '160.0', '160.0', '160.0', '250.0', '130.0']

2023-04-04 10:05:46,086 => saving checkpoint to output/MsPacmanNoFrameskip-v4/a2c/augu1234/seed_2
2023-04-04 10:17:15,969 Updates 17750, num timesteps 1420080, FPS 69 
Last 10 training episodes: mean/median reward 1165.0/1115.0 min/max reward 470.0/2390.0 dist entropy 0.9, value loss 1.1, action loss 0.1
selfsup attention loss 6.74657

2023-04-04 10:28:56,484 Updates 18000, num timesteps 1440080, FPS 67 
Last 10 training episodes: mean/median reward 973.0/950.0 min/max reward 530.0/1460.0 dist entropy 1.4, value loss 3.2, action loss 0.2
selfsup attention loss 6.71719

2023-04-04 10:40:32,051 Updates 18250, num timesteps 1460080, FPS 66 
Last 10 training episodes: mean/median reward 989.0/795.0 min/max reward 270.0/2150.0 dist entropy 1.3, value loss 0.4, action loss -0.2
selfsup attention loss 6.61512

2023-04-04 10:51:44,559 Updates 18500, num timesteps 1480080, FPS 65 
Last 10 training episodes: mean/median reward 1061.0/835.0 min/max reward 350.0/3160.0 dist entropy 1.4, value loss 0.4, action loss 0.1
selfsup attention loss 6.64575

2023-04-04 11:03:33,113 Updates 18750, num timesteps 1500080, FPS 64 
Last 10 training episodes: mean/median reward 1127.0/1195.0 min/max reward 330.0/1960.0 dist entropy 1.3, value loss 0.3, action loss -0.2
selfsup attention loss 6.77486

2023-04-04 11:04:11,362 TEST: 1500080, 320.0, 320.0, ['320.0', '320.0', '320.0', '320.0', '320.0', '320.0', '320.0', '320.0', '320.0', '320.0', '320.0', '320.0', '320.0', '320.0', '320.0', '320.0', '320.0', '320.0', '320.0', '320.0', '320.0', '320.0', '320.0', '320.0', '320.0', '320.0', '320.0', '320.0', '320.0', '320.0', '320.0', '320.0', '320.0', '320.0', '320.0', '320.0', '320.0', '320.0', '320.0', '320.0', '320.0', '320.0', '320.0', '320.0', '320.0', '320.0', '320.0', '320.0', '320.0', '320.0', '320.0', '320.0', '320.0', '320.0', '320.0', '320.0', '320.0', '320.0', '320.0', '320.0', '320.0', '320.0', '320.0', '320.0', '320.0', '320.0', '320.0', '320.0', '320.0', '320.0', '320.0', '320.0', '320.0', '320.0', '320.0', '320.0', '320.0', '320.0', '320.0', '320.0', '320.0', '320.0', '320.0', '320.0', '320.0', '320.0', '320.0', '320.0', '320.0', '320.0', '320.0', '320.0', '320.0', '320.0', '320.0', '320.0', '320.0', '320.0', '320.0', '320.0', '320.0']

2023-04-04 11:04:11,364 => saving checkpoint to output/MsPacmanNoFrameskip-v4/a2c/augu1234/seed_2
2023-04-04 11:15:53,061 Updates 19000, num timesteps 1520080, FPS 63 
Last 10 training episodes: mean/median reward 646.0/535.0 min/max reward 380.0/1130.0 dist entropy 1.6, value loss 0.6, action loss -0.6
selfsup attention loss 6.50117

2023-04-04 11:27:44,415 Updates 19250, num timesteps 1540080, FPS 62 
Last 10 training episodes: mean/median reward 995.0/930.0 min/max reward 360.0/2130.0 dist entropy 1.0, value loss 0.5, action loss 0.1
selfsup attention loss 6.65539

2023-04-04 11:39:31,781 Updates 19500, num timesteps 1560080, FPS 61 
Last 10 training episodes: mean/median reward 998.0/830.0 min/max reward 560.0/2030.0 dist entropy 1.1, value loss 0.6, action loss 0.2
selfsup attention loss 6.84885

2023-04-04 11:50:40,213 Updates 19750, num timesteps 1580080, FPS 60 
Last 10 training episodes: mean/median reward 676.0/610.0 min/max reward 210.0/1710.0 dist entropy 1.7, value loss 0.3, action loss -0.2
selfsup attention loss 6.60846

2023-04-04 12:02:29,250 Updates 20000, num timesteps 1600080, FPS 59 
Last 10 training episodes: mean/median reward 861.0/845.0 min/max reward 300.0/1560.0 dist entropy 1.7, value loss 3.0, action loss 0.3
selfsup attention loss 6.64758

2023-04-04 12:03:09,931 TEST: 1600080, 347.9, 440.0, ['400.0', '400.0', '400.0', '400.0', '400.0', '140.0', '140.0', '140.0', '140.0', '440.0', '440.0', '440.0', '440.0', '430.0', '430.0', '430.0', '400.0', '400.0', '400.0', '400.0', '140.0', '140.0', '140.0', '440.0', '440.0', '430.0', '430.0', '400.0', '400.0', '430.0', '140.0', '430.0', '400.0', '440.0', '400.0', '400.0', '400.0', '440.0', '140.0', '400.0', '430.0', '430.0', '430.0', '430.0', '430.0', '430.0', '440.0', '430.0', '140.0', '400.0', '400.0', '400.0', '140.0', '440.0', '440.0', '140.0', '140.0', '400.0', '400.0', '400.0', '440.0', '140.0', '430.0', '140.0', '140.0', '430.0', '400.0', '140.0', '400.0', '400.0', '400.0', '400.0', '400.0', '140.0', '430.0', '400.0', '440.0', '430.0', '140.0', '140.0', '400.0', '140.0', '430.0', '400.0', '400.0', '400.0', '140.0', '140.0', '430.0', '400.0', '400.0', '430.0', '140.0', '140.0', '400.0', '430.0', '430.0', '400.0', '440.0', '440.0']

2023-04-04 12:03:09,933 => saving checkpoint to output/MsPacmanNoFrameskip-v4/a2c/augu1234/seed_2
2023-04-04 12:14:37,776 Updates 20250, num timesteps 1620080, FPS 58 
Last 10 training episodes: mean/median reward 756.0/740.0 min/max reward 390.0/1390.0 dist entropy 1.7, value loss 0.6, action loss -0.0
selfsup attention loss 6.46335

2023-04-04 12:26:06,443 Updates 20500, num timesteps 1640080, FPS 58 
Last 10 training episodes: mean/median reward 1156.0/1095.0 min/max reward 560.0/2240.0 dist entropy 1.5, value loss 0.4, action loss -0.4
selfsup attention loss 6.60786

2023-04-04 12:37:30,539 Updates 20750, num timesteps 1660080, FPS 57 
Last 10 training episodes: mean/median reward 1177.0/1000.0 min/max reward 720.0/1950.0 dist entropy 1.2, value loss 0.3, action loss -0.1
selfsup attention loss 6.71523

2023-04-04 12:48:40,229 Updates 21000, num timesteps 1680080, FPS 56 
Last 10 training episodes: mean/median reward 993.0/985.0 min/max reward 490.0/1500.0 dist entropy 1.1, value loss 3.8, action loss -0.1
selfsup attention loss 6.58248

2023-04-04 13:00:12,448 Updates 21250, num timesteps 1700080, FPS 56 
Last 10 training episodes: mean/median reward 1123.0/1060.0 min/max reward 460.0/2320.0 dist entropy 1.2, value loss 0.4, action loss 0.1
selfsup attention loss 6.48498

2023-04-04 13:00:59,303 TEST: 1700080, 541.8, 680.0, ['320.0', '320.0', '320.0', '320.0', '320.0', '660.0', '660.0', '660.0', '680.0', '680.0', '680.0', '680.0', '680.0', '680.0', '680.0', '680.0', '320.0', '320.0', '660.0', '660.0', '320.0', '320.0', '660.0', '320.0', '320.0', '680.0', '680.0', '680.0', '680.0', '660.0', '680.0', '680.0', '320.0', '320.0', '320.0', '320.0', '660.0', '680.0', '680.0', '320.0', '660.0', '660.0', '660.0', '660.0', '660.0', '660.0', '680.0', '680.0', '320.0', '680.0', '320.0', '320.0', '680.0', '680.0', '680.0', '680.0', '680.0', '320.0', '320.0', '660.0', '320.0', '680.0', '660.0', '680.0', '320.0', '680.0', '680.0', '320.0', '660.0', '680.0', '320.0', '320.0', '320.0', '660.0', '680.0', '660.0', '320.0', '680.0', '680.0', '320.0', '320.0', '660.0', '680.0', '320.0', '320.0', '320.0', '660.0', '680.0', '320.0', '680.0', '680.0', '680.0', '680.0', '320.0', '320.0', '660.0', '660.0', '320.0', '660.0', '660.0']

2023-04-04 13:00:59,304 => saving checkpoint to output/MsPacmanNoFrameskip-v4/a2c/augu1234/seed_2
2023-04-04 13:12:38,865 Updates 21500, num timesteps 1720080, FPS 55 
Last 10 training episodes: mean/median reward 821.0/745.0 min/max reward 420.0/1300.0 dist entropy 1.5, value loss 0.7, action loss 0.6
selfsup attention loss 6.43833

2023-04-04 13:24:15,582 Updates 21750, num timesteps 1740080, FPS 54 
Last 10 training episodes: mean/median reward 1115.0/1075.0 min/max reward 620.0/1820.0 dist entropy 1.2, value loss 0.5, action loss -0.3
selfsup attention loss 6.48324

2023-04-04 13:35:34,120 Updates 22000, num timesteps 1760080, FPS 54 
Last 10 training episodes: mean/median reward 804.0/765.0 min/max reward 390.0/1560.0 dist entropy 1.1, value loss 0.5, action loss -0.1
selfsup attention loss 6.47870

2023-04-04 13:46:58,149 Updates 22250, num timesteps 1780080, FPS 53 
Last 10 training episodes: mean/median reward 911.0/765.0 min/max reward 290.0/2410.0 dist entropy 1.3, value loss 0.4, action loss -0.1
selfsup attention loss 6.56600

2023-04-04 13:58:11,156 Updates 22500, num timesteps 1800080, FPS 53 
Last 10 training episodes: mean/median reward 915.0/895.0 min/max reward 350.0/1940.0 dist entropy 1.6, value loss 0.3, action loss 0.1
selfsup attention loss 6.50311

2023-04-04 13:58:52,298 TEST: 1800080, 70.0, 70.0, ['70.0', '70.0', '70.0', '70.0', '70.0', '70.0', '70.0', '70.0', '70.0', '70.0', '70.0', '70.0', '70.0', '70.0', '70.0', '70.0', '70.0', '70.0', '70.0', '70.0', '70.0', '70.0', '70.0', '70.0', '70.0', '70.0', '70.0', '70.0', '70.0', '70.0', '70.0', '70.0', '70.0', '70.0', '70.0', '70.0', '70.0', '70.0', '70.0', '70.0', '70.0', '70.0', '70.0', '70.0', '70.0', '70.0', '70.0', '70.0', '70.0', '70.0', '70.0', '70.0', '70.0', '70.0', '70.0', '70.0', '70.0', '70.0', '70.0', '70.0', '70.0', '70.0', '70.0', '70.0', '70.0', '70.0', '70.0', '70.0', '70.0', '70.0', '70.0', '70.0', '70.0', '70.0', '70.0', '70.0', '70.0', '70.0', '70.0', '70.0', '70.0', '70.0', '70.0', '70.0', '70.0', '70.0', '70.0', '70.0', '70.0', '70.0', '70.0', '70.0', '70.0', '70.0', '70.0', '70.0', '70.0', '70.0', '70.0', '70.0', '70.0']

2023-04-04 13:58:52,300 => saving checkpoint to output/MsPacmanNoFrameskip-v4/a2c/augu1234/seed_2
2023-04-04 14:10:00,004 Updates 22750, num timesteps 1820080, FPS 52 
Last 10 training episodes: mean/median reward 985.0/910.0 min/max reward 430.0/1690.0 dist entropy 1.2, value loss 0.9, action loss 0.5
selfsup attention loss 6.45778

2023-04-04 14:21:23,391 Updates 23000, num timesteps 1840080, FPS 52 
Last 10 training episodes: mean/median reward 1582.0/1415.0 min/max reward 530.0/3720.0 dist entropy 1.5, value loss 0.3, action loss 0.0
selfsup attention loss 6.41442

2023-04-04 14:32:37,659 Updates 23250, num timesteps 1860080, FPS 51 
Last 10 training episodes: mean/median reward 1115.0/1180.0 min/max reward 640.0/1670.0 dist entropy 1.4, value loss 5.5, action loss 0.3
selfsup attention loss 6.44176

2023-04-04 14:43:09,414 Updates 23500, num timesteps 1880080, FPS 51 
Last 10 training episodes: mean/median reward 950.0/900.0 min/max reward 490.0/1500.0 dist entropy 1.0, value loss 0.7, action loss 0.1
selfsup attention loss 6.36500

2023-04-04 14:53:30,858 Updates 23750, num timesteps 1900080, FPS 51 
Last 10 training episodes: mean/median reward 1178.0/1015.0 min/max reward 260.0/2190.0 dist entropy 1.3, value loss 1.1, action loss 0.0
selfsup attention loss 6.57484

2023-04-04 14:53:56,544 TEST: 1900080, 210.0, 210.0, ['210.0', '210.0', '210.0', '210.0', '210.0', '210.0', '210.0', '210.0', '210.0', '210.0', '210.0', '210.0', '210.0', '210.0', '210.0', '210.0', '210.0', '210.0', '210.0', '210.0', '210.0', '210.0', '210.0', '210.0', '210.0', '210.0', '210.0', '210.0', '210.0', '210.0', '210.0', '210.0', '210.0', '210.0', '210.0', '210.0', '210.0', '210.0', '210.0', '210.0', '210.0', '210.0', '210.0', '210.0', '210.0', '210.0', '210.0', '210.0', '210.0', '210.0', '210.0', '210.0', '210.0', '210.0', '210.0', '210.0', '210.0', '210.0', '210.0', '210.0', '210.0', '210.0', '210.0', '210.0', '210.0', '210.0', '210.0', '210.0', '210.0', '210.0', '210.0', '210.0', '210.0', '210.0', '210.0', '210.0', '210.0', '210.0', '210.0', '210.0', '210.0', '210.0', '210.0', '210.0', '210.0', '210.0', '210.0', '210.0', '210.0', '210.0', '210.0', '210.0', '210.0', '210.0', '210.0', '210.0', '210.0', '210.0', '210.0', '210.0', '210.0']

2023-04-04 14:53:56,545 => saving checkpoint to output/MsPacmanNoFrameskip-v4/a2c/augu1234/seed_2
2023-04-04 15:03:44,895 Updates 24000, num timesteps 1920080, FPS 50 
Last 10 training episodes: mean/median reward 1134.0/1030.0 min/max reward 440.0/2120.0 dist entropy 1.3, value loss 0.3, action loss -0.2
selfsup attention loss 6.33074

2023-04-04 15:13:30,141 Updates 24250, num timesteps 1940080, FPS 50 
Last 10 training episodes: mean/median reward 1071.0/950.0 min/max reward 610.0/2090.0 dist entropy 1.5, value loss 0.4, action loss 0.1
selfsup attention loss 6.50794

2023-04-04 15:23:03,502 Updates 24500, num timesteps 1960080, FPS 50 
Last 10 training episodes: mean/median reward 1150.0/1095.0 min/max reward 610.0/1880.0 dist entropy 1.5, value loss 0.5, action loss -0.0
selfsup attention loss 6.36232

2023-04-04 15:32:41,058 Updates 24750, num timesteps 1980080, FPS 50 
Last 10 training episodes: mean/median reward 1170.0/1125.0 min/max reward 460.0/2380.0 dist entropy 1.5, value loss 0.4, action loss 0.3
selfsup attention loss 6.38348

2023-04-04 15:42:17,213 Updates 25000, num timesteps 2000080, FPS 49 
Last 10 training episodes: mean/median reward 1016.0/930.0 min/max reward 450.0/1920.0 dist entropy 1.1, value loss 0.8, action loss -0.0
selfsup attention loss 6.41640

