2023-04-06 20:09:03,483 Namespace(TEST_MODEL_FILE=None, cfg='experiments/atari/time_top.yaml', eval_only=False, render=False, seed=2)
2023-04-06 20:09:03,484 {'AUTO_RESUME': False,
 'CUDNN': {'BENCHMARK': True, 'DETERMINISTIC': False, 'ENABLED': True},
 'DATASET': {'BRIGHTNESS_FACTOR': 0.0,
             'COLOR_RGB': True,
             'CONTRAST_FACTOR': 0.0,
             'DATASET': 'mpii',
             'GRAYSCALE': True,
             'HISTORY_INPUT': False,
             'HUE_FACTOR': 0.0,
             'HYBRID': False,
             'ROOT': '',
             'SAMPLE_2_FRAME': False,
             'SAMPLE_2_FRAME_OFFSET': 0,
             'SAMPLE_STEP': 1,
             'SAT_FACTOR': 0.0,
             'TEST_SET': 'valid',
             'TRAIN_SET': 'train',
             'TRANSFORM': False},
 'DATA_DIR': '',
 'DEBUG': {'DEBUG': False},
 'GPUS': '2',
 'LOG_DIR': 'log',
 'MODEL': {'HEATMAP_SIZE': [64, 64],
           'IGNORE_BACKGROUND': False,
           'IMAGE_SIZE': array([84, 84]),
           'INIT_WEIGHTS': True,
           'NAME': 'a2c',
           'PRETRAINED': '',
           'SIGMA': 1},
 'MODEL_FILE': '',
 'OUTPUT_DIR': 'output',
 'PIN_MEMORY': True,
 'PRINT_FREQ': 100,
 'RESUME': False,
 'SELFSUP_ATTENTION': {'AUTOENCODER_LOSS': True,
                       'BLOCK_IMAGE_FEAT_GRADIENT': False,
                       'DECODER_WITH_SIGMOID': True,
                       'GAUSS_STD': 0.1,
                       'HEATMAP_SPARSITY_LOSS': True,
                       'HEATMAP_SPARSITY_LOSS_WEIGHT': 0.001,
                       'KEYPOINTER_CLS_AGNOSTIC': True,
                       'NUM_KEYPOINTS': 7,
                       'RECONSTRUCT_LOSS_THRESHOLD': 0.01,
                       'SHARE_PARAMETERS': False,
                       'USE_INSTANCE_NORM': False,
                       'USE_LAYER_NORM': False},
 'TEST': {'BATCH_SIZE_PER_GPU': 32, 'MODEL_FILE': ''},
 'TRAIN': {'BATCH_SIZE_PER_GPU': 32,
           'BEGIN_EPOCH': 0,
           'CHECKPOINT': '',
           'END_EPOCH': 140,
           'GAMMA1': 0.99,
           'GAMMA2': 0.0,
           'LR': 0.001,
           'LR_FACTOR': 0.1,
           'LR_STEP': [90, 110],
           'MOMENTUM': 0.9,
           'NESTEROV': False,
           'OPTIMIZER': 'adam',
           'RESUME': False,
           'SHUFFLE': True,
           'WD': 0.0001},
 'WORKERS': 4,
 'algo': 'a2c',
 'alpha': 0.99,
 'block_selfsup_attention_grad': False,
 'bottom_up_downsample_mask': False,
 'bottom_up_downsample_mask_stride1': False,
 'bottom_up_form_num_of_objects': 10,
 'bottom_up_form_objects': False,
 'cuda': True,
 'cuda_deterministic': False,
 'entropy_coef': 0.01,
 'env_name': 'TimePilotNoFrameskip-v4',
 'env_num': 3,
 'eps': 1e-05,
 'eval_interval': 1250,
 'feat_add_selfsup_attention': True,
 'feat_from_selfsup_attention': False,
 'feat_mul_selfsup_attention_mask': True,
 'feat_mul_selfsup_attention_mask_residual': False,
 'feat_pool_with_selfsup_attention': False,
 'fix_feature': False,
 'gae_lambda': 0.95,
 'gail': False,
 'gail_batch_size': 128,
 'gail_epoch': 5,
 'gail_experts_dir': './gail_experts',
 'gamma': 0.99,
 'gaussian_std': 0.1,
 'hidden_size': 512,
 'log_interval': 250,
 'lr': 0.0007,
 'mask_threshold': -1.0,
 'max_grad_norm': 0.5,
 'no_cuda': False,
 'num_env_steps': 10000000,
 'num_processes': 16,
 'num_steps': 5,
 'ppo_epoch': 4,
 'recurrent_policy': False,
 'resized_size': 84,
 'save_dir': './trained_models/',
 'save_interval': 1250,
 'seed': 2,
 'selfsup_attention_feat_load_pretrained': True,
 'selfsup_attention_feat_masked': True,
 'selfsup_attention_feat_masked_residual': False,
 'selfsup_attention_fix': False,
 'selfsup_attention_fix_keypointer': False,
 'selfsup_attention_image_feat_only': False,
 'selfsup_attention_keyp_maps_pool': True,
 'selfsup_attention_multiframe': False,
 'selfsup_attention_pretrain': '',
 'sep_bg_fg_feat': False,
 'temperature': 0.07,
 'train_selfsup_attention': False,
 'train_selfsup_attention_batch_size': 256,
 'train_selfsup_attention_buffer_size': 10000,
 'use_gae': False,
 'use_layer_norm': False,
 'use_linear_lr_decay': False,
 'use_proper_time_limits': False,
 'value_loss_coef': 0.5,
 'weight_decay': 0.0}
2023-04-06 20:09:25,280 Updates 250, num timesteps 20080, FPS 1173 
Last 3 training episodes: mean/median reward 733.3/700.0 min/max reward 600.0/900.0 dist entropy 2.3, value loss 0.0, action loss 0.0

2023-04-06 20:09:41,133 Updates 500, num timesteps 40080, FPS 1216 
Last 10 training episodes: mean/median reward 3550.0/4100.0 min/max reward 600.0/4400.0 dist entropy 2.3, value loss 0.0, action loss -0.0

2023-04-06 20:09:57,566 Updates 750, num timesteps 60080, FPS 1216 
Last 10 training episodes: mean/median reward 4000.0/4200.0 min/max reward 700.0/8200.0 dist entropy 2.3, value loss 0.1, action loss 0.2

2023-04-06 20:10:15,388 Updates 1000, num timesteps 80080, FPS 1191 
Last 10 training episodes: mean/median reward 4160.0/4150.0 min/max reward 600.0/7700.0 dist entropy 2.3, value loss 0.0, action loss -0.1

2023-04-06 20:10:33,666 Updates 1250, num timesteps 100080, FPS 1170 
Last 10 training episodes: mean/median reward 2800.0/4050.0 min/max reward 600.0/4400.0 dist entropy 2.3, value loss 0.1, action loss 0.1

2023-04-06 20:12:48,700 TEST: 100080, 418.81188118811883, 600.0, ['600.0', '600.0', '600.0', '500.0', '500.0', '500.0', '500.0', '500.0', '500.0', '500.0', '500.0', '500.0', '500.0', '500.0', '500.0', '500.0', '400.0', '400.0', '400.0', '400.0', '400.0', '400.0', '400.0', '400.0', '400.0', '400.0', '400.0', '400.0', '400.0', '400.0', '400.0', '400.0', '400.0', '400.0', '400.0', '400.0', '400.0', '400.0', '400.0', '400.0', '400.0', '400.0', '400.0', '400.0', '400.0', '400.0', '400.0', '400.0', '400.0', '400.0', '400.0', '400.0', '400.0', '400.0', '400.0', '400.0', '400.0', '400.0', '400.0', '400.0', '400.0', '400.0', '400.0', '400.0', '400.0', '400.0', '400.0', '400.0', '400.0', '400.0', '400.0', '400.0', '400.0', '400.0', '400.0', '400.0', '400.0', '400.0', '400.0', '400.0', '400.0', '400.0', '400.0', '400.0', '400.0', '400.0', '400.0', '400.0', '400.0', '400.0', '400.0', '400.0', '400.0', '400.0', '400.0', '400.0', '400.0', '400.0', '400.0', '400.0', '400.0']

2023-04-06 20:12:48,707 => saving checkpoint to output/TimePilotNoFrameskip-v4/a2c/time_top/seed_2
2023-04-06 20:13:08,961 Updates 1500, num timesteps 120080, FPS 498 
Last 10 training episodes: mean/median reward 1840.0/900.0 min/max reward 700.0/4800.0 dist entropy 2.3, value loss 0.1, action loss 0.1

2023-04-06 20:13:27,821 Updates 1750, num timesteps 140080, FPS 539 
Last 10 training episodes: mean/median reward 3280.0/4000.0 min/max reward 800.0/4600.0 dist entropy 2.3, value loss 0.0, action loss -0.0

2023-04-06 20:13:45,865 Updates 2000, num timesteps 160080, FPS 576 
Last 10 training episodes: mean/median reward 3180.0/4000.0 min/max reward 600.0/7700.0 dist entropy 2.3, value loss 0.0, action loss -0.1

2023-04-06 20:14:03,168 Updates 2250, num timesteps 180080, FPS 610 
Last 10 training episodes: mean/median reward 3570.0/4150.0 min/max reward 900.0/4700.0 dist entropy 2.3, value loss 0.0, action loss -0.1

2023-04-06 20:14:21,362 Updates 2500, num timesteps 200080, FPS 638 
Last 10 training episodes: mean/median reward 2200.0/1100.0 min/max reward 400.0/4600.0 dist entropy 2.3, value loss 0.1, action loss 0.1

2023-04-06 20:16:18,508 TEST: 200080, 487.0, 500.0, ['400.0', '400.0', '400.0', '400.0', '400.0', '400.0', '400.0', '400.0', '400.0', '400.0', '400.0', '400.0', '400.0', '500.0', '500.0', '500.0', '500.0', '500.0', '500.0', '500.0', '500.0', '500.0', '500.0', '500.0', '500.0', '500.0', '500.0', '500.0', '500.0', '500.0', '500.0', '500.0', '500.0', '500.0', '500.0', '500.0', '500.0', '500.0', '500.0', '500.0', '500.0', '500.0', '500.0', '500.0', '500.0', '500.0', '500.0', '500.0', '500.0', '500.0', '500.0', '500.0', '500.0', '500.0', '500.0', '500.0', '500.0', '500.0', '500.0', '500.0', '500.0', '500.0', '500.0', '500.0', '500.0', '500.0', '500.0', '500.0', '500.0', '500.0', '500.0', '500.0', '500.0', '500.0', '500.0', '500.0', '500.0', '500.0', '500.0', '500.0', '500.0', '500.0', '500.0', '500.0', '500.0', '500.0', '500.0', '500.0', '500.0', '500.0', '500.0', '500.0', '500.0', '500.0', '500.0', '500.0', '500.0', '500.0', '500.0', '500.0']

2023-04-06 20:16:18,509 => saving checkpoint to output/TimePilotNoFrameskip-v4/a2c/time_top/seed_2
2023-04-06 20:16:38,947 Updates 2750, num timesteps 220080, FPS 488 
Last 10 training episodes: mean/median reward 2930.0/3900.0 min/max reward 600.0/4600.0 dist entropy 2.3, value loss 0.1, action loss 0.1

2023-04-06 20:16:58,323 Updates 3000, num timesteps 240080, FPS 510 
Last 10 training episodes: mean/median reward 3350.0/2550.0 min/max reward 600.0/11800.0 dist entropy 2.3, value loss 0.0, action loss -0.1

2023-04-06 20:17:17,504 Updates 3250, num timesteps 260080, FPS 531 
Last 10 training episodes: mean/median reward 2620.0/2550.0 min/max reward 700.0/5000.0 dist entropy 2.3, value loss 0.0, action loss 0.0

2023-04-06 20:17:36,357 Updates 3500, num timesteps 280080, FPS 551 
Last 10 training episodes: mean/median reward 3060.0/4100.0 min/max reward 600.0/5200.0 dist entropy 2.3, value loss 0.0, action loss -0.0

2023-04-06 20:17:55,295 Updates 3750, num timesteps 300080, FPS 569 
Last 10 training episodes: mean/median reward 3260.0/4000.0 min/max reward 800.0/8000.0 dist entropy 2.3, value loss 0.1, action loss 0.1

2023-04-06 20:19:29,154 TEST: 300080, 454.0, 500.0, ['400.0', '400.0', '400.0', '300.0', '300.0', '300.0', '300.0', '300.0', '300.0', '300.0', '300.0', '300.0', '400.0', '400.0', '400.0', '400.0', '400.0', '400.0', '400.0', '400.0', '500.0', '500.0', '500.0', '500.0', '500.0', '500.0', '500.0', '500.0', '500.0', '500.0', '500.0', '500.0', '400.0', '500.0', '400.0', '500.0', '400.0', '400.0', '400.0', '400.0', '400.0', '500.0', '500.0', '500.0', '500.0', '500.0', '500.0', '500.0', '500.0', '400.0', '400.0', '500.0', '500.0', '500.0', '500.0', '500.0', '500.0', '500.0', '500.0', '500.0', '500.0', '500.0', '500.0', '500.0', '400.0', '400.0', '500.0', '500.0', '400.0', '500.0', '500.0', '500.0', '500.0', '500.0', '500.0', '500.0', '500.0', '500.0', '500.0', '400.0', '500.0', '500.0', '500.0', '500.0', '400.0', '500.0', '500.0', '500.0', '500.0', '500.0', '500.0', '500.0', '400.0', '500.0', '500.0', '500.0', '500.0', '500.0', '400.0', '400.0']

2023-04-06 20:19:29,155 => saving checkpoint to output/TimePilotNoFrameskip-v4/a2c/time_top/seed_2
2023-04-06 20:19:49,253 Updates 4000, num timesteps 320080, FPS 499 
Last 10 training episodes: mean/median reward 3000.0/4050.0 min/max reward 700.0/5000.0 dist entropy 2.3, value loss 0.0, action loss 0.0

2023-04-06 20:20:08,339 Updates 4250, num timesteps 340080, FPS 515 
Last 10 training episodes: mean/median reward 3150.0/4250.0 min/max reward 700.0/5400.0 dist entropy 2.3, value loss 0.0, action loss 0.0

2023-04-06 20:20:26,898 Updates 4500, num timesteps 360080, FPS 530 
Last 10 training episodes: mean/median reward 2390.0/2300.0 min/max reward 500.0/4500.0 dist entropy 2.3, value loss 0.0, action loss 0.0

2023-04-06 20:20:45,504 Updates 4750, num timesteps 380080, FPS 545 
Last 10 training episodes: mean/median reward 4160.0/4300.0 min/max reward 900.0/8300.0 dist entropy 2.3, value loss 0.1, action loss 0.1

2023-04-06 20:21:04,116 Updates 5000, num timesteps 400080, FPS 558 
Last 10 training episodes: mean/median reward 3060.0/4100.0 min/max reward 600.0/4900.0 dist entropy 2.3, value loss 0.0, action loss -0.0

