2023-04-06 19:51:40,903 Namespace(TEST_MODEL_FILE=None, cfg='experiments/atari/time_top.yaml', eval_only=False, render=False, seed=2)
2023-04-06 19:51:40,905 {'AUTO_RESUME': False,
 'CUDNN': {'BENCHMARK': True, 'DETERMINISTIC': False, 'ENABLED': True},
 'DATASET': {'BRIGHTNESS_FACTOR': 0.0,
             'COLOR_RGB': True,
             'CONTRAST_FACTOR': 0.0,
             'DATASET': 'mpii',
             'GRAYSCALE': True,
             'HISTORY_INPUT': False,
             'HUE_FACTOR': 0.0,
             'HYBRID': False,
             'ROOT': '',
             'SAMPLE_2_FRAME': False,
             'SAMPLE_2_FRAME_OFFSET': 0,
             'SAMPLE_STEP': 1,
             'SAT_FACTOR': 0.0,
             'TEST_SET': 'valid',
             'TRAIN_SET': 'train',
             'TRANSFORM': False},
 'DATA_DIR': '',
 'DEBUG': {'DEBUG': False},
 'GPUS': '2',
 'LOG_DIR': 'log',
 'MODEL': {'HEATMAP_SIZE': [64, 64],
           'IGNORE_BACKGROUND': False,
           'IMAGE_SIZE': array([84, 84]),
           'INIT_WEIGHTS': True,
           'NAME': 'a2c',
           'PRETRAINED': '',
           'SIGMA': 1},
 'MODEL_FILE': '',
 'OUTPUT_DIR': 'output',
 'PIN_MEMORY': True,
 'PRINT_FREQ': 100,
 'RESUME': False,
 'SELFSUP_ATTENTION': {'AUTOENCODER_LOSS': True,
                       'BLOCK_IMAGE_FEAT_GRADIENT': False,
                       'DECODER_WITH_SIGMOID': True,
                       'GAUSS_STD': 0.1,
                       'HEATMAP_SPARSITY_LOSS': True,
                       'HEATMAP_SPARSITY_LOSS_WEIGHT': 0.001,
                       'KEYPOINTER_CLS_AGNOSTIC': True,
                       'NUM_KEYPOINTS': 7,
                       'RECONSTRUCT_LOSS_THRESHOLD': 0.01,
                       'SHARE_PARAMETERS': False,
                       'USE_INSTANCE_NORM': False,
                       'USE_LAYER_NORM': False},
 'TEST': {'BATCH_SIZE_PER_GPU': 32, 'MODEL_FILE': ''},
 'TRAIN': {'BATCH_SIZE_PER_GPU': 32,
           'BEGIN_EPOCH': 0,
           'CHECKPOINT': '',
           'END_EPOCH': 140,
           'GAMMA1': 0.99,
           'GAMMA2': 0.0,
           'LR': 0.001,
           'LR_FACTOR': 0.1,
           'LR_STEP': [90, 110],
           'MOMENTUM': 0.9,
           'NESTEROV': False,
           'OPTIMIZER': 'adam',
           'RESUME': False,
           'SHUFFLE': True,
           'WD': 0.0001},
 'WORKERS': 4,
 'algo': 'a2c',
 'alpha': 0.99,
 'block_selfsup_attention_grad': False,
 'bottom_up_downsample_mask': False,
 'bottom_up_downsample_mask_stride1': False,
 'bottom_up_form_num_of_objects': 10,
 'bottom_up_form_objects': False,
 'cuda': True,
 'cuda_deterministic': False,
 'entropy_coef': 0.01,
 'env_name': 'TimePilotNoFrameskip-v4',
 'env_num': 3,
 'eps': 1e-05,
 'eval_interval': 1250,
 'feat_add_selfsup_attention': True,
 'feat_from_selfsup_attention': False,
 'feat_mul_selfsup_attention_mask': True,
 'feat_mul_selfsup_attention_mask_residual': False,
 'feat_pool_with_selfsup_attention': False,
 'fix_feature': False,
 'gae_lambda': 0.95,
 'gail': False,
 'gail_batch_size': 128,
 'gail_epoch': 5,
 'gail_experts_dir': './gail_experts',
 'gamma': 0.99,
 'gaussian_std': 0.1,
 'hidden_size': 512,
 'log_interval': 250,
 'lr': 0.0007,
 'mask_threshold': -1.0,
 'max_grad_norm': 0.5,
 'no_cuda': False,
 'num_env_steps': 10000000,
 'num_processes': 16,
 'num_steps': 5,
 'ppo_epoch': 4,
 'recurrent_policy': False,
 'resized_size': 84,
 'save_dir': './trained_models/',
 'save_interval': 1250,
 'seed': 2,
 'selfsup_attention_feat_load_pretrained': True,
 'selfsup_attention_feat_masked': True,
 'selfsup_attention_feat_masked_residual': False,
 'selfsup_attention_fix': False,
 'selfsup_attention_fix_keypointer': False,
 'selfsup_attention_image_feat_only': False,
 'selfsup_attention_keyp_maps_pool': True,
 'selfsup_attention_multiframe': False,
 'selfsup_attention_pretrain': '',
 'sep_bg_fg_feat': False,
 'temperature': 0.07,
 'train_selfsup_attention': False,
 'train_selfsup_attention_batch_size': 256,
 'train_selfsup_attention_buffer_size': 10000,
 'use_gae': False,
 'use_layer_norm': False,
 'use_linear_lr_decay': False,
 'use_proper_time_limits': False,
 'value_loss_coef': 0.5,
 'weight_decay': 0.0}
2023-04-06 19:52:07,767 Updates 500, num timesteps 40080, FPS 1732 
Last 10 training episodes: mean/median reward 3900.0/4250.0 min/max reward 1000.0/4500.0 dist entropy 2.3, value loss 0.1, action loss 0.3

2023-04-06 19:52:21,185 Updates 750, num timesteps 60080, FPS 1643 
Last 10 training episodes: mean/median reward 3490.0/4450.0 min/max reward 600.0/5100.0 dist entropy 2.3, value loss 0.1, action loss 0.1

2023-04-06 19:52:36,124 Updates 1000, num timesteps 80080, FPS 1555 
Last 10 training episodes: mean/median reward 3650.0/4300.0 min/max reward 400.0/4800.0 dist entropy 2.3, value loss 0.0, action loss -0.0

2023-04-06 19:52:50,899 Updates 1250, num timesteps 100080, FPS 1510 
Last 10 training episodes: mean/median reward 3240.0/4200.0 min/max reward 500.0/4500.0 dist entropy 2.3, value loss 0.0, action loss -0.0

2023-04-06 19:54:01,919 TEST: 100080, 487.0, 500.0, ['400.0', '400.0', '400.0', '400.0', '400.0', '400.0', '400.0', '400.0', '400.0', '400.0', '400.0', '400.0', '400.0', '500.0', '500.0', '500.0', '500.0', '500.0', '500.0', '500.0', '500.0', '500.0', '500.0', '500.0', '500.0', '500.0', '500.0', '500.0', '500.0', '500.0', '500.0', '500.0', '500.0', '500.0', '500.0', '500.0', '500.0', '500.0', '500.0', '500.0', '500.0', '500.0', '500.0', '500.0', '500.0', '500.0', '500.0', '500.0', '500.0', '500.0', '500.0', '500.0', '500.0', '500.0', '500.0', '500.0', '500.0', '500.0', '500.0', '500.0', '500.0', '500.0', '500.0', '500.0', '500.0', '500.0', '500.0', '500.0', '500.0', '500.0', '500.0', '500.0', '500.0', '500.0', '500.0', '500.0', '500.0', '500.0', '500.0', '500.0', '500.0', '500.0', '500.0', '500.0', '500.0', '500.0', '500.0', '500.0', '500.0', '500.0', '500.0', '500.0', '500.0', '500.0', '500.0', '500.0', '500.0', '500.0', '500.0', '500.0']

2023-04-06 19:54:01,923 => saving checkpoint to output/TimePilotNoFrameskip-v4/a2c/time_top/seed_2
2023-04-06 19:54:14,157 Updates 1500, num timesteps 120080, FPS 803 
Last 10 training episodes: mean/median reward 3340.0/4100.0 min/max reward 700.0/5200.0 dist entropy 2.3, value loss 0.1, action loss 0.1

2023-04-06 19:54:26,225 Updates 1750, num timesteps 140080, FPS 866 
Last 10 training episodes: mean/median reward 2880.0/4100.0 min/max reward 500.0/4500.0 dist entropy 2.3, value loss 0.0, action loss -0.0

2023-04-06 19:54:39,033 Updates 2000, num timesteps 160080, FPS 917 
Last 10 training episodes: mean/median reward 3530.0/4100.0 min/max reward 700.0/4600.0 dist entropy 2.3, value loss 0.0, action loss -0.1

2023-04-06 19:54:53,184 Updates 2250, num timesteps 180080, FPS 955 
Last 10 training episodes: mean/median reward 3590.0/4100.0 min/max reward 800.0/7700.0 dist entropy 2.3, value loss 0.0, action loss -0.0

2023-04-06 19:55:08,819 Updates 2500, num timesteps 200080, FPS 979 
Last 10 training episodes: mean/median reward 3040.0/4050.0 min/max reward 800.0/4900.0 dist entropy 2.3, value loss 0.0, action loss -0.0

2023-04-06 19:56:42,256 TEST: 200080, 487.0, 500.0, ['400.0', '400.0', '400.0', '400.0', '400.0', '400.0', '400.0', '400.0', '400.0', '400.0', '400.0', '400.0', '400.0', '500.0', '500.0', '500.0', '500.0', '500.0', '500.0', '500.0', '500.0', '500.0', '500.0', '500.0', '500.0', '500.0', '500.0', '500.0', '500.0', '500.0', '500.0', '500.0', '500.0', '500.0', '500.0', '500.0', '500.0', '500.0', '500.0', '500.0', '500.0', '500.0', '500.0', '500.0', '500.0', '500.0', '500.0', '500.0', '500.0', '500.0', '500.0', '500.0', '500.0', '500.0', '500.0', '500.0', '500.0', '500.0', '500.0', '500.0', '500.0', '500.0', '500.0', '500.0', '500.0', '500.0', '500.0', '500.0', '500.0', '500.0', '500.0', '500.0', '500.0', '500.0', '500.0', '500.0', '500.0', '500.0', '500.0', '500.0', '500.0', '500.0', '500.0', '500.0', '500.0', '500.0', '500.0', '500.0', '500.0', '500.0', '500.0', '500.0', '500.0', '500.0', '500.0', '500.0', '500.0', '500.0', '500.0', '500.0']

2023-04-06 19:56:42,258 => saving checkpoint to output/TimePilotNoFrameskip-v4/a2c/time_top/seed_2
2023-04-06 19:56:58,255 Updates 2750, num timesteps 220080, FPS 701 
Last 10 training episodes: mean/median reward 2810.0/4050.0 min/max reward 600.0/4200.0 dist entropy 2.3, value loss 0.1, action loss 0.1

2023-04-06 19:57:13,243 Updates 3000, num timesteps 240080, FPS 730 
Last 10 training episodes: mean/median reward 4460.0/4450.0 min/max reward 4000.0/5000.0 dist entropy 2.3, value loss 0.0, action loss -0.1

2023-04-06 19:57:27,038 Updates 3250, num timesteps 260080, FPS 759 
Last 10 training episodes: mean/median reward 3950.0/4250.0 min/max reward 800.0/4700.0 dist entropy 2.3, value loss 0.0, action loss 0.1

2023-04-06 19:57:39,924 Updates 3500, num timesteps 280080, FPS 788 
Last 10 training episodes: mean/median reward 3820.0/4100.0 min/max reward 800.0/4500.0 dist entropy 2.3, value loss 0.1, action loss 0.1

2023-04-06 19:57:53,507 Updates 3750, num timesteps 300080, FPS 813 
Last 10 training episodes: mean/median reward 3660.0/4000.0 min/max reward 800.0/11800.0 dist entropy 2.3, value loss 0.1, action loss 0.2

2023-04-06 19:59:10,219 TEST: 300080, 454.0, 500.0, ['400.0', '400.0', '400.0', '300.0', '300.0', '300.0', '300.0', '300.0', '300.0', '300.0', '300.0', '300.0', '400.0', '400.0', '400.0', '400.0', '400.0', '400.0', '400.0', '400.0', '500.0', '500.0', '500.0', '500.0', '500.0', '500.0', '500.0', '500.0', '500.0', '500.0', '500.0', '500.0', '400.0', '500.0', '400.0', '500.0', '400.0', '400.0', '400.0', '400.0', '400.0', '500.0', '500.0', '500.0', '500.0', '500.0', '500.0', '500.0', '500.0', '400.0', '400.0', '500.0', '500.0', '500.0', '500.0', '500.0', '500.0', '500.0', '500.0', '500.0', '500.0', '500.0', '500.0', '500.0', '400.0', '400.0', '500.0', '500.0', '400.0', '500.0', '500.0', '500.0', '500.0', '500.0', '500.0', '500.0', '500.0', '500.0', '500.0', '400.0', '500.0', '500.0', '500.0', '500.0', '400.0', '500.0', '500.0', '500.0', '500.0', '500.0', '500.0', '500.0', '400.0', '500.0', '500.0', '500.0', '500.0', '500.0', '400.0', '400.0']

2023-04-06 19:59:10,221 => saving checkpoint to output/TimePilotNoFrameskip-v4/a2c/time_top/seed_2
2023-04-06 19:59:27,715 Updates 4000, num timesteps 320080, FPS 691 
Last 10 training episodes: mean/median reward 3930.0/4200.0 min/max reward 800.0/4800.0 dist entropy 2.3, value loss 0.0, action loss 0.1

2023-04-06 19:59:44,907 Updates 4250, num timesteps 340080, FPS 708 
Last 10 training episodes: mean/median reward 4320.0/4400.0 min/max reward 600.0/7800.0 dist entropy 2.3, value loss 0.0, action loss -0.0

2023-04-06 20:00:02,269 Updates 4500, num timesteps 360080, FPS 723 
Last 10 training episodes: mean/median reward 2940.0/3950.0 min/max reward 900.0/4300.0 dist entropy 2.3, value loss 0.0, action loss -0.0

2023-04-06 20:00:18,031 Updates 4750, num timesteps 380080, FPS 740 
Last 10 training episodes: mean/median reward 2900.0/2800.0 min/max reward 400.0/7600.0 dist entropy 2.3, value loss 0.0, action loss -0.0

2023-04-06 20:00:33,143 Updates 5000, num timesteps 400080, FPS 756 
Last 10 training episodes: mean/median reward 2950.0/2600.0 min/max reward 800.0/7800.0 dist entropy 2.3, value loss 0.0, action loss 0.1

2023-04-06 20:02:20,368 TEST: 400080, 418.81188118811883, 600.0, ['600.0', '600.0', '600.0', '500.0', '500.0', '500.0', '500.0', '500.0', '500.0', '500.0', '500.0', '500.0', '500.0', '500.0', '500.0', '500.0', '400.0', '400.0', '400.0', '400.0', '400.0', '400.0', '400.0', '400.0', '400.0', '400.0', '400.0', '400.0', '400.0', '400.0', '400.0', '400.0', '400.0', '400.0', '400.0', '400.0', '400.0', '400.0', '400.0', '400.0', '400.0', '400.0', '400.0', '400.0', '400.0', '400.0', '400.0', '400.0', '400.0', '400.0', '400.0', '400.0', '400.0', '400.0', '400.0', '400.0', '400.0', '400.0', '400.0', '400.0', '400.0', '400.0', '400.0', '400.0', '400.0', '400.0', '400.0', '400.0', '400.0', '400.0', '400.0', '400.0', '400.0', '400.0', '400.0', '400.0', '400.0', '400.0', '400.0', '400.0', '400.0', '400.0', '400.0', '400.0', '400.0', '400.0', '400.0', '400.0', '400.0', '400.0', '400.0', '400.0', '400.0', '400.0', '400.0', '400.0', '400.0', '400.0', '400.0', '400.0', '400.0']

2023-04-06 20:02:20,370 => saving checkpoint to output/TimePilotNoFrameskip-v4/a2c/time_top/seed_2
2023-04-06 20:02:35,354 Updates 5250, num timesteps 420080, FPS 645 
Last 10 training episodes: mean/median reward 2590.0/2450.0 min/max reward 600.0/4900.0 dist entropy 2.3, value loss 0.0, action loss -0.1

2023-04-06 20:02:50,309 Updates 5500, num timesteps 440080, FPS 661 
Last 10 training episodes: mean/median reward 3500.0/3900.0 min/max reward 600.0/7800.0 dist entropy 2.3, value loss 0.0, action loss -0.0

2023-04-06 20:03:05,171 Updates 5750, num timesteps 460080, FPS 676 
Last 10 training episodes: mean/median reward 3070.0/4000.0 min/max reward 800.0/4900.0 dist entropy 2.3, value loss 0.0, action loss -0.1

2023-04-06 20:03:19,718 Updates 6000, num timesteps 480080, FPS 690 
Last 10 training episodes: mean/median reward 3600.0/4050.0 min/max reward 400.0/8200.0 dist entropy 2.3, value loss 0.0, action loss 0.0

2023-04-06 20:03:34,552 Updates 6250, num timesteps 500080, FPS 704 
Last 10 training episodes: mean/median reward 3930.0/4100.0 min/max reward 800.0/7800.0 dist entropy 2.3, value loss 0.0, action loss -0.0

