2023-04-04 19:53:25,962 Namespace(TEST_MODEL_FILE=None, cfg='experiments/atari/aug34.yaml', eval_only=False, render=False, seed=2)
2023-04-04 19:53:25,963 {'AUTO_RESUME': False,
 'CUDNN': {'BENCHMARK': True, 'DETERMINISTIC': False, 'ENABLED': True},
 'DATASET': {'BRIGHTNESS_FACTOR': 0.0,
             'COLOR_RGB': True,
             'CONTRAST_FACTOR': 0.0,
             'DATASET': 'mpii',
             'GRAYSCALE': True,
             'HISTORY_INPUT': False,
             'HUE_FACTOR': 0.0,
             'HYBRID': False,
             'ROOT': '',
             'SAMPLE_2_FRAME': False,
             'SAMPLE_2_FRAME_OFFSET': 0,
             'SAMPLE_STEP': 1,
             'SAT_FACTOR': 0.0,
             'TEST_SET': 'valid',
             'TRAIN_SET': 'train',
             'TRANSFORM': False},
 'DATA_DIR': '',
 'DEBUG': {'DEBUG': False},
 'GPUS': '2',
 'LOG_DIR': 'log',
 'MODEL': {'HEATMAP_SIZE': [64, 64],
           'IGNORE_BACKGROUND': False,
           'IMAGE_SIZE': array([84, 84]),
           'INIT_WEIGHTS': True,
           'NAME': 'a2c',
           'PRETRAINED': '',
           'SIGMA': 1},
 'MODEL_FILE': '',
 'OUTPUT_DIR': 'output',
 'PIN_MEMORY': True,
 'PRINT_FREQ': 100,
 'RESUME': False,
 'SELFSUP_ATTENTION': {'AUTOENCODER_LOSS': True,
                       'BLOCK_IMAGE_FEAT_GRADIENT': False,
                       'DECODER_WITH_SIGMOID': True,
                       'GAUSS_STD': 0.1,
                       'HEATMAP_SPARSITY_LOSS': True,
                       'HEATMAP_SPARSITY_LOSS_WEIGHT': 0.001,
                       'KEYPOINTER_CLS_AGNOSTIC': True,
                       'NUM_KEYPOINTS': 7,
                       'RECONSTRUCT_LOSS_THRESHOLD': 0.01,
                       'SHARE_PARAMETERS': False,
                       'USE_INSTANCE_NORM': False,
                       'USE_LAYER_NORM': False},
 'TEST': {'BATCH_SIZE_PER_GPU': 32, 'MODEL_FILE': ''},
 'TRAIN': {'BATCH_SIZE_PER_GPU': 32,
           'BEGIN_EPOCH': 0,
           'CHECKPOINT': '',
           'END_EPOCH': 140,
           'GAMMA1': 0.99,
           'GAMMA2': 0.0,
           'LR': 0.001,
           'LR_FACTOR': 0.1,
           'LR_STEP': [90, 110],
           'MOMENTUM': 0.9,
           'NESTEROV': False,
           'OPTIMIZER': 'adam',
           'RESUME': False,
           'SHUFFLE': True,
           'WD': 0.0001},
 'WORKERS': 4,
 'algo': 'a2c',
 'alpha': 0.99,
 'block_selfsup_attention_grad': False,
 'bottom_up_downsample_mask': False,
 'bottom_up_downsample_mask_stride1': False,
 'bottom_up_form_num_of_objects': 10,
 'bottom_up_form_objects': False,
 'cuda': True,
 'cuda_deterministic': False,
 'entropy_coef': 0.01,
 'env_name': 'MsPacmanNoFrameskip-v4',
 'eps': 1e-05,
 'eval_interval': 1250,
 'feat_add_selfsup_attention': True,
 'feat_from_selfsup_attention': False,
 'feat_mul_selfsup_attention_mask': True,
 'feat_mul_selfsup_attention_mask_residual': False,
 'feat_pool_with_selfsup_attention': False,
 'fix_feature': False,
 'gae_lambda': 0.95,
 'gail': False,
 'gail_batch_size': 128,
 'gail_epoch': 5,
 'gail_experts_dir': './gail_experts',
 'gamma': 0.99,
 'gaussian_std': 0.1,
 'hidden_size': 512,
 'log_interval': 250,
 'lr': 0.0007,
 'mask_threshold': -1.0,
 'max_grad_norm': 0.5,
 'no_cuda': False,
 'num_env_steps': 10000000,
 'num_processes': 16,
 'num_steps': 5,
 'ppo_epoch': 4,
 'recurrent_policy': False,
 'resized_size': 84,
 'save_dir': './trained_models/',
 'save_interval': 1250,
 'seed': 2,
 'selfsup_attention_feat_load_pretrained': True,
 'selfsup_attention_feat_masked': True,
 'selfsup_attention_feat_masked_residual': False,
 'selfsup_attention_fix': False,
 'selfsup_attention_fix_keypointer': False,
 'selfsup_attention_image_feat_only': False,
 'selfsup_attention_keyp_maps_pool': True,
 'selfsup_attention_multiframe': False,
 'selfsup_attention_pretrain': '',
 'sep_bg_fg_feat': False,
 'temperature': 0.07,
 'train_selfsup_attention': True,
 'train_selfsup_attention_batch_size': 1024,
 'train_selfsup_attention_buffer_size': 50000,
 'use_gae': False,
 'use_layer_norm': False,
 'use_linear_lr_decay': False,
 'use_proper_time_limits': False,
 'value_loss_coef': 0.5,
 'weight_decay': 0.0}
2023-04-04 19:53:43,621 Updates 250, num timesteps 20080, FPS 1692 
Last 10 training episodes: mean/median reward 682.0/615.0 min/max reward 400.0/1270.0 dist entropy 1.7, value loss 0.8, action loss -0.5

2023-04-04 19:53:56,581 Updates 500, num timesteps 40080, FPS 1614 
Last 10 training episodes: mean/median reward 501.0/490.0 min/max reward 290.0/800.0 dist entropy 1.3, value loss 0.5, action loss -0.1

2023-04-04 19:54:09,426 Updates 750, num timesteps 60080, FPS 1594 
Last 10 training episodes: mean/median reward 810.0/750.0 min/max reward 430.0/1370.0 dist entropy 1.9, value loss 0.3, action loss 0.1

2023-04-04 19:54:22,560 Updates 1000, num timesteps 80080, FPS 1576 
Last 10 training episodes: mean/median reward 492.0/480.0 min/max reward 240.0/730.0 dist entropy 1.9, value loss 0.3, action loss 0.0

2023-04-04 19:54:35,951 Updates 1250, num timesteps 100080, FPS 1559 
Last 10 training episodes: mean/median reward 384.0/300.0 min/max reward 190.0/990.0 dist entropy 0.8, value loss 1.3, action loss -0.1

2023-04-04 19:55:03,691 TEST: 100080, 117.2, 130.0, ['110.0', '110.0', '110.0', '110.0', '110.0', '110.0', '110.0', '110.0', '110.0', '110.0', '110.0', '130.0', '130.0', '130.0', '130.0', '130.0', '110.0', '110.0', '110.0', '110.0', '110.0', '110.0', '110.0', '130.0', '110.0', '130.0', '110.0', '130.0', '130.0', '110.0', '130.0', '130.0', '110.0', '110.0', '110.0', '110.0', '110.0', '110.0', '110.0', '110.0', '110.0', '130.0', '110.0', '110.0', '130.0', '130.0', '130.0', '130.0', '110.0', '110.0', '110.0', '110.0', '110.0', '110.0', '130.0', '110.0', '130.0', '130.0', '110.0', '130.0', '110.0', '130.0', '110.0', '130.0', '110.0', '110.0', '110.0', '110.0', '110.0', '110.0', '130.0', '110.0', '130.0', '130.0', '130.0', '110.0', '130.0', '130.0', '110.0', '110.0', '110.0', '110.0', '130.0', '110.0', '130.0', '110.0', '130.0', '110.0', '110.0', '110.0', '110.0', '130.0', '130.0', '130.0', '130.0', '130.0', '110.0', '110.0', '110.0', '110.0']

2023-04-04 19:55:03,696 => saving checkpoint to output/MsPacmanNoFrameskip-v4/a2c/aug34/seed_2
2023-04-04 19:55:16,762 Updates 1500, num timesteps 120080, FPS 1143 
Last 10 training episodes: mean/median reward 563.0/365.0 min/max reward 290.0/1220.0 dist entropy 1.2, value loss 0.2, action loss -0.2

2023-04-04 19:55:29,377 Updates 1750, num timesteps 140080, FPS 1190 
Last 10 training episodes: mean/median reward 843.0/730.0 min/max reward 200.0/1890.0 dist entropy 1.5, value loss 0.6, action loss 0.1

2023-04-04 19:55:42,194 Updates 2000, num timesteps 160080, FPS 1227 
Last 10 training episodes: mean/median reward 643.0/645.0 min/max reward 230.0/1040.0 dist entropy 1.9, value loss 1.1, action loss 0.2

2023-04-04 19:55:54,910 Updates 2250, num timesteps 180080, FPS 1257 
Last 10 training episodes: mean/median reward 538.0/470.0 min/max reward 290.0/1130.0 dist entropy 1.6, value loss 1.0, action loss -0.1

2023-04-04 19:56:07,588 Updates 2500, num timesteps 200080, FPS 1283 
Last 10 training episodes: mean/median reward 596.0/490.0 min/max reward 250.0/1870.0 dist entropy 1.2, value loss 0.5, action loss -0.1

2023-04-04 19:56:32,563 TEST: 200080, 76.03960396039604, 80.0, ['70.0', '80.0', '70.0', '70.0', '80.0', '80.0', '70.0', '80.0', '80.0', '70.0', '80.0', '70.0', '80.0', '80.0', '70.0', '70.0', '80.0', '80.0', '80.0', '80.0', '80.0', '80.0', '70.0', '70.0', '80.0', '70.0', '80.0', '70.0', '80.0', '80.0', '70.0', '70.0', '70.0', '80.0', '80.0', '70.0', '80.0', '80.0', '80.0', '80.0', '80.0', '80.0', '80.0', '80.0', '70.0', '80.0', '70.0', '80.0', '80.0', '80.0', '70.0', '70.0', '70.0', '80.0', '70.0', '70.0', '80.0', '70.0', '70.0', '80.0', '70.0', '80.0', '80.0', '80.0', '80.0', '70.0', '80.0', '80.0', '80.0', '80.0', '70.0', '70.0', '80.0', '70.0', '70.0', '70.0', '80.0', '80.0', '70.0', '80.0', '70.0', '70.0', '80.0', '70.0', '70.0', '80.0', '80.0', '80.0', '80.0', '80.0', '80.0', '80.0', '80.0', '70.0', '80.0', '80.0', '70.0', '70.0', '80.0', '80.0', '80.0']

2023-04-04 19:56:32,565 => saving checkpoint to output/MsPacmanNoFrameskip-v4/a2c/aug34/seed_2
2023-04-04 19:56:45,430 Updates 2750, num timesteps 220080, FPS 1136 
Last 10 training episodes: mean/median reward 609.0/525.0 min/max reward 250.0/1160.0 dist entropy 1.7, value loss 1.4, action loss -0.4

2023-04-04 19:56:58,161 Updates 3000, num timesteps 240080, FPS 1163 
Last 10 training episodes: mean/median reward 726.0/740.0 min/max reward 430.0/1100.0 dist entropy 1.9, value loss 0.2, action loss 0.2

2023-04-04 19:57:11,025 Updates 3250, num timesteps 260080, FPS 1186 
Last 10 training episodes: mean/median reward 748.0/740.0 min/max reward 210.0/1530.0 dist entropy 1.1, value loss 0.3, action loss -0.0

2023-04-04 19:57:23,836 Updates 3500, num timesteps 280080, FPS 1206 
Last 10 training episodes: mean/median reward 568.0/450.0 min/max reward 350.0/960.0 dist entropy 1.6, value loss 0.7, action loss 0.1

2023-04-04 19:57:36,581 Updates 3750, num timesteps 300080, FPS 1225 
Last 10 training episodes: mean/median reward 846.0/745.0 min/max reward 470.0/1560.0 dist entropy 1.7, value loss 0.1, action loss -0.1

2023-04-04 19:58:00,495 TEST: 300080, 435.84158415841586, 640.0, ['330.0', '330.0', '330.0', '330.0', '330.0', '330.0', '330.0', '330.0', '640.0', '640.0', '640.0', '640.0', '540.0', '540.0', '540.0', '540.0', '330.0', '330.0', '330.0', '330.0', '330.0', '330.0', '330.0', '330.0', '640.0', '330.0', '330.0', '640.0', '640.0', '640.0', '540.0', '540.0', '330.0', '330.0', '330.0', '330.0', '330.0', '640.0', '330.0', '330.0', '540.0', '330.0', '330.0', '330.0', '330.0', '330.0', '540.0', '540.0', '330.0', '640.0', '640.0', '330.0', '640.0', '330.0', '330.0', '540.0', '640.0', '640.0', '330.0', '330.0', '330.0', '330.0', '540.0', '540.0', '330.0', '330.0', '640.0', '330.0', '330.0', '330.0', '640.0', '640.0', '330.0', '330.0', '330.0', '640.0', '330.0', '640.0', '540.0', '640.0', '330.0', '330.0', '330.0', '330.0', '330.0', '330.0', '330.0', '330.0', '640.0', '540.0', '640.0', '640.0', '640.0', '330.0', '330.0', '330.0', '330.0', '330.0', '330.0', '330.0', '640.0']

2023-04-04 19:58:00,496 => saving checkpoint to output/MsPacmanNoFrameskip-v4/a2c/aug34/seed_2
2023-04-04 19:58:13,415 Updates 4000, num timesteps 320080, FPS 1136 
Last 10 training episodes: mean/median reward 669.0/615.0 min/max reward 250.0/1420.0 dist entropy 1.1, value loss 0.4, action loss 0.1

2023-04-04 19:58:26,030 Updates 4250, num timesteps 340080, FPS 1155 
Last 10 training episodes: mean/median reward 699.0/500.0 min/max reward 220.0/1670.0 dist entropy 1.2, value loss 0.4, action loss -0.1

2023-04-04 19:58:38,485 Updates 4500, num timesteps 360080, FPS 1173 
Last 10 training episodes: mean/median reward 919.0/940.0 min/max reward 300.0/1560.0 dist entropy 1.8, value loss 1.5, action loss 0.5

2023-04-04 19:58:50,990 Updates 4750, num timesteps 380080, FPS 1190 
Last 10 training episodes: mean/median reward 613.0/480.0 min/max reward 240.0/1230.0 dist entropy 1.3, value loss 0.4, action loss -0.3

2023-04-04 19:59:03,302 Updates 5000, num timesteps 400080, FPS 1206 
Last 10 training episodes: mean/median reward 666.0/615.0 min/max reward 410.0/1140.0 dist entropy 1.6, value loss 0.3, action loss -0.3

2023-04-04 19:59:27,760 TEST: 400080, 184.45544554455446, 240.0, ['170.0', '170.0', '170.0', '150.0', '240.0', '150.0', '150.0', '240.0', '150.0', '150.0', '240.0', '240.0', '200.0', '200.0', '200.0', '200.0', '170.0', '170.0', '240.0', '150.0', '150.0', '170.0', '170.0', '150.0', '150.0', '150.0', '240.0', '240.0', '240.0', '150.0', '200.0', '200.0', '170.0', '240.0', '150.0', '150.0', '170.0', '150.0', '150.0', '170.0', '170.0', '170.0', '170.0', '170.0', '200.0', '150.0', '200.0', '200.0', '240.0', '170.0', '170.0', '150.0', '240.0', '240.0', '150.0', '240.0', '150.0', '150.0', '200.0', '200.0', '150.0', '240.0', '150.0', '200.0', '170.0', '170.0', '170.0', '240.0', '240.0', '150.0', '240.0', '150.0', '150.0', '150.0', '150.0', '150.0', '200.0', '240.0', '240.0', '240.0', '170.0', '200.0', '170.0', '150.0', '240.0', '150.0', '150.0', '150.0', '150.0', '150.0', '240.0', '240.0', '150.0', '150.0', '170.0', '240.0', '170.0', '240.0', '200.0', '170.0', '150.0']

2023-04-04 19:59:27,761 => saving checkpoint to output/MsPacmanNoFrameskip-v4/a2c/aug34/seed_2
2023-04-04 19:59:40,360 Updates 5250, num timesteps 420080, FPS 1139 
Last 10 training episodes: mean/median reward 590.0/450.0 min/max reward 380.0/920.0 dist entropy 1.5, value loss 0.2, action loss -0.0

2023-04-04 19:59:53,234 Updates 5500, num timesteps 440080, FPS 1153 
Last 10 training episodes: mean/median reward 989.0/800.0 min/max reward 420.0/2640.0 dist entropy 1.6, value loss 0.3, action loss -0.1

2023-04-04 20:00:06,097 Updates 5750, num timesteps 460080, FPS 1166 
Last 10 training episodes: mean/median reward 783.0/670.0 min/max reward 300.0/1920.0 dist entropy 1.6, value loss 0.6, action loss -0.2

2023-04-04 20:00:18,622 Updates 6000, num timesteps 480080, FPS 1179 
Last 10 training episodes: mean/median reward 855.0/755.0 min/max reward 220.0/2470.0 dist entropy 1.8, value loss 3.3, action loss -1.1

2023-04-04 20:00:31,438 Updates 6250, num timesteps 500080, FPS 1191 
Last 10 training episodes: mean/median reward 912.0/720.0 min/max reward 270.0/1990.0 dist entropy 1.3, value loss 0.3, action loss -0.2

2023-04-04 20:00:58,208 TEST: 500080, 120.0, 120.0, ['120.0', '120.0', '120.0', '120.0', '120.0', '120.0', '120.0', '120.0', '120.0', '120.0', '120.0', '120.0', '120.0', '120.0', '120.0', '120.0', '120.0', '120.0', '120.0', '120.0', '120.0', '120.0', '120.0', '120.0', '120.0', '120.0', '120.0', '120.0', '120.0', '120.0', '120.0', '120.0', '120.0', '120.0', '120.0', '120.0', '120.0', '120.0', '120.0', '120.0', '120.0', '120.0', '120.0', '120.0', '120.0', '120.0', '120.0', '120.0', '120.0', '120.0', '120.0', '120.0', '120.0', '120.0', '120.0', '120.0', '120.0', '120.0', '120.0', '120.0', '120.0', '120.0', '120.0', '120.0', '120.0', '120.0', '120.0', '120.0', '120.0', '120.0', '120.0', '120.0', '120.0', '120.0', '120.0', '120.0', '120.0', '120.0', '120.0', '120.0', '120.0', '120.0', '120.0', '120.0', '120.0', '120.0', '120.0', '120.0', '120.0', '120.0', '120.0', '120.0', '120.0', '120.0', '120.0', '120.0', '120.0', '120.0', '120.0', '120.0', '120.0']

2023-04-04 20:00:58,210 => saving checkpoint to output/MsPacmanNoFrameskip-v4/a2c/aug34/seed_2
2023-04-04 20:01:10,861 Updates 6500, num timesteps 520080, FPS 1132 
Last 10 training episodes: mean/median reward 957.0/855.0 min/max reward 470.0/2070.0 dist entropy 1.5, value loss 0.2, action loss -0.3

2023-04-04 20:01:23,566 Updates 6750, num timesteps 540080, FPS 1144 
Last 10 training episodes: mean/median reward 766.0/545.0 min/max reward 410.0/1780.0 dist entropy 1.9, value loss 0.1, action loss -0.1

2023-04-04 20:01:36,113 Updates 7000, num timesteps 560080, FPS 1156 
Last 10 training episodes: mean/median reward 938.0/935.0 min/max reward 430.0/1710.0 dist entropy 1.7, value loss 2.1, action loss 0.1

2023-04-04 20:01:48,749 Updates 7250, num timesteps 580080, FPS 1167 
Last 10 training episodes: mean/median reward 1006.0/975.0 min/max reward 650.0/1540.0 dist entropy 1.0, value loss 3.9, action loss 0.4

2023-04-04 20:02:01,592 Updates 7500, num timesteps 600080, FPS 1177 
Last 10 training episodes: mean/median reward 804.0/750.0 min/max reward 290.0/1620.0 dist entropy 1.1, value loss 1.0, action loss -0.1

2023-04-04 20:02:31,998 TEST: 600080, 78.6, 80.0, ['80.0', '80.0', '80.0', '80.0', '70.0', '80.0', '70.0', '80.0', '80.0', '80.0', '80.0', '80.0', '80.0', '80.0', '70.0', '70.0', '80.0', '80.0', '80.0', '80.0', '80.0', '80.0', '80.0', '80.0', '80.0', '80.0', '80.0', '80.0', '80.0', '70.0', '80.0', '70.0', '70.0', '80.0', '80.0', '80.0', '80.0', '80.0', '80.0', '80.0', '80.0', '80.0', '80.0', '80.0', '80.0', '80.0', '70.0', '70.0', '80.0', '80.0', '80.0', '80.0', '80.0', '80.0', '80.0', '70.0', '70.0', '80.0', '80.0', '80.0', '80.0', '80.0', '70.0', '80.0', '80.0', '80.0', '80.0', '80.0', '80.0', '80.0', '80.0', '80.0', '80.0', '80.0', '70.0', '80.0', '80.0', '80.0', '80.0', '80.0', '80.0', '80.0', '80.0', '70.0', '80.0', '80.0', '80.0', '80.0', '80.0', '80.0', '80.0', '80.0', '80.0', '80.0', '80.0', '80.0', '80.0', '80.0', '80.0', '80.0']

2023-04-04 20:02:32,000 => saving checkpoint to output/MsPacmanNoFrameskip-v4/a2c/aug34/seed_2
2023-04-04 20:02:44,871 Updates 7750, num timesteps 620080, FPS 1121 
Last 10 training episodes: mean/median reward 931.0/825.0 min/max reward 290.0/1750.0 dist entropy 1.1, value loss 0.4, action loss 0.2

2023-04-04 20:02:57,562 Updates 8000, num timesteps 640080, FPS 1131 
Last 10 training episodes: mean/median reward 1208.0/1400.0 min/max reward 440.0/1650.0 dist entropy 1.4, value loss 0.3, action loss 0.0

2023-04-04 20:03:10,802 Updates 8250, num timesteps 660080, FPS 1139 
Last 10 training episodes: mean/median reward 770.0/660.0 min/max reward 270.0/1300.0 dist entropy 1.9, value loss 0.7, action loss 0.4

2023-04-04 20:03:23,729 Updates 8500, num timesteps 680080, FPS 1148 
Last 10 training episodes: mean/median reward 831.0/770.0 min/max reward 400.0/1570.0 dist entropy 2.0, value loss 0.1, action loss -0.1

2023-04-04 20:03:36,793 Updates 8750, num timesteps 700080, FPS 1157 
Last 10 training episodes: mean/median reward 826.0/820.0 min/max reward 350.0/1190.0 dist entropy 1.6, value loss 0.3, action loss 0.0

2023-04-04 20:04:15,960 TEST: 700080, 466.0, 510.0, ['310.0', '310.0', '310.0', '510.0', '510.0', '510.0', '510.0', '510.0', '510.0', '510.0', '510.0', '510.0', '510.0', '510.0', '510.0', '510.0', '510.0', '310.0', '510.0', '510.0', '510.0', '510.0', '510.0', '310.0', '310.0', '510.0', '510.0', '310.0', '510.0', '510.0', '510.0', '510.0', '310.0', '310.0', '310.0', '510.0', '310.0', '510.0', '310.0', '310.0', '510.0', '510.0', '310.0', '510.0', '510.0', '510.0', '510.0', '510.0', '310.0', '510.0', '510.0', '310.0', '510.0', '510.0', '510.0', '510.0', '510.0', '510.0', '510.0', '510.0', '510.0', '510.0', '510.0', '510.0', '510.0', '510.0', '510.0', '310.0', '310.0', '510.0', '310.0', '510.0', '510.0', '510.0', '510.0', '510.0', '510.0', '510.0', '510.0', '510.0', '310.0', '510.0', '510.0', '510.0', '510.0', '310.0', '510.0', '510.0', '310.0', '510.0', '510.0', '510.0', '510.0', '510.0', '510.0', '510.0', '510.0', '510.0', '510.0', '510.0']

2023-04-04 20:04:15,960 => saving checkpoint to output/MsPacmanNoFrameskip-v4/a2c/aug34/seed_2
2023-04-04 20:04:28,899 Updates 9000, num timesteps 720080, FPS 1095 
Last 10 training episodes: mean/median reward 902.0/700.0 min/max reward 390.0/2210.0 dist entropy 1.0, value loss 0.6, action loss 0.4

2023-04-04 20:04:41,740 Updates 9250, num timesteps 740080, FPS 1104 
Last 10 training episodes: mean/median reward 1055.0/1015.0 min/max reward 350.0/1930.0 dist entropy 1.2, value loss 3.9, action loss 0.3

2023-04-04 20:04:54,497 Updates 9500, num timesteps 760080, FPS 1113 
Last 10 training episodes: mean/median reward 682.0/675.0 min/max reward 430.0/1090.0 dist entropy 0.9, value loss 0.8, action loss -0.2

2023-04-04 20:05:07,175 Updates 9750, num timesteps 780080, FPS 1121 
Last 10 training episodes: mean/median reward 859.0/735.0 min/max reward 430.0/1870.0 dist entropy 1.4, value loss 7.3, action loss 1.0

2023-04-04 20:05:20,003 Updates 10000, num timesteps 800080, FPS 1129 
Last 10 training episodes: mean/median reward 903.0/680.0 min/max reward 350.0/1750.0 dist entropy 1.5, value loss 0.3, action loss 0.2

2023-04-04 20:05:59,520 TEST: 800080, 351.08910891089107, 400.0, ['210.0', '210.0', '210.0', '210.0', '400.0', '400.0', '400.0', '400.0', '400.0', '400.0', '400.0', '400.0', '400.0', '400.0', '400.0', '400.0', '210.0', '210.0', '210.0', '400.0', '210.0', '400.0', '400.0', '400.0', '400.0', '400.0', '400.0', '400.0', '400.0', '400.0', '400.0', '400.0', '400.0', '400.0', '400.0', '210.0', '400.0', '400.0', '400.0', '400.0', '400.0', '400.0', '400.0', '400.0', '400.0', '400.0', '400.0', '400.0', '210.0', '400.0', '210.0', '400.0', '400.0', '210.0', '210.0', '400.0', '210.0', '400.0', '400.0', '400.0', '400.0', '400.0', '400.0', '400.0', '400.0', '210.0', '400.0', '210.0', '400.0', '400.0', '400.0', '210.0', '400.0', '400.0', '210.0', '210.0', '210.0', '400.0', '400.0', '400.0', '210.0', '210.0', '400.0', '400.0', '400.0', '400.0', '400.0', '400.0', '400.0', '210.0', '210.0', '400.0', '400.0', '400.0', '400.0', '400.0', '210.0', '400.0', '210.0', '400.0', '400.0']

2023-04-04 20:05:59,521 => saving checkpoint to output/MsPacmanNoFrameskip-v4/a2c/aug34/seed_2
2023-04-04 20:10:00,600 Updates 10250, num timesteps 820080, FPS 829 
Last 10 training episodes: mean/median reward 710.0/655.0 min/max reward 350.0/1080.0 dist entropy 1.7, value loss 1.8, action loss 0.6
selfsup attention loss 2.39411

2023-04-04 20:14:01,533 Updates 10500, num timesteps 840080, FPS 683 
Last 10 training episodes: mean/median reward 677.0/655.0 min/max reward 250.0/1110.0 dist entropy 1.9, value loss 0.4, action loss 0.1
selfsup attention loss 0.95068

2023-04-04 20:18:02,625 Updates 10750, num timesteps 860080, FPS 584 
Last 10 training episodes: mean/median reward 484.0/485.0 min/max reward 230.0/810.0 dist entropy 1.6, value loss 0.8, action loss 0.4
selfsup attention loss 1.00094

2023-04-04 20:22:03,740 Updates 11000, num timesteps 880080, FPS 514 
Last 10 training episodes: mean/median reward 439.0/375.0 min/max reward 230.0/670.0 dist entropy 2.0, value loss 0.4, action loss -0.2
selfsup attention loss 0.67535

2023-04-04 20:26:04,637 Updates 11250, num timesteps 900080, FPS 460 
Last 10 training episodes: mean/median reward 542.0/480.0 min/max reward 340.0/1160.0 dist entropy 1.7, value loss 1.6, action loss -0.4
selfsup attention loss 0.58318

2023-04-04 20:26:32,604 TEST: 900080, 430.9, 720.0, ['450.0', '450.0', '450.0', '450.0', '420.0', '420.0', '420.0', '420.0', '720.0', '720.0', '720.0', '250.0', '250.0', '250.0', '250.0', '250.0', '450.0', '450.0', '450.0', '450.0', '250.0', '420.0', '420.0', '720.0', '250.0', '720.0', '720.0', '250.0', '250.0', '720.0', '250.0', '250.0', '720.0', '720.0', '720.0', '420.0', '450.0', '250.0', '720.0', '720.0', '420.0', '720.0', '720.0', '420.0', '250.0', '250.0', '250.0', '250.0', '420.0', '450.0', '450.0', '250.0', '250.0', '420.0', '450.0', '720.0', '250.0', '450.0', '250.0', '720.0', '450.0', '420.0', '250.0', '250.0', '420.0', '450.0', '720.0', '450.0', '450.0', '250.0', '250.0', '250.0', '450.0', '720.0', '720.0', '450.0', '250.0', '450.0', '250.0', '250.0', '450.0', '250.0', '720.0', '250.0', '250.0', '450.0', '250.0', '450.0', '250.0', '250.0', '720.0', '420.0', '250.0', '450.0', '720.0', '250.0', '450.0', '420.0', '250.0', '450.0']

2023-04-04 20:26:32,606 => saving checkpoint to output/MsPacmanNoFrameskip-v4/a2c/aug34/seed_2
2023-04-04 20:30:32,826 Updates 11500, num timesteps 920080, FPS 414 
Last 10 training episodes: mean/median reward 579.0/495.0 min/max reward 260.0/1280.0 dist entropy 1.7, value loss 0.4, action loss -0.0
selfsup attention loss 0.55567

2023-04-04 20:34:31,759 Updates 11750, num timesteps 940080, FPS 382 
Last 10 training episodes: mean/median reward 576.0/505.0 min/max reward 320.0/1020.0 dist entropy 1.9, value loss 0.3, action loss -0.3
selfsup attention loss 0.55229

2023-04-04 20:38:31,053 Updates 12000, num timesteps 960080, FPS 355 
Last 10 training episodes: mean/median reward 501.0/435.0 min/max reward 250.0/970.0 dist entropy 1.8, value loss 0.3, action loss -0.0
selfsup attention loss 0.51387

2023-04-04 20:42:28,612 Updates 12250, num timesteps 980080, FPS 333 
Last 10 training episodes: mean/median reward 861.0/700.0 min/max reward 310.0/1730.0 dist entropy 1.8, value loss 0.5, action loss 0.3
selfsup attention loss 0.58057

2023-04-04 20:46:25,001 Updates 12500, num timesteps 1000080, FPS 315 
Last 10 training episodes: mean/median reward 894.0/695.0 min/max reward 390.0/1680.0 dist entropy 1.6, value loss 3.2, action loss 0.1
selfsup attention loss 0.56215

2023-04-04 20:46:49,792 TEST: 1000080, 350.0, 350.0, ['350.0', '350.0', '350.0', '350.0', '350.0', '350.0', '350.0', '350.0', '350.0', '350.0', '350.0', '350.0', '350.0', '350.0', '350.0', '350.0', '350.0', '350.0', '350.0', '350.0', '350.0', '350.0', '350.0', '350.0', '350.0', '350.0', '350.0', '350.0', '350.0', '350.0', '350.0', '350.0', '350.0', '350.0', '350.0', '350.0', '350.0', '350.0', '350.0', '350.0', '350.0', '350.0', '350.0', '350.0', '350.0', '350.0', '350.0', '350.0', '350.0', '350.0', '350.0', '350.0', '350.0', '350.0', '350.0', '350.0', '350.0', '350.0', '350.0', '350.0', '350.0', '350.0', '350.0', '350.0', '350.0', '350.0', '350.0', '350.0', '350.0', '350.0', '350.0', '350.0', '350.0', '350.0', '350.0', '350.0', '350.0', '350.0', '350.0', '350.0', '350.0', '350.0', '350.0', '350.0', '350.0', '350.0', '350.0', '350.0', '350.0', '350.0', '350.0', '350.0', '350.0', '350.0', '350.0', '350.0', '350.0', '350.0', '350.0', '350.0']

2023-04-04 20:46:49,794 => saving checkpoint to output/MsPacmanNoFrameskip-v4/a2c/aug34/seed_2
2023-04-04 20:50:51,027 Updates 12750, num timesteps 1020080, FPS 296 
Last 10 training episodes: mean/median reward 493.0/430.0 min/max reward 370.0/910.0 dist entropy 1.7, value loss 0.5, action loss -0.3
selfsup attention loss 0.51147

2023-04-04 20:54:50,488 Updates 13000, num timesteps 1040080, FPS 282 
Last 10 training episodes: mean/median reward 536.0/445.0 min/max reward 280.0/830.0 dist entropy 1.5, value loss 0.2, action loss -0.1
selfsup attention loss 0.50320

2023-04-04 20:58:49,661 Updates 13250, num timesteps 1060080, FPS 270 
Last 10 training episodes: mean/median reward 723.0/655.0 min/max reward 410.0/1160.0 dist entropy 1.6, value loss 1.4, action loss -0.3
selfsup attention loss 0.57406

2023-04-04 21:02:48,949 Updates 13500, num timesteps 1080080, FPS 259 
Last 10 training episodes: mean/median reward 813.0/590.0 min/max reward 380.0/1990.0 dist entropy 1.8, value loss 0.5, action loss -0.3
selfsup attention loss 0.43756

2023-04-04 21:06:48,180 Updates 13750, num timesteps 1100080, FPS 250 
Last 10 training episodes: mean/median reward 785.0/535.0 min/max reward 300.0/1840.0 dist entropy 1.6, value loss 0.8, action loss 0.3
selfsup attention loss 0.51236

2023-04-04 21:07:23,664 TEST: 1100080, 230.8, 270.0, ['250.0', '250.0', '250.0', '250.0', '270.0', '270.0', '270.0', '270.0', '270.0', '250.0', '250.0', '250.0', '250.0', '130.0', '130.0', '130.0', '250.0', '250.0', '270.0', '270.0', '270.0', '270.0', '130.0', '130.0', '130.0', '270.0', '270.0', '130.0', '250.0', '250.0', '250.0', '250.0', '250.0', '250.0', '270.0', '130.0', '250.0', '130.0', '270.0', '270.0', '270.0', '250.0', '250.0', '270.0', '130.0', '130.0', '130.0', '130.0', '130.0', '270.0', '270.0', '250.0', '250.0', '270.0', '130.0', '270.0', '250.0', '130.0', '250.0', '250.0', '250.0', '250.0', '270.0', '270.0', '250.0', '250.0', '270.0', '270.0', '250.0', '270.0', '250.0', '250.0', '250.0', '270.0', '270.0', '270.0', '130.0', '130.0', '130.0', '130.0', '250.0', '250.0', '250.0', '270.0', '250.0', '270.0', '270.0', '270.0', '270.0', '270.0', '270.0', '250.0', '130.0', '250.0', '270.0', '130.0', '250.0', '250.0', '250.0', '250.0']

2023-04-04 21:07:23,664 => saving checkpoint to output/MsPacmanNoFrameskip-v4/a2c/aug34/seed_2
2023-04-04 21:11:27,561 Updates 14000, num timesteps 1120080, FPS 239 
Last 10 training episodes: mean/median reward 705.0/650.0 min/max reward 410.0/1600.0 dist entropy 1.6, value loss 0.3, action loss 0.1
selfsup attention loss 0.47452

2023-04-04 21:15:30,301 Updates 14250, num timesteps 1140080, FPS 231 
Last 10 training episodes: mean/median reward 670.0/660.0 min/max reward 300.0/1040.0 dist entropy 1.5, value loss 0.5, action loss -0.1
selfsup attention loss 0.49192

2023-04-04 21:19:32,779 Updates 14500, num timesteps 1160080, FPS 224 
Last 10 training episodes: mean/median reward 913.0/815.0 min/max reward 340.0/1950.0 dist entropy 1.4, value loss 0.3, action loss -0.1
selfsup attention loss 0.46803

2023-04-04 21:23:37,194 Updates 14750, num timesteps 1180080, FPS 218 
Last 10 training episodes: mean/median reward 843.0/815.0 min/max reward 290.0/1910.0 dist entropy 1.6, value loss 2.1, action loss 0.4
selfsup attention loss 0.40657

2023-04-04 21:27:41,073 Updates 15000, num timesteps 1200080, FPS 212 
Last 10 training episodes: mean/median reward 656.0/660.0 min/max reward 270.0/920.0 dist entropy 1.5, value loss 0.5, action loss -0.1
selfsup attention loss 0.49321

2023-04-04 21:28:04,984 TEST: 1200080, 247.6, 300.0, ['300.0', '300.0', '300.0', '300.0', '300.0', '240.0', '240.0', '240.0', '240.0', '220.0', '220.0', '220.0', '160.0', '160.0', '160.0', '160.0', '300.0', '300.0', '300.0', '240.0', '240.0', '220.0', '220.0', '240.0', '300.0', '300.0', '220.0', '240.0', '300.0', '220.0', '160.0', '160.0', '300.0', '300.0', '300.0', '300.0', '240.0', '300.0', '220.0', '220.0', '220.0', '220.0', '220.0', '160.0', '220.0', '240.0', '220.0', '160.0', '300.0', '300.0', '240.0', '240.0', '240.0', '300.0', '300.0', '240.0', '160.0', '300.0', '160.0', '220.0', '160.0', '300.0', '240.0', '300.0', '240.0', '220.0', '300.0', '300.0', '300.0', '220.0', '220.0', '240.0', '240.0', '300.0', '160.0', '220.0', '300.0', '300.0', '160.0', '300.0', '300.0', '300.0', '300.0', '240.0', '220.0', '300.0', '240.0', '220.0', '240.0', '240.0', '240.0', '240.0', '300.0', '220.0', '300.0', '300.0', '160.0', '220.0', '300.0', '300.0']

2023-04-04 21:28:04,984 => saving checkpoint to output/MsPacmanNoFrameskip-v4/a2c/aug34/seed_2
2023-04-04 21:32:07,845 Updates 15250, num timesteps 1220080, FPS 206 
Last 10 training episodes: mean/median reward 653.0/540.0 min/max reward 310.0/1310.0 dist entropy 1.6, value loss 0.9, action loss -0.4
selfsup attention loss 0.45003

2023-04-04 21:36:09,416 Updates 15500, num timesteps 1240080, FPS 201 
Last 10 training episodes: mean/median reward 808.0/600.0 min/max reward 340.0/1940.0 dist entropy 1.7, value loss 1.6, action loss -0.2
selfsup attention loss 0.40806

2023-04-04 21:40:11,889 Updates 15750, num timesteps 1260080, FPS 196 
Last 10 training episodes: mean/median reward 898.0/890.0 min/max reward 340.0/2140.0 dist entropy 1.6, value loss 0.5, action loss -0.1
selfsup attention loss 0.50792

2023-04-04 21:44:14,080 Updates 16000, num timesteps 1280080, FPS 192 
Last 10 training episodes: mean/median reward 914.0/895.0 min/max reward 490.0/1270.0 dist entropy 1.4, value loss 1.2, action loss -0.2
selfsup attention loss 0.40918

2023-04-04 21:48:16,479 Updates 16250, num timesteps 1300080, FPS 188 
Last 10 training episodes: mean/median reward 585.0/560.0 min/max reward 290.0/900.0 dist entropy 1.5, value loss 0.6, action loss 0.3
selfsup attention loss 0.44579

2023-04-04 21:48:44,864 TEST: 1300080, 633.3, 1110.0, ['220.0', '220.0', '220.0', '220.0', '310.0', '310.0', '310.0', '930.0', '930.0', '930.0', '930.0', '930.0', '220.0', '220.0', '220.0', '1110.0', '1110.0', '1110.0', '1110.0', '220.0', '930.0', '310.0', '310.0', '930.0', '930.0', '310.0', '310.0', '310.0', '310.0', '930.0', '930.0', '310.0', '930.0', '220.0', '930.0', '310.0', '310.0', '1110.0', '1110.0', '930.0', '930.0', '930.0', '220.0', '220.0', '930.0', '930.0', '930.0', '310.0', '220.0', '1110.0', '1110.0', '930.0', '220.0', '310.0', '1110.0', '220.0', '310.0', '220.0', '930.0', '930.0', '930.0', '930.0', '310.0', '1110.0', '220.0', '1110.0', '310.0', '220.0', '310.0', '930.0', '930.0', '220.0', '930.0', '1110.0', '930.0', '310.0', '220.0', '220.0', '930.0', '930.0', '930.0', '310.0', '930.0', '930.0', '310.0', '930.0', '1110.0', '930.0', '220.0', '930.0', '220.0', '930.0', '220.0', '930.0', '930.0', '220.0', '310.0', '930.0', '220.0', '310.0']

2023-04-04 21:48:44,866 => saving checkpoint to output/MsPacmanNoFrameskip-v4/a2c/aug34/seed_2
2023-04-04 21:52:42,366 Updates 16500, num timesteps 1320080, FPS 184 
Last 10 training episodes: mean/median reward 1030.0/900.0 min/max reward 340.0/1880.0 dist entropy 1.6, value loss 1.0, action loss 0.5
selfsup attention loss 0.45288

2023-04-04 21:56:39,084 Updates 16750, num timesteps 1340080, FPS 181 
Last 10 training episodes: mean/median reward 898.0/785.0 min/max reward 490.0/1450.0 dist entropy 1.4, value loss 0.4, action loss 0.4
selfsup attention loss 0.39611

2023-04-04 22:00:35,888 Updates 17000, num timesteps 1360080, FPS 178 
Last 10 training episodes: mean/median reward 521.0/545.0 min/max reward 270.0/760.0 dist entropy 1.6, value loss 0.4, action loss -0.2
selfsup attention loss 0.39246

2023-04-04 22:04:32,674 Updates 17250, num timesteps 1380080, FPS 175 
Last 10 training episodes: mean/median reward 789.0/795.0 min/max reward 410.0/1270.0 dist entropy 1.4, value loss 0.5, action loss 0.2
selfsup attention loss 0.43563

2023-04-04 22:08:29,404 Updates 17500, num timesteps 1400080, FPS 172 
Last 10 training episodes: mean/median reward 881.0/855.0 min/max reward 320.0/1510.0 dist entropy 1.4, value loss 0.5, action loss 0.2
selfsup attention loss 0.40020

2023-04-04 22:08:55,598 TEST: 1400080, 523.1, 720.0, ['310.0', '310.0', '310.0', '460.0', '460.0', '460.0', '460.0', '470.0', '470.0', '470.0', '470.0', '720.0', '720.0', '720.0', '720.0', '720.0', '310.0', '470.0', '310.0', '310.0', '720.0', '720.0', '310.0', '460.0', '460.0', '470.0', '470.0', '470.0', '720.0', '720.0', '720.0', '720.0', '310.0', '310.0', '460.0', '310.0', '310.0', '310.0', '310.0', '460.0', '470.0', '720.0', '310.0', '720.0', '720.0', '720.0', '460.0', '720.0', '310.0', '310.0', '470.0', '460.0', '720.0', '460.0', '470.0', '470.0', '720.0', '720.0', '460.0', '720.0', '470.0', '720.0', '720.0', '310.0', '470.0', '470.0', '310.0', '470.0', '460.0', '310.0', '470.0', '720.0', '720.0', '720.0', '720.0', '720.0', '720.0', '470.0', '460.0', '470.0', '470.0', '310.0', '310.0', '720.0', '470.0', '720.0', '720.0', '310.0', '470.0', '470.0', '720.0', '720.0', '720.0', '460.0', '720.0', '470.0', '460.0', '460.0', '720.0', '470.0']

2023-04-04 22:08:55,600 => saving checkpoint to output/MsPacmanNoFrameskip-v4/a2c/aug34/seed_2
2023-04-04 22:12:55,249 Updates 17750, num timesteps 1420080, FPS 169 
Last 10 training episodes: mean/median reward 791.0/740.0 min/max reward 640.0/1060.0 dist entropy 1.3, value loss 0.5, action loss 0.2
selfsup attention loss 0.41852

2023-04-04 22:16:54,014 Updates 18000, num timesteps 1440080, FPS 167 
Last 10 training episodes: mean/median reward 562.0/620.0 min/max reward 300.0/800.0 dist entropy 1.0, value loss 0.8, action loss 0.3
selfsup attention loss 0.47083

2023-04-04 22:20:52,622 Updates 18250, num timesteps 1460080, FPS 165 
Last 10 training episodes: mean/median reward 730.0/580.0 min/max reward 470.0/1450.0 dist entropy 1.1, value loss 0.6, action loss -0.1
selfsup attention loss 0.37589

2023-04-04 22:24:51,536 Updates 18500, num timesteps 1480080, FPS 163 
Last 10 training episodes: mean/median reward 656.0/585.0 min/max reward 370.0/1080.0 dist entropy 1.1, value loss 0.9, action loss 0.1
selfsup attention loss 0.47300

2023-04-04 22:28:48,631 Updates 18750, num timesteps 1500080, FPS 161 
Last 10 training episodes: mean/median reward 845.0/795.0 min/max reward 420.0/1640.0 dist entropy 1.3, value loss 0.8, action loss -0.2
selfsup attention loss 0.38309

2023-04-04 22:29:22,414 TEST: 1500080, 899.6, 1150.0, ['510.0', '510.0', '510.0', '510.0', '1130.0', '1130.0', '1130.0', '1130.0', '1130.0', '1150.0', '1150.0', '1150.0', '590.0', '590.0', '590.0', '590.0', '510.0', '510.0', '1130.0', '1130.0', '1130.0', '1150.0', '1150.0', '1150.0', '1130.0', '1130.0', '1150.0', '1130.0', '590.0', '590.0', '590.0', '590.0', '510.0', '510.0', '1130.0', '1150.0', '510.0', '1150.0', '1130.0', '1130.0', '1130.0', '1150.0', '590.0', '1130.0', '1150.0', '1150.0', '1150.0', '1150.0', '510.0', '1130.0', '1130.0', '510.0', '1130.0', '1150.0', '1150.0', '590.0', '1130.0', '590.0', '590.0', '510.0', '590.0', '590.0', '1130.0', '1130.0', '590.0', '1130.0', '1130.0', '590.0', '1150.0', '1130.0', '590.0', '590.0', '590.0', '510.0', '1150.0', '1130.0', '1130.0', '1130.0', '1150.0', '590.0', '1150.0', '590.0', '510.0', '590.0', '1130.0', '590.0', '1130.0', '1130.0', '1150.0', '1130.0', '1130.0', '1130.0', '1130.0', '1150.0', '1130.0', '590.0', '510.0', '510.0', '510.0', '1150.0']

2023-04-04 22:29:22,416 => saving checkpoint to output/MsPacmanNoFrameskip-v4/a2c/aug34/seed_2
2023-04-04 22:33:23,914 Updates 19000, num timesteps 1520080, FPS 158 
Last 10 training episodes: mean/median reward 741.0/670.0 min/max reward 390.0/1320.0 dist entropy 1.3, value loss 0.9, action loss 0.1
selfsup attention loss 0.39245

2023-04-04 22:37:29,583 Updates 19250, num timesteps 1540080, FPS 156 
Last 10 training episodes: mean/median reward 785.0/745.0 min/max reward 490.0/1300.0 dist entropy 1.3, value loss 0.6, action loss -0.1
selfsup attention loss 0.41866

2023-04-04 22:41:32,798 Updates 19500, num timesteps 1560080, FPS 154 
Last 10 training episodes: mean/median reward 1106.0/825.0 min/max reward 390.0/3580.0 dist entropy 1.5, value loss 0.6, action loss -0.1
selfsup attention loss 0.36100

2023-04-04 22:45:42,602 Updates 19750, num timesteps 1580080, FPS 152 
Last 10 training episodes: mean/median reward 793.0/720.0 min/max reward 380.0/1370.0 dist entropy 1.5, value loss 0.9, action loss 0.2
selfsup attention loss 0.36557

2023-04-04 22:49:46,798 Updates 20000, num timesteps 1600080, FPS 151 
Last 10 training episodes: mean/median reward 1013.0/905.0 min/max reward 540.0/1590.0 dist entropy 1.5, value loss 0.4, action loss -0.1
selfsup attention loss 0.35045

2023-04-04 22:50:11,679 TEST: 1600080, 495.9, 530.0, ['450.0', '450.0', '450.0', '450.0', '480.0', '480.0', '480.0', '480.0', '480.0', '520.0', '520.0', '520.0', '520.0', '530.0', '530.0', '530.0', '450.0', '450.0', '480.0', '480.0', '480.0', '530.0', '480.0', '530.0', '530.0', '480.0', '480.0', '530.0', '520.0', '520.0', '520.0', '520.0', '450.0', '450.0', '530.0', '480.0', '450.0', '530.0', '480.0', '480.0', '480.0', '520.0', '480.0', '530.0', '530.0', '530.0', '530.0', '530.0', '450.0', '480.0', '480.0', '450.0', '520.0', '480.0', '530.0', '530.0', '480.0', '520.0', '450.0', '520.0', '520.0', '480.0', '480.0', '520.0', '520.0', '480.0', '520.0', '480.0', '450.0', '520.0', '480.0', '520.0', '520.0', '480.0', '480.0', '480.0', '530.0', '530.0', '530.0', '520.0', '530.0', '520.0', '520.0', '520.0', '480.0', '480.0', '480.0', '480.0', '450.0', '480.0', '480.0', '480.0', '530.0', '480.0', '530.0', '520.0', '450.0', '450.0', '520.0', '450.0']

2023-04-04 22:50:11,680 => saving checkpoint to output/MsPacmanNoFrameskip-v4/a2c/aug34/seed_2
2023-04-04 22:54:14,952 Updates 20250, num timesteps 1620080, FPS 149 
Last 10 training episodes: mean/median reward 801.0/605.0 min/max reward 340.0/1510.0 dist entropy 1.5, value loss 1.1, action loss -0.4
selfsup attention loss 0.38105

2023-04-04 22:58:12,844 Updates 20500, num timesteps 1640080, FPS 148 
Last 10 training episodes: mean/median reward 835.0/620.0 min/max reward 490.0/1870.0 dist entropy 1.6, value loss 1.0, action loss 0.4
selfsup attention loss 0.39670

2023-04-04 23:02:11,131 Updates 20750, num timesteps 1660080, FPS 146 
Last 10 training episodes: mean/median reward 1109.0/970.0 min/max reward 290.0/1940.0 dist entropy 1.3, value loss 0.5, action loss -0.0
selfsup attention loss 0.38019

2023-04-04 23:06:10,495 Updates 21000, num timesteps 1680080, FPS 145 
Last 10 training episodes: mean/median reward 718.0/515.0 min/max reward 340.0/1980.0 dist entropy 1.1, value loss 0.6, action loss 0.2
selfsup attention loss 0.39384

2023-04-04 23:10:09,865 Updates 21250, num timesteps 1700080, FPS 144 
Last 10 training episodes: mean/median reward 892.0/570.0 min/max reward 230.0/2520.0 dist entropy 1.3, value loss 1.1, action loss 0.1
selfsup attention loss 0.38724

2023-04-04 23:10:32,573 TEST: 1700080, 816.4, 1770.0, ['400.0', '400.0', '400.0', '400.0', '400.0', '1770.0', '1770.0', '1770.0', '1770.0', '540.0', '540.0', '540.0', '540.0', '630.0', '630.0', '630.0', '400.0', '400.0', '400.0', '400.0', '630.0', '630.0', '400.0', '400.0', '630.0', '1770.0', '1770.0', '1770.0', '1770.0', '400.0', '540.0', '540.0', '630.0', '540.0', '400.0', '400.0', '400.0', '1770.0', '400.0', '630.0', '630.0', '630.0', '630.0', '630.0', '1770.0', '630.0', '400.0', '540.0', '400.0', '630.0', '540.0', '400.0', '1770.0', '540.0', '1770.0', '1770.0', '400.0', '400.0', '1770.0', '1770.0', '400.0', '630.0', '540.0', '1770.0', '400.0', '1770.0', '540.0', '400.0', '400.0', '400.0', '400.0', '630.0', '630.0', '400.0', '400.0', '630.0', '1770.0', '400.0', '1770.0', '400.0', '400.0', '400.0', '540.0', '630.0', '1770.0', '1770.0', '630.0', '1770.0', '400.0', '1770.0', '630.0', '1770.0', '630.0', '400.0', '400.0', '1770.0', '630.0', '400.0', '540.0', '540.0']

2023-04-04 23:10:32,575 => saving checkpoint to output/MsPacmanNoFrameskip-v4/a2c/aug34/seed_2
2023-04-04 23:14:36,008 Updates 21500, num timesteps 1720080, FPS 142 
Last 10 training episodes: mean/median reward 554.0/500.0 min/max reward 310.0/910.0 dist entropy 1.3, value loss 0.7, action loss 0.2
selfsup attention loss 0.34892

2023-04-04 23:18:38,274 Updates 21750, num timesteps 1740080, FPS 141 
Last 10 training episodes: mean/median reward 1046.0/800.0 min/max reward 570.0/2730.0 dist entropy 1.1, value loss 0.9, action loss -0.2
selfsup attention loss 0.34450

2023-04-04 23:22:40,534 Updates 22000, num timesteps 1760080, FPS 140 
Last 10 training episodes: mean/median reward 989.0/945.0 min/max reward 340.0/1580.0 dist entropy 1.1, value loss 0.9, action loss 0.2
selfsup attention loss 0.30200

2023-04-04 23:26:42,623 Updates 22250, num timesteps 1780080, FPS 139 
Last 10 training episodes: mean/median reward 677.0/660.0 min/max reward 360.0/1370.0 dist entropy 1.2, value loss 0.8, action loss 0.1
selfsup attention loss 0.36164

2023-04-04 23:30:42,892 Updates 22500, num timesteps 1800080, FPS 138 
Last 10 training episodes: mean/median reward 693.0/645.0 min/max reward 350.0/1350.0 dist entropy 1.3, value loss 0.5, action loss -0.4
selfsup attention loss 0.35898

2023-04-04 23:31:07,674 TEST: 1800080, 343.7, 380.0, ['350.0', '350.0', '350.0', '350.0', '380.0', '380.0', '380.0', '340.0', '340.0', '340.0', '340.0', '340.0', '310.0', '310.0', '310.0', '310.0', '350.0', '350.0', '380.0', '340.0', '380.0', '380.0', '340.0', '340.0', '380.0', '340.0', '340.0', '310.0', '340.0', '310.0', '310.0', '310.0', '350.0', '380.0', '350.0', '380.0', '350.0', '380.0', '340.0', '340.0', '340.0', '340.0', '310.0', '340.0', '380.0', '380.0', '380.0', '380.0', '350.0', '380.0', '340.0', '380.0', '350.0', '340.0', '350.0', '310.0', '340.0', '340.0', '310.0', '310.0', '310.0', '310.0', '340.0', '340.0', '310.0', '340.0', '310.0', '380.0', '350.0', '340.0', '310.0', '380.0', '340.0', '380.0', '310.0', '310.0', '340.0', '340.0', '340.0', '310.0', '380.0', '350.0', '340.0', '310.0', '340.0', '310.0', '310.0', '380.0', '380.0', '340.0', '340.0', '350.0', '340.0', '340.0', '310.0', '340.0', '340.0', '350.0', '350.0', '380.0']

2023-04-04 23:31:07,676 => saving checkpoint to output/MsPacmanNoFrameskip-v4/a2c/aug34/seed_2
2023-04-04 23:35:07,684 Updates 22750, num timesteps 1820080, FPS 136 
Last 10 training episodes: mean/median reward 637.0/515.0 min/max reward 370.0/1330.0 dist entropy 1.0, value loss 0.6, action loss 0.1
selfsup attention loss 0.41941

2023-04-04 23:39:07,075 Updates 23000, num timesteps 1840080, FPS 135 
Last 10 training episodes: mean/median reward 796.0/640.0 min/max reward 330.0/2150.0 dist entropy 1.1, value loss 0.3, action loss -0.2
selfsup attention loss 0.30186

2023-04-04 23:43:06,721 Updates 23250, num timesteps 1860080, FPS 135 
Last 10 training episodes: mean/median reward 992.0/1115.0 min/max reward 310.0/1790.0 dist entropy 1.4, value loss 1.0, action loss -0.3
selfsup attention loss 0.35923

2023-04-04 23:47:06,427 Updates 23500, num timesteps 1880080, FPS 134 
Last 10 training episodes: mean/median reward 546.0/500.0 min/max reward 310.0/910.0 dist entropy 1.1, value loss 0.5, action loss -0.3
selfsup attention loss 0.31431

2023-04-04 23:51:05,729 Updates 23750, num timesteps 1900080, FPS 133 
Last 10 training episodes: mean/median reward 758.0/540.0 min/max reward 280.0/1510.0 dist entropy 1.1, value loss 0.5, action loss 0.1
selfsup attention loss 0.37749

2023-04-04 23:51:33,049 TEST: 1900080, 287.0, 350.0, ['260.0', '260.0', '260.0', '260.0', '280.0', '280.0', '280.0', '280.0', '280.0', '260.0', '260.0', '260.0', '260.0', '350.0', '350.0', '350.0', '260.0', '260.0', '280.0', '280.0', '280.0', '280.0', '350.0', '350.0', '350.0', '280.0', '280.0', '350.0', '260.0', '260.0', '260.0', '260.0', '260.0', '260.0', '280.0', '350.0', '260.0', '350.0', '280.0', '280.0', '280.0', '260.0', '280.0', '350.0', '350.0', '260.0', '280.0', '350.0', '350.0', '350.0', '280.0', '260.0', '260.0', '280.0', '350.0', '280.0', '260.0', '350.0', '260.0', '260.0', '260.0', '280.0', '280.0', '260.0', '260.0', '260.0', '280.0', '280.0', '260.0', '280.0', '260.0', '260.0', '260.0', '280.0', '280.0', '280.0', '350.0', '350.0', '350.0', '260.0', '350.0', '260.0', '260.0', '280.0', '260.0', '280.0', '280.0', '280.0', '280.0', '280.0', '280.0', '260.0', '350.0', '280.0', '350.0', '260.0', '260.0', '260.0', '260.0', '260.0']

2023-04-04 23:51:33,050 => saving checkpoint to output/MsPacmanNoFrameskip-v4/a2c/aug34/seed_2
2023-04-04 23:55:28,964 Updates 24000, num timesteps 1920080, FPS 132 
Last 10 training episodes: mean/median reward 696.0/645.0 min/max reward 360.0/1310.0 dist entropy 1.4, value loss 0.7, action loss -0.3
selfsup attention loss 0.33122

2023-04-04 23:59:24,271 Updates 24250, num timesteps 1940080, FPS 131 
Last 10 training episodes: mean/median reward 544.0/385.0 min/max reward 270.0/1180.0 dist entropy 1.4, value loss 3.5, action loss 0.1
selfsup attention loss 0.38175

2023-04-05 00:03:23,926 Updates 24500, num timesteps 1960080, FPS 130 
Last 10 training episodes: mean/median reward 791.0/900.0 min/max reward 310.0/1200.0 dist entropy 1.2, value loss 0.6, action loss -0.5
selfsup attention loss 0.38546

2023-04-05 00:07:25,976 Updates 24750, num timesteps 1980080, FPS 129 
Last 10 training episodes: mean/median reward 682.0/635.0 min/max reward 290.0/1300.0 dist entropy 1.4, value loss 1.0, action loss -0.0
selfsup attention loss 0.33449

2023-04-05 00:11:27,295 Updates 25000, num timesteps 2000080, FPS 129 
Last 10 training episodes: mean/median reward 895.0/865.0 min/max reward 400.0/1610.0 dist entropy 1.3, value loss 0.5, action loss 0.4
selfsup attention loss 0.40098

2023-04-05 00:11:53,394 TEST: 2000080, 625.0, 700.0, ['550.0', '550.0', '550.0', '550.0', '550.0', '640.0', '640.0', '640.0', '640.0', '670.0', '670.0', '670.0', '670.0', '700.0', '700.0', '700.0', '550.0', '550.0', '550.0', '550.0', '700.0', '700.0', '550.0', '550.0', '700.0', '550.0', '640.0', '640.0', '640.0', '640.0', '670.0', '670.0', '700.0', '670.0', '550.0', '550.0', '550.0', '640.0', '550.0', '700.0', '700.0', '700.0', '640.0', '550.0', '550.0', '700.0', '700.0', '700.0', '670.0', '700.0', '670.0', '550.0', '640.0', '670.0', '640.0', '640.0', '550.0', '550.0', '640.0', '550.0', '700.0', '640.0', '640.0', '550.0', '640.0', '550.0', '670.0', '670.0', '700.0', '550.0', '550.0', '550.0', '700.0', '550.0', '550.0', '550.0', '700.0', '640.0', '700.0', '640.0', '550.0', '550.0', '550.0', '640.0', '700.0', '670.0', '640.0', '640.0', '550.0', '640.0', '700.0', '700.0', '550.0', '700.0', '640.0', '550.0', '550.0', '640.0', '670.0', '670.0']

2023-04-05 00:11:53,396 => saving checkpoint to output/MsPacmanNoFrameskip-v4/a2c/aug34/seed_2
2023-04-05 00:15:54,933 Updates 25250, num timesteps 2020080, FPS 128 
Last 10 training episodes: mean/median reward 891.0/825.0 min/max reward 340.0/1480.0 dist entropy 1.5, value loss 0.5, action loss 0.3
selfsup attention loss 0.35382

2023-04-05 00:19:55,755 Updates 25500, num timesteps 2040080, FPS 127 
Last 10 training episodes: mean/median reward 973.0/805.0 min/max reward 390.0/3040.0 dist entropy 1.4, value loss 0.8, action loss 0.2
selfsup attention loss 0.33064

2023-04-05 00:23:56,428 Updates 25750, num timesteps 2060080, FPS 126 
Last 10 training episodes: mean/median reward 930.0/800.0 min/max reward 480.0/1920.0 dist entropy 1.4, value loss 1.0, action loss -0.1
selfsup attention loss 0.33306

2023-04-05 00:27:57,099 Updates 26000, num timesteps 2080080, FPS 126 
Last 10 training episodes: mean/median reward 888.0/675.0 min/max reward 380.0/1640.0 dist entropy 1.4, value loss 0.6, action loss 0.1
selfsup attention loss 0.34675

2023-04-05 00:31:57,485 Updates 26250, num timesteps 2100080, FPS 125 
Last 10 training episodes: mean/median reward 1001.0/1040.0 min/max reward 580.0/1300.0 dist entropy 1.4, value loss 0.5, action loss -0.0
selfsup attention loss 0.35676

2023-04-05 00:32:21,751 TEST: 2100080, 411.2, 470.0, ['370.0', '370.0', '370.0', '370.0', '420.0', '420.0', '420.0', '420.0', '390.0', '390.0', '390.0', '390.0', '390.0', '470.0', '470.0', '470.0', '370.0', '370.0', '390.0', '470.0', '420.0', '420.0', '420.0', '390.0', '420.0', '390.0', '390.0', '470.0', '470.0', '390.0', '390.0', '470.0', '370.0', '470.0', '370.0', '370.0', '470.0', '370.0', '470.0', '470.0', '470.0', '420.0', '390.0', '470.0', '390.0', '390.0', '390.0', '390.0', '470.0', '390.0', '470.0', '370.0', '390.0', '370.0', '470.0', '420.0', '420.0', '420.0', '390.0', '420.0', '390.0', '390.0', '420.0', '420.0', '390.0', '370.0', '390.0', '420.0', '420.0', '390.0', '470.0', '470.0', '420.0', '390.0', '390.0', '390.0', '470.0', '420.0', '390.0', '420.0', '470.0', '390.0', '420.0', '390.0', '370.0', '370.0', '420.0', '420.0', '390.0', '420.0', '390.0', '390.0', '390.0', '390.0', '390.0', '470.0', '470.0', '370.0', '370.0', '370.0']

2023-04-05 00:32:21,753 => saving checkpoint to output/MsPacmanNoFrameskip-v4/a2c/aug34/seed_2
2023-04-05 00:36:22,329 Updates 26500, num timesteps 2120080, FPS 124 
Last 10 training episodes: mean/median reward 879.0/835.0 min/max reward 450.0/1930.0 dist entropy 1.2, value loss 1.1, action loss -0.0
selfsup attention loss 0.35228

2023-04-05 00:40:21,689 Updates 26750, num timesteps 2140080, FPS 124 
Last 10 training episodes: mean/median reward 981.0/1055.0 min/max reward 440.0/2190.0 dist entropy 1.5, value loss 0.6, action loss -0.5
selfsup attention loss 0.37248

2023-04-05 00:44:20,979 Updates 27000, num timesteps 2160080, FPS 123 
Last 10 training episodes: mean/median reward 1102.0/1085.0 min/max reward 360.0/1720.0 dist entropy 1.6, value loss 0.8, action loss 0.4
selfsup attention loss 0.37770

2023-04-05 00:48:20,324 Updates 27250, num timesteps 2180080, FPS 123 
Last 10 training episodes: mean/median reward 696.0/575.0 min/max reward 400.0/1450.0 dist entropy 1.3, value loss 0.4, action loss -0.1
selfsup attention loss 0.33256

2023-04-05 00:52:19,649 Updates 27500, num timesteps 2200080, FPS 122 
Last 10 training episodes: mean/median reward 848.0/665.0 min/max reward 500.0/2300.0 dist entropy 1.2, value loss 2.4, action loss -0.2
selfsup attention loss 0.30551

2023-04-05 00:52:48,397 TEST: 2200080, 476.6, 810.0, ['180.0', '180.0', '180.0', '270.0', '270.0', '270.0', '270.0', '490.0', '490.0', '490.0', '490.0', '810.0', '810.0', '810.0', '810.0', '810.0', '270.0', '270.0', '270.0', '270.0', '180.0', '490.0', '490.0', '180.0', '180.0', '810.0', '810.0', '180.0', '810.0', '180.0', '180.0', '180.0', '810.0', '810.0', '810.0', '180.0', '490.0', '180.0', '270.0', '810.0', '180.0', '490.0', '180.0', '490.0', '810.0', '810.0', '810.0', '180.0', '270.0', '270.0', '270.0', '810.0', '810.0', '490.0', '180.0', '490.0', '810.0', '810.0', '810.0', '270.0', '270.0', '490.0', '180.0', '270.0', '490.0', '180.0', '810.0', '270.0', '270.0', '180.0', '810.0', '810.0', '810.0', '810.0', '270.0', '810.0', '490.0', '180.0', '810.0', '270.0', '810.0', '180.0', '270.0', '810.0', '810.0', '810.0', '270.0', '270.0', '180.0', '810.0', '810.0', '810.0', '270.0', '270.0', '490.0', '810.0', '490.0', '270.0', '490.0', '270.0']

2023-04-05 00:52:48,399 => saving checkpoint to output/MsPacmanNoFrameskip-v4/a2c/aug34/seed_2
2023-04-05 00:56:51,573 Updates 27750, num timesteps 2220080, FPS 121 
Last 10 training episodes: mean/median reward 826.0/755.0 min/max reward 350.0/1280.0 dist entropy 1.4, value loss 0.5, action loss 0.4
selfsup attention loss 0.37291

2023-04-05 01:00:53,577 Updates 28000, num timesteps 2240080, FPS 121 
Last 10 training episodes: mean/median reward 911.0/880.0 min/max reward 460.0/1570.0 dist entropy 1.3, value loss 0.4, action loss 0.1
selfsup attention loss 0.35580

2023-04-05 01:04:55,540 Updates 28250, num timesteps 2260080, FPS 120 
Last 10 training episodes: mean/median reward 926.0/685.0 min/max reward 430.0/1980.0 dist entropy 1.4, value loss 1.1, action loss -0.6
selfsup attention loss 0.40224

2023-04-05 01:08:57,520 Updates 28500, num timesteps 2280080, FPS 120 
Last 10 training episodes: mean/median reward 676.0/620.0 min/max reward 340.0/1070.0 dist entropy 1.6, value loss 1.4, action loss 0.4
selfsup attention loss 0.36685

2023-04-05 01:12:59,663 Updates 28750, num timesteps 2300080, FPS 119 
Last 10 training episodes: mean/median reward 812.0/885.0 min/max reward 350.0/1590.0 dist entropy 1.4, value loss 3.7, action loss 0.1
selfsup attention loss 0.35871

2023-04-05 01:13:26,345 TEST: 2300080, 832.3, 1050.0, ['810.0', '810.0', '810.0', '810.0', '860.0', '860.0', '860.0', '860.0', '860.0', '670.0', '670.0', '670.0', '1050.0', '1050.0', '1050.0', '1050.0', '810.0', '810.0', '810.0', '860.0', '810.0', '860.0', '860.0', '670.0', '670.0', '860.0', '860.0', '670.0', '860.0', '670.0', '1050.0', '1050.0', '670.0', '670.0', '670.0', '810.0', '860.0', '670.0', '860.0', '860.0', '860.0', '860.0', '670.0', '1050.0', '670.0', '670.0', '1050.0', '810.0', '810.0', '860.0', '860.0', '810.0', '860.0', '810.0', '810.0', '860.0', '1050.0', '1050.0', '860.0', '1050.0', '670.0', '810.0', '860.0', '860.0', '860.0', '860.0', '670.0', '670.0', '810.0', '860.0', '810.0', '670.0', '810.0', '860.0', '1050.0', '670.0', '1050.0', '810.0', '860.0', '860.0', '810.0', '860.0', '860.0', '860.0', '860.0', '860.0', '670.0', '670.0', '810.0', '810.0', '810.0', '860.0', '810.0', '860.0', '860.0', '670.0', '860.0', '1050.0', '860.0', '810.0']

2023-04-05 01:13:26,347 => saving checkpoint to output/MsPacmanNoFrameskip-v4/a2c/aug34/seed_2
2023-04-05 01:17:31,885 Updates 29000, num timesteps 2320080, FPS 119 
Last 10 training episodes: mean/median reward 1235.0/1150.0 min/max reward 540.0/2520.0 dist entropy 1.3, value loss 0.4, action loss -0.3
selfsup attention loss 0.35017

2023-04-05 01:21:35,712 Updates 29250, num timesteps 2340080, FPS 118 
Last 10 training episodes: mean/median reward 994.0/855.0 min/max reward 390.0/2220.0 dist entropy 1.3, value loss 0.4, action loss -0.2
selfsup attention loss 0.34446

2023-04-05 01:25:37,760 Updates 29500, num timesteps 2360080, FPS 118 
Last 10 training episodes: mean/median reward 970.0/995.0 min/max reward 340.0/1490.0 dist entropy 1.3, value loss 1.4, action loss 0.1
selfsup attention loss 0.41956

2023-04-05 01:29:38,771 Updates 29750, num timesteps 2380080, FPS 118 
Last 10 training episodes: mean/median reward 658.0/605.0 min/max reward 400.0/950.0 dist entropy 1.6, value loss 0.4, action loss -0.1
selfsup attention loss 0.41900

2023-04-05 01:33:39,955 Updates 30000, num timesteps 2400080, FPS 117 
Last 10 training episodes: mean/median reward 1055.0/755.0 min/max reward 530.0/1960.0 dist entropy 1.6, value loss 0.9, action loss 0.0
selfsup attention loss 0.31937

2023-04-05 01:34:11,114 TEST: 2400080, 1109.7, 1600.0, ['790.0', '790.0', '790.0', '790.0', '1000.0', '1000.0', '1000.0', '750.0', '750.0', '750.0', '750.0', '1600.0', '1600.0', '1600.0', '1600.0', '1600.0', '790.0', '790.0', '1000.0', '750.0', '1600.0', '750.0', '750.0', '750.0', '1000.0', '1000.0', '1600.0', '1600.0', '1000.0', '1600.0', '790.0', '1600.0', '1600.0', '1000.0', '790.0', '1000.0', '1000.0', '1000.0', '1000.0', '1000.0', '790.0', '750.0', '1600.0', '1000.0', '790.0', '1600.0', '1600.0', '1600.0', '1000.0', '1600.0', '790.0', '1600.0', '1000.0', '750.0', '750.0', '790.0', '750.0', '750.0', '1600.0', '1600.0', '1600.0', '750.0', '750.0', '1600.0', '790.0', '1600.0', '750.0', '1000.0', '1600.0', '1000.0', '1000.0', '750.0', '1000.0', '1600.0', '1600.0', '1600.0', '1600.0', '750.0', '790.0', '1600.0', '750.0', '1600.0', '750.0', '1600.0', '790.0', '750.0', '750.0', '1000.0', '1600.0', '790.0', '750.0', '790.0', '750.0', '1000.0', '790.0', '1600.0', '1600.0', '1600.0', '750.0', '1600.0']

2023-04-05 01:34:11,116 => saving checkpoint to output/MsPacmanNoFrameskip-v4/a2c/aug34/seed_2
2023-04-05 01:38:10,739 Updates 30250, num timesteps 2420080, FPS 117 
Last 10 training episodes: mean/median reward 1104.0/1130.0 min/max reward 400.0/2080.0 dist entropy 1.1, value loss 1.0, action loss -0.2
selfsup attention loss 0.36570

2023-04-05 01:42:09,258 Updates 30500, num timesteps 2440080, FPS 116 
Last 10 training episodes: mean/median reward 670.0/680.0 min/max reward 470.0/1000.0 dist entropy 1.4, value loss 4.0, action loss 0.4
selfsup attention loss 0.34411

2023-04-05 01:46:04,459 Updates 30750, num timesteps 2460080, FPS 116 
Last 10 training episodes: mean/median reward 869.0/825.0 min/max reward 500.0/1440.0 dist entropy 1.2, value loss 1.2, action loss 0.7
selfsup attention loss 0.30279

2023-04-05 01:49:59,540 Updates 31000, num timesteps 2480080, FPS 115 
Last 10 training episodes: mean/median reward 759.0/720.0 min/max reward 370.0/1450.0 dist entropy 1.5, value loss 0.8, action loss 0.2
selfsup attention loss 0.30924

2023-04-05 01:53:54,678 Updates 31250, num timesteps 2500080, FPS 115 
Last 10 training episodes: mean/median reward 916.0/700.0 min/max reward 270.0/2120.0 dist entropy 1.3, value loss 0.6, action loss -0.5
selfsup attention loss 0.31719

2023-04-05 01:54:18,659 TEST: 2500080, 464.7, 760.0, ['330.0', '330.0', '330.0', '430.0', '430.0', '430.0', '430.0', '430.0', '480.0', '480.0', '480.0', '480.0', '760.0', '760.0', '760.0', '760.0', '330.0', '330.0', '430.0', '430.0', '330.0', '480.0', '430.0', '430.0', '330.0', '430.0', '430.0', '480.0', '480.0', '480.0', '760.0', '760.0', '330.0', '430.0', '430.0', '430.0', '480.0', '430.0', '330.0', '430.0', '330.0', '330.0', '330.0', '330.0', '760.0', '330.0', '760.0', '480.0', '430.0', '760.0', '330.0', '430.0', '480.0', '760.0', '480.0', '480.0', '430.0', '430.0', '330.0', '480.0', '430.0', '430.0', '760.0', '330.0', '330.0', '330.0', '480.0', '430.0', '480.0', '430.0', '760.0', '430.0', '430.0', '430.0', '480.0', '480.0', '430.0', '480.0', '330.0', '760.0', '330.0', '430.0', '760.0', '430.0', '480.0', '430.0', '430.0', '430.0', '480.0', '480.0', '430.0', '430.0', '480.0', '330.0', '480.0', '430.0', '480.0', '330.0', '430.0', '330.0']

2023-04-05 01:54:18,661 => saving checkpoint to output/MsPacmanNoFrameskip-v4/a2c/aug34/seed_2
2023-04-05 01:58:17,552 Updates 31500, num timesteps 2520080, FPS 115 
Last 10 training episodes: mean/median reward 888.0/905.0 min/max reward 530.0/1440.0 dist entropy 1.1, value loss 1.3, action loss -0.4
selfsup attention loss 0.34714

2023-04-05 02:02:16,556 Updates 31750, num timesteps 2540080, FPS 114 
Last 10 training episodes: mean/median reward 978.0/900.0 min/max reward 450.0/2000.0 dist entropy 1.2, value loss 1.5, action loss 0.2
selfsup attention loss 0.39027

2023-04-05 02:06:15,495 Updates 32000, num timesteps 2560080, FPS 114 
Last 10 training episodes: mean/median reward 733.0/600.0 min/max reward 380.0/1700.0 dist entropy 1.3, value loss 0.6, action loss 0.0
selfsup attention loss 0.38076

2023-04-05 02:10:14,382 Updates 32250, num timesteps 2580080, FPS 114 
Last 10 training episodes: mean/median reward 787.0/815.0 min/max reward 290.0/1180.0 dist entropy 1.3, value loss 0.9, action loss -0.4
selfsup attention loss 0.34075

2023-04-05 02:14:13,419 Updates 32500, num timesteps 2600080, FPS 113 
Last 10 training episodes: mean/median reward 827.0/745.0 min/max reward 460.0/1510.0 dist entropy 1.3, value loss 0.3, action loss -0.1
selfsup attention loss 0.29948

2023-04-05 02:14:39,247 TEST: 2600080, 369.1, 670.0, ['300.0', '300.0', '300.0', '300.0', '290.0', '290.0', '290.0', '290.0', '290.0', '230.0', '230.0', '230.0', '670.0', '670.0', '670.0', '670.0', '300.0', '300.0', '290.0', '230.0', '290.0', '290.0', '230.0', '230.0', '290.0', '290.0', '230.0', '290.0', '670.0', '670.0', '670.0', '670.0', '300.0', '230.0', '300.0', '300.0', '230.0', '290.0', '290.0', '230.0', '290.0', '290.0', '670.0', '290.0', '230.0', '230.0', '230.0', '230.0', '300.0', '290.0', '230.0', '230.0', '290.0', '300.0', '290.0', '670.0', '670.0', '290.0', '670.0', '300.0', '670.0', '670.0', '290.0', '290.0', '670.0', '290.0', '230.0', '290.0', '670.0', '670.0', '300.0', '290.0', '230.0', '670.0', '230.0', '670.0', '670.0', '290.0', '290.0', '290.0', '230.0', '300.0', '670.0', '290.0', '670.0', '290.0', '230.0', '290.0', '230.0', '670.0', '290.0', '290.0', '290.0', '290.0', '290.0', '670.0', '300.0', '300.0', '300.0', '230.0']

2023-04-05 02:14:39,248 => saving checkpoint to output/MsPacmanNoFrameskip-v4/a2c/aug34/seed_2
2023-04-05 02:18:39,125 Updates 32750, num timesteps 2620080, FPS 113 
Last 10 training episodes: mean/median reward 787.0/700.0 min/max reward 490.0/1360.0 dist entropy 1.1, value loss 0.5, action loss -0.1
selfsup attention loss 0.34106

2023-04-05 02:22:38,287 Updates 33000, num timesteps 2640080, FPS 113 
Last 10 training episodes: mean/median reward 689.0/680.0 min/max reward 490.0/1040.0 dist entropy 1.3, value loss 0.6, action loss 0.3
selfsup attention loss 0.30141

2023-04-05 02:26:37,474 Updates 33250, num timesteps 2660080, FPS 112 
Last 10 training episodes: mean/median reward 1002.0/870.0 min/max reward 590.0/2310.0 dist entropy 1.3, value loss 1.0, action loss -0.2
selfsup attention loss 0.32111

2023-04-05 02:30:36,485 Updates 33500, num timesteps 2680080, FPS 112 
Last 10 training episodes: mean/median reward 963.0/755.0 min/max reward 380.0/2410.0 dist entropy 1.1, value loss 0.8, action loss -0.5
selfsup attention loss 0.36217

2023-04-05 02:34:35,282 Updates 33750, num timesteps 2700080, FPS 112 
Last 10 training episodes: mean/median reward 757.0/715.0 min/max reward 400.0/1330.0 dist entropy 0.9, value loss 0.8, action loss -0.3
selfsup attention loss 0.36749

2023-04-05 02:34:59,374 TEST: 2700080, 610.0, 660.0, ['520.0', '590.0', '520.0', '590.0', '590.0', '590.0', '590.0', '520.0', '520.0', '660.0', '660.0', '660.0', '650.0', '650.0', '650.0', '650.0', '590.0', '590.0', '590.0', '520.0', '520.0', '660.0', '660.0', '590.0', '590.0', '660.0', '660.0', '590.0', '650.0', '650.0', '650.0', '650.0', '520.0', '590.0', '520.0', '660.0', '590.0', '660.0', '590.0', '590.0', '520.0', '660.0', '650.0', '590.0', '660.0', '660.0', '660.0', '660.0', '590.0', '520.0', '520.0', '590.0', '590.0', '650.0', '660.0', '660.0', '590.0', '650.0', '650.0', '650.0', '520.0', '650.0', '590.0', '590.0', '590.0', '590.0', '650.0', '650.0', '590.0', '650.0', '660.0', '650.0', '660.0', '650.0', '520.0', '590.0', '590.0', '590.0', '660.0', '650.0', '650.0', '650.0', '590.0', '660.0', '520.0', '650.0', '590.0', '660.0', '590.0', '590.0', '590.0', '590.0', '590.0', '660.0', '590.0', '650.0', '520.0', '520.0', '660.0', '660.0']

2023-04-05 02:34:59,376 => saving checkpoint to output/MsPacmanNoFrameskip-v4/a2c/aug34/seed_2
2023-04-05 02:39:02,507 Updates 34000, num timesteps 2720080, FPS 111 
Last 10 training episodes: mean/median reward 855.0/640.0 min/max reward 480.0/1490.0 dist entropy 1.1, value loss 1.3, action loss -0.1
selfsup attention loss 0.36976

2023-04-05 02:43:04,740 Updates 34250, num timesteps 2740080, FPS 111 
Last 10 training episodes: mean/median reward 1001.0/655.0 min/max reward 350.0/2390.0 dist entropy 1.4, value loss 1.2, action loss 0.5
selfsup attention loss 0.37878

2023-04-05 02:47:06,973 Updates 34500, num timesteps 2760080, FPS 111 
Last 10 training episodes: mean/median reward 1074.0/1000.0 min/max reward 480.0/1760.0 dist entropy 1.1, value loss 0.7, action loss 0.4
selfsup attention loss 0.34138

2023-04-05 02:51:09,269 Updates 34750, num timesteps 2780080, FPS 110 
Last 10 training episodes: mean/median reward 896.0/760.0 min/max reward 460.0/1650.0 dist entropy 1.0, value loss 0.5, action loss -0.1
selfsup attention loss 0.35707

2023-04-05 02:55:11,536 Updates 35000, num timesteps 2800080, FPS 110 
Last 10 training episodes: mean/median reward 862.0/860.0 min/max reward 380.0/1260.0 dist entropy 1.1, value loss 0.7, action loss -0.2
selfsup attention loss 0.33142

2023-04-05 02:55:42,110 TEST: 2800080, 726.8, 890.0, ['650.0', '650.0', '650.0', '650.0', '550.0', '550.0', '550.0', '550.0', '720.0', '720.0', '720.0', '890.0', '890.0', '890.0', '890.0', '890.0', '650.0', '650.0', '550.0', '550.0', '550.0', '720.0', '550.0', '890.0', '890.0', '720.0', '720.0', '890.0', '890.0', '720.0', '890.0', '890.0', '650.0', '720.0', '650.0', '720.0', '720.0', '720.0', '720.0', '550.0', '890.0', '720.0', '720.0', '650.0', '890.0', '890.0', '890.0', '890.0', '650.0', '650.0', '720.0', '890.0', '550.0', '550.0', '890.0', '890.0', '720.0', '550.0', '650.0', '890.0', '550.0', '890.0', '550.0', '550.0', '890.0', '650.0', '550.0', '720.0', '550.0', '720.0', '890.0', '890.0', '890.0', '890.0', '720.0', '550.0', '550.0', '890.0', '890.0', '550.0', '720.0', '890.0', '890.0', '550.0', '650.0', '550.0', '890.0', '550.0', '720.0', '550.0', '890.0', '890.0', '650.0', '890.0', '720.0', '890.0', '890.0', '550.0', '650.0', '650.0']

2023-04-05 02:55:42,112 => saving checkpoint to output/MsPacmanNoFrameskip-v4/a2c/aug34/seed_2
2023-04-05 02:59:41,617 Updates 35250, num timesteps 2820080, FPS 110 
Last 10 training episodes: mean/median reward 835.0/725.0 min/max reward 450.0/1660.0 dist entropy 1.0, value loss 0.8, action loss -0.0
selfsup attention loss 0.40568

2023-04-05 03:03:40,294 Updates 35500, num timesteps 2840080, FPS 110 
Last 10 training episodes: mean/median reward 1017.0/1025.0 min/max reward 690.0/1560.0 dist entropy 1.2, value loss 1.2, action loss -0.1
selfsup attention loss 0.40130

2023-04-05 03:07:39,074 Updates 35750, num timesteps 2860080, FPS 109 
Last 10 training episodes: mean/median reward 852.0/625.0 min/max reward 320.0/2140.0 dist entropy 1.1, value loss 1.2, action loss -0.3
selfsup attention loss 0.31654

2023-04-05 03:11:37,716 Updates 36000, num timesteps 2880080, FPS 109 
Last 10 training episodes: mean/median reward 838.0/765.0 min/max reward 470.0/1330.0 dist entropy 1.2, value loss 0.8, action loss -0.1
selfsup attention loss 0.38830

2023-04-05 03:15:36,600 Updates 36250, num timesteps 2900080, FPS 109 
Last 10 training episodes: mean/median reward 1012.0/805.0 min/max reward 440.0/2280.0 dist entropy 1.0, value loss 1.9, action loss 0.4
selfsup attention loss 0.41212

2023-04-05 03:16:07,166 TEST: 2900080, 921.2, 1700.0, ['510.0', '510.0', '510.0', '510.0', '510.0', '710.0', '710.0', '710.0', '710.0', '1050.0', '1050.0', '1050.0', '1050.0', '1700.0', '1700.0', '1700.0', '510.0', '510.0', '510.0', '510.0', '710.0', '710.0', '710.0', '1700.0', '1700.0', '510.0', '510.0', '1700.0', '1050.0', '1050.0', '710.0', '1700.0', '510.0', '1050.0', '510.0', '510.0', '510.0', '710.0', '510.0', '1700.0', '1700.0', '1700.0', '1700.0', '1700.0', '1700.0', '1050.0', '1700.0', '1050.0', '710.0', '510.0', '510.0', '510.0', '710.0', '1050.0', '710.0', '710.0', '510.0', '510.0', '510.0', '710.0', '1050.0', '1700.0', '1050.0', '710.0', '710.0', '1700.0', '510.0', '710.0', '510.0', '510.0', '510.0', '510.0', '510.0', '1700.0', '1700.0', '710.0', '510.0', '710.0', '1050.0', '1700.0', '510.0', '710.0', '710.0', '510.0', '510.0', '510.0', '710.0', '1700.0', '710.0', '510.0', '510.0', '710.0', '1700.0', '510.0', '1700.0', '1700.0', '510.0', '710.0', '1050.0', '1700.0']

2023-04-05 03:16:07,168 => saving checkpoint to output/MsPacmanNoFrameskip-v4/a2c/aug34/seed_2
2023-04-05 03:20:09,912 Updates 36500, num timesteps 2920080, FPS 108 
Last 10 training episodes: mean/median reward 858.0/750.0 min/max reward 440.0/1730.0 dist entropy 0.9, value loss 0.4, action loss -0.0
selfsup attention loss 0.33179

2023-04-05 03:24:11,693 Updates 36750, num timesteps 2940080, FPS 108 
Last 10 training episodes: mean/median reward 910.0/810.0 min/max reward 540.0/1680.0 dist entropy 0.9, value loss 1.4, action loss -0.0
selfsup attention loss 0.33916

2023-04-05 03:28:12,890 Updates 37000, num timesteps 2960080, FPS 108 
Last 10 training episodes: mean/median reward 790.0/790.0 min/max reward 430.0/1300.0 dist entropy 1.0, value loss 1.4, action loss -0.1
selfsup attention loss 0.33365

2023-04-05 03:32:13,546 Updates 37250, num timesteps 2980080, FPS 108 
Last 10 training episodes: mean/median reward 782.0/650.0 min/max reward 430.0/1310.0 dist entropy 1.2, value loss 0.6, action loss -0.0
selfsup attention loss 0.32513

2023-04-05 03:37:18,969 Updates 37500, num timesteps 3000080, FPS 107 
Last 10 training episodes: mean/median reward 903.0/885.0 min/max reward 450.0/1330.0 dist entropy 1.1, value loss 0.7, action loss 0.0
selfsup attention loss 0.32164

2023-04-05 03:37:56,790 TEST: 3000080, 549.4, 620.0, ['530.0', '530.0', '530.0', '530.0', '530.0', '620.0', '620.0', '620.0', '620.0', '490.0', '490.0', '490.0', '490.0', '600.0', '600.0', '600.0', '530.0', '530.0', '530.0', '620.0', '620.0', '530.0', '600.0', '600.0', '530.0', '530.0', '600.0', '600.0', '490.0', '490.0', '490.0', '490.0', '530.0', '620.0', '620.0', '530.0', '530.0', '530.0', '600.0', '600.0', '620.0', '490.0', '530.0', '600.0', '600.0', '600.0', '600.0', '600.0', '530.0', '490.0', '530.0', '620.0', '620.0', '530.0', '530.0', '490.0', '600.0', '600.0', '490.0', '490.0', '530.0', '530.0', '490.0', '620.0', '490.0', '530.0', '530.0', '490.0', '530.0', '490.0', '490.0', '530.0', '530.0', '530.0', '600.0', '600.0', '620.0', '490.0', '600.0', '490.0', '530.0', '530.0', '490.0', '490.0', '490.0', '530.0', '530.0', '530.0', '600.0', '600.0', '530.0', '620.0', '530.0', '530.0', '600.0', '490.0', '600.0', '490.0', '530.0', '600.0']

2023-04-05 03:37:56,791 => saving checkpoint to output/MsPacmanNoFrameskip-v4/a2c/aug34/seed_2
2023-04-05 03:45:39,614 Updates 37750, num timesteps 3020080, FPS 106 
Last 10 training episodes: mean/median reward 905.0/895.0 min/max reward 460.0/1570.0 dist entropy 1.3, value loss 0.3, action loss 0.0
selfsup attention loss 0.34666

