2023-04-06 15:07:35,333 Namespace(TEST_MODEL_FILE=None, cfg='experiments/atari/ms_multi.yaml', eval_only=False, render=False, seed=2)
2023-04-06 15:07:35,335 {'AUTO_RESUME': False,
 'CUDNN': {'BENCHMARK': True, 'DETERMINISTIC': False, 'ENABLED': True},
 'DATASET': {'BRIGHTNESS_FACTOR': 0.0,
             'COLOR_RGB': True,
             'CONTRAST_FACTOR': 0.0,
             'DATASET': 'mpii',
             'GRAYSCALE': True,
             'HISTORY_INPUT': False,
             'HUE_FACTOR': 0.0,
             'HYBRID': False,
             'ROOT': '',
             'SAMPLE_2_FRAME': False,
             'SAMPLE_2_FRAME_OFFSET': 0,
             'SAMPLE_STEP': 1,
             'SAT_FACTOR': 0.0,
             'TEST_SET': 'valid',
             'TRAIN_SET': 'train',
             'TRANSFORM': False},
 'DATA_DIR': '',
 'DEBUG': {'DEBUG': False},
 'GPUS': '2',
 'LOG_DIR': 'log',
 'MODEL': {'HEATMAP_SIZE': [64, 64],
           'IGNORE_BACKGROUND': False,
           'IMAGE_SIZE': array([84, 84]),
           'INIT_WEIGHTS': True,
           'NAME': 'a2c',
           'PRETRAINED': '',
           'SIGMA': 1},
 'MODEL_FILE': '',
 'OUTPUT_DIR': 'output',
 'PIN_MEMORY': True,
 'PRINT_FREQ': 100,
 'RESUME': False,
 'SELFSUP_ATTENTION': {'AUTOENCODER_LOSS': True,
                       'BLOCK_IMAGE_FEAT_GRADIENT': False,
                       'DECODER_WITH_SIGMOID': True,
                       'GAUSS_STD': 0.1,
                       'HEATMAP_SPARSITY_LOSS': True,
                       'HEATMAP_SPARSITY_LOSS_WEIGHT': 0.001,
                       'KEYPOINTER_CLS_AGNOSTIC': True,
                       'NUM_KEYPOINTS': 7,
                       'RECONSTRUCT_LOSS_THRESHOLD': 0.01,
                       'SHARE_PARAMETERS': False,
                       'USE_INSTANCE_NORM': False,
                       'USE_LAYER_NORM': False},
 'TEST': {'BATCH_SIZE_PER_GPU': 32, 'MODEL_FILE': ''},
 'TRAIN': {'BATCH_SIZE_PER_GPU': 32,
           'BEGIN_EPOCH': 0,
           'CHECKPOINT': '',
           'END_EPOCH': 140,
           'GAMMA1': 0.99,
           'GAMMA2': 0.0,
           'LR': 0.001,
           'LR_FACTOR': 0.1,
           'LR_STEP': [90, 110],
           'MOMENTUM': 0.9,
           'NESTEROV': False,
           'OPTIMIZER': 'adam',
           'RESUME': False,
           'SHUFFLE': True,
           'WD': 0.0001},
 'WORKERS': 4,
 'algo': 'a2c',
 'alpha': 0.99,
 'block_selfsup_attention_grad': False,
 'bottom_up_downsample_mask': False,
 'bottom_up_downsample_mask_stride1': False,
 'bottom_up_form_num_of_objects': 10,
 'bottom_up_form_objects': False,
 'cuda': True,
 'cuda_deterministic': False,
 'entropy_coef': 0.01,
 'env_name': 'MsPacmanNoFrameskip-v4',
 'env_num': 3,
 'eps': 1e-05,
 'eval_interval': 1250,
 'feat_add_selfsup_attention': True,
 'feat_from_selfsup_attention': False,
 'feat_mul_selfsup_attention_mask': True,
 'feat_mul_selfsup_attention_mask_residual': False,
 'feat_pool_with_selfsup_attention': False,
 'fix_feature': False,
 'gae_lambda': 0.95,
 'gail': False,
 'gail_batch_size': 128,
 'gail_epoch': 5,
 'gail_experts_dir': './gail_experts',
 'gamma': 0.99,
 'gaussian_std': 0.1,
 'hidden_size': 512,
 'log_interval': 250,
 'lr': 0.0007,
 'mask_threshold': -1.0,
 'max_grad_norm': 0.5,
 'no_cuda': False,
 'num_env_steps': 10000000,
 'num_processes': 16,
 'num_steps': 5,
 'ppo_epoch': 4,
 'recurrent_policy': False,
 'resized_size': 84,
 'save_dir': './trained_models/',
 'save_interval': 1250,
 'seed': 2,
 'selfsup_attention_feat_load_pretrained': True,
 'selfsup_attention_feat_masked': True,
 'selfsup_attention_feat_masked_residual': False,
 'selfsup_attention_fix': True,
 'selfsup_attention_fix_keypointer': True,
 'selfsup_attention_image_feat_only': False,
 'selfsup_attention_keyp_maps_pool': True,
 'selfsup_attention_multiframe': False,
 'selfsup_attention_pretrain': '/media/disk2/yangsy/final/DM-homework/output/AsteroidsNoFrameskip-v4/a2c/multi_base/seed_2/model_best.pth.tar',
 'sep_bg_fg_feat': False,
 'temperature': 0.07,
 'train_selfsup_attention': False,
 'train_selfsup_attention_batch_size': 256,
 'train_selfsup_attention_buffer_size': 10000,
 'use_gae': False,
 'use_layer_norm': False,
 'use_linear_lr_decay': False,
 'use_proper_time_limits': False,
 'value_loss_coef': 0.5,
 'weight_decay': 0.0}
2023-04-06 15:07:41,408 => loading pretrained model /media/disk2/yangsy/final/DM-homework/output/AsteroidsNoFrameskip-v4/a2c/multi_base/seed_2/model_best.pth.tar
2023-04-06 15:07:59,682 Updates 250, num timesteps 20080, FPS 1106 
Last 10 training episodes: mean/median reward 573.0/570.0 min/max reward 210.0/1190.0 dist entropy 1.5, value loss 1.0, action loss 0.2

2023-04-06 15:08:19,192 Updates 500, num timesteps 40080, FPS 1064 
Last 10 training episodes: mean/median reward 617.0/530.0 min/max reward 350.0/1150.0 dist entropy 2.0, value loss 0.4, action loss -0.3

2023-04-06 15:08:38,341 Updates 750, num timesteps 60080, FPS 1057 
Last 10 training episodes: mean/median reward 593.0/475.0 min/max reward 230.0/1170.0 dist entropy 1.1, value loss 3.4, action loss 0.3

2023-04-06 15:08:57,024 Updates 1000, num timesteps 80080, FPS 1060 
Last 10 training episodes: mean/median reward 589.0/525.0 min/max reward 280.0/1060.0 dist entropy 1.8, value loss 0.2, action loss 0.1

2023-04-06 15:09:15,969 Updates 1250, num timesteps 100080, FPS 1059 
Last 10 training episodes: mean/median reward 582.0/495.0 min/max reward 350.0/1180.0 dist entropy 1.9, value loss 0.1, action loss 0.0

2023-04-06 15:09:49,106 TEST: 100080, 210.0, 210.0, ['210.0', '210.0', '210.0', '210.0', '210.0', '210.0', '210.0', '210.0', '210.0', '210.0', '210.0', '210.0', '210.0', '210.0', '210.0', '210.0', '210.0', '210.0', '210.0', '210.0', '210.0', '210.0', '210.0', '210.0', '210.0', '210.0', '210.0', '210.0', '210.0', '210.0', '210.0', '210.0', '210.0', '210.0', '210.0', '210.0', '210.0', '210.0', '210.0', '210.0', '210.0', '210.0', '210.0', '210.0', '210.0', '210.0', '210.0', '210.0', '210.0', '210.0', '210.0', '210.0', '210.0', '210.0', '210.0', '210.0', '210.0', '210.0', '210.0', '210.0', '210.0', '210.0', '210.0', '210.0', '210.0', '210.0', '210.0', '210.0', '210.0', '210.0', '210.0', '210.0', '210.0', '210.0', '210.0', '210.0', '210.0', '210.0', '210.0', '210.0', '210.0', '210.0', '210.0', '210.0', '210.0', '210.0', '210.0', '210.0', '210.0', '210.0', '210.0', '210.0', '210.0', '210.0', '210.0', '210.0', '210.0', '210.0', '210.0', '210.0', '210.0']

2023-04-06 15:09:49,113 => saving checkpoint to output/MsPacmanNoFrameskip-v4/a2c/ms_multi/seed_2
2023-04-06 15:10:07,881 Updates 1500, num timesteps 120080, FPS 820 
Last 10 training episodes: mean/median reward 772.0/680.0 min/max reward 320.0/1350.0 dist entropy 1.7, value loss 0.7, action loss 0.3

2023-04-06 15:10:27,454 Updates 1750, num timesteps 140080, FPS 844 
Last 10 training episodes: mean/median reward 593.0/600.0 min/max reward 350.0/850.0 dist entropy 1.7, value loss 0.3, action loss 0.2

2023-04-06 15:10:47,088 Updates 2000, num timesteps 160080, FPS 862 
Last 10 training episodes: mean/median reward 757.0/620.0 min/max reward 300.0/1400.0 dist entropy 1.5, value loss 0.3, action loss -0.2

2023-04-06 15:11:06,872 Updates 2250, num timesteps 180080, FPS 877 
Last 10 training episodes: mean/median reward 796.0/665.0 min/max reward 340.0/1830.0 dist entropy 1.1, value loss 1.1, action loss 0.1

2023-04-06 15:11:26,808 Updates 2500, num timesteps 200080, FPS 888 
Last 10 training episodes: mean/median reward 510.0/455.0 min/max reward 180.0/1060.0 dist entropy 1.3, value loss 0.6, action loss 0.1

2023-04-06 15:12:21,188 TEST: 200080, 320.0, 440.0, ['240.0', '240.0', '240.0', '240.0', '240.0', '440.0', '440.0', '440.0', '440.0', '240.0', '240.0', '240.0', '440.0', '440.0', '440.0', '440.0', '240.0', '240.0', '240.0', '440.0', '440.0', '240.0', '240.0', '240.0', '240.0', '240.0', '240.0', '240.0', '440.0', '440.0', '440.0', '440.0', '240.0', '440.0', '440.0', '240.0', '240.0', '240.0', '240.0', '240.0', '440.0', '240.0', '440.0', '240.0', '240.0', '240.0', '240.0', '240.0', '240.0', '440.0', '240.0', '440.0', '240.0', '440.0', '240.0', '240.0', '240.0', '440.0', '440.0', '440.0', '440.0', '240.0', '240.0', '440.0', '240.0', '240.0', '440.0', '440.0', '240.0', '440.0', '240.0', '440.0', '240.0', '440.0', '240.0', '240.0', '240.0', '440.0', '240.0', '440.0', '240.0', '440.0', '440.0', '440.0', '240.0', '240.0', '240.0', '440.0', '240.0', '240.0', '240.0', '240.0', '240.0', '240.0', '240.0', '440.0', '440.0', '240.0', '440.0', '240.0']

2023-04-06 15:12:21,189 => saving checkpoint to output/MsPacmanNoFrameskip-v4/a2c/ms_multi/seed_2
2023-04-06 15:12:41,013 Updates 2750, num timesteps 220080, FPS 734 
Last 10 training episodes: mean/median reward 501.0/455.0 min/max reward 350.0/860.0 dist entropy 1.4, value loss 0.9, action loss 0.2

2023-04-06 15:13:01,095 Updates 3000, num timesteps 240080, FPS 751 
Last 10 training episodes: mean/median reward 544.0/540.0 min/max reward 230.0/980.0 dist entropy 1.3, value loss 0.8, action loss 0.3

2023-04-06 15:13:21,327 Updates 3250, num timesteps 260080, FPS 765 
Last 10 training episodes: mean/median reward 472.0/390.0 min/max reward 290.0/1190.0 dist entropy 1.8, value loss 0.5, action loss -0.2

2023-04-06 15:13:41,610 Updates 3500, num timesteps 280080, FPS 777 
Last 10 training episodes: mean/median reward 537.0/475.0 min/max reward 270.0/970.0 dist entropy 1.5, value loss 0.4, action loss 0.1

2023-04-06 15:14:01,580 Updates 3750, num timesteps 300080, FPS 789 
Last 10 training episodes: mean/median reward 793.0/585.0 min/max reward 480.0/1940.0 dist entropy 1.6, value loss 0.8, action loss -0.7

2023-04-06 15:14:54,012 TEST: 300080, 370.0, 620.0, ['340.0', '340.0', '340.0', '320.0', '320.0', '320.0', '320.0', '320.0', '620.0', '620.0', '620.0', '620.0', '320.0', '320.0', '320.0', '320.0', '340.0', '340.0', '320.0', '320.0', '340.0', '320.0', '320.0', '340.0', '320.0', '320.0', '320.0', '620.0', '620.0', '320.0', '320.0', '320.0', '340.0', '320.0', '320.0', '320.0', '320.0', '340.0', '620.0', '320.0', '320.0', '340.0', '340.0', '620.0', '340.0', '340.0', '340.0', '620.0', '320.0', '340.0', '620.0', '320.0', '320.0', '320.0', '320.0', '340.0', '320.0', '320.0', '320.0', '320.0', '320.0', '320.0', '620.0', '620.0', '340.0', '320.0', '340.0', '320.0', '320.0', '320.0', '340.0', '320.0', '320.0', '320.0', '320.0', '320.0', '320.0', '320.0', '620.0', '320.0', '340.0', '340.0', '620.0', '320.0', '320.0', '320.0', '320.0', '320.0', '320.0', '320.0', '320.0', '320.0', '320.0', '320.0', '320.0', '340.0', '340.0', '340.0', '340.0', '620.0']

2023-04-06 15:14:54,014 => saving checkpoint to output/MsPacmanNoFrameskip-v4/a2c/ms_multi/seed_2
2023-04-06 15:15:14,214 Updates 4000, num timesteps 320080, FPS 707 
Last 10 training episodes: mean/median reward 642.0/640.0 min/max reward 310.0/1080.0 dist entropy 1.0, value loss 0.5, action loss 0.2

2023-04-06 15:15:34,389 Updates 4250, num timesteps 340080, FPS 719 
Last 10 training episodes: mean/median reward 639.0/580.0 min/max reward 260.0/1830.0 dist entropy 1.5, value loss 0.5, action loss 0.3

2023-04-06 15:15:54,826 Updates 4500, num timesteps 360080, FPS 729 
Last 10 training episodes: mean/median reward 511.0/460.0 min/max reward 290.0/1060.0 dist entropy 1.7, value loss 0.7, action loss 0.5

2023-04-06 15:16:15,252 Updates 4750, num timesteps 380080, FPS 739 
Last 10 training episodes: mean/median reward 524.0/535.0 min/max reward 230.0/660.0 dist entropy 1.5, value loss 0.6, action loss 0.0

2023-04-06 15:16:34,206 Updates 5000, num timesteps 400080, FPS 751 
Last 10 training episodes: mean/median reward 537.0/515.0 min/max reward 240.0/900.0 dist entropy 0.8, value loss 0.5, action loss -0.1

2023-04-06 15:17:26,163 TEST: 400080, 322.0, 440.0, ['440.0', '440.0', '440.0', '440.0', '440.0', '440.0', '440.0', '440.0', '240.0', '240.0', '240.0', '240.0', '240.0', '240.0', '240.0', '240.0', '440.0', '440.0', '440.0', '440.0', '440.0', '440.0', '240.0', '240.0', '240.0', '240.0', '240.0', '240.0', '240.0', '240.0', '240.0', '240.0', '240.0', '240.0', '240.0', '440.0', '240.0', '440.0', '440.0', '240.0', '240.0', '240.0', '240.0', '440.0', '240.0', '240.0', '240.0', '240.0', '440.0', '440.0', '440.0', '440.0', '240.0', '240.0', '240.0', '440.0', '240.0', '240.0', '240.0', '440.0', '440.0', '440.0', '240.0', '240.0', '440.0', '440.0', '440.0', '240.0', '440.0', '240.0', '240.0', '240.0', '240.0', '440.0', '240.0', '240.0', '440.0', '240.0', '440.0', '240.0', '240.0', '440.0', '240.0', '240.0', '240.0', '440.0', '440.0', '440.0', '240.0', '240.0', '240.0', '240.0', '440.0', '240.0', '240.0', '240.0', '440.0', '440.0', '240.0', '440.0']

2023-04-06 15:17:26,165 => saving checkpoint to output/MsPacmanNoFrameskip-v4/a2c/ms_multi/seed_2
2023-04-06 15:17:45,896 Updates 5250, num timesteps 420080, FPS 695 
Last 10 training episodes: mean/median reward 593.0/580.0 min/max reward 250.0/1060.0 dist entropy 1.8, value loss 0.2, action loss -0.2

2023-04-06 15:18:06,240 Updates 5500, num timesteps 440080, FPS 704 
Last 10 training episodes: mean/median reward 500.0/395.0 min/max reward 210.0/900.0 dist entropy 1.3, value loss 0.5, action loss 0.1

2023-04-06 15:18:26,289 Updates 5750, num timesteps 460080, FPS 713 
Last 10 training episodes: mean/median reward 776.0/630.0 min/max reward 390.0/1630.0 dist entropy 1.1, value loss 2.1, action loss 0.4

2023-04-06 15:18:46,131 Updates 6000, num timesteps 480080, FPS 722 
Last 10 training episodes: mean/median reward 700.0/640.0 min/max reward 240.0/1100.0 dist entropy 1.2, value loss 0.2, action loss -0.2

2023-04-06 15:19:05,013 Updates 6250, num timesteps 500080, FPS 731 
Last 10 training episodes: mean/median reward 649.0/690.0 min/max reward 250.0/1020.0 dist entropy 1.6, value loss 0.3, action loss 0.0

2023-04-06 15:20:00,973 TEST: 500080, 516.2, 1120.0, ['1120.0', '1120.0', '1120.0', '240.0', '240.0', '240.0', '240.0', '240.0', '500.0', '500.0', '500.0', '500.0', '240.0', '240.0', '240.0', '240.0', '1120.0', '1120.0', '240.0', '240.0', '1120.0', '240.0', '240.0', '500.0', '1120.0', '240.0', '240.0', '500.0', '500.0', '500.0', '240.0', '240.0', '1120.0', '240.0', '240.0', '240.0', '240.0', '500.0', '240.0', '1120.0', '1120.0', '240.0', '1120.0', '1120.0', '1120.0', '1120.0', '240.0', '240.0', '240.0', '500.0', '1120.0', '240.0', '500.0', '240.0', '500.0', '240.0', '500.0', '500.0', '240.0', '240.0', '1120.0', '240.0', '240.0', '240.0', '1120.0', '1120.0', '240.0', '500.0', '1120.0', '240.0', '500.0', '240.0', '240.0', '240.0', '500.0', '500.0', '240.0', '500.0', '240.0', '500.0', '1120.0', '1120.0', '240.0', '240.0', '240.0', '240.0', '240.0', '500.0', '240.0', '500.0', '240.0', '240.0', '500.0', '500.0', '240.0', '1120.0', '1120.0', '1120.0', '500.0', '240.0']

2023-04-06 15:20:00,975 => saving checkpoint to output/MsPacmanNoFrameskip-v4/a2c/ms_multi/seed_2
2023-04-06 15:20:20,097 Updates 6500, num timesteps 520080, FPS 685 
Last 10 training episodes: mean/median reward 585.0/520.0 min/max reward 280.0/1210.0 dist entropy 1.8, value loss 0.7, action loss 0.3

2023-04-06 15:20:39,910 Updates 6750, num timesteps 540080, FPS 693 
Last 10 training episodes: mean/median reward 579.0/515.0 min/max reward 340.0/1020.0 dist entropy 1.8, value loss 0.4, action loss -0.1

2023-04-06 15:20:59,878 Updates 7000, num timesteps 560080, FPS 701 
Last 10 training episodes: mean/median reward 565.0/480.0 min/max reward 310.0/960.0 dist entropy 1.8, value loss 1.8, action loss 0.4

2023-04-06 15:21:19,256 Updates 7250, num timesteps 580080, FPS 709 
Last 10 training episodes: mean/median reward 574.0/490.0 min/max reward 340.0/1120.0 dist entropy 1.8, value loss 1.2, action loss 0.4

2023-04-06 15:21:38,472 Updates 7500, num timesteps 600080, FPS 716 
Last 10 training episodes: mean/median reward 759.0/670.0 min/max reward 270.0/1770.0 dist entropy 1.8, value loss 0.4, action loss 0.1

2023-04-06 15:22:34,283 TEST: 600080, 323.3, 450.0, ['160.0', '160.0', '160.0', '160.0', '450.0', '450.0', '450.0', '210.0', '210.0', '210.0', '210.0', '410.0', '410.0', '410.0', '410.0', '410.0', '160.0', '160.0', '160.0', '160.0', '410.0', '450.0', '210.0', '210.0', '450.0', '450.0', '410.0', '410.0', '450.0', '410.0', '410.0', '410.0', '450.0', '450.0', '450.0', '160.0', '410.0', '450.0', '450.0', '210.0', '450.0', '450.0', '210.0', '410.0', '410.0', '410.0', '210.0', '410.0', '210.0', '160.0', '160.0', '410.0', '410.0', '160.0', '410.0', '160.0', '160.0', '450.0', '450.0', '210.0', '410.0', '210.0', '410.0', '410.0', '210.0', '450.0', '160.0', '410.0', '410.0', '410.0', '160.0', '160.0', '160.0', '450.0', '410.0', '160.0', '160.0', '450.0', '410.0', '160.0', '410.0', '410.0', '410.0', '410.0', '410.0', '410.0', '160.0', '410.0', '450.0', '450.0', '410.0', '160.0', '450.0', '160.0', '410.0', '210.0', '160.0', '410.0', '160.0', '160.0']

2023-04-06 15:22:34,283 => saving checkpoint to output/MsPacmanNoFrameskip-v4/a2c/ms_multi/seed_2
2023-04-06 15:22:54,329 Updates 7750, num timesteps 620080, FPS 679 
Last 10 training episodes: mean/median reward 624.0/580.0 min/max reward 180.0/1090.0 dist entropy 2.1, value loss 0.1, action loss -0.0

2023-04-06 15:23:14,519 Updates 8000, num timesteps 640080, FPS 686 
Last 10 training episodes: mean/median reward 486.0/340.0 min/max reward 260.0/1250.0 dist entropy 1.4, value loss 1.8, action loss 0.1

2023-04-06 15:23:33,800 Updates 8250, num timesteps 660080, FPS 693 
Last 10 training episodes: mean/median reward 495.0/505.0 min/max reward 320.0/760.0 dist entropy 1.7, value loss 0.9, action loss 0.1

2023-04-06 15:23:52,680 Updates 8500, num timesteps 680080, FPS 700 
Last 10 training episodes: mean/median reward 625.0/550.0 min/max reward 300.0/1080.0 dist entropy 1.4, value loss 1.1, action loss 0.7

2023-04-06 15:24:11,668 Updates 8750, num timesteps 700080, FPS 707 
Last 10 training episodes: mean/median reward 680.0/575.0 min/max reward 340.0/1190.0 dist entropy 1.6, value loss 0.6, action loss -0.2

2023-04-06 15:25:06,614 TEST: 700080, 425.6, 530.0, ['220.0', '220.0', '220.0', '530.0', '530.0', '220.0', '530.0', '530.0', '530.0', '320.0', '320.0', '320.0', '320.0', '520.0', '520.0', '520.0', '530.0', '220.0', '220.0', '530.0', '530.0', '530.0', '320.0', '320.0', '320.0', '520.0', '520.0', '520.0', '530.0', '530.0', '520.0', '320.0', '220.0', '220.0', '530.0', '520.0', '520.0', '530.0', '220.0', '530.0', '530.0', '320.0', '530.0', '520.0', '520.0', '520.0', '520.0', '520.0', '220.0', '530.0', '320.0', '220.0', '530.0', '530.0', '530.0', '320.0', '220.0', '320.0', '320.0', '530.0', '530.0', '520.0', '520.0', '320.0', '320.0', '320.0', '320.0', '530.0', '530.0', '530.0', '220.0', '320.0', '530.0', '530.0', '530.0', '320.0', '520.0', '520.0', '320.0', '520.0', '320.0', '530.0', '520.0', '320.0', '320.0', '530.0', '530.0', '530.0', '530.0', '530.0', '520.0', '530.0', '530.0', '320.0', '220.0', '520.0', '320.0', '220.0', '220.0', '520.0']

2023-04-06 15:25:06,616 => saving checkpoint to output/MsPacmanNoFrameskip-v4/a2c/ms_multi/seed_2
2023-04-06 15:25:26,726 Updates 9000, num timesteps 720080, FPS 676 
Last 10 training episodes: mean/median reward 613.0/610.0 min/max reward 360.0/760.0 dist entropy 1.7, value loss 0.6, action loss 0.1

2023-04-06 15:25:46,021 Updates 9250, num timesteps 740080, FPS 682 
Last 10 training episodes: mean/median reward 780.0/700.0 min/max reward 170.0/1630.0 dist entropy 1.5, value loss 0.6, action loss 0.3

2023-04-06 15:26:04,816 Updates 9500, num timesteps 760080, FPS 688 
Last 10 training episodes: mean/median reward 898.0/845.0 min/max reward 220.0/1990.0 dist entropy 1.3, value loss 0.5, action loss 0.0

2023-04-06 15:26:23,546 Updates 9750, num timesteps 780080, FPS 695 
Last 10 training episodes: mean/median reward 743.0/700.0 min/max reward 340.0/1170.0 dist entropy 1.0, value loss 0.8, action loss -0.0

2023-04-06 15:26:43,040 Updates 10000, num timesteps 800080, FPS 700 
Last 10 training episodes: mean/median reward 897.0/765.0 min/max reward 460.0/2200.0 dist entropy 1.1, value loss 0.9, action loss 0.1

2023-04-06 15:27:29,861 TEST: 800080, 237.4, 270.0, ['200.0', '180.0', '200.0', '180.0', '180.0', '200.0', '200.0', '270.0', '270.0', '270.0', '270.0', '270.0', '270.0', '270.0', '270.0', '270.0', '180.0', '200.0', '200.0', '180.0', '180.0', '270.0', '270.0', '270.0', '270.0', '180.0', '270.0', '270.0', '270.0', '270.0', '270.0', '270.0', '180.0', '200.0', '200.0', '180.0', '180.0', '200.0', '270.0', '270.0', '270.0', '180.0', '270.0', '270.0', '180.0', '180.0', '180.0', '270.0', '180.0', '200.0', '180.0', '270.0', '270.0', '200.0', '200.0', '270.0', '270.0', '270.0', '270.0', '270.0', '270.0', '270.0', '270.0', '270.0', '180.0', '270.0', '270.0', '270.0', '200.0', '180.0', '270.0', '180.0', '270.0', '270.0', '270.0', '270.0', '270.0', '270.0', '270.0', '200.0', '180.0', '270.0', '270.0', '180.0', '270.0', '270.0', '180.0', '270.0', '270.0', '270.0', '200.0', '200.0', '270.0', '270.0', '270.0', '270.0', '270.0', '200.0', '270.0', '180.0']

2023-04-06 15:27:29,862 => saving checkpoint to output/MsPacmanNoFrameskip-v4/a2c/ms_multi/seed_2
2023-04-06 15:27:48,944 Updates 10250, num timesteps 820080, FPS 679 
Last 10 training episodes: mean/median reward 635.0/540.0 min/max reward 360.0/1500.0 dist entropy 1.2, value loss 0.3, action loss -0.1

2023-04-06 15:28:07,241 Updates 10500, num timesteps 840080, FPS 685 
Last 10 training episodes: mean/median reward 522.0/520.0 min/max reward 170.0/930.0 dist entropy 1.3, value loss 0.3, action loss -0.1

2023-04-06 15:28:26,145 Updates 10750, num timesteps 860080, FPS 691 
Last 10 training episodes: mean/median reward 834.0/570.0 min/max reward 380.0/2110.0 dist entropy 1.4, value loss 0.5, action loss 0.2

2023-04-06 15:28:45,317 Updates 11000, num timesteps 880080, FPS 696 
Last 10 training episodes: mean/median reward 543.0/440.0 min/max reward 270.0/1160.0 dist entropy 1.2, value loss 1.5, action loss -0.6

2023-04-06 15:29:05,128 Updates 11250, num timesteps 900080, FPS 701 
Last 10 training episodes: mean/median reward 743.0/580.0 min/max reward 300.0/1640.0 dist entropy 1.1, value loss 0.9, action loss -0.3

2023-04-06 15:30:01,095 TEST: 900080, 204.8, 220.0, ['200.0', '200.0', '200.0', '200.0', '200.0', '200.0', '200.0', '200.0', '200.0', '200.0', '200.0', '200.0', '220.0', '220.0', '220.0', '220.0', '200.0', '200.0', '200.0', '200.0', '200.0', '200.0', '200.0', '200.0', '200.0', '200.0', '200.0', '200.0', '220.0', '220.0', '220.0', '220.0', '200.0', '200.0', '200.0', '200.0', '200.0', '200.0', '200.0', '200.0', '200.0', '200.0', '220.0', '200.0', '200.0', '200.0', '200.0', '200.0', '200.0', '200.0', '200.0', '200.0', '200.0', '200.0', '200.0', '220.0', '220.0', '200.0', '220.0', '220.0', '200.0', '220.0', '200.0', '200.0', '200.0', '200.0', '200.0', '220.0', '200.0', '200.0', '220.0', '220.0', '220.0', '200.0', '220.0', '200.0', '220.0', '200.0', '200.0', '200.0', '200.0', '200.0', '220.0', '220.0', '200.0', '200.0', '200.0', '200.0', '220.0', '200.0', '200.0', '200.0', '200.0', '200.0', '200.0', '220.0', '200.0', '200.0', '200.0', '200.0']

2023-04-06 15:30:01,097 => saving checkpoint to output/MsPacmanNoFrameskip-v4/a2c/ms_multi/seed_2
2023-04-06 15:30:19,855 Updates 11500, num timesteps 920080, FPS 677 
Last 10 training episodes: mean/median reward 880.0/860.0 min/max reward 290.0/1380.0 dist entropy 1.3, value loss 2.0, action loss 0.1

2023-04-06 15:30:38,029 Updates 11750, num timesteps 940080, FPS 682 
Last 10 training episodes: mean/median reward 713.0/625.0 min/max reward 310.0/1360.0 dist entropy 1.3, value loss 1.0, action loss 0.1

2023-04-06 15:30:56,302 Updates 12000, num timesteps 960080, FPS 688 
Last 10 training episodes: mean/median reward 800.0/680.0 min/max reward 390.0/1760.0 dist entropy 1.1, value loss 1.2, action loss 0.3

2023-04-06 15:31:15,548 Updates 12250, num timesteps 980080, FPS 693 
Last 10 training episodes: mean/median reward 597.0/520.0 min/max reward 310.0/1180.0 dist entropy 1.5, value loss 1.3, action loss -0.0

2023-04-06 15:31:35,266 Updates 12500, num timesteps 1000080, FPS 697 
Last 10 training episodes: mean/median reward 764.0/735.0 min/max reward 350.0/1130.0 dist entropy 1.5, value loss 0.8, action loss 0.0

2023-04-06 15:32:38,749 TEST: 1000080, 453.2, 600.0, ['550.0', '550.0', '550.0', '270.0', '270.0', '270.0', '270.0', '380.0', '380.0', '380.0', '380.0', '380.0', '600.0', '600.0', '600.0', '600.0', '550.0', '270.0', '270.0', '550.0', '550.0', '380.0', '380.0', '550.0', '600.0', '380.0', '380.0', '380.0', '380.0', '600.0', '600.0', '600.0', '550.0', '270.0', '550.0', '270.0', '550.0', '380.0', '380.0', '380.0', '600.0', '380.0', '550.0', '550.0', '550.0', '550.0', '270.0', '380.0', '550.0', '550.0', '270.0', '380.0', '600.0', '270.0', '270.0', '380.0', '380.0', '600.0', '600.0', '600.0', '380.0', '380.0', '380.0', '600.0', '550.0', '600.0', '380.0', '600.0', '550.0', '270.0', '550.0', '600.0', '380.0', '380.0', '600.0', '380.0', '380.0', '380.0', '600.0', '600.0', '270.0', '550.0', '380.0', '550.0', '600.0', '550.0', '380.0', '380.0', '600.0', '600.0', '380.0', '380.0', '380.0', '380.0', '600.0', '270.0', '380.0', '270.0', '270.0', '550.0']

2023-04-06 15:32:38,751 => saving checkpoint to output/MsPacmanNoFrameskip-v4/a2c/ms_multi/seed_2
2023-04-06 15:32:56,663 Updates 12750, num timesteps 1020080, FPS 673 
Last 10 training episodes: mean/median reward 518.0/515.0 min/max reward 240.0/1180.0 dist entropy 1.7, value loss 0.7, action loss 0.3

2023-04-06 15:33:14,658 Updates 13000, num timesteps 1040080, FPS 678 
Last 10 training episodes: mean/median reward 718.0/610.0 min/max reward 230.0/1480.0 dist entropy 1.9, value loss 0.1, action loss -0.2

2023-04-06 15:33:33,370 Updates 13250, num timesteps 1060080, FPS 683 
Last 10 training episodes: mean/median reward 944.0/680.0 min/max reward 380.0/1900.0 dist entropy 1.6, value loss 0.3, action loss -0.2

2023-04-06 15:33:52,959 Updates 13500, num timesteps 1080080, FPS 687 
Last 10 training episodes: mean/median reward 575.0/435.0 min/max reward 300.0/1880.0 dist entropy 1.8, value loss 0.9, action loss 0.0

2023-04-06 15:34:12,897 Updates 13750, num timesteps 1100080, FPS 691 
Last 10 training episodes: mean/median reward 1077.0/865.0 min/max reward 410.0/3590.0 dist entropy 1.5, value loss 1.6, action loss 0.3

2023-04-06 15:35:12,676 TEST: 1100080, 656.4, 1130.0, ['620.0', '620.0', '620.0', '600.0', '600.0', '600.0', '600.0', '600.0', '550.0', '550.0', '550.0', '550.0', '620.0', '620.0', '600.0', '600.0', '620.0', '600.0', '600.0', '550.0', '600.0', '550.0', '550.0', '550.0', '1130.0', '1130.0', '1130.0', '1130.0', '620.0', '600.0', '600.0', '600.0', '600.0', '550.0', '600.0', '620.0', '620.0', '620.0', '620.0', '620.0', '600.0', '600.0', '550.0', '600.0', '550.0', '550.0', '550.0', '550.0', '600.0', '600.0', '620.0', '1130.0', '620.0', '600.0', '550.0', '620.0', '550.0', '600.0', '600.0', '600.0', '550.0', '1130.0', '1130.0', '620.0', '1130.0', '600.0', '1130.0', '620.0', '620.0', '600.0', '600.0', '600.0', '600.0', '600.0', '620.0', '600.0', '1130.0', '550.0', '620.0', '600.0', '550.0', '620.0', '620.0', '550.0', '600.0', '620.0', '600.0', '620.0', '600.0', '600.0', '550.0', '550.0', '1130.0', '600.0', '600.0', '600.0', '600.0', '550.0', '550.0', '1130.0']

2023-04-06 15:35:12,678 => saving checkpoint to output/MsPacmanNoFrameskip-v4/a2c/ms_multi/seed_2
2023-04-06 15:35:30,920 Updates 14000, num timesteps 1120080, FPS 670 
Last 10 training episodes: mean/median reward 571.0/485.0 min/max reward 340.0/940.0 dist entropy 1.4, value loss 2.2, action loss -0.4

2023-04-06 15:35:49,913 Updates 14250, num timesteps 1140080, FPS 675 
Last 10 training episodes: mean/median reward 525.0/590.0 min/max reward 290.0/810.0 dist entropy 1.6, value loss 1.0, action loss -0.3

2023-04-06 15:36:09,026 Updates 14500, num timesteps 1160080, FPS 679 
Last 10 training episodes: mean/median reward 710.0/645.0 min/max reward 470.0/1260.0 dist entropy 1.6, value loss 0.9, action loss -0.1

2023-04-06 15:36:27,913 Updates 14750, num timesteps 1180080, FPS 683 
Last 10 training episodes: mean/median reward 821.0/730.0 min/max reward 510.0/1360.0 dist entropy 1.7, value loss 0.3, action loss -0.1

2023-04-06 15:36:47,995 Updates 15000, num timesteps 1200080, FPS 687 
Last 10 training episodes: mean/median reward 648.0/665.0 min/max reward 260.0/920.0 dist entropy 1.1, value loss 0.7, action loss 0.1

2023-04-06 15:37:47,759 TEST: 1200080, 247.6, 250.0, ['250.0', '250.0', '250.0', '250.0', '250.0', '240.0', '240.0', '240.0', '240.0', '250.0', '250.0', '250.0', '250.0', '250.0', '250.0', '250.0', '250.0', '250.0', '250.0', '250.0', '250.0', '250.0', '250.0', '250.0', '240.0', '240.0', '240.0', '240.0', '250.0', '250.0', '250.0', '250.0', '250.0', '250.0', '250.0', '250.0', '240.0', '250.0', '250.0', '250.0', '250.0', '250.0', '250.0', '250.0', '250.0', '250.0', '250.0', '250.0', '240.0', '250.0', '250.0', '240.0', '240.0', '240.0', '250.0', '250.0', '250.0', '240.0', '250.0', '250.0', '250.0', '250.0', '250.0', '250.0', '240.0', '250.0', '240.0', '250.0', '250.0', '250.0', '250.0', '240.0', '250.0', '240.0', '250.0', '250.0', '250.0', '250.0', '240.0', '240.0', '250.0', '250.0', '250.0', '250.0', '250.0', '250.0', '250.0', '240.0', '250.0', '240.0', '240.0', '240.0', '250.0', '250.0', '250.0', '250.0', '250.0', '250.0', '250.0', '250.0']

2023-04-06 15:37:47,760 => saving checkpoint to output/MsPacmanNoFrameskip-v4/a2c/ms_multi/seed_2
2023-04-06 15:38:05,976 Updates 15250, num timesteps 1220080, FPS 668 
Last 10 training episodes: mean/median reward 775.0/660.0 min/max reward 390.0/2010.0 dist entropy 1.5, value loss 0.4, action loss -0.0

2023-04-06 15:38:24,564 Updates 15500, num timesteps 1240080, FPS 672 
Last 10 training episodes: mean/median reward 635.0/600.0 min/max reward 240.0/1100.0 dist entropy 1.3, value loss 0.7, action loss -0.0

2023-04-06 15:38:43,387 Updates 15750, num timesteps 1260080, FPS 676 
Last 10 training episodes: mean/median reward 572.0/540.0 min/max reward 300.0/1020.0 dist entropy 1.6, value loss 0.3, action loss 0.0

2023-04-06 15:39:02,093 Updates 16000, num timesteps 1280080, FPS 680 
Last 10 training episodes: mean/median reward 714.0/670.0 min/max reward 430.0/1310.0 dist entropy 1.6, value loss 0.6, action loss -0.5

2023-04-06 15:39:21,057 Updates 16250, num timesteps 1300080, FPS 684 
Last 10 training episodes: mean/median reward 702.0/695.0 min/max reward 540.0/880.0 dist entropy 1.5, value loss 0.8, action loss -0.3

2023-04-06 15:40:13,624 TEST: 1300080, 674.4, 1000.0, ['460.0', '460.0', '460.0', '460.0', '460.0', '660.0', '660.0', '660.0', '830.0', '830.0', '1000.0', '830.0', '1000.0', '830.0', '1000.0', '1000.0', '460.0', '460.0', '660.0', '660.0', '460.0', '460.0', '660.0', '460.0', '460.0', '830.0', '660.0', '830.0', '830.0', '830.0', '1000.0', '1000.0', '460.0', '460.0', '460.0', '460.0', '660.0', '1000.0', '830.0', '660.0', '460.0', '660.0', '660.0', '660.0', '660.0', '660.0', '1000.0', '460.0', '1000.0', '460.0', '830.0', '460.0', '830.0', '1000.0', '660.0', '830.0', '830.0', '830.0', '460.0', '460.0', '460.0', '660.0', '1000.0', '460.0', '460.0', '830.0', '660.0', '660.0', '1000.0', '830.0', '830.0', '460.0', '460.0', '460.0', '460.0', '660.0', '830.0', '830.0', '460.0', '660.0', '660.0', '1000.0', '460.0', '830.0', '460.0', '460.0', '460.0', '460.0', '1000.0', '830.0', '830.0', '830.0', '830.0', '460.0', '660.0', '660.0', '460.0', '660.0', '460.0', '660.0']

2023-04-06 15:40:13,625 => saving checkpoint to output/MsPacmanNoFrameskip-v4/a2c/ms_multi/seed_2
2023-04-06 15:40:33,185 Updates 16500, num timesteps 1320080, FPS 669 
Last 10 training episodes: mean/median reward 909.0/840.0 min/max reward 530.0/1440.0 dist entropy 1.3, value loss 0.5, action loss -0.2

2023-04-06 15:40:53,174 Updates 16750, num timesteps 1340080, FPS 672 
Last 10 training episodes: mean/median reward 848.0/670.0 min/max reward 510.0/1620.0 dist entropy 1.3, value loss 0.7, action loss 0.1

2023-04-06 15:41:11,933 Updates 17000, num timesteps 1360080, FPS 676 
Last 10 training episodes: mean/median reward 1116.0/960.0 min/max reward 510.0/2280.0 dist entropy 1.2, value loss 0.9, action loss 0.5

2023-04-06 15:41:31,009 Updates 17250, num timesteps 1380080, FPS 680 
Last 10 training episodes: mean/median reward 759.0/720.0 min/max reward 520.0/1210.0 dist entropy 1.1, value loss 1.1, action loss 0.4

2023-04-06 15:41:50,442 Updates 17500, num timesteps 1400080, FPS 683 
Last 10 training episodes: mean/median reward 1132.0/1005.0 min/max reward 660.0/2090.0 dist entropy 1.2, value loss 0.9, action loss -0.2

2023-04-06 15:42:48,542 TEST: 1400080, 742.1, 1200.0, ['430.0', '430.0', '430.0', '1200.0', '1200.0', '1200.0', '1200.0', '660.0', '660.0', '660.0', '660.0', '660.0', '660.0', '660.0', '660.0', '660.0', '1200.0', '430.0', '1200.0', '1200.0', '1200.0', '430.0', '430.0', '660.0', '660.0', '430.0', '660.0', '660.0', '660.0', '430.0', '430.0', '430.0', '660.0', '430.0', '430.0', '660.0', '660.0', '660.0', '1200.0', '660.0', '430.0', '430.0', '660.0', '430.0', '660.0', '660.0', '660.0', '660.0', '1200.0', '430.0', '1200.0', '1200.0', '660.0', '660.0', '660.0', '660.0', '1200.0', '430.0', '660.0', '660.0', '660.0', '1200.0', '430.0', '1200.0', '660.0', '660.0', '660.0', '430.0', '1200.0', '1200.0', '660.0', '660.0', '660.0', '660.0', '1200.0', '660.0', '430.0', '660.0', '660.0', '660.0', '1200.0', '430.0', '660.0', '660.0', '660.0', '1200.0', '1200.0', '430.0', '660.0', '1200.0', '1200.0', '660.0', '660.0', '660.0', '660.0', '660.0', '1200.0', '660.0', '1200.0', '430.0']

2023-04-06 15:42:48,544 => saving checkpoint to output/MsPacmanNoFrameskip-v4/a2c/ms_multi/seed_2
2023-04-06 15:43:07,893 Updates 17750, num timesteps 1420080, FPS 667 
Last 10 training episodes: mean/median reward 949.0/680.0 min/max reward 480.0/1910.0 dist entropy 1.1, value loss 1.1, action loss 0.0

2023-04-06 15:43:27,052 Updates 18000, num timesteps 1440080, FPS 671 
Last 10 training episodes: mean/median reward 1138.0/1160.0 min/max reward 570.0/1720.0 dist entropy 1.2, value loss 1.2, action loss 0.1

2023-04-06 15:43:46,038 Updates 18250, num timesteps 1460080, FPS 674 
Last 10 training episodes: mean/median reward 917.0/880.0 min/max reward 500.0/2010.0 dist entropy 1.0, value loss 4.2, action loss -0.0

2023-04-06 15:44:05,060 Updates 18500, num timesteps 1480080, FPS 677 
Last 10 training episodes: mean/median reward 1060.0/900.0 min/max reward 400.0/2190.0 dist entropy 1.1, value loss 0.4, action loss -0.2

2023-04-06 15:44:23,899 Updates 18750, num timesteps 1500080, FPS 681 
Last 10 training episodes: mean/median reward 924.0/1030.0 min/max reward 480.0/1340.0 dist entropy 1.3, value loss 0.9, action loss 0.1

2023-04-06 15:45:15,400 TEST: 1500080, 885.8, 1240.0, ['1240.0', '1240.0', '1240.0', '1240.0', '700.0', '700.0', '700.0', '700.0', '700.0', '660.0', '660.0', '660.0', '1130.0', '1130.0', '1130.0', '1130.0', '1240.0', '1240.0', '700.0', '700.0', '700.0', '660.0', '660.0', '660.0', '700.0', '700.0', '660.0', '700.0', '1130.0', '1130.0', '1130.0', '1130.0', '1240.0', '1240.0', '660.0', '1240.0', '700.0', '660.0', '700.0', '700.0', '700.0', '660.0', '1130.0', '700.0', '660.0', '1240.0', '660.0', '660.0', '660.0', '700.0', '700.0', '1240.0', '660.0', '700.0', '660.0', '1130.0', '700.0', '1130.0', '1240.0', '1130.0', '1130.0', '1130.0', '700.0', '700.0', '1130.0', '700.0', '700.0', '1130.0', '1130.0', '1240.0', '660.0', '700.0', '1130.0', '1130.0', '660.0', '700.0', '700.0', '700.0', '660.0', '1130.0', '660.0', '1130.0', '1240.0', '1130.0', '1130.0', '700.0', '700.0', '700.0', '700.0', '660.0', '700.0', '700.0', '700.0', '660.0', '1240.0', '700.0', '1130.0', '1240.0', '1240.0', '660.0']

2023-04-06 15:45:15,401 => saving checkpoint to output/MsPacmanNoFrameskip-v4/a2c/ms_multi/seed_2
2023-04-06 15:45:34,685 Updates 19000, num timesteps 1520080, FPS 668 
Last 10 training episodes: mean/median reward 665.0/615.0 min/max reward 400.0/1090.0 dist entropy 1.2, value loss 0.8, action loss 0.1

2023-04-06 15:45:53,704 Updates 19250, num timesteps 1540080, FPS 671 
Last 10 training episodes: mean/median reward 894.0/835.0 min/max reward 690.0/1530.0 dist entropy 1.0, value loss 1.5, action loss 0.0

2023-04-06 15:46:12,861 Updates 19500, num timesteps 1560080, FPS 674 
Last 10 training episodes: mean/median reward 726.0/700.0 min/max reward 310.0/1440.0 dist entropy 1.2, value loss 0.6, action loss 0.1

2023-04-06 15:46:30,936 Updates 19750, num timesteps 1580080, FPS 678 
Last 10 training episodes: mean/median reward 836.0/735.0 min/max reward 340.0/1900.0 dist entropy 1.2, value loss 0.6, action loss -0.3

2023-04-06 15:46:49,267 Updates 20000, num timesteps 1600080, FPS 681 
Last 10 training episodes: mean/median reward 937.0/745.0 min/max reward 570.0/2060.0 dist entropy 1.1, value loss 1.4, action loss 0.1

2023-04-06 15:47:32,292 TEST: 1600080, 497.5, 680.0, ['560.0', '560.0', '680.0', '680.0', '560.0', '560.0', '560.0', '560.0', '560.0', '560.0', '680.0', '680.0', '210.0', '210.0', '210.0', '210.0', '560.0', '560.0', '560.0', '560.0', '560.0', '560.0', '560.0', '560.0', '680.0', '560.0', '680.0', '560.0', '210.0', '680.0', '560.0', '560.0', '560.0', '560.0', '560.0', '560.0', '560.0', '210.0', '210.0', '680.0', '680.0', '210.0', '210.0', '560.0', '560.0', '560.0', '560.0', '680.0', '560.0', '560.0', '560.0', '560.0', '680.0', '560.0', '560.0', '210.0', '210.0', '560.0', '210.0', '560.0', '560.0', '560.0', '210.0', '680.0', '210.0', '560.0', '560.0', '210.0', '560.0', '560.0', '210.0', '210.0', '210.0', '680.0', '560.0', '210.0', '210.0', '560.0', '680.0', '560.0', '560.0', '560.0', '210.0', '560.0', '560.0', '210.0', '560.0', '560.0', '680.0', '210.0', '560.0', '560.0', '560.0', '560.0', '560.0', '560.0', '560.0', '560.0', '560.0', '560.0']

2023-04-06 15:47:32,293 => saving checkpoint to output/MsPacmanNoFrameskip-v4/a2c/ms_multi/seed_2
2023-04-06 15:47:51,007 Updates 20250, num timesteps 1620080, FPS 672 
Last 10 training episodes: mean/median reward 976.0/1000.0 min/max reward 540.0/1510.0 dist entropy 1.1, value loss 4.4, action loss 0.3

2023-04-06 15:48:10,509 Updates 20500, num timesteps 1640080, FPS 675 
Last 10 training episodes: mean/median reward 946.0/785.0 min/max reward 460.0/2670.0 dist entropy 1.1, value loss 2.0, action loss 0.1

2023-04-06 15:48:29,999 Updates 20750, num timesteps 1660080, FPS 678 
Last 10 training episodes: mean/median reward 891.0/735.0 min/max reward 570.0/1540.0 dist entropy 1.0, value loss 0.8, action loss 0.1

2023-04-06 15:48:48,867 Updates 21000, num timesteps 1680080, FPS 680 
Last 10 training episodes: mean/median reward 933.0/910.0 min/max reward 480.0/1310.0 dist entropy 1.1, value loss 1.3, action loss -0.3

2023-04-06 15:49:07,378 Updates 21250, num timesteps 1700080, FPS 683 
Last 10 training episodes: mean/median reward 903.0/795.0 min/max reward 620.0/1760.0 dist entropy 1.2, value loss 2.0, action loss -0.6

2023-04-06 15:49:47,082 TEST: 1700080, 574.6, 610.0, ['540.0', '540.0', '540.0', '540.0', '560.0', '560.0', '560.0', '560.0', '560.0', '560.0', '560.0', '610.0', '610.0', '610.0', '610.0', '610.0', '540.0', '540.0', '560.0', '610.0', '560.0', '560.0', '560.0', '560.0', '610.0', '560.0', '560.0', '610.0', '610.0', '560.0', '610.0', '610.0', '540.0', '560.0', '540.0', '560.0', '540.0', '560.0', '560.0', '560.0', '560.0', '610.0', '560.0', '560.0', '610.0', '610.0', '610.0', '610.0', '540.0', '560.0', '610.0', '540.0', '560.0', '540.0', '610.0', '560.0', '560.0', '560.0', '610.0', '610.0', '610.0', '560.0', '560.0', '610.0', '560.0', '540.0', '560.0', '610.0', '560.0', '560.0', '610.0', '560.0', '560.0', '560.0', '610.0', '610.0', '610.0', '610.0', '560.0', '560.0', '560.0', '540.0', '610.0', '610.0', '560.0', '560.0', '560.0', '560.0', '610.0', '560.0', '560.0', '610.0', '610.0', '610.0', '610.0', '610.0', '540.0', '540.0', '540.0', '560.0']

2023-04-06 15:49:47,083 => saving checkpoint to output/MsPacmanNoFrameskip-v4/a2c/ms_multi/seed_2
2023-04-06 15:50:05,494 Updates 21500, num timesteps 1720080, FPS 676 
Last 10 training episodes: mean/median reward 900.0/830.0 min/max reward 680.0/1660.0 dist entropy 1.3, value loss 0.8, action loss -0.1

2023-04-06 15:50:24,661 Updates 21750, num timesteps 1740080, FPS 678 
Last 10 training episodes: mean/median reward 731.0/735.0 min/max reward 470.0/930.0 dist entropy 1.2, value loss 1.5, action loss -0.3

2023-04-06 15:50:43,768 Updates 22000, num timesteps 1760080, FPS 681 
Last 10 training episodes: mean/median reward 759.0/790.0 min/max reward 530.0/970.0 dist entropy 0.8, value loss 7.1, action loss -0.1

2023-04-06 15:51:02,828 Updates 22250, num timesteps 1780080, FPS 684 
Last 10 training episodes: mean/median reward 715.0/740.0 min/max reward 380.0/1100.0 dist entropy 1.1, value loss 2.7, action loss -0.1

2023-04-06 15:51:21,964 Updates 22500, num timesteps 1800080, FPS 686 
Last 10 training episodes: mean/median reward 1018.0/925.0 min/max reward 460.0/1900.0 dist entropy 0.6, value loss 0.4, action loss 0.1

2023-04-06 15:52:18,943 TEST: 1800080, 1029.9, 1360.0, ['640.0', '640.0', '640.0', '720.0', '720.0', '720.0', '720.0', '1360.0', '1360.0', '1360.0', '1360.0', '1360.0', '1330.0', '1330.0', '1330.0', '1330.0', '720.0', '640.0', '640.0', '1360.0', '1360.0', '640.0', '640.0', '720.0', '720.0', '720.0', '1360.0', '1360.0', '1360.0', '1360.0', '1330.0', '1330.0', '640.0', '640.0', '640.0', '640.0', '720.0', '1360.0', '640.0', '640.0', '1360.0', '1360.0', '1360.0', '640.0', '1330.0', '1330.0', '1360.0', '1330.0', '720.0', '640.0', '640.0', '720.0', '720.0', '1360.0', '1330.0', '1360.0', '1360.0', '720.0', '1360.0', '1330.0', '1360.0', '720.0', '1360.0', '1330.0', '640.0', '640.0', '720.0', '640.0', '720.0', '1360.0', '1360.0', '1360.0', '1330.0', '1360.0', '720.0', '1360.0', '1360.0', '720.0', '720.0', '720.0', '640.0', '1330.0', '720.0', '1360.0', '640.0', '1360.0', '1360.0', '1360.0', '1360.0', '1360.0', '1360.0', '720.0', '720.0', '640.0', '720.0', '1360.0', '720.0', '640.0', '1330.0', '1360.0']

2023-04-06 15:52:18,944 => saving checkpoint to output/MsPacmanNoFrameskip-v4/a2c/ms_multi/seed_2
2023-04-06 15:52:37,504 Updates 22750, num timesteps 1820080, FPS 675 
Last 10 training episodes: mean/median reward 817.0/735.0 min/max reward 620.0/1140.0 dist entropy 1.1, value loss 0.6, action loss -0.3

2023-04-06 15:52:56,828 Updates 23000, num timesteps 1840080, FPS 677 
Last 10 training episodes: mean/median reward 830.0/670.0 min/max reward 530.0/2110.0 dist entropy 1.1, value loss 1.0, action loss 0.1

2023-04-06 15:53:16,126 Updates 23250, num timesteps 1860080, FPS 680 
Last 10 training episodes: mean/median reward 934.0/820.0 min/max reward 400.0/1660.0 dist entropy 1.4, value loss 0.6, action loss 0.0

2023-04-06 15:53:35,381 Updates 23500, num timesteps 1880080, FPS 682 
Last 10 training episodes: mean/median reward 849.0/840.0 min/max reward 540.0/1260.0 dist entropy 1.0, value loss 1.0, action loss 0.1

2023-04-06 15:53:54,738 Updates 23750, num timesteps 1900080, FPS 685 
Last 10 training episodes: mean/median reward 780.0/720.0 min/max reward 600.0/1130.0 dist entropy 1.0, value loss 0.5, action loss -0.1

2023-04-06 15:54:48,108 TEST: 1900080, 809.4, 1620.0, ['700.0', '700.0', '700.0', '750.0', '750.0', '750.0', '750.0', '750.0', '540.0', '540.0', '540.0', '540.0', '1620.0', '1620.0', '1620.0', '1620.0', '700.0', '700.0', '750.0', '750.0', '700.0', '540.0', '750.0', '750.0', '750.0', '540.0', '540.0', '540.0', '700.0', '700.0', '750.0', '750.0', '750.0', '750.0', '540.0', '750.0', '700.0', '750.0', '700.0', '700.0', '700.0', '1620.0', '1620.0', '700.0', '1620.0', '540.0', '750.0', '750.0', '540.0', '540.0', '540.0', '750.0', '750.0', '540.0', '700.0', '1620.0', '700.0', '1620.0', '750.0', '700.0', '1620.0', '700.0', '540.0', '750.0', '540.0', '750.0', '750.0', '750.0', '540.0', '700.0', '700.0', '1620.0', '750.0', '750.0', '700.0', '700.0', '540.0', '750.0', '750.0', '540.0', '750.0', '750.0', '750.0', '750.0', '540.0', '750.0', '700.0', '1620.0', '540.0', '540.0', '700.0', '750.0', '540.0', '750.0', '700.0', '750.0', '1620.0', '1620.0', '750.0', '540.0']

2023-04-06 15:54:48,109 => saving checkpoint to output/MsPacmanNoFrameskip-v4/a2c/ms_multi/seed_2
2023-04-06 15:55:06,804 Updates 24000, num timesteps 1920080, FPS 674 
Last 10 training episodes: mean/median reward 719.0/645.0 min/max reward 490.0/1260.0 dist entropy 1.4, value loss 0.9, action loss 0.3

2023-04-06 15:55:26,416 Updates 24250, num timesteps 1940080, FPS 677 
Last 10 training episodes: mean/median reward 936.0/845.0 min/max reward 510.0/1570.0 dist entropy 1.2, value loss 0.5, action loss -0.1

2023-04-06 15:55:45,578 Updates 24500, num timesteps 1960080, FPS 679 
Last 10 training episodes: mean/median reward 1032.0/915.0 min/max reward 670.0/1880.0 dist entropy 1.3, value loss 0.8, action loss -0.5

2023-04-06 15:56:04,825 Updates 24750, num timesteps 1980080, FPS 682 
Last 10 training episodes: mean/median reward 739.0/740.0 min/max reward 430.0/980.0 dist entropy 1.0, value loss 0.4, action loss -0.2

2023-04-06 15:56:23,794 Updates 25000, num timesteps 2000080, FPS 684 
Last 10 training episodes: mean/median reward 777.0/570.0 min/max reward 430.0/1750.0 dist entropy 1.5, value loss 1.8, action loss -0.1

2023-04-06 15:57:11,626 TEST: 2000080, 638.9, 810.0, ['540.0', '540.0', '540.0', '540.0', '540.0', '650.0', '650.0', '650.0', '650.0', '810.0', '810.0', '810.0', '810.0', '610.0', '610.0', '610.0', '540.0', '540.0', '540.0', '650.0', '650.0', '540.0', '610.0', '610.0', '540.0', '540.0', '610.0', '610.0', '810.0', '810.0', '540.0', '810.0', '650.0', '650.0', '810.0', '540.0', '540.0', '540.0', '610.0', '610.0', '650.0', '540.0', '810.0', '540.0', '610.0', '650.0', '810.0', '610.0', '610.0', '610.0', '610.0', '540.0', '650.0', '540.0', '540.0', '810.0', '810.0', '610.0', '810.0', '810.0', '540.0', '540.0', '610.0', '810.0', '650.0', '540.0', '810.0', '540.0', '810.0', '540.0', '810.0', '540.0', '540.0', '540.0', '540.0', '650.0', '810.0', '610.0', '540.0', '810.0', '810.0', '810.0', '610.0', '610.0', '810.0', '610.0', '540.0', '540.0', '540.0', '540.0', '610.0', '540.0', '810.0', '540.0', '650.0', '650.0', '610.0', '540.0', '650.0', '650.0']

2023-04-06 15:57:11,627 => saving checkpoint to output/MsPacmanNoFrameskip-v4/a2c/ms_multi/seed_2
2023-04-06 15:57:30,524 Updates 25250, num timesteps 2020080, FPS 675 
Last 10 training episodes: mean/median reward 660.0/650.0 min/max reward 430.0/860.0 dist entropy 1.4, value loss 1.5, action loss 0.4

2023-04-06 15:57:49,726 Updates 25500, num timesteps 2040080, FPS 678 
Last 10 training episodes: mean/median reward 688.0/695.0 min/max reward 430.0/880.0 dist entropy 1.3, value loss 1.4, action loss 0.0

2023-04-06 15:58:09,011 Updates 25750, num timesteps 2060080, FPS 680 
Last 10 training episodes: mean/median reward 488.0/445.0 min/max reward 260.0/870.0 dist entropy 1.4, value loss 0.4, action loss 0.3

2023-04-06 15:58:28,116 Updates 26000, num timesteps 2080080, FPS 682 
Last 10 training episodes: mean/median reward 1098.0/890.0 min/max reward 310.0/2390.0 dist entropy 1.4, value loss 0.5, action loss 0.1

2023-04-06 15:58:47,230 Updates 26250, num timesteps 2100080, FPS 685 
Last 10 training episodes: mean/median reward 648.0/645.0 min/max reward 390.0/890.0 dist entropy 1.3, value loss 0.8, action loss -0.0

2023-04-06 15:59:32,845 TEST: 2100080, 741.1, 1350.0, ['480.0', '480.0', '480.0', '480.0', '480.0', '580.0', '580.0', '580.0', '580.0', '720.0', '720.0', '720.0', '720.0', '1350.0', '1350.0', '1350.0', '480.0', '480.0', '480.0', '580.0', '580.0', '580.0', '480.0', '1350.0', '1350.0', '480.0', '480.0', '1350.0', '580.0', '480.0', '720.0', '720.0', '1350.0', '720.0', '480.0', '480.0', '480.0', '580.0', '480.0', '1350.0', '1350.0', '1350.0', '580.0', '1350.0', '1350.0', '480.0', '1350.0', '720.0', '480.0', '1350.0', '720.0', '480.0', '580.0', '580.0', '580.0', '480.0', '480.0', '580.0', '720.0', '580.0', '720.0', '580.0', '480.0', '480.0', '580.0', '480.0', '480.0', '480.0', '1350.0', '720.0', '480.0', '480.0', '1350.0', '1350.0', '580.0', '480.0', '1350.0', '580.0', '480.0', '480.0', '480.0', '480.0', '720.0', '580.0', '580.0', '1350.0', '580.0', '480.0', '580.0', '1350.0', '580.0', '580.0', '1350.0', '480.0', '480.0', '1350.0', '720.0', '720.0', '1350.0', '480.0']

2023-04-06 15:59:32,847 => saving checkpoint to output/MsPacmanNoFrameskip-v4/a2c/ms_multi/seed_2
2023-04-06 15:59:51,256 Updates 26500, num timesteps 2120080, FPS 677 
Last 10 training episodes: mean/median reward 704.0/665.0 min/max reward 540.0/950.0 dist entropy 1.4, value loss 0.5, action loss 0.0

2023-04-06 16:00:10,547 Updates 26750, num timesteps 2140080, FPS 679 
Last 10 training episodes: mean/median reward 878.0/840.0 min/max reward 680.0/1280.0 dist entropy 1.4, value loss 0.3, action loss 0.1

2023-04-06 16:00:29,613 Updates 27000, num timesteps 2160080, FPS 681 
Last 10 training episodes: mean/median reward 855.0/770.0 min/max reward 500.0/1710.0 dist entropy 1.0, value loss 0.4, action loss 0.1

2023-04-06 16:00:48,632 Updates 27250, num timesteps 2180080, FPS 684 
Last 10 training episodes: mean/median reward 932.0/925.0 min/max reward 710.0/1200.0 dist entropy 1.4, value loss 0.8, action loss 0.4

2023-04-06 16:01:07,695 Updates 27500, num timesteps 2200080, FPS 686 
Last 10 training episodes: mean/median reward 907.0/860.0 min/max reward 420.0/1460.0 dist entropy 1.4, value loss 0.5, action loss -0.0

2023-04-06 16:01:57,060 TEST: 2200080, 720.7, 840.0, ['660.0', '660.0', '660.0', '660.0', '620.0', '620.0', '620.0', '840.0', '840.0', '840.0', '840.0', '770.0', '770.0', '770.0', '770.0', '770.0', '660.0', '660.0', '660.0', '660.0', '620.0', '840.0', '840.0', '770.0', '620.0', '620.0', '770.0', '770.0', '620.0', '770.0', '770.0', '770.0', '620.0', '620.0', '620.0', '620.0', '840.0', '840.0', '660.0', '770.0', '620.0', '620.0', '620.0', '770.0', '770.0', '770.0', '840.0', '840.0', '770.0', '660.0', '660.0', '770.0', '770.0', '620.0', '840.0', '660.0', '620.0', '770.0', '770.0', '660.0', '840.0', '660.0', '840.0', '770.0', '770.0', '660.0', '660.0', '620.0', '660.0', '620.0', '770.0', '770.0', '770.0', '620.0', '660.0', '770.0', '770.0', '660.0', '660.0', '770.0', '660.0', '620.0', '770.0', '770.0', '770.0', '840.0', '620.0', '660.0', '770.0', '770.0', '660.0', '770.0', '620.0', '660.0', '770.0', '660.0', '770.0', '840.0', '770.0', '840.0']

2023-04-06 16:01:57,062 => saving checkpoint to output/MsPacmanNoFrameskip-v4/a2c/ms_multi/seed_2
2023-04-06 16:02:15,142 Updates 27750, num timesteps 2220080, FPS 678 
Last 10 training episodes: mean/median reward 736.0/570.0 min/max reward 500.0/1400.0 dist entropy 1.4, value loss 0.5, action loss -0.4

2023-04-06 16:02:34,173 Updates 28000, num timesteps 2240080, FPS 680 
Last 10 training episodes: mean/median reward 864.0/895.0 min/max reward 440.0/1330.0 dist entropy 1.3, value loss 3.6, action loss 0.7

2023-04-06 16:02:53,414 Updates 28250, num timesteps 2260080, FPS 682 
Last 10 training episodes: mean/median reward 1050.0/920.0 min/max reward 640.0/2120.0 dist entropy 1.1, value loss 0.7, action loss 0.2

2023-04-06 16:03:12,810 Updates 28500, num timesteps 2280080, FPS 684 
Last 10 training episodes: mean/median reward 683.0/635.0 min/max reward 300.0/1350.0 dist entropy 1.2, value loss 0.8, action loss 0.0

2023-04-06 16:03:32,093 Updates 28750, num timesteps 2300080, FPS 686 
Last 10 training episodes: mean/median reward 603.0/490.0 min/max reward 280.0/1480.0 dist entropy 1.0, value loss 0.5, action loss 0.2

2023-04-06 16:04:27,560 TEST: 2300080, 471.4, 640.0, ['320.0', '320.0', '320.0', '320.0', '490.0', '490.0', '490.0', '340.0', '340.0', '340.0', '340.0', '320.0', '320.0', '640.0', '640.0', '640.0', '640.0', '640.0', '490.0', '340.0', '340.0', '340.0', '340.0', '320.0', '640.0', '490.0', '320.0', '490.0', '490.0', '640.0', '640.0', '490.0', '640.0', '320.0', '490.0', '490.0', '490.0', '640.0', '640.0', '490.0', '490.0', '490.0', '340.0', '640.0', '490.0', '320.0', '320.0', '340.0', '640.0', '640.0', '640.0', '640.0', '490.0', '340.0', '340.0', '320.0', '340.0', '340.0', '640.0', '640.0', '640.0', '320.0', '490.0', '640.0', '340.0', '490.0', '640.0', '490.0', '340.0', '640.0', '640.0', '320.0', '340.0', '320.0', '640.0', '490.0', '640.0', '640.0', '640.0', '640.0', '640.0', '340.0', '320.0', '340.0', '340.0', '320.0', '640.0', '340.0', '340.0', '320.0', '490.0', '640.0', '340.0', '340.0', '340.0', '490.0', '490.0', '490.0', '640.0', '640.0']

2023-04-06 16:04:27,561 => saving checkpoint to output/MsPacmanNoFrameskip-v4/a2c/ms_multi/seed_2
2023-04-06 16:04:45,868 Updates 29000, num timesteps 2320080, FPS 677 
Last 10 training episodes: mean/median reward 725.0/560.0 min/max reward 180.0/2230.0 dist entropy 1.4, value loss 1.6, action loss -0.2

2023-04-06 16:05:04,889 Updates 29250, num timesteps 2340080, FPS 679 
Last 10 training episodes: mean/median reward 620.0/590.0 min/max reward 410.0/1070.0 dist entropy 1.2, value loss 0.8, action loss -0.0

2023-04-06 16:05:24,231 Updates 29500, num timesteps 2360080, FPS 681 
Last 10 training episodes: mean/median reward 550.0/575.0 min/max reward 400.0/660.0 dist entropy 1.4, value loss 1.8, action loss -0.1

2023-04-06 16:05:43,291 Updates 29750, num timesteps 2380080, FPS 683 
Last 10 training episodes: mean/median reward 835.0/700.0 min/max reward 600.0/1420.0 dist entropy 1.1, value loss 0.8, action loss -0.1

2023-04-06 16:06:02,671 Updates 30000, num timesteps 2400080, FPS 685 
Last 10 training episodes: mean/median reward 696.0/730.0 min/max reward 290.0/1160.0 dist entropy 1.4, value loss 0.4, action loss -0.1

2023-04-06 16:06:52,291 TEST: 2400080, 699.2, 980.0, ['490.0', '490.0', '490.0', '490.0', '490.0', '750.0', '750.0', '750.0', '680.0', '680.0', '680.0', '680.0', '490.0', '490.0', '980.0', '980.0', '980.0', '980.0', '750.0', '750.0', '490.0', '490.0', '750.0', '490.0', '490.0', '490.0', '750.0', '490.0', '490.0', '490.0', '980.0', '680.0', '680.0', '680.0', '750.0', '750.0', '980.0', '980.0', '980.0', '490.0', '980.0', '490.0', '750.0', '490.0', '750.0', '680.0', '980.0', '680.0', '680.0', '490.0', '980.0', '750.0', '750.0', '750.0', '750.0', '980.0', '490.0', '490.0', '750.0', '490.0', '980.0', '980.0', '980.0', '490.0', '490.0', '980.0', '750.0', '490.0', '750.0', '680.0', '980.0', '680.0', '490.0', '490.0', '490.0', '490.0', '750.0', '750.0', '980.0', '490.0', '980.0', '750.0', '980.0', '490.0', '490.0', '490.0', '680.0', '750.0', '980.0', '490.0', '980.0', '680.0', '980.0', '750.0', '490.0', '750.0', '490.0', '750.0', '490.0', '980.0']

2023-04-06 16:06:52,293 => saving checkpoint to output/MsPacmanNoFrameskip-v4/a2c/ms_multi/seed_2
2023-04-06 16:07:10,086 Updates 30250, num timesteps 2420080, FPS 678 
Last 10 training episodes: mean/median reward 789.0/820.0 min/max reward 400.0/1040.0 dist entropy 1.1, value loss 1.1, action loss 0.3

2023-04-06 16:07:27,921 Updates 30500, num timesteps 2440080, FPS 680 
Last 10 training episodes: mean/median reward 905.0/870.0 min/max reward 450.0/1710.0 dist entropy 1.4, value loss 2.6, action loss 0.5

2023-04-06 16:07:46,992 Updates 30750, num timesteps 2460080, FPS 682 
Last 10 training episodes: mean/median reward 1053.0/955.0 min/max reward 510.0/1990.0 dist entropy 1.1, value loss 0.9, action loss 0.3

2023-04-06 16:08:06,317 Updates 31000, num timesteps 2480080, FPS 684 
Last 10 training episodes: mean/median reward 824.0/880.0 min/max reward 500.0/1150.0 dist entropy 1.4, value loss 0.9, action loss -0.4

2023-04-06 16:08:25,495 Updates 31250, num timesteps 2500080, FPS 686 
Last 10 training episodes: mean/median reward 1081.0/950.0 min/max reward 520.0/2340.0 dist entropy 1.3, value loss 1.3, action loss -0.1

2023-04-06 16:09:17,377 TEST: 2500080, 700.8, 710.0, ['670.0', '670.0', '670.0', '710.0', '710.0', '710.0', '710.0', '710.0', '710.0', '710.0', '710.0', '710.0', '710.0', '710.0', '710.0', '710.0', '710.0', '710.0', '710.0', '710.0', '670.0', '670.0', '710.0', '710.0', '670.0', '670.0', '710.0', '710.0', '710.0', '710.0', '710.0', '710.0', '670.0', '670.0', '670.0', '670.0', '710.0', '710.0', '670.0', '670.0', '710.0', '670.0', '710.0', '710.0', '710.0', '710.0', '710.0', '710.0', '710.0', '710.0', '710.0', '710.0', '710.0', '710.0', '670.0', '670.0', '710.0', '710.0', '710.0', '710.0', '710.0', '710.0', '670.0', '710.0', '670.0', '710.0', '710.0', '670.0', '710.0', '710.0', '710.0', '710.0', '710.0', '710.0', '710.0', '710.0', '710.0', '710.0', '710.0', '670.0', '710.0', '710.0', '710.0', '710.0', '670.0', '710.0', '710.0', '710.0', '710.0', '710.0', '710.0', '710.0', '710.0', '670.0', '710.0', '710.0', '710.0', '710.0', '670.0', '710.0']

2023-04-06 16:09:17,379 => saving checkpoint to output/MsPacmanNoFrameskip-v4/a2c/ms_multi/seed_2
2023-04-06 16:09:35,220 Updates 31500, num timesteps 2520080, FPS 678 
Last 10 training episodes: mean/median reward 626.0/595.0 min/max reward 330.0/1270.0 dist entropy 1.4, value loss 0.7, action loss -0.6

2023-04-06 16:09:52,763 Updates 31750, num timesteps 2540080, FPS 680 
Last 10 training episodes: mean/median reward 783.0/800.0 min/max reward 380.0/1260.0 dist entropy 1.4, value loss 1.0, action loss -0.3

2023-04-06 16:10:11,382 Updates 32000, num timesteps 2560080, FPS 682 
Last 10 training episodes: mean/median reward 1018.0/820.0 min/max reward 420.0/2920.0 dist entropy 1.1, value loss 1.3, action loss -0.1

2023-04-06 16:10:30,051 Updates 32250, num timesteps 2580080, FPS 684 
Last 10 training episodes: mean/median reward 1084.0/1010.0 min/max reward 440.0/2260.0 dist entropy 0.9, value loss 2.7, action loss 0.2

2023-04-06 16:10:49,548 Updates 32500, num timesteps 2600080, FPS 686 
Last 10 training episodes: mean/median reward 921.0/855.0 min/max reward 650.0/1830.0 dist entropy 0.7, value loss 1.1, action loss -0.1

2023-04-06 16:11:43,560 TEST: 2600080, 699.0, 960.0, ['570.0', '570.0', '570.0', '570.0', '960.0', '960.0', '960.0', '690.0', '610.0', '690.0', '610.0', '690.0', '610.0', '610.0', '610.0', '690.0', '570.0', '570.0', '960.0', '610.0', '960.0', '960.0', '690.0', '610.0', '610.0', '960.0', '610.0', '610.0', '610.0', '690.0', '690.0', '690.0', '570.0', '960.0', '570.0', '960.0', '570.0', '570.0', '960.0', '690.0', '610.0', '960.0', '610.0', '960.0', '960.0', '610.0', '610.0', '960.0', '610.0', '960.0', '610.0', '960.0', '570.0', '570.0', '610.0', '690.0', '690.0', '690.0', '610.0', '690.0', '610.0', '690.0', '610.0', '610.0', '690.0', '690.0', '570.0', '610.0', '960.0', '610.0', '960.0', '690.0', '960.0', '690.0', '960.0', '610.0', '690.0', '610.0', '610.0', '610.0', '690.0', '570.0', '610.0', '690.0', '610.0', '570.0', '690.0', '690.0', '960.0', '570.0', '960.0', '610.0', '690.0', '570.0', '610.0', '610.0', '610.0', '610.0', '570.0', '610.0']

2023-04-06 16:11:43,560 => saving checkpoint to output/MsPacmanNoFrameskip-v4/a2c/ms_multi/seed_2
2023-04-06 16:12:02,231 Updates 32750, num timesteps 2620080, FPS 678 
Last 10 training episodes: mean/median reward 845.0/740.0 min/max reward 440.0/1420.0 dist entropy 1.0, value loss 0.4, action loss -0.1

2023-04-06 16:12:19,737 Updates 33000, num timesteps 2640080, FPS 680 
Last 10 training episodes: mean/median reward 1030.0/1145.0 min/max reward 430.0/1500.0 dist entropy 1.4, value loss 2.9, action loss 0.4

2023-04-06 16:12:38,076 Updates 33250, num timesteps 2660080, FPS 682 
Last 10 training episodes: mean/median reward 1110.0/1080.0 min/max reward 470.0/2230.0 dist entropy 1.2, value loss 0.8, action loss -0.0

2023-04-06 16:12:56,694 Updates 33500, num timesteps 2680080, FPS 684 
Last 10 training episodes: mean/median reward 851.0/825.0 min/max reward 380.0/1530.0 dist entropy 1.3, value loss 0.7, action loss -0.1

2023-04-06 16:13:15,321 Updates 33750, num timesteps 2700080, FPS 686 
Last 10 training episodes: mean/median reward 774.0/765.0 min/max reward 400.0/1070.0 dist entropy 1.4, value loss 0.9, action loss -0.1

2023-04-06 16:14:16,668 TEST: 2700080, 1116.4, 1410.0, ['1410.0', '1410.0', '1410.0', '1410.0', '930.0', '930.0', '930.0', '930.0', '840.0', '840.0', '840.0', '1150.0', '1150.0', '1150.0', '1150.0', '1150.0', '1410.0', '1410.0', '1410.0', '1410.0', '930.0', '930.0', '1150.0', '840.0', '1150.0', '840.0', '840.0', '1150.0', '1150.0', '840.0', '1150.0', '1150.0', '840.0', '840.0', '840.0', '930.0', '840.0', '1410.0', '930.0', '1150.0', '840.0', '840.0', '930.0', '840.0', '1150.0', '1150.0', '1150.0', '1150.0', '930.0', '1410.0', '1410.0', '1150.0', '1150.0', '930.0', '1410.0', '840.0', '1150.0', '1150.0', '1410.0', '840.0', '1410.0', '930.0', '1150.0', '1150.0', '930.0', '1410.0', '840.0', '1410.0', '1410.0', '1150.0', '1150.0', '1150.0', '1410.0', '1410.0', '840.0', '840.0', '1150.0', '1150.0', '1410.0', '1150.0', '1410.0', '840.0', '1150.0', '1410.0', '1150.0', '1150.0', '1410.0', '1150.0', '1150.0', '1150.0', '930.0', '1150.0', '840.0', '1410.0', '840.0', '1150.0', '1410.0', '930.0', '1410.0', '1150.0']

2023-04-06 16:14:16,669 => saving checkpoint to output/MsPacmanNoFrameskip-v4/a2c/ms_multi/seed_2
2023-04-06 16:14:35,338 Updates 34000, num timesteps 2720080, FPS 677 
Last 10 training episodes: mean/median reward 880.0/835.0 min/max reward 450.0/1460.0 dist entropy 1.2, value loss 0.8, action loss -0.0

2023-04-06 16:14:53,971 Updates 34250, num timesteps 2740080, FPS 679 
Last 10 training episodes: mean/median reward 912.0/840.0 min/max reward 560.0/1800.0 dist entropy 1.3, value loss 1.0, action loss 0.0

2023-04-06 16:15:12,565 Updates 34500, num timesteps 2760080, FPS 681 
Last 10 training episodes: mean/median reward 1055.0/895.0 min/max reward 690.0/1680.0 dist entropy 1.2, value loss 5.1, action loss 0.5

2023-04-06 16:15:31,269 Updates 34750, num timesteps 2780080, FPS 683 
Last 10 training episodes: mean/median reward 720.0/680.0 min/max reward 420.0/1070.0 dist entropy 1.3, value loss 4.6, action loss 0.5

2023-04-06 16:15:50,679 Updates 35000, num timesteps 2800080, FPS 684 
Last 10 training episodes: mean/median reward 1128.0/830.0 min/max reward 740.0/2330.0 dist entropy 1.1, value loss 0.5, action loss -0.1

2023-04-06 16:16:49,997 TEST: 2800080, 878.9, 1050.0, ['870.0', '870.0', '870.0', '870.0', '870.0', '800.0', '800.0', '800.0', '800.0', '770.0', '770.0', '770.0', '770.0', '1050.0', '1050.0', '1050.0', '870.0', '870.0', '870.0', '870.0', '800.0', '800.0', '800.0', '770.0', '770.0', '1050.0', '1050.0', '870.0', '870.0', '1050.0', '800.0', '1050.0', '870.0', '770.0', '870.0', '870.0', '870.0', '770.0', '800.0', '870.0', '1050.0', '1050.0', '1050.0', '1050.0', '1050.0', '1050.0', '770.0', '1050.0', '800.0', '870.0', '870.0', '870.0', '800.0', '770.0', '800.0', '800.0', '870.0', '870.0', '770.0', '770.0', '870.0', '800.0', '1050.0', '1050.0', '800.0', '800.0', '870.0', '800.0', '870.0', '870.0', '870.0', '870.0', '800.0', '870.0', '770.0', '1050.0', '1050.0', '800.0', '800.0', '1050.0', '870.0', '800.0', '870.0', '870.0', '870.0', '870.0', '800.0', '800.0', '870.0', '1050.0', '870.0', '800.0', '1050.0', '870.0', '1050.0', '770.0', '800.0', '1050.0', '870.0', '770.0']

2023-04-06 16:16:49,999 => saving checkpoint to output/MsPacmanNoFrameskip-v4/a2c/ms_multi/seed_2
2023-04-06 16:17:08,631 Updates 35250, num timesteps 2820080, FPS 676 
Last 10 training episodes: mean/median reward 884.0/825.0 min/max reward 620.0/1280.0 dist entropy 1.6, value loss 0.7, action loss 0.5

2023-04-06 16:17:27,290 Updates 35500, num timesteps 2840080, FPS 678 
Last 10 training episodes: mean/median reward 949.0/915.0 min/max reward 660.0/1540.0 dist entropy 1.3, value loss 0.5, action loss -0.1

2023-04-06 16:17:45,892 Updates 35750, num timesteps 2860080, FPS 680 
Last 10 training episodes: mean/median reward 955.0/970.0 min/max reward 700.0/1210.0 dist entropy 1.3, value loss 0.6, action loss 0.1

2023-04-06 16:18:04,664 Updates 36000, num timesteps 2880080, FPS 681 
Last 10 training episodes: mean/median reward 980.0/1005.0 min/max reward 490.0/1400.0 dist entropy 1.4, value loss 1.1, action loss 0.4

2023-04-06 16:18:24,174 Updates 36250, num timesteps 2900080, FPS 683 
Last 10 training episodes: mean/median reward 896.0/765.0 min/max reward 500.0/1650.0 dist entropy 1.2, value loss 1.2, action loss 0.1

2023-04-06 16:19:20,830 TEST: 2900080, 972.9, 1320.0, ['830.0', '830.0', '830.0', '830.0', '830.0', '810.0', '810.0', '810.0', '1320.0', '1320.0', '1320.0', '1320.0', '1140.0', '1140.0', '1140.0', '1140.0', '830.0', '830.0', '810.0', '810.0', '830.0', '830.0', '810.0', '830.0', '810.0', '1320.0', '1320.0', '830.0', '1140.0', '1140.0', '1140.0', '1140.0', '830.0', '830.0', '830.0', '830.0', '810.0', '1320.0', '810.0', '810.0', '1320.0', '1320.0', '1140.0', '830.0', '810.0', '810.0', '810.0', '810.0', '830.0', '830.0', '1320.0', '810.0', '830.0', '810.0', '1140.0', '830.0', '1140.0', '1140.0', '1320.0', '1140.0', '1140.0', '830.0', '830.0', '1320.0', '830.0', '810.0', '830.0', '830.0', '1140.0', '810.0', '1140.0', '1140.0', '1140.0', '810.0', '830.0', '830.0', '1140.0', '830.0', '1140.0', '1320.0', '1320.0', '830.0', '810.0', '810.0', '1140.0', '1140.0', '830.0', '830.0', '830.0', '830.0', '830.0', '830.0', '1140.0', '810.0', '830.0', '1140.0', '1320.0', '810.0', '810.0', '810.0']

2023-04-06 16:19:20,832 => saving checkpoint to output/MsPacmanNoFrameskip-v4/a2c/ms_multi/seed_2
2023-04-06 16:19:39,470 Updates 36500, num timesteps 2920080, FPS 676 
Last 10 training episodes: mean/median reward 924.0/940.0 min/max reward 490.0/1470.0 dist entropy 1.1, value loss 1.3, action loss 0.1

2023-04-06 16:19:57,777 Updates 36750, num timesteps 2940080, FPS 678 
Last 10 training episodes: mean/median reward 1022.0/970.0 min/max reward 580.0/1600.0 dist entropy 0.9, value loss 5.7, action loss 0.8

2023-04-06 16:20:16,191 Updates 37000, num timesteps 2960080, FPS 679 
Last 10 training episodes: mean/median reward 1047.0/865.0 min/max reward 630.0/2420.0 dist entropy 1.5, value loss 0.5, action loss 0.2

2023-04-06 16:20:35,151 Updates 37250, num timesteps 2980080, FPS 681 
Last 10 training episodes: mean/median reward 1182.0/1115.0 min/max reward 610.0/2230.0 dist entropy 1.1, value loss 0.7, action loss -0.0

2023-04-06 16:20:54,571 Updates 37500, num timesteps 3000080, FPS 682 
Last 10 training episodes: mean/median reward 908.0/970.0 min/max reward 390.0/1430.0 dist entropy 1.1, value loss 7.5, action loss 0.3

2023-04-06 16:21:59,006 TEST: 3000080, 974.4, 1020.0, ['850.0', '850.0', '850.0', '1000.0', '1000.0', '1000.0', '1000.0', '1010.0', '1010.0', '1010.0', '1020.0', '1020.0', '1010.0', '1020.0', '1020.0', '1020.0', '1000.0', '850.0', '850.0', '850.0', '1020.0', '1020.0', '850.0', '1000.0', '1000.0', '1000.0', '1020.0', '1020.0', '1010.0', '1010.0', '1020.0', '1020.0', '850.0', '850.0', '850.0', '850.0', '1000.0', '1020.0', '850.0', '850.0', '850.0', '1020.0', '1010.0', '1020.0', '1020.0', '1010.0', '1010.0', '1020.0', '1000.0', '850.0', '850.0', '1010.0', '1000.0', '1000.0', '1020.0', '1020.0', '1020.0', '1000.0', '1010.0', '1020.0', '1020.0', '1000.0', '1010.0', '1020.0', '850.0', '850.0', '1000.0', '1000.0', '850.0', '1010.0', '1020.0', '1020.0', '1020.0', '1020.0', '1000.0', '1020.0', '1020.0', '1000.0', '1000.0', '1000.0', '850.0', '1010.0', '1000.0', '1020.0', '850.0', '1020.0', '1020.0', '1020.0', '1020.0', '1020.0', '850.0', '1000.0', '1000.0', '1020.0', '1000.0', '1020.0', '1000.0', '850.0', '1010.0', '1020.0']

2023-04-06 16:21:59,007 => saving checkpoint to output/MsPacmanNoFrameskip-v4/a2c/ms_multi/seed_2
2023-04-06 16:22:16,490 Updates 37750, num timesteps 3020080, FPS 674 
Last 10 training episodes: mean/median reward 900.0/855.0 min/max reward 680.0/1180.0 dist entropy 1.3, value loss 1.1, action loss 0.2

2023-04-06 16:22:35,085 Updates 38000, num timesteps 3040080, FPS 676 
Last 10 training episodes: mean/median reward 829.0/795.0 min/max reward 440.0/1430.0 dist entropy 1.0, value loss 0.8, action loss -0.4

2023-04-06 16:22:54,593 Updates 38250, num timesteps 3060080, FPS 678 
Last 10 training episodes: mean/median reward 913.0/820.0 min/max reward 670.0/1600.0 dist entropy 1.1, value loss 7.7, action loss 0.4

2023-04-06 16:23:14,027 Updates 38500, num timesteps 3080080, FPS 679 
Last 10 training episodes: mean/median reward 964.0/895.0 min/max reward 400.0/2240.0 dist entropy 1.1, value loss 0.6, action loss -0.3

2023-04-06 16:23:33,379 Updates 38750, num timesteps 3100080, FPS 681 
Last 10 training episodes: mean/median reward 1166.0/970.0 min/max reward 540.0/2700.0 dist entropy 1.3, value loss 0.4, action loss -0.3

2023-04-06 16:24:36,502 TEST: 3100080, 1029.6, 1550.0, ['770.0', '770.0', '770.0', '770.0', '780.0', '780.0', '780.0', '780.0', '1010.0', '1010.0', '1010.0', '1010.0', '1010.0', '1550.0', '1550.0', '1550.0', '770.0', '770.0', '770.0', '780.0', '780.0', '1010.0', '1010.0', '1010.0', '1010.0', '770.0', '1550.0', '1550.0', '1550.0', '1010.0', '1010.0', '1550.0', '780.0', '1550.0', '1550.0', '1550.0', '780.0', '1550.0', '780.0', '1010.0', '770.0', '1010.0', '1550.0', '1550.0', '1010.0', '1010.0', '1010.0', '1550.0', '780.0', '780.0', '770.0', '770.0', '770.0', '1010.0', '1010.0', '1010.0', '1010.0', '1010.0', '770.0', '780.0', '1550.0', '1010.0', '770.0', '770.0', '1550.0', '780.0', '770.0', '770.0', '1010.0', '1010.0', '1010.0', '1010.0', '770.0', '1010.0', '770.0', '1550.0', '770.0', '1010.0', '1550.0', '770.0', '1550.0', '1550.0', '1010.0', '1010.0', '770.0', '1010.0', '1010.0', '1010.0', '770.0', '770.0', '1010.0', '1010.0', '1010.0', '770.0', '1550.0', '770.0', '780.0', '780.0', '1550.0', '780.0']

2023-04-06 16:24:36,503 => saving checkpoint to output/MsPacmanNoFrameskip-v4/a2c/ms_multi/seed_2
2023-04-06 16:24:54,831 Updates 39000, num timesteps 3120080, FPS 673 
Last 10 training episodes: mean/median reward 1125.0/1110.0 min/max reward 800.0/1710.0 dist entropy 1.1, value loss 5.7, action loss 0.5

2023-04-06 16:25:14,515 Updates 39250, num timesteps 3140080, FPS 674 
Last 10 training episodes: mean/median reward 1118.0/1045.0 min/max reward 690.0/1490.0 dist entropy 0.9, value loss 0.7, action loss -0.5

2023-04-06 16:25:33,895 Updates 39500, num timesteps 3160080, FPS 676 
Last 10 training episodes: mean/median reward 817.0/860.0 min/max reward 420.0/1180.0 dist entropy 1.2, value loss 1.2, action loss -0.3

2023-04-06 16:25:53,345 Updates 39750, num timesteps 3180080, FPS 677 
Last 10 training episodes: mean/median reward 942.0/1015.0 min/max reward 540.0/1320.0 dist entropy 1.1, value loss 5.0, action loss -0.3

2023-04-06 16:26:12,724 Updates 40000, num timesteps 3200080, FPS 679 
Last 10 training episodes: mean/median reward 1295.0/1115.0 min/max reward 740.0/2450.0 dist entropy 1.0, value loss 0.9, action loss -0.1

2023-04-06 16:27:13,043 TEST: 3200080, 981.2, 1330.0, ['790.0', '790.0', '790.0', '1330.0', '1330.0', '1330.0', '1330.0', '820.0', '820.0', '820.0', '820.0', '820.0', '1110.0', '1110.0', '1110.0', '1110.0', '1330.0', '1330.0', '1330.0', '1330.0', '790.0', '790.0', '820.0', '820.0', '790.0', '820.0', '820.0', '820.0', '790.0', '820.0', '1110.0', '1110.0', '790.0', '790.0', '790.0', '790.0', '1330.0', '820.0', '790.0', '820.0', '820.0', '820.0', '820.0', '790.0', '1110.0', '790.0', '1110.0', '1110.0', '1330.0', '1330.0', '1330.0', '820.0', '820.0', '820.0', '1330.0', '820.0', '1330.0', '1110.0', '790.0', '1110.0', '820.0', '790.0', '820.0', '1110.0', '790.0', '1330.0', '790.0', '820.0', '820.0', '820.0', '820.0', '1330.0', '1330.0', '790.0', '820.0', '1330.0', '1330.0', '1110.0', '820.0', '1330.0', '1330.0', '790.0', '820.0', '790.0', '820.0', '820.0', '820.0', '820.0', '820.0', '1330.0', '1330.0', '1110.0', '820.0', '820.0', '1330.0', '790.0', '1330.0', '820.0', '790.0', '820.0']

2023-04-06 16:27:13,045 => saving checkpoint to output/MsPacmanNoFrameskip-v4/a2c/ms_multi/seed_2
2023-04-06 16:27:32,111 Updates 40250, num timesteps 3220080, FPS 672 
Last 10 training episodes: mean/median reward 1145.0/1030.0 min/max reward 700.0/1890.0 dist entropy 1.4, value loss 0.7, action loss 0.2

2023-04-06 16:27:51,590 Updates 40500, num timesteps 3240080, FPS 673 
Last 10 training episodes: mean/median reward 1087.0/965.0 min/max reward 760.0/1740.0 dist entropy 1.3, value loss 0.5, action loss -0.1

2023-04-06 16:28:11,121 Updates 40750, num timesteps 3260080, FPS 675 
Last 10 training episodes: mean/median reward 1008.0/1040.0 min/max reward 600.0/1960.0 dist entropy 1.0, value loss 1.4, action loss 0.1

2023-04-06 16:28:30,673 Updates 41000, num timesteps 3280080, FPS 676 
Last 10 training episodes: mean/median reward 1012.0/960.0 min/max reward 670.0/1580.0 dist entropy 1.4, value loss 1.3, action loss 0.5

2023-04-06 16:28:49,754 Updates 41250, num timesteps 3300080, FPS 677 
Last 10 training episodes: mean/median reward 1114.0/1095.0 min/max reward 540.0/1860.0 dist entropy 1.2, value loss 6.7, action loss -0.0

2023-04-06 16:29:56,432 TEST: 3300080, 1093.5, 1820.0, ['770.0', '770.0', '770.0', '770.0', '770.0', '800.0', '800.0', '800.0', '800.0', '1080.0', '1080.0', '1080.0', '1080.0', '1820.0', '1820.0', '1820.0', '770.0', '770.0', '770.0', '770.0', '800.0', '800.0', '1080.0', '1080.0', '1080.0', '1820.0', '1820.0', '770.0', '770.0', '1820.0', '770.0', '1820.0', '1080.0', '800.0', '800.0', '770.0', '770.0', '770.0', '1820.0', '1080.0', '770.0', '1820.0', '1820.0', '770.0', '800.0', '1080.0', '1820.0', '1820.0', '1820.0', '1820.0', '770.0', '800.0', '800.0', '770.0', '1080.0', '770.0', '1080.0', '1080.0', '770.0', '770.0', '1080.0', '800.0', '1080.0', '1820.0', '1080.0', '770.0', '1820.0', '770.0', '1080.0', '770.0', '1080.0', '770.0', '770.0', '770.0', '770.0', '1820.0', '1080.0', '800.0', '770.0', '1820.0', '1080.0', '1080.0', '1080.0', '770.0', '770.0', '770.0', '1820.0', '1080.0', '1820.0', '770.0', '1820.0', '770.0', '1080.0', '770.0', '1820.0', '770.0', '1080.0', '1820.0', '800.0', '800.0']

2023-04-06 16:29:56,434 => saving checkpoint to output/MsPacmanNoFrameskip-v4/a2c/ms_multi/seed_2
2023-04-06 16:30:15,977 Updates 41500, num timesteps 3320080, FPS 670 
Last 10 training episodes: mean/median reward 1021.0/885.0 min/max reward 630.0/1950.0 dist entropy 1.4, value loss 0.9, action loss -0.3

2023-04-06 16:30:35,577 Updates 41750, num timesteps 3340080, FPS 671 
Last 10 training episodes: mean/median reward 1180.0/1065.0 min/max reward 710.0/2490.0 dist entropy 1.0, value loss 0.6, action loss -0.1

2023-04-06 16:30:54,898 Updates 42000, num timesteps 3360080, FPS 672 
Last 10 training episodes: mean/median reward 1282.0/1190.0 min/max reward 630.0/1940.0 dist entropy 1.1, value loss 5.0, action loss 0.1

2023-04-06 16:31:13,436 Updates 42250, num timesteps 3380080, FPS 674 
Last 10 training episodes: mean/median reward 956.0/875.0 min/max reward 610.0/1670.0 dist entropy 0.9, value loss 3.9, action loss -0.1

2023-04-06 16:31:31,451 Updates 42500, num timesteps 3400080, FPS 675 
Last 10 training episodes: mean/median reward 1297.0/1275.0 min/max reward 710.0/2020.0 dist entropy 1.1, value loss 0.3, action loss -0.2

2023-04-06 16:32:37,341 TEST: 3400080, 945.0, 1180.0, ['700.0', '700.0', '700.0', '740.0', '740.0', '740.0', '740.0', '1080.0', '1080.0', '1080.0', '1080.0', '1180.0', '1180.0', '1180.0', '1180.0', '1180.0', '740.0', '740.0', '740.0', '700.0', '740.0', '700.0', '700.0', '1180.0', '1180.0', '700.0', '1080.0', '1080.0', '1180.0', '1180.0', '1180.0', '1180.0', '700.0', '700.0', '700.0', '700.0', '700.0', '740.0', '1080.0', '1180.0', '700.0', '700.0', '1080.0', '1180.0', '1180.0', '1180.0', '1080.0', '1180.0', '1080.0', '740.0', '700.0', '700.0', '740.0', '740.0', '1180.0', '1180.0', '1180.0', '1180.0', '740.0', '1080.0', '1080.0', '1180.0', '740.0', '1180.0', '700.0', '700.0', '740.0', '740.0', '1080.0', '700.0', '1180.0', '1180.0', '1180.0', '740.0', '1180.0', '1180.0', '740.0', '1180.0', '740.0', '740.0', '740.0', '1080.0', '700.0', '1180.0', '1180.0', '700.0', '1180.0', '700.0', '740.0', '1180.0', '1180.0', '1180.0', '740.0', '740.0', '1180.0', '1180.0', '740.0', '1080.0', '1180.0', '740.0']

2023-04-06 16:32:37,342 => saving checkpoint to output/MsPacmanNoFrameskip-v4/a2c/ms_multi/seed_2
2023-04-06 16:32:56,915 Updates 42750, num timesteps 3420080, FPS 668 
Last 10 training episodes: mean/median reward 1085.0/1105.0 min/max reward 380.0/1750.0 dist entropy 1.2, value loss 0.7, action loss -0.3

2023-04-06 16:33:16,242 Updates 43000, num timesteps 3440080, FPS 669 
Last 10 training episodes: mean/median reward 1027.0/1000.0 min/max reward 810.0/1360.0 dist entropy 1.2, value loss 0.8, action loss -0.5

2023-04-06 16:33:35,694 Updates 43250, num timesteps 3460080, FPS 671 
Last 10 training episodes: mean/median reward 1240.0/1100.0 min/max reward 800.0/1770.0 dist entropy 1.2, value loss 0.9, action loss -0.0

2023-04-06 16:33:54,050 Updates 43500, num timesteps 3480080, FPS 672 
Last 10 training episodes: mean/median reward 1138.0/945.0 min/max reward 590.0/2470.0 dist entropy 1.1, value loss 1.4, action loss -0.1

2023-04-06 16:34:11,913 Updates 43750, num timesteps 3500080, FPS 674 
Last 10 training episodes: mean/median reward 1062.0/1055.0 min/max reward 660.0/1460.0 dist entropy 1.1, value loss 0.4, action loss -0.0

2023-04-06 16:35:00,840 TEST: 3500080, 773.3, 870.0, ['720.0', '720.0', '720.0', '720.0', '740.0', '740.0', '740.0', '740.0', '740.0', '870.0', '870.0', '870.0', '800.0', '800.0', '800.0', '800.0', '720.0', '720.0', '720.0', '740.0', '740.0', '740.0', '720.0', '870.0', '870.0', '740.0', '740.0', '870.0', '740.0', '870.0', '800.0', '800.0', '870.0', '870.0', '740.0', '870.0', '720.0', '740.0', '870.0', '740.0', '740.0', '800.0', '740.0', '870.0', '870.0', '870.0', '800.0', '800.0', '720.0', '720.0', '720.0', '740.0', '740.0', '740.0', '720.0', '740.0', '800.0', '740.0', '720.0', '800.0', '870.0', '740.0', '870.0', '800.0', '720.0', '740.0', '740.0', '740.0', '740.0', '720.0', '720.0', '870.0', '720.0', '870.0', '740.0', '800.0', '740.0', '870.0', '720.0', '720.0', '740.0', '720.0', '740.0', '740.0', '740.0', '720.0', '740.0', '740.0', '870.0', '720.0', '870.0', '740.0', '720.0', '740.0', '800.0', '870.0', '720.0', '870.0', '740.0', '740.0']

2023-04-06 16:35:00,842 => saving checkpoint to output/MsPacmanNoFrameskip-v4/a2c/ms_multi/seed_2
2023-04-06 16:35:20,510 Updates 44000, num timesteps 3520080, FPS 669 
Last 10 training episodes: mean/median reward 1156.0/1090.0 min/max reward 530.0/2240.0 dist entropy 0.9, value loss 0.3, action loss -0.0

2023-04-06 16:35:39,905 Updates 44250, num timesteps 3540080, FPS 670 
Last 10 training episodes: mean/median reward 1057.0/975.0 min/max reward 550.0/1640.0 dist entropy 1.1, value loss 0.6, action loss -0.1

2023-04-06 16:35:59,436 Updates 44500, num timesteps 3560080, FPS 671 
Last 10 training episodes: mean/median reward 917.0/855.0 min/max reward 500.0/1630.0 dist entropy 1.1, value loss 0.9, action loss 0.3

2023-04-06 16:36:18,610 Updates 44750, num timesteps 3580080, FPS 673 
Last 10 training episodes: mean/median reward 1260.0/1340.0 min/max reward 660.0/1750.0 dist entropy 1.2, value loss 0.7, action loss -0.2

2023-04-06 16:36:36,942 Updates 45000, num timesteps 3600080, FPS 674 
Last 10 training episodes: mean/median reward 962.0/920.0 min/max reward 420.0/1590.0 dist entropy 1.1, value loss 0.5, action loss -0.0

2023-04-06 16:37:54,315 TEST: 3600080, 1184.8, 1410.0, ['820.0', '820.0', '820.0', '820.0', '1210.0', '1210.0', '1210.0', '1210.0', '1110.0', '1110.0', '1110.0', '1410.0', '1410.0', '1410.0', '1410.0', '1410.0', '820.0', '820.0', '1110.0', '1210.0', '1210.0', '1210.0', '1210.0', '1410.0', '1410.0', '1110.0', '1110.0', '1410.0', '1410.0', '1110.0', '820.0', '1110.0', '820.0', '1410.0', '1410.0', '1110.0', '1110.0', '1110.0', '1110.0', '820.0', '1210.0', '1410.0', '1110.0', '1110.0', '1110.0', '820.0', '820.0', '1410.0', '1410.0', '1410.0', '1410.0', '1110.0', '1210.0', '1410.0', '1210.0', '1210.0', '1410.0', '1410.0', '1210.0', '820.0', '1210.0', '820.0', '1410.0', '1210.0', '1410.0', '1110.0', '1210.0', '1110.0', '1410.0', '1110.0', '1210.0', '1410.0', '1410.0', '1410.0', '1410.0', '1110.0', '1410.0', '1410.0', '1210.0', '820.0', '820.0', '1410.0', '1210.0', '1410.0', '1210.0', '1210.0', '1210.0', '1410.0', '1110.0', '820.0', '820.0', '1210.0', '820.0', '1210.0', '1210.0', '1410.0', '1410.0', '1410.0', '1110.0', '1110.0']

2023-04-06 16:37:54,316 => saving checkpoint to output/MsPacmanNoFrameskip-v4/a2c/ms_multi/seed_2
2023-04-06 16:38:14,073 Updates 45250, num timesteps 3620080, FPS 666 
Last 10 training episodes: mean/median reward 1151.0/1060.0 min/max reward 720.0/1970.0 dist entropy 1.1, value loss 0.7, action loss 0.3

2023-04-06 16:38:33,821 Updates 45500, num timesteps 3640080, FPS 667 
Last 10 training episodes: mean/median reward 1076.0/1110.0 min/max reward 570.0/1730.0 dist entropy 1.1, value loss 1.3, action loss -0.1

2023-04-06 16:38:53,252 Updates 45750, num timesteps 3660080, FPS 668 
Last 10 training episodes: mean/median reward 1126.0/1145.0 min/max reward 570.0/1650.0 dist entropy 0.9, value loss 1.0, action loss -0.0

2023-04-06 16:39:12,134 Updates 46000, num timesteps 3680080, FPS 670 
Last 10 training episodes: mean/median reward 938.0/845.0 min/max reward 510.0/1610.0 dist entropy 1.3, value loss 0.7, action loss -0.2

2023-04-06 16:39:30,180 Updates 46250, num timesteps 3700080, FPS 671 
Last 10 training episodes: mean/median reward 1275.0/1150.0 min/max reward 850.0/2810.0 dist entropy 0.9, value loss 0.6, action loss 0.2

2023-04-06 16:40:46,140 TEST: 3700080, 1249.2, 1470.0, ['1170.0', '1170.0', '1170.0', '1170.0', '1170.0', '1140.0', '1140.0', '1140.0', '1140.0', '1220.0', '1220.0', '1220.0', '1470.0', '1470.0', '1470.0', '1470.0', '1170.0', '1170.0', '1170.0', '1140.0', '1140.0', '1220.0', '1220.0', '1170.0', '1170.0', '1220.0', '1220.0', '1170.0', '1470.0', '1470.0', '1470.0', '1470.0', '1170.0', '1140.0', '1140.0', '1170.0', '1220.0', '1170.0', '1170.0', '1220.0', '1140.0', '1220.0', '1470.0', '1170.0', '1220.0', '1170.0', '1140.0', '1220.0', '1220.0', '1220.0', '1170.0', '1140.0', '1170.0', '1470.0', '1220.0', '1220.0', '1170.0', '1470.0', '1470.0', '1470.0', '1470.0', '1170.0', '1170.0', '1140.0', '1170.0', '1170.0', '1470.0', '1470.0', '1170.0', '1470.0', '1470.0', '1220.0', '1220.0', '1470.0', '1170.0', '1170.0', '1170.0', '1140.0', '1220.0', '1470.0', '1170.0', '1470.0', '1470.0', '1220.0', '1470.0', '1170.0', '1140.0', '1220.0', '1170.0', '1170.0', '1170.0', '1170.0', '1170.0', '1220.0', '1170.0', '1140.0', '1470.0', '1140.0', '1220.0', '1220.0']

2023-04-06 16:40:46,143 => saving checkpoint to output/MsPacmanNoFrameskip-v4/a2c/ms_multi/seed_2
2023-04-06 16:41:05,516 Updates 46500, num timesteps 3720080, FPS 663 
Last 10 training episodes: mean/median reward 844.0/810.0 min/max reward 590.0/1220.0 dist entropy 1.1, value loss 0.6, action loss -0.1

2023-04-06 16:41:24,525 Updates 46750, num timesteps 3740080, FPS 665 
Last 10 training episodes: mean/median reward 1267.0/1285.0 min/max reward 860.0/1570.0 dist entropy 1.1, value loss 1.4, action loss 0.4

2023-04-06 16:41:42,842 Updates 47000, num timesteps 3760080, FPS 666 
Last 10 training episodes: mean/median reward 1103.0/895.0 min/max reward 500.0/2580.0 dist entropy 1.2, value loss 1.0, action loss 0.0

2023-04-06 16:42:01,290 Updates 47250, num timesteps 3780080, FPS 667 
Last 10 training episodes: mean/median reward 986.0/845.0 min/max reward 640.0/2280.0 dist entropy 1.2, value loss 0.8, action loss -0.2

2023-04-06 16:42:19,051 Updates 47500, num timesteps 3800080, FPS 669 
Last 10 training episodes: mean/median reward 998.0/980.0 min/max reward 790.0/1290.0 dist entropy 1.3, value loss 0.3, action loss -0.1

2023-04-06 16:43:20,906 TEST: 3800080, 993.0, 1040.0, ['940.0', '940.0', '940.0', '940.0', '1040.0', '1040.0', '1040.0', '980.0', '980.0', '980.0', '1040.0', '980.0', '980.0', '1000.0', '1000.0', '1000.0', '940.0', '940.0', '980.0', '980.0', '1040.0', '980.0', '1040.0', '980.0', '1040.0', '1000.0', '1040.0', '1000.0', '1000.0', '980.0', '980.0', '1000.0', '940.0', '940.0', '980.0', '1000.0', '940.0', '1000.0', '1040.0', '1000.0', '980.0', '1000.0', '1000.0', '980.0', '1000.0', '980.0', '980.0', '940.0', '980.0', '1000.0', '1040.0', '980.0', '940.0', '940.0', '1040.0', '980.0', '1040.0', '1040.0', '980.0', '980.0', '980.0', '1040.0', '1000.0', '1000.0', '1040.0', '1040.0', '1040.0', '940.0', '980.0', '980.0', '980.0', '980.0', '1040.0', '980.0', '980.0', '1040.0', '1040.0', '1000.0', '1040.0', '1000.0', '980.0', '1000.0', '1040.0', '980.0', '1000.0', '1040.0', '980.0', '980.0', '980.0', '980.0', '980.0', '1040.0', '940.0', '980.0', '1000.0', '1040.0', '940.0', '1040.0', '940.0', '940.0']

2023-04-06 16:43:20,908 => saving checkpoint to output/MsPacmanNoFrameskip-v4/a2c/ms_multi/seed_2
2023-04-06 16:43:40,552 Updates 47750, num timesteps 3820080, FPS 663 
Last 10 training episodes: mean/median reward 1072.0/1130.0 min/max reward 650.0/1480.0 dist entropy 1.0, value loss 0.3, action loss -0.2

2023-04-06 16:43:59,351 Updates 48000, num timesteps 3840080, FPS 664 
Last 10 training episodes: mean/median reward 1079.0/1035.0 min/max reward 740.0/1810.0 dist entropy 1.1, value loss 0.6, action loss 0.2

2023-04-06 16:44:17,966 Updates 48250, num timesteps 3860080, FPS 665 
Last 10 training episodes: mean/median reward 930.0/930.0 min/max reward 700.0/1190.0 dist entropy 0.8, value loss 1.5, action loss 0.2

2023-04-06 16:44:36,743 Updates 48500, num timesteps 3880080, FPS 667 
Last 10 training episodes: mean/median reward 921.0/790.0 min/max reward 590.0/1890.0 dist entropy 1.1, value loss 0.7, action loss -0.0

2023-04-06 16:44:55,185 Updates 48750, num timesteps 3900080, FPS 668 
Last 10 training episodes: mean/median reward 1181.0/1045.0 min/max reward 670.0/1910.0 dist entropy 0.9, value loss 0.8, action loss -0.1

2023-04-06 16:45:53,720 TEST: 3900080, 1151.7, 1700.0, ['670.0', '670.0', '670.0', '670.0', '1110.0', '1110.0', '1110.0', '1110.0', '1110.0', '1700.0', '1700.0', '1700.0', '1030.0', '1030.0', '1030.0', '1030.0', '670.0', '670.0', '1110.0', '1700.0', '1110.0', '1110.0', '1700.0', '1700.0', '1110.0', '1110.0', '1700.0', '1110.0', '1030.0', '1030.0', '1030.0', '1030.0', '670.0', '1700.0', '670.0', '670.0', '1700.0', '1110.0', '1110.0', '1110.0', '1110.0', '1700.0', '1030.0', '1110.0', '1700.0', '1700.0', '1700.0', '1700.0', '670.0', '1110.0', '1700.0', '1110.0', '670.0', '1700.0', '670.0', '1110.0', '1030.0', '1110.0', '1030.0', '1030.0', '1030.0', '1030.0', '1110.0', '1110.0', '1030.0', '1110.0', '1030.0', '670.0', '1110.0', '1030.0', '1700.0', '1110.0', '1030.0', '1700.0', '1030.0', '1110.0', '1110.0', '1110.0', '1700.0', '1030.0', '1700.0', '670.0', '1030.0', '1110.0', '1110.0', '1030.0', '1030.0', '1110.0', '1700.0', '1110.0', '1700.0', '1110.0', '1110.0', '1110.0', '1110.0', '670.0', '1030.0', '670.0', '670.0', '1700.0']

2023-04-06 16:45:53,721 => saving checkpoint to output/MsPacmanNoFrameskip-v4/a2c/ms_multi/seed_2
2023-04-06 16:46:13,258 Updates 49000, num timesteps 3920080, FPS 663 
Last 10 training episodes: mean/median reward 1120.0/1085.0 min/max reward 650.0/1700.0 dist entropy 1.2, value loss 0.9, action loss -0.4

2023-04-06 16:46:31,935 Updates 49250, num timesteps 3940080, FPS 664 
Last 10 training episodes: mean/median reward 1213.0/1165.0 min/max reward 570.0/2430.0 dist entropy 0.7, value loss 0.6, action loss -0.0

2023-04-06 16:46:50,473 Updates 49500, num timesteps 3960080, FPS 665 
Last 10 training episodes: mean/median reward 905.0/805.0 min/max reward 560.0/1970.0 dist entropy 1.1, value loss 1.3, action loss -0.5

2023-04-06 16:47:08,997 Updates 49750, num timesteps 3980080, FPS 666 
Last 10 training episodes: mean/median reward 1183.0/1170.0 min/max reward 680.0/1970.0 dist entropy 0.9, value loss 1.1, action loss -0.3

2023-04-06 16:47:27,164 Updates 50000, num timesteps 4000080, FPS 668 
Last 10 training episodes: mean/median reward 1121.0/860.0 min/max reward 460.0/2860.0 dist entropy 1.1, value loss 0.8, action loss -0.2

2023-04-06 16:48:34,796 TEST: 4000080, 1303.7, 1770.0, ['870.0', '870.0', '870.0', '1040.0', '1040.0', '1040.0', '1040.0', '1200.0', '1200.0', '1200.0', '1200.0', '1770.0', '1770.0', '1770.0', '1770.0', '1770.0', '870.0', '1200.0', '870.0', '870.0', '1770.0', '1770.0', '870.0', '1040.0', '1040.0', '1200.0', '1200.0', '1200.0', '1770.0', '1770.0', '1770.0', '1770.0', '870.0', '870.0', '1040.0', '870.0', '870.0', '870.0', '870.0', '1200.0', '1770.0', '870.0', '1770.0', '1770.0', '1770.0', '1040.0', '1040.0', '1770.0', '870.0', '870.0', '1200.0', '1040.0', '1770.0', '1200.0', '1200.0', '1770.0', '1770.0', '1040.0', '1770.0', '1200.0', '1770.0', '1040.0', '1770.0', '1200.0', '870.0', '1200.0', '870.0', '1200.0', '870.0', '1040.0', '1770.0', '1770.0', '1770.0', '1770.0', '1770.0', '1770.0', '1200.0', '1200.0', '1200.0', '1200.0', '1040.0', '870.0', '1770.0', '1200.0', '1770.0', '870.0', '870.0', '1770.0', '1200.0', '1200.0', '1770.0', '1770.0', '1770.0', '1770.0', '1200.0', '1770.0', '1040.0', '1200.0', '870.0', '1040.0']

2023-04-06 16:48:34,797 => saving checkpoint to output/MsPacmanNoFrameskip-v4/a2c/ms_multi/seed_2
2023-04-06 16:48:53,878 Updates 50250, num timesteps 4020080, FPS 662 
Last 10 training episodes: mean/median reward 1315.0/1160.0 min/max reward 760.0/2490.0 dist entropy 1.1, value loss 0.4, action loss -0.1

2023-04-06 16:49:12,609 Updates 50500, num timesteps 4040080, FPS 663 
Last 10 training episodes: mean/median reward 1108.0/1070.0 min/max reward 680.0/2410.0 dist entropy 0.8, value loss 0.5, action loss -0.1

2023-04-06 16:49:31,000 Updates 50750, num timesteps 4060080, FPS 664 
Last 10 training episodes: mean/median reward 1236.0/1065.0 min/max reward 640.0/2320.0 dist entropy 1.0, value loss 0.4, action loss 0.1

2023-04-06 16:49:49,398 Updates 51000, num timesteps 4080080, FPS 665 
Last 10 training episodes: mean/median reward 1147.0/955.0 min/max reward 620.0/2650.0 dist entropy 0.9, value loss 0.9, action loss -0.2

2023-04-06 16:50:08,071 Updates 51250, num timesteps 4100080, FPS 667 
Last 10 training episodes: mean/median reward 1230.0/1175.0 min/max reward 730.0/1840.0 dist entropy 0.7, value loss 0.5, action loss -0.1

2023-04-06 16:51:07,658 TEST: 4100080, 710.2, 740.0, ['640.0', '640.0', '640.0', '640.0', '720.0', '720.0', '740.0', '740.0', '740.0', '720.0', '720.0', '740.0', '740.0', '740.0', '740.0', '740.0', '640.0', '640.0', '640.0', '640.0', '740.0', '720.0', '740.0', '720.0', '740.0', '740.0', '740.0', '740.0', '740.0', '740.0', '740.0', '740.0', '740.0', '740.0', '740.0', '640.0', '740.0', '740.0', '740.0', '740.0', '720.0', '720.0', '740.0', '720.0', '740.0', '740.0', '740.0', '740.0', '720.0', '640.0', '640.0', '740.0', '740.0', '640.0', '740.0', '640.0', '640.0', '740.0', '720.0', '740.0', '740.0', '720.0', '740.0', '740.0', '720.0', '740.0', '640.0', '740.0', '740.0', '740.0', '640.0', '640.0', '640.0', '740.0', '640.0', '740.0', '640.0', '740.0', '740.0', '740.0', '640.0', '740.0', '740.0', '640.0', '740.0', '740.0', '740.0', '740.0', '740.0', '740.0', '640.0', '740.0', '740.0', '640.0', '740.0', '720.0', '640.0', '740.0', '640.0', '640.0']

2023-04-06 16:51:07,659 => saving checkpoint to output/MsPacmanNoFrameskip-v4/a2c/ms_multi/seed_2
2023-04-06 16:51:26,495 Updates 51500, num timesteps 4120080, FPS 661 
Last 10 training episodes: mean/median reward 1399.0/1205.0 min/max reward 690.0/2670.0 dist entropy 0.9, value loss 3.2, action loss -0.2

2023-04-06 16:51:45,268 Updates 51750, num timesteps 4140080, FPS 663 
Last 10 training episodes: mean/median reward 1193.0/930.0 min/max reward 650.0/2320.0 dist entropy 0.9, value loss 0.8, action loss -0.2

2023-04-06 16:52:04,268 Updates 52000, num timesteps 4160080, FPS 664 
Last 10 training episodes: mean/median reward 778.0/785.0 min/max reward 340.0/1230.0 dist entropy 0.9, value loss 0.9, action loss -0.1

2023-04-06 16:52:23,482 Updates 52250, num timesteps 4180080, FPS 665 
Last 10 training episodes: mean/median reward 918.0/890.0 min/max reward 330.0/1480.0 dist entropy 0.9, value loss 0.7, action loss -0.0

2023-04-06 16:52:43,460 Updates 52500, num timesteps 4200080, FPS 666 
Last 10 training episodes: mean/median reward 1135.0/860.0 min/max reward 490.0/3020.0 dist entropy 0.9, value loss 1.0, action loss -0.3

2023-04-06 16:53:35,519 TEST: 4200080, 765.5, 1010.0, ['450.0', '450.0', '450.0', '450.0', '480.0', '480.0', '480.0', '1010.0', '1010.0', '1010.0', '1010.0', '450.0', '450.0', '960.0', '960.0', '960.0', '960.0', '960.0', '480.0', '1010.0', '960.0', '1010.0', '1010.0', '450.0', '1010.0', '480.0', '480.0', '480.0', '450.0', '960.0', '960.0', '480.0', '960.0', '450.0', '960.0', '960.0', '480.0', '480.0', '480.0', '480.0', '480.0', '480.0', '1010.0', '960.0', '480.0', '450.0', '450.0', '960.0', '960.0', '960.0', '960.0', '480.0', '1010.0', '1010.0', '1010.0', '960.0', '450.0', '1010.0', '1010.0', '450.0', '960.0', '960.0', '480.0', '480.0', '960.0', '1010.0', '960.0', '960.0', '960.0', '480.0', '1010.0', '450.0', '1010.0', '450.0', '480.0', '960.0', '960.0', '960.0', '960.0', '960.0', '960.0', '450.0', '1010.0', '450.0', '1010.0', '960.0', '1010.0', '1010.0', '450.0', '480.0', '1010.0', '960.0', '480.0', '1010.0', '1010.0', '480.0', '480.0', '1010.0', '960.0', '960.0']

2023-04-06 16:53:35,520 => saving checkpoint to output/MsPacmanNoFrameskip-v4/a2c/ms_multi/seed_2
2023-04-06 16:53:55,066 Updates 52750, num timesteps 4220080, FPS 662 
Last 10 training episodes: mean/median reward 1089.0/980.0 min/max reward 390.0/2190.0 dist entropy 1.1, value loss 0.6, action loss -0.0

2023-04-06 16:54:13,971 Updates 53000, num timesteps 4240080, FPS 663 
Last 10 training episodes: mean/median reward 1379.0/1430.0 min/max reward 740.0/2150.0 dist entropy 0.9, value loss 0.8, action loss -0.2

2023-04-06 16:54:32,987 Updates 53250, num timesteps 4260080, FPS 664 
Last 10 training episodes: mean/median reward 1012.0/1035.0 min/max reward 450.0/1540.0 dist entropy 1.1, value loss 0.6, action loss 0.0

2023-04-06 16:54:52,042 Updates 53500, num timesteps 4280080, FPS 665 
Last 10 training episodes: mean/median reward 1070.0/995.0 min/max reward 500.0/1720.0 dist entropy 0.9, value loss 0.6, action loss 0.0

2023-04-06 16:55:11,879 Updates 53750, num timesteps 4300080, FPS 666 
Last 10 training episodes: mean/median reward 1126.0/1020.0 min/max reward 480.0/2220.0 dist entropy 1.1, value loss 1.1, action loss 0.1

2023-04-06 16:56:18,015 TEST: 4300080, 1022.6, 2270.0, ['710.0', '710.0', '710.0', '710.0', '2270.0', '2270.0', '2270.0', '2270.0', '630.0', '630.0', '630.0', '970.0', '970.0', '970.0', '970.0', '970.0', '710.0', '710.0', '710.0', '710.0', '2270.0', '970.0', '2270.0', '630.0', '970.0', '630.0', '630.0', '970.0', '970.0', '630.0', '970.0', '970.0', '630.0', '630.0', '630.0', '630.0', '710.0', '2270.0', '970.0', '630.0', '2270.0', '630.0', '630.0', '2270.0', '970.0', '970.0', '970.0', '970.0', '2270.0', '710.0', '710.0', '970.0', '970.0', '2270.0', '710.0', '630.0', '630.0', '970.0', '970.0', '710.0', '2270.0', '710.0', '970.0', '970.0', '2270.0', '710.0', '630.0', '710.0', '710.0', '970.0', '970.0', '970.0', '630.0', '710.0', '630.0', '710.0', '970.0', '970.0', '710.0', '970.0', '710.0', '630.0', '970.0', '970.0', '970.0', '2270.0', '710.0', '710.0', '630.0', '970.0', '970.0', '970.0', '710.0', '630.0', '970.0', '970.0', '710.0', '2270.0', '970.0', '710.0']

2023-04-06 16:56:18,016 => saving checkpoint to output/MsPacmanNoFrameskip-v4/a2c/ms_multi/seed_2
2023-04-06 16:56:37,305 Updates 54000, num timesteps 4320080, FPS 660 
Last 10 training episodes: mean/median reward 1247.0/1420.0 min/max reward 410.0/2470.0 dist entropy 1.0, value loss 0.6, action loss 0.2

2023-04-06 16:56:56,743 Updates 54250, num timesteps 4340080, FPS 662 
Last 10 training episodes: mean/median reward 1134.0/990.0 min/max reward 520.0/2180.0 dist entropy 0.9, value loss 0.7, action loss 0.2

2023-04-06 16:57:15,972 Updates 54500, num timesteps 4360080, FPS 663 
Last 10 training episodes: mean/median reward 961.0/955.0 min/max reward 610.0/1420.0 dist entropy 0.8, value loss 0.8, action loss 0.3

2023-04-06 16:57:35,488 Updates 54750, num timesteps 4380080, FPS 664 
Last 10 training episodes: mean/median reward 1363.0/1230.0 min/max reward 580.0/2530.0 dist entropy 0.9, value loss 0.7, action loss -0.2

2023-04-06 16:57:55,247 Updates 55000, num timesteps 4400080, FPS 665 
Last 10 training episodes: mean/median reward 1360.0/1460.0 min/max reward 700.0/1830.0 dist entropy 0.9, value loss 0.6, action loss -0.2

2023-04-06 16:59:01,047 TEST: 4400080, 1313.6, 1810.0, ['810.0', '810.0', '810.0', '810.0', '700.0', '700.0', '700.0', '1610.0', '1610.0', '1610.0', '1610.0', '1810.0', '1810.0', '1810.0', '1810.0', '1810.0', '810.0', '810.0', '700.0', '1810.0', '1610.0', '810.0', '700.0', '700.0', '1810.0', '1810.0', '700.0', '700.0', '810.0', '1610.0', '1610.0', '1610.0', '1810.0', '1810.0', '1810.0', '810.0', '700.0', '700.0', '700.0', '700.0', '700.0', '700.0', '810.0', '1610.0', '1810.0', '700.0', '1810.0', '1810.0', '1810.0', '1810.0', '700.0', '810.0', '1810.0', '1610.0', '810.0', '1610.0', '1610.0', '1610.0', '1610.0', '1810.0', '1810.0', '700.0', '810.0', '1810.0', '1810.0', '1610.0', '1810.0', '700.0', '1810.0', '1610.0', '810.0', '700.0', '1610.0', '1810.0', '700.0', '810.0', '1810.0', '1610.0', '1810.0', '1810.0', '1810.0', '1810.0', '1810.0', '1610.0', '810.0', '1610.0', '1610.0', '810.0', '810.0', '700.0', '1610.0', '1610.0', '1810.0', '700.0', '700.0', '700.0', '1610.0', '1610.0', '1810.0', '1810.0']

2023-04-06 16:59:01,048 => saving checkpoint to output/MsPacmanNoFrameskip-v4/a2c/ms_multi/seed_2
2023-04-06 16:59:19,983 Updates 55250, num timesteps 4420080, FPS 659 
Last 10 training episodes: mean/median reward 1053.0/930.0 min/max reward 540.0/1700.0 dist entropy 0.9, value loss 0.6, action loss 0.1

2023-04-06 16:59:38,938 Updates 55500, num timesteps 4440080, FPS 660 
Last 10 training episodes: mean/median reward 1147.0/1055.0 min/max reward 500.0/2670.0 dist entropy 0.9, value loss 0.9, action loss -0.3

2023-04-06 16:59:57,728 Updates 55750, num timesteps 4460080, FPS 662 
Last 10 training episodes: mean/median reward 1472.0/1425.0 min/max reward 570.0/2620.0 dist entropy 1.0, value loss 0.3, action loss 0.0

2023-04-06 17:00:17,433 Updates 56000, num timesteps 4480080, FPS 663 
Last 10 training episodes: mean/median reward 1429.0/1030.0 min/max reward 490.0/4000.0 dist entropy 1.1, value loss 0.5, action loss -0.0

2023-04-06 17:00:37,000 Updates 56250, num timesteps 4500080, FPS 664 
Last 10 training episodes: mean/median reward 1103.0/965.0 min/max reward 360.0/2530.0 dist entropy 1.3, value loss 0.5, action loss -0.2

