2023-04-06 11:14:14,592 Namespace(TEST_MODEL_FILE=None, cfg='experiments/atari/timepilot.yaml', eval_only=False, render=False, seed=2)
2023-04-06 11:14:14,594 {'AUTO_RESUME': False,
 'CUDNN': {'BENCHMARK': True, 'DETERMINISTIC': False, 'ENABLED': True},
 'DATASET': {'BRIGHTNESS_FACTOR': 0.0,
             'COLOR_RGB': True,
             'CONTRAST_FACTOR': 0.0,
             'DATASET': 'mpii',
             'GRAYSCALE': True,
             'HISTORY_INPUT': False,
             'HUE_FACTOR': 0.0,
             'HYBRID': False,
             'ROOT': '',
             'SAMPLE_2_FRAME': False,
             'SAMPLE_2_FRAME_OFFSET': 0,
             'SAMPLE_STEP': 1,
             'SAT_FACTOR': 0.0,
             'TEST_SET': 'valid',
             'TRAIN_SET': 'train',
             'TRANSFORM': False},
 'DATA_DIR': '',
 'DEBUG': {'DEBUG': False},
 'GPUS': '1',
 'LOG_DIR': 'log',
 'MODEL': {'HEATMAP_SIZE': [64, 64],
           'IGNORE_BACKGROUND': False,
           'IMAGE_SIZE': array([84, 84]),
           'INIT_WEIGHTS': True,
           'NAME': 'a2c',
           'PRETRAINED': '',
           'SIGMA': 1},
 'MODEL_FILE': '',
 'OUTPUT_DIR': 'output',
 'PIN_MEMORY': True,
 'PRINT_FREQ': 100,
 'RESUME': False,
 'SELFSUP_ATTENTION': {'AUTOENCODER_LOSS': True,
                       'BLOCK_IMAGE_FEAT_GRADIENT': False,
                       'DECODER_WITH_SIGMOID': True,
                       'GAUSS_STD': 0.1,
                       'HEATMAP_SPARSITY_LOSS': True,
                       'HEATMAP_SPARSITY_LOSS_WEIGHT': 0.001,
                       'KEYPOINTER_CLS_AGNOSTIC': True,
                       'NUM_KEYPOINTS': 7,
                       'RECONSTRUCT_LOSS_THRESHOLD': 0.01,
                       'SHARE_PARAMETERS': False,
                       'USE_INSTANCE_NORM': False,
                       'USE_LAYER_NORM': False},
 'TEST': {'BATCH_SIZE_PER_GPU': 32, 'MODEL_FILE': ''},
 'TRAIN': {'BATCH_SIZE_PER_GPU': 32,
           'BEGIN_EPOCH': 0,
           'CHECKPOINT': '',
           'END_EPOCH': 140,
           'GAMMA1': 0.99,
           'GAMMA2': 0.0,
           'LR': 0.001,
           'LR_FACTOR': 0.1,
           'LR_STEP': [90, 110],
           'MOMENTUM': 0.9,
           'NESTEROV': False,
           'OPTIMIZER': 'adam',
           'RESUME': False,
           'SHUFFLE': True,
           'WD': 0.0001},
 'WORKERS': 4,
 'algo': 'a2c',
 'alpha': 0.99,
 'block_selfsup_attention_grad': False,
 'bottom_up_downsample_mask': False,
 'bottom_up_downsample_mask_stride1': False,
 'bottom_up_form_num_of_objects': 10,
 'bottom_up_form_objects': False,
 'cuda': True,
 'cuda_deterministic': False,
 'entropy_coef': 0.01,
 'env_name': 'TimePilotNoFrameskip-v4',
 'env_num': 3,
 'eps': 1e-05,
 'eval_interval': 1250,
 'feat_add_selfsup_attention': True,
 'feat_from_selfsup_attention': False,
 'feat_mul_selfsup_attention_mask': True,
 'feat_mul_selfsup_attention_mask_residual': False,
 'feat_pool_with_selfsup_attention': False,
 'fix_feature': False,
 'gae_lambda': 0.95,
 'gail': False,
 'gail_batch_size': 128,
 'gail_epoch': 5,
 'gail_experts_dir': './gail_experts',
 'gamma': 0.99,
 'gaussian_std': 0.1,
 'hidden_size': 512,
 'log_interval': 250,
 'lr': 0.0007,
 'mask_threshold': -1.0,
 'max_grad_norm': 0.5,
 'no_cuda': False,
 'num_env_steps': 10000000,
 'num_processes': 16,
 'num_steps': 5,
 'ppo_epoch': 4,
 'recurrent_policy': False,
 'resized_size': 84,
 'save_dir': './trained_models/',
 'save_interval': 1250,
 'seed': 2,
 'selfsup_attention_feat_load_pretrained': True,
 'selfsup_attention_feat_masked': True,
 'selfsup_attention_feat_masked_residual': False,
 'selfsup_attention_fix': False,
 'selfsup_attention_fix_keypointer': False,
 'selfsup_attention_image_feat_only': False,
 'selfsup_attention_keyp_maps_pool': True,
 'selfsup_attention_multiframe': False,
 'selfsup_attention_pretrain': '',
 'sep_bg_fg_feat': False,
 'temperature': 0.07,
 'train_selfsup_attention': True,
 'train_selfsup_attention_batch_size': 256,
 'train_selfsup_attention_buffer_size': 10000,
 'use_gae': False,
 'use_layer_norm': False,
 'use_linear_lr_decay': False,
 'use_proper_time_limits': False,
 'value_loss_coef': 0.5,
 'weight_decay': 0.0}
2023-04-06 11:14:39,035 Updates 250, num timesteps 20080, FPS 1115 
Last 4 training episodes: mean/median reward 1575.0/900.0 min/max reward 700.0/3800.0 dist entropy 2.3, value loss 0.2, action loss 0.2

2023-04-06 11:14:56,642 Updates 500, num timesteps 40080, FPS 1125 
Last 10 training episodes: mean/median reward 4210.0/4100.0 min/max reward 1100.0/7900.0 dist entropy 2.3, value loss 0.0, action loss -0.1

2023-04-06 11:15:14,649 Updates 750, num timesteps 60080, FPS 1120 
Last 10 training episodes: mean/median reward 3570.0/4100.0 min/max reward 700.0/7800.0 dist entropy 2.3, value loss 0.0, action loss 0.1

2023-04-06 11:15:32,731 Updates 1000, num timesteps 80080, FPS 1116 
Last 10 training episodes: mean/median reward 3140.0/3900.0 min/max reward 700.0/4500.0 dist entropy 2.3, value loss 0.0, action loss 0.0

2023-04-06 11:15:49,496 Updates 1250, num timesteps 100080, FPS 1131 
Last 10 training episodes: mean/median reward 4070.0/4350.0 min/max reward 1300.0/4800.0 dist entropy 2.3, value loss 0.0, action loss -0.0

2023-04-06 11:18:03,932 TEST: 100080, 418.81188118811883, 600.0, ['600.0', '600.0', '600.0', '500.0', '500.0', '500.0', '500.0', '500.0', '500.0', '500.0', '500.0', '500.0', '500.0', '500.0', '500.0', '500.0', '400.0', '400.0', '400.0', '400.0', '400.0', '400.0', '400.0', '400.0', '400.0', '400.0', '400.0', '400.0', '400.0', '400.0', '400.0', '400.0', '400.0', '400.0', '400.0', '400.0', '400.0', '400.0', '400.0', '400.0', '400.0', '400.0', '400.0', '400.0', '400.0', '400.0', '400.0', '400.0', '400.0', '400.0', '400.0', '400.0', '400.0', '400.0', '400.0', '400.0', '400.0', '400.0', '400.0', '400.0', '400.0', '400.0', '400.0', '400.0', '400.0', '400.0', '400.0', '400.0', '400.0', '400.0', '400.0', '400.0', '400.0', '400.0', '400.0', '400.0', '400.0', '400.0', '400.0', '400.0', '400.0', '400.0', '400.0', '400.0', '400.0', '400.0', '400.0', '400.0', '400.0', '400.0', '400.0', '400.0', '400.0', '400.0', '400.0', '400.0', '400.0', '400.0', '400.0', '400.0', '400.0']

2023-04-06 11:18:03,938 => saving checkpoint to output/TimePilotNoFrameskip-v4/a2c/timepilot/seed_2
2023-04-06 11:18:22,252 Updates 1500, num timesteps 120080, FPS 497 
Last 10 training episodes: mean/median reward 3020.0/4000.0 min/max reward 900.0/4800.0 dist entropy 2.3, value loss 0.0, action loss 0.1

2023-04-06 11:18:39,758 Updates 1750, num timesteps 140080, FPS 541 
Last 10 training episodes: mean/median reward 2970.0/4150.0 min/max reward 600.0/4800.0 dist entropy 2.3, value loss 0.0, action loss -0.0

2023-04-06 11:18:58,273 Updates 2000, num timesteps 160080, FPS 577 
Last 10 training episodes: mean/median reward 2890.0/3950.0 min/max reward 700.0/5100.0 dist entropy 2.3, value loss 0.1, action loss 0.1

2023-04-06 11:20:45,836 Updates 2250, num timesteps 180080, FPS 467 
Last 10 training episodes: mean/median reward 3870.0/4100.0 min/max reward 600.0/8300.0 dist entropy 2.3, value loss 0.0, action loss -0.0
selfsup attention loss 0.39820

2023-04-06 11:22:38,235 Updates 2500, num timesteps 200080, FPS 402 
Last 10 training episodes: mean/median reward 5180.0/4550.0 min/max reward 900.0/11900.0 dist entropy 2.3, value loss 0.0, action loss -0.0
selfsup attention loss 0.33730

2023-04-06 11:24:56,083 TEST: 200080, 418.81188118811883, 600.0, ['600.0', '600.0', '600.0', '500.0', '500.0', '500.0', '500.0', '500.0', '500.0', '500.0', '500.0', '500.0', '500.0', '500.0', '500.0', '500.0', '400.0', '400.0', '400.0', '400.0', '400.0', '400.0', '400.0', '400.0', '400.0', '400.0', '400.0', '400.0', '400.0', '400.0', '400.0', '400.0', '400.0', '400.0', '400.0', '400.0', '400.0', '400.0', '400.0', '400.0', '400.0', '400.0', '400.0', '400.0', '400.0', '400.0', '400.0', '400.0', '400.0', '400.0', '400.0', '400.0', '400.0', '400.0', '400.0', '400.0', '400.0', '400.0', '400.0', '400.0', '400.0', '400.0', '400.0', '400.0', '400.0', '400.0', '400.0', '400.0', '400.0', '400.0', '400.0', '400.0', '400.0', '400.0', '400.0', '400.0', '400.0', '400.0', '400.0', '400.0', '400.0', '400.0', '400.0', '400.0', '400.0', '400.0', '400.0', '400.0', '400.0', '400.0', '400.0', '400.0', '400.0', '400.0', '400.0', '400.0', '400.0', '400.0', '400.0', '400.0', '400.0']

2023-04-06 11:24:56,087 => saving checkpoint to output/TimePilotNoFrameskip-v4/a2c/timepilot/seed_2
2023-04-06 11:26:48,884 Updates 2750, num timesteps 220080, FPS 294 
Last 10 training episodes: mean/median reward 4550.0/4400.0 min/max reward 800.0/8700.0 dist entropy 2.3, value loss 0.0, action loss -0.0
selfsup attention loss 0.36521

2023-04-06 11:28:34,982 Updates 3000, num timesteps 240080, FPS 281 
Last 10 training episodes: mean/median reward 2810.0/4000.0 min/max reward 500.0/4500.0 dist entropy 2.3, value loss 0.0, action loss -0.0
selfsup attention loss 0.35966

2023-04-06 11:30:29,847 Updates 3250, num timesteps 260080, FPS 268 
Last 10 training episodes: mean/median reward 1910.0/950.0 min/max reward 700.0/4300.0 dist entropy 2.3, value loss 0.0, action loss -0.0
selfsup attention loss 0.32811

2023-04-06 11:32:13,801 Updates 3500, num timesteps 280080, FPS 261 
Last 10 training episodes: mean/median reward 3440.0/4350.0 min/max reward 700.0/5000.0 dist entropy 2.3, value loss 0.0, action loss -0.1
selfsup attention loss 0.37122

2023-04-06 11:34:02,077 Updates 3750, num timesteps 300080, FPS 254 
Last 10 training episodes: mean/median reward 3630.0/4150.0 min/max reward 700.0/8100.0 dist entropy 2.3, value loss 0.0, action loss -0.0
selfsup attention loss 0.25638

2023-04-06 11:36:17,674 TEST: 300080, 418.81188118811883, 600.0, ['600.0', '600.0', '600.0', '500.0', '500.0', '500.0', '500.0', '500.0', '500.0', '500.0', '500.0', '500.0', '500.0', '500.0', '500.0', '500.0', '400.0', '400.0', '400.0', '400.0', '400.0', '400.0', '400.0', '400.0', '400.0', '400.0', '400.0', '400.0', '400.0', '400.0', '400.0', '400.0', '400.0', '400.0', '400.0', '400.0', '400.0', '400.0', '400.0', '400.0', '400.0', '400.0', '400.0', '400.0', '400.0', '400.0', '400.0', '400.0', '400.0', '400.0', '400.0', '400.0', '400.0', '400.0', '400.0', '400.0', '400.0', '400.0', '400.0', '400.0', '400.0', '400.0', '400.0', '400.0', '400.0', '400.0', '400.0', '400.0', '400.0', '400.0', '400.0', '400.0', '400.0', '400.0', '400.0', '400.0', '400.0', '400.0', '400.0', '400.0', '400.0', '400.0', '400.0', '400.0', '400.0', '400.0', '400.0', '400.0', '400.0', '400.0', '400.0', '400.0', '400.0', '400.0', '400.0', '400.0', '400.0', '400.0', '400.0', '400.0', '400.0']

2023-04-06 11:36:17,676 => saving checkpoint to output/TimePilotNoFrameskip-v4/a2c/timepilot/seed_2
2023-04-06 11:37:59,815 Updates 4000, num timesteps 320080, FPS 225 
Last 10 training episodes: mean/median reward 2860.0/2400.0 min/max reward 500.0/7800.0 dist entropy 2.3, value loss 0.0, action loss -0.0
selfsup attention loss 0.40903

2023-04-06 11:39:49,165 Updates 4250, num timesteps 340080, FPS 222 
Last 10 training episodes: mean/median reward 2840.0/3950.0 min/max reward 500.0/4600.0 dist entropy 2.3, value loss 0.0, action loss -0.0
selfsup attention loss 0.29137

2023-04-06 11:41:32,187 Updates 4500, num timesteps 360080, FPS 220 
Last 10 training episodes: mean/median reward 3300.0/4150.0 min/max reward 800.0/4600.0 dist entropy 2.3, value loss 0.0, action loss -0.0
selfsup attention loss 0.45777

2023-04-06 11:43:27,821 Updates 4750, num timesteps 380080, FPS 217 
Last 10 training episodes: mean/median reward 4300.0/4200.0 min/max reward 600.0/8200.0 dist entropy 2.3, value loss 0.1, action loss 0.1
selfsup attention loss 0.41533

2023-04-06 11:45:13,533 Updates 5000, num timesteps 400080, FPS 215 
Last 10 training episodes: mean/median reward 3500.0/4200.0 min/max reward 300.0/8000.0 dist entropy 2.3, value loss 0.0, action loss 0.0
selfsup attention loss 0.40723

2023-04-06 11:46:22,907 TEST: 400080, 478.2178217821782, 500.0, ['500.0', '500.0', '500.0', '500.0', '500.0', '500.0', '500.0', '500.0', '500.0', '500.0', '500.0', '500.0', '500.0', '500.0', '500.0', '500.0', '500.0', '500.0', '500.0', '400.0', '500.0', '400.0', '500.0', '500.0', '500.0', '500.0', '500.0', '500.0', '400.0', '400.0', '500.0', '500.0', '500.0', '400.0', '500.0', '500.0', '500.0', '400.0', '400.0', '500.0', '400.0', '500.0', '500.0', '400.0', '500.0', '400.0', '500.0', '400.0', '400.0', '500.0', '500.0', '500.0', '500.0', '500.0', '500.0', '500.0', '500.0', '500.0', '500.0', '500.0', '500.0', '500.0', '500.0', '400.0', '400.0', '500.0', '500.0', '500.0', '400.0', '500.0', '500.0', '500.0', '400.0', '500.0', '500.0', '500.0', '500.0', '500.0', '500.0', '500.0', '500.0', '500.0', '400.0', '500.0', '500.0', '500.0', '500.0', '400.0', '500.0', '400.0', '500.0', '500.0', '500.0', '500.0', '500.0', '500.0', '500.0', '500.0', '400.0', '400.0', '400.0']

2023-04-06 11:46:22,909 => saving checkpoint to output/TimePilotNoFrameskip-v4/a2c/timepilot/seed_2
2023-04-06 11:48:19,351 Updates 5250, num timesteps 420080, FPS 206 
Last 10 training episodes: mean/median reward 3730.0/4200.0 min/max reward 800.0/7700.0 dist entropy 2.3, value loss 0.1, action loss 0.1
selfsup attention loss 0.35340

2023-04-06 11:50:01,414 Updates 5500, num timesteps 440080, FPS 205 
Last 10 training episodes: mean/median reward 3380.0/4350.0 min/max reward 800.0/4600.0 dist entropy 2.3, value loss 0.1, action loss 0.1
selfsup attention loss 0.39212

2023-04-06 11:51:58,060 Updates 5750, num timesteps 460080, FPS 203 
Last 10 training episodes: mean/median reward 2670.0/2700.0 min/max reward 900.0/4300.0 dist entropy 2.3, value loss 0.0, action loss -0.0
selfsup attention loss 0.28992

2023-04-06 11:53:38,353 Updates 6000, num timesteps 480080, FPS 203 
Last 10 training episodes: mean/median reward 2900.0/4000.0 min/max reward 500.0/4500.0 dist entropy 2.3, value loss 0.1, action loss 0.3
selfsup attention loss 0.25268

2023-04-06 11:55:28,024 Updates 6250, num timesteps 500080, FPS 202 
Last 10 training episodes: mean/median reward 3870.0/4200.0 min/max reward 800.0/4500.0 dist entropy 2.3, value loss 0.0, action loss 0.0
selfsup attention loss 0.22435

2023-04-06 11:56:49,698 TEST: 500080, 454.0, 500.0, ['400.0', '400.0', '400.0', '300.0', '300.0', '300.0', '300.0', '300.0', '300.0', '300.0', '300.0', '300.0', '400.0', '400.0', '400.0', '400.0', '400.0', '400.0', '400.0', '500.0', '500.0', '500.0', '500.0', '500.0', '400.0', '500.0', '500.0', '500.0', '500.0', '500.0', '500.0', '500.0', '400.0', '400.0', '500.0', '500.0', '500.0', '500.0', '500.0', '400.0', '400.0', '400.0', '400.0', '500.0', '500.0', '400.0', '500.0', '500.0', '500.0', '500.0', '400.0', '500.0', '500.0', '500.0', '500.0', '400.0', '500.0', '500.0', '500.0', '500.0', '500.0', '500.0', '500.0', '400.0', '400.0', '500.0', '500.0', '500.0', '500.0', '500.0', '500.0', '500.0', '500.0', '400.0', '500.0', '500.0', '500.0', '500.0', '500.0', '400.0', '500.0', '400.0', '500.0', '500.0', '500.0', '500.0', '500.0', '500.0', '500.0', '500.0', '500.0', '500.0', '500.0', '500.0', '500.0', '400.0', '400.0', '500.0', '400.0', '500.0']

2023-04-06 11:56:49,700 => saving checkpoint to output/TimePilotNoFrameskip-v4/a2c/timepilot/seed_2
2023-04-06 11:58:32,526 Updates 6500, num timesteps 520080, FPS 196 
Last 10 training episodes: mean/median reward 3890.0/4100.0 min/max reward 800.0/4800.0 dist entropy 2.3, value loss 0.0, action loss -0.0
selfsup attention loss 0.27313

2023-04-06 12:00:23,677 Updates 6750, num timesteps 540080, FPS 195 
Last 10 training episodes: mean/median reward 4370.0/4300.0 min/max reward 600.0/8100.0 dist entropy 2.3, value loss 0.1, action loss 0.3
selfsup attention loss 0.27103

2023-04-06 12:02:06,164 Updates 7000, num timesteps 560080, FPS 195 
Last 10 training episodes: mean/median reward 3100.0/3950.0 min/max reward 700.0/4400.0 dist entropy 2.3, value loss 0.0, action loss -0.0
selfsup attention loss 0.18065

2023-04-06 12:03:56,828 Updates 7250, num timesteps 580080, FPS 194 
Last 10 training episodes: mean/median reward 2920.0/4050.0 min/max reward 400.0/4700.0 dist entropy 2.3, value loss 0.0, action loss 0.0
selfsup attention loss 0.21147

2023-04-06 12:05:40,649 Updates 7500, num timesteps 600080, FPS 194 
Last 10 training episodes: mean/median reward 2790.0/3950.0 min/max reward 500.0/4700.0 dist entropy 2.3, value loss 0.0, action loss -0.0
selfsup attention loss 0.44752

2023-04-06 12:07:12,422 TEST: 600080, 2541.0, 4200.0, ['600.0', '600.0', '600.0', '600.0', '600.0', '600.0', '600.0', '600.0', '900.0', '900.0', '900.0', '3800.0', '3800.0', '3800.0', '3800.0', '3800.0', '800.0', '800.0', '800.0', '800.0', '800.0', '800.0', '4200.0', '4200.0', '4200.0', '4200.0', '4000.0', '4000.0', '4000.0', '4000.0', '4000.0', '4000.0', '800.0', '4200.0', '4200.0', '4200.0', '800.0', '4200.0', '800.0', '4200.0', '4000.0', '800.0', '800.0', '4200.0', '4200.0', '4000.0', '800.0', '4000.0', '4000.0', '4000.0', '4200.0', '800.0', '800.0', '800.0', '4000.0', '800.0', '4000.0', '4000.0', '4000.0', '800.0', '4200.0', '800.0', '800.0', '4000.0', '800.0', '800.0', '800.0', '4000.0', '4200.0', '4200.0', '4200.0', '800.0', '800.0', '4200.0', '4000.0', '4000.0', '800.0', '4000.0', '4000.0', '800.0', '4000.0', '4000.0', '4000.0', '800.0', '4000.0', '800.0', '800.0', '800.0', '4200.0', '4000.0', '800.0', '800.0', '4000.0', '800.0', '800.0', '4000.0', '4000.0', '4000.0', '4000.0', '800.0']

2023-04-06 12:07:12,424 => saving checkpoint to output/TimePilotNoFrameskip-v4/a2c/timepilot/seed_2
2023-04-06 12:09:01,896 Updates 7750, num timesteps 620080, FPS 188 
Last 10 training episodes: mean/median reward 4150.0/4100.0 min/max reward 3800.0/4700.0 dist entropy 2.3, value loss 0.1, action loss 0.1
selfsup attention loss 0.27014

2023-04-06 12:10:40,924 Updates 8000, num timesteps 640080, FPS 189 
Last 10 training episodes: mean/median reward 3090.0/3900.0 min/max reward 800.0/4500.0 dist entropy 2.3, value loss 0.0, action loss 0.0
selfsup attention loss 0.27965

2023-04-06 12:12:32,092 Updates 8250, num timesteps 660080, FPS 189 
Last 10 training episodes: mean/median reward 2550.0/2350.0 min/max reward 800.0/4700.0 dist entropy 2.3, value loss 0.2, action loss 0.2
selfsup attention loss 0.35180

2023-04-06 12:14:10,562 Updates 8500, num timesteps 680080, FPS 189 
Last 10 training episodes: mean/median reward 3750.0/4250.0 min/max reward 900.0/7900.0 dist entropy 2.3, value loss 0.0, action loss -0.0
selfsup attention loss 0.38327

2023-04-06 12:16:00,669 Updates 8750, num timesteps 700080, FPS 189 
Last 10 training episodes: mean/median reward 3230.0/4150.0 min/max reward 800.0/4600.0 dist entropy 2.3, value loss 0.0, action loss -0.0
selfsup attention loss 0.44649

2023-04-06 12:17:51,310 TEST: 700080, 440.0, 600.0, ['400.0', '400.0', '400.0', '400.0', '400.0', '400.0', '400.0', '400.0', '400.0', '400.0', '400.0', '400.0', '400.0', '400.0', '400.0', '400.0', '600.0', '600.0', '600.0', '600.0', '400.0', '400.0', '400.0', '400.0', '400.0', '400.0', '400.0', '400.0', '400.0', '400.0', '400.0', '400.0', '600.0', '600.0', '600.0', '400.0', '600.0', '600.0', '600.0', '600.0', '400.0', '400.0', '400.0', '400.0', '400.0', '400.0', '400.0', '400.0', '600.0', '600.0', '400.0', '400.0', '400.0', '400.0', '400.0', '400.0', '400.0', '400.0', '400.0', '400.0', '400.0', '400.0', '400.0', '400.0', '600.0', '400.0', '400.0', '600.0', '600.0', '400.0', '400.0', '400.0', '400.0', '400.0', '400.0', '400.0', '400.0', '400.0', '400.0', '400.0', '400.0', '600.0', '400.0', '400.0', '600.0', '400.0', '400.0', '600.0', '400.0', '400.0', '400.0', '400.0', '400.0', '400.0', '400.0', '400.0', '400.0', '400.0', '600.0', '400.0']

2023-04-06 12:17:51,311 => saving checkpoint to output/TimePilotNoFrameskip-v4/a2c/timepilot/seed_2
2023-04-06 12:19:39,300 Updates 9000, num timesteps 720080, FPS 183 
Last 10 training episodes: mean/median reward 4730.0/4450.0 min/max reward 500.0/8200.0 dist entropy 2.3, value loss 0.0, action loss -0.0
selfsup attention loss 0.33038

2023-04-06 12:21:34,006 Updates 9250, num timesteps 740080, FPS 183 
Last 10 training episodes: mean/median reward 2800.0/3900.0 min/max reward 500.0/4500.0 dist entropy 2.3, value loss 0.0, action loss -0.0
selfsup attention loss 0.26885

2023-04-06 12:23:15,282 Updates 9500, num timesteps 760080, FPS 183 
Last 10 training episodes: mean/median reward 3490.0/4000.0 min/max reward 800.0/4400.0 dist entropy 2.3, value loss 0.0, action loss -0.1
selfsup attention loss 0.37431

2023-04-06 12:25:07,299 Updates 9750, num timesteps 780080, FPS 183 
Last 10 training episodes: mean/median reward 2220.0/1300.0 min/max reward 400.0/4700.0 dist entropy 2.3, value loss 0.0, action loss 0.1
selfsup attention loss 0.38277

2023-04-06 12:26:50,564 Updates 10000, num timesteps 800080, FPS 183 
Last 10 training episodes: mean/median reward 3290.0/4050.0 min/max reward 700.0/4700.0 dist entropy 2.3, value loss 0.1, action loss -0.0
selfsup attention loss 0.34006

2023-04-06 12:28:51,391 TEST: 800080, 713.0, 800.0, ['500.0', '500.0', '500.0', '500.0', '400.0', '400.0', '400.0', '700.0', '700.0', '700.0', '700.0', '600.0', '600.0', '600.0', '600.0', '600.0', '700.0', '800.0', '800.0', '800.0', '800.0', '800.0', '800.0', '700.0', '700.0', '700.0', '700.0', '700.0', '700.0', '700.0', '700.0', '700.0', '700.0', '700.0', '700.0', '700.0', '800.0', '700.0', '800.0', '700.0', '800.0', '700.0', '700.0', '700.0', '700.0', '700.0', '700.0', '800.0', '800.0', '700.0', '800.0', '700.0', '800.0', '700.0', '700.0', '800.0', '700.0', '800.0', '700.0', '800.0', '800.0', '800.0', '700.0', '700.0', '800.0', '800.0', '800.0', '700.0', '700.0', '800.0', '700.0', '700.0', '700.0', '700.0', '700.0', '800.0', '800.0', '800.0', '700.0', '700.0', '800.0', '700.0', '800.0', '700.0', '700.0', '700.0', '700.0', '800.0', '700.0', '700.0', '700.0', '700.0', '800.0', '800.0', '800.0', '800.0', '800.0', '800.0', '700.0', '800.0']

2023-04-06 12:28:51,392 => saving checkpoint to output/TimePilotNoFrameskip-v4/a2c/timepilot/seed_2
2023-04-06 12:30:35,935 Updates 10250, num timesteps 820080, FPS 179 
Last 10 training episodes: mean/median reward 3250.0/4150.0 min/max reward 600.0/7800.0 dist entropy 2.3, value loss 0.0, action loss 0.0
selfsup attention loss 0.40663

2023-04-06 12:32:18,783 Updates 10500, num timesteps 840080, FPS 179 
Last 10 training episodes: mean/median reward 3320.0/4100.0 min/max reward 400.0/5200.0 dist entropy 2.3, value loss 0.0, action loss -0.0
selfsup attention loss 0.22357

2023-04-06 12:34:08,022 Updates 10750, num timesteps 860080, FPS 179 
Last 10 training episodes: mean/median reward 4510.0/4450.0 min/max reward 1100.0/8100.0 dist entropy 2.3, value loss 0.0, action loss -0.0
selfsup attention loss 0.42120

2023-04-06 12:35:50,831 Updates 11000, num timesteps 880080, FPS 179 
Last 10 training episodes: mean/median reward 3760.0/4300.0 min/max reward 800.0/8000.0 dist entropy 2.3, value loss 0.0, action loss -0.0
selfsup attention loss 0.26791

2023-04-06 12:37:44,891 Updates 11250, num timesteps 900080, FPS 179 
Last 10 training episodes: mean/median reward 2630.0/2550.0 min/max reward 500.0/5000.0 dist entropy 2.3, value loss 0.0, action loss -0.1
selfsup attention loss 0.20460

2023-04-06 12:39:49,117 TEST: 900080, 819.0, 4000.0, ['400.0', '400.0', '400.0', '400.0', '400.0', '4000.0', '4000.0', '4000.0', '900.0', '900.0', '900.0', '900.0', '600.0', '600.0', '600.0', '600.0', '700.0', '700.0', '700.0', '800.0', '800.0', '800.0', '800.0', '700.0', '800.0', '700.0', '800.0', '700.0', '700.0', '700.0', '800.0', '700.0', '700.0', '700.0', '800.0', '700.0', '700.0', '800.0', '800.0', '700.0', '700.0', '800.0', '700.0', '700.0', '700.0', '700.0', '700.0', '800.0', '700.0', '700.0', '800.0', '800.0', '700.0', '700.0', '700.0', '700.0', '700.0', '800.0', '700.0', '800.0', '800.0', '700.0', '700.0', '700.0', '700.0', '700.0', '700.0', '700.0', '700.0', '700.0', '800.0', '800.0', '800.0', '700.0', '800.0', '800.0', '800.0', '700.0', '700.0', '800.0', '700.0', '700.0', '700.0', '800.0', '700.0', '700.0', '800.0', '800.0', '800.0', '800.0', '700.0', '700.0', '800.0', '700.0', '700.0', '700.0', '800.0', '700.0', '700.0', '700.0']

2023-04-06 12:39:49,118 => saving checkpoint to output/TimePilotNoFrameskip-v4/a2c/timepilot/seed_2
2023-04-06 12:41:42,111 Updates 11500, num timesteps 920080, FPS 175 
Last 10 training episodes: mean/median reward 3930.0/4300.0 min/max reward 800.0/4700.0 dist entropy 2.3, value loss 0.0, action loss -0.0
selfsup attention loss 0.19558

2023-04-06 12:43:24,148 Updates 11750, num timesteps 940080, FPS 175 
Last 10 training episodes: mean/median reward 3540.0/4100.0 min/max reward 900.0/4800.0 dist entropy 2.3, value loss 0.0, action loss -0.0
selfsup attention loss 0.22470

2023-04-06 12:45:14,109 Updates 12000, num timesteps 960080, FPS 176 
Last 10 training episodes: mean/median reward 2560.0/2500.0 min/max reward 600.0/4900.0 dist entropy 2.3, value loss 0.0, action loss 0.1
selfsup attention loss 0.32161

2023-04-06 12:46:57,056 Updates 12250, num timesteps 980080, FPS 176 
Last 10 training episodes: mean/median reward 2450.0/2400.0 min/max reward 600.0/4400.0 dist entropy 2.3, value loss 0.0, action loss -0.0
selfsup attention loss 0.33778

2023-04-06 12:48:45,130 Updates 12500, num timesteps 1000080, FPS 176 
Last 10 training episodes: mean/median reward 3330.0/4100.0 min/max reward 800.0/5100.0 dist entropy 2.3, value loss 0.0, action loss 0.0
selfsup attention loss 0.20349

2023-04-06 12:51:12,010 TEST: 1000080, 546.0, 700.0, ['600.0', '600.0', '600.0', '400.0', '400.0', '400.0', '400.0', '400.0', '400.0', '400.0', '400.0', '500.0', '500.0', '500.0', '500.0', '500.0', '600.0', '600.0', '600.0', '600.0', '700.0', '700.0', '700.0', '700.0', '400.0', '400.0', '400.0', '400.0', '400.0', '400.0', '700.0', '700.0', '600.0', '600.0', '600.0', '600.0', '600.0', '600.0', '400.0', '600.0', '700.0', '400.0', '700.0', '700.0', '700.0', '700.0', '400.0', '400.0', '600.0', '600.0', '400.0', '700.0', '400.0', '700.0', '700.0', '700.0', '400.0', '700.0', '400.0', '400.0', '400.0', '700.0', '400.0', '400.0', '600.0', '400.0', '600.0', '400.0', '700.0', '700.0', '700.0', '700.0', '600.0', '400.0', '400.0', '700.0', '700.0', '400.0', '400.0', '400.0', '400.0', '600.0', '700.0', '400.0', '600.0', '700.0', '700.0', '700.0', '700.0', '400.0', '700.0', '700.0', '600.0', '400.0', '700.0', '400.0', '400.0', '400.0', '600.0', '600.0']

2023-04-06 12:51:12,012 => saving checkpoint to output/TimePilotNoFrameskip-v4/a2c/timepilot/seed_2
2023-04-06 12:53:02,707 Updates 12750, num timesteps 1020080, FPS 172 
Last 10 training episodes: mean/median reward 3940.0/4150.0 min/max reward 600.0/8000.0 dist entropy 2.3, value loss 0.0, action loss -0.0
selfsup attention loss 0.27674

2023-04-06 12:54:48,541 Updates 13000, num timesteps 1040080, FPS 172 
Last 10 training episodes: mean/median reward 2890.0/3950.0 min/max reward 700.0/4700.0 dist entropy 2.3, value loss 0.0, action loss -0.1
selfsup attention loss 0.41602

2023-04-06 12:56:33,976 Updates 13250, num timesteps 1060080, FPS 172 
Last 10 training episodes: mean/median reward 3690.0/4150.0 min/max reward 800.0/5500.0 dist entropy 2.3, value loss 0.0, action loss -0.0
selfsup attention loss 0.30727

2023-04-06 12:58:21,468 Updates 13500, num timesteps 1080080, FPS 173 
Last 10 training episodes: mean/median reward 3100.0/4000.0 min/max reward 500.0/4600.0 dist entropy 2.3, value loss 0.0, action loss -0.0
selfsup attention loss 0.36778

2023-04-06 13:00:00,411 Updates 13750, num timesteps 1100080, FPS 173 
Last 10 training episodes: mean/median reward 4280.0/4250.0 min/max reward 500.0/11700.0 dist entropy 2.3, value loss 0.0, action loss -0.0
selfsup attention loss 0.31959

2023-04-06 13:02:16,584 TEST: 1100080, 418.81188118811883, 600.0, ['600.0', '600.0', '600.0', '500.0', '500.0', '500.0', '500.0', '500.0', '500.0', '500.0', '500.0', '500.0', '500.0', '500.0', '500.0', '500.0', '400.0', '400.0', '400.0', '400.0', '400.0', '400.0', '400.0', '400.0', '400.0', '400.0', '400.0', '400.0', '400.0', '400.0', '400.0', '400.0', '400.0', '400.0', '400.0', '400.0', '400.0', '400.0', '400.0', '400.0', '400.0', '400.0', '400.0', '400.0', '400.0', '400.0', '400.0', '400.0', '400.0', '400.0', '400.0', '400.0', '400.0', '400.0', '400.0', '400.0', '400.0', '400.0', '400.0', '400.0', '400.0', '400.0', '400.0', '400.0', '400.0', '400.0', '400.0', '400.0', '400.0', '400.0', '400.0', '400.0', '400.0', '400.0', '400.0', '400.0', '400.0', '400.0', '400.0', '400.0', '400.0', '400.0', '400.0', '400.0', '400.0', '400.0', '400.0', '400.0', '400.0', '400.0', '400.0', '400.0', '400.0', '400.0', '400.0', '400.0', '400.0', '400.0', '400.0', '400.0', '400.0']

2023-04-06 13:02:16,585 => saving checkpoint to output/TimePilotNoFrameskip-v4/a2c/timepilot/seed_2
2023-04-06 13:04:00,430 Updates 14000, num timesteps 1120080, FPS 170 
Last 10 training episodes: mean/median reward 3930.0/4300.0 min/max reward 1000.0/4700.0 dist entropy 2.3, value loss 0.0, action loss 0.0
selfsup attention loss 0.32998

2023-04-06 13:05:53,047 Updates 14250, num timesteps 1140080, FPS 170 
Last 10 training episodes: mean/median reward 2740.0/2550.0 min/max reward 800.0/4800.0 dist entropy 2.3, value loss 0.0, action loss 0.1
selfsup attention loss 0.30900

2023-04-06 13:07:36,947 Updates 14500, num timesteps 1160080, FPS 170 
Last 10 training episodes: mean/median reward 1530.0/850.0 min/max reward 700.0/4500.0 dist entropy 2.3, value loss 0.0, action loss -0.0
selfsup attention loss 0.42521

2023-04-06 13:09:26,720 Updates 14750, num timesteps 1180080, FPS 170 
Last 10 training episodes: mean/median reward 4560.0/4100.0 min/max reward 500.0/8000.0 dist entropy 2.3, value loss 0.2, action loss 0.4
selfsup attention loss 0.44331

2023-04-06 13:11:14,989 Updates 15000, num timesteps 1200080, FPS 171 
Last 10 training episodes: mean/median reward 3470.0/4000.0 min/max reward 500.0/4800.0 dist entropy 2.3, value loss 0.0, action loss -0.0
selfsup attention loss 0.29312

2023-04-06 13:12:54,377 TEST: 1200080, 500.0, 600.0, ['500.0', '500.0', '500.0', '500.0', '500.0', '500.0', '500.0', '500.0', '400.0', '400.0', '400.0', '400.0', '400.0', '400.0', '400.0', '400.0', '500.0', '500.0', '500.0', '500.0', '400.0', '400.0', '400.0', '600.0', '500.0', '500.0', '400.0', '600.0', '600.0', '600.0', '600.0', '600.0', '500.0', '500.0', '500.0', '500.0', '400.0', '500.0', '600.0', '600.0', '400.0', '400.0', '400.0', '400.0', '400.0', '600.0', '400.0', '600.0', '500.0', '600.0', '600.0', '500.0', '600.0', '500.0', '600.0', '600.0', '400.0', '500.0', '600.0', '500.0', '500.0', '400.0', '600.0', '600.0', '500.0', '500.0', '600.0', '400.0', '400.0', '400.0', '600.0', '600.0', '600.0', '500.0', '500.0', '500.0', '500.0', '600.0', '600.0', '600.0', '400.0', '500.0', '600.0', '400.0', '500.0', '500.0', '500.0', '500.0', '500.0', '600.0', '600.0', '600.0', '600.0', '500.0', '500.0', '400.0', '400.0', '400.0', '400.0', '500.0']

2023-04-06 13:12:54,378 => saving checkpoint to output/TimePilotNoFrameskip-v4/a2c/timepilot/seed_2
2023-04-06 13:14:45,590 Updates 15250, num timesteps 1220080, FPS 168 
Last 10 training episodes: mean/median reward 3290.0/4100.0 min/max reward 600.0/4900.0 dist entropy 2.3, value loss 0.0, action loss -0.1
selfsup attention loss 0.42545

2023-04-06 13:16:30,157 Updates 15500, num timesteps 1240080, FPS 169 
Last 10 training episodes: mean/median reward 2960.0/4100.0 min/max reward 600.0/4800.0 dist entropy 2.3, value loss 0.0, action loss -0.1
selfsup attention loss 0.31502

2023-04-06 13:18:20,988 Updates 15750, num timesteps 1260080, FPS 169 
Last 10 training episodes: mean/median reward 2110.0/950.0 min/max reward 500.0/4500.0 dist entropy 2.3, value loss 0.0, action loss -0.0
selfsup attention loss 0.28373

2023-04-06 13:20:00,183 Updates 16000, num timesteps 1280080, FPS 169 
Last 10 training episodes: mean/median reward 3290.0/4200.0 min/max reward 800.0/4500.0 dist entropy 2.3, value loss 0.0, action loss -0.0
selfsup attention loss 0.38686

2023-04-06 13:21:52,911 Updates 16250, num timesteps 1300080, FPS 169 
Last 10 training episodes: mean/median reward 3540.0/4050.0 min/max reward 800.0/7900.0 dist entropy 2.3, value loss 0.0, action loss -0.0
selfsup attention loss 0.34516

2023-04-06 13:23:42,558 TEST: 1300080, 487.0, 500.0, ['400.0', '400.0', '400.0', '400.0', '400.0', '400.0', '400.0', '400.0', '400.0', '400.0', '400.0', '400.0', '400.0', '500.0', '500.0', '500.0', '500.0', '500.0', '500.0', '500.0', '500.0', '500.0', '500.0', '500.0', '500.0', '500.0', '500.0', '500.0', '500.0', '500.0', '500.0', '500.0', '500.0', '500.0', '500.0', '500.0', '500.0', '500.0', '500.0', '500.0', '500.0', '500.0', '500.0', '500.0', '500.0', '500.0', '500.0', '500.0', '500.0', '500.0', '500.0', '500.0', '500.0', '500.0', '500.0', '500.0', '500.0', '500.0', '500.0', '500.0', '500.0', '500.0', '500.0', '500.0', '500.0', '500.0', '500.0', '500.0', '500.0', '500.0', '500.0', '500.0', '500.0', '500.0', '500.0', '500.0', '500.0', '500.0', '500.0', '500.0', '500.0', '500.0', '500.0', '500.0', '500.0', '500.0', '500.0', '500.0', '500.0', '500.0', '500.0', '500.0', '500.0', '500.0', '500.0', '500.0', '500.0', '500.0', '500.0', '500.0']

2023-04-06 13:23:42,559 => saving checkpoint to output/TimePilotNoFrameskip-v4/a2c/timepilot/seed_2
2023-04-06 13:25:26,595 Updates 16500, num timesteps 1320080, FPS 167 
Last 10 training episodes: mean/median reward 3970.0/4150.0 min/max reward 1000.0/4900.0 dist entropy 2.3, value loss 0.0, action loss 0.0
selfsup attention loss 0.38554

2023-04-06 13:27:18,643 Updates 16750, num timesteps 1340080, FPS 167 
Last 10 training episodes: mean/median reward 3640.0/4050.0 min/max reward 1100.0/8000.0 dist entropy 2.3, value loss 0.0, action loss -0.0
selfsup attention loss 0.51130

2023-04-06 13:28:58,185 Updates 17000, num timesteps 1360080, FPS 168 
Last 10 training episodes: mean/median reward 3860.0/4300.0 min/max reward 700.0/8400.0 dist entropy 2.3, value loss 0.0, action loss -0.0
selfsup attention loss 0.46170

2023-04-06 13:30:54,678 Updates 17250, num timesteps 1380080, FPS 168 
Last 10 training episodes: mean/median reward 3710.0/4150.0 min/max reward 700.0/5000.0 dist entropy 2.3, value loss 0.1, action loss 0.2
selfsup attention loss 0.38441

2023-04-06 13:32:32,514 Updates 17500, num timesteps 1400080, FPS 168 
Last 10 training episodes: mean/median reward 3630.0/4000.0 min/max reward 500.0/8100.0 dist entropy 2.3, value loss 0.0, action loss 0.0
selfsup attention loss 0.44201

2023-04-06 13:34:21,100 TEST: 1400080, 468.0, 500.0, ['500.0', '500.0', '500.0', '500.0', '500.0', '500.0', '500.0', '500.0', '500.0', '500.0', '500.0', '500.0', '500.0', '500.0', '500.0', '500.0', '500.0', '500.0', '500.0', '500.0', '500.0', '500.0', '500.0', '500.0', '500.0', '500.0', '400.0', '400.0', '400.0', '400.0', '400.0', '400.0', '500.0', '500.0', '500.0', '500.0', '500.0', '500.0', '500.0', '500.0', '500.0', '400.0', '400.0', '500.0', '500.0', '400.0', '400.0', '400.0', '500.0', '500.0', '500.0', '500.0', '500.0', '400.0', '400.0', '500.0', '400.0', '400.0', '400.0', '500.0', '500.0', '500.0', '500.0', '400.0', '500.0', '500.0', '500.0', '500.0', '500.0', '500.0', '500.0', '500.0', '500.0', '500.0', '500.0', '400.0', '500.0', '400.0', '400.0', '400.0', '400.0', '400.0', '400.0', '500.0', '500.0', '400.0', '500.0', '400.0', '500.0', '500.0', '400.0', '500.0', '400.0', '500.0', '400.0', '500.0', '400.0', '400.0', '400.0', '500.0']

2023-04-06 13:34:21,102 => saving checkpoint to output/TimePilotNoFrameskip-v4/a2c/timepilot/seed_2
2023-04-06 13:36:06,688 Updates 17750, num timesteps 1420080, FPS 166 
Last 10 training episodes: mean/median reward 3300.0/4200.0 min/max reward 800.0/4600.0 dist entropy 2.3, value loss 0.0, action loss -0.0
selfsup attention loss 0.46666

2023-04-06 13:37:55,147 Updates 18000, num timesteps 1440080, FPS 167 
Last 10 training episodes: mean/median reward 3150.0/4000.0 min/max reward 800.0/4600.0 dist entropy 2.3, value loss 0.0, action loss 0.0
selfsup attention loss 0.32595

2023-04-06 13:39:43,472 Updates 18250, num timesteps 1460080, FPS 167 
Last 10 training episodes: mean/median reward 3300.0/4100.0 min/max reward 600.0/4800.0 dist entropy 2.3, value loss 0.1, action loss 0.1
selfsup attention loss 0.42109

2023-04-06 13:41:29,623 Updates 18500, num timesteps 1480080, FPS 167 
Last 10 training episodes: mean/median reward 4000.0/4250.0 min/max reward 700.0/8100.0 dist entropy 2.3, value loss 0.0, action loss -0.0
selfsup attention loss 0.38200

2023-04-06 13:43:26,296 Updates 18750, num timesteps 1500080, FPS 167 
Last 10 training episodes: mean/median reward 3910.0/4200.0 min/max reward 1000.0/4400.0 dist entropy 2.3, value loss 0.1, action loss 0.0
selfsup attention loss 0.46252

2023-04-06 13:44:59,134 TEST: 1500080, 467.0, 500.0, ['300.0', '300.0', '300.0', '300.0', '500.0', '500.0', '500.0', '500.0', '500.0', '500.0', '500.0', '500.0', '400.0', '400.0', '400.0', '400.0', '400.0', '400.0', '400.0', '400.0', '500.0', '500.0', '500.0', '500.0', '500.0', '500.0', '500.0', '500.0', '500.0', '500.0', '500.0', '500.0', '400.0', '400.0', '400.0', '400.0', '400.0', '500.0', '500.0', '400.0', '400.0', '500.0', '500.0', '500.0', '500.0', '500.0', '500.0', '500.0', '500.0', '400.0', '400.0', '500.0', '500.0', '500.0', '500.0', '500.0', '500.0', '500.0', '500.0', '500.0', '500.0', '500.0', '500.0', '500.0', '400.0', '400.0', '500.0', '500.0', '500.0', '500.0', '500.0', '500.0', '400.0', '500.0', '500.0', '500.0', '500.0', '500.0', '500.0', '400.0', '500.0', '500.0', '500.0', '500.0', '500.0', '500.0', '500.0', '500.0', '400.0', '500.0', '500.0', '500.0', '400.0', '500.0', '500.0', '500.0', '500.0', '500.0', '400.0', '400.0']

2023-04-06 13:44:59,136 => saving checkpoint to output/TimePilotNoFrameskip-v4/a2c/timepilot/seed_2
2023-04-06 13:46:57,283 Updates 19000, num timesteps 1520080, FPS 166 
Last 10 training episodes: mean/median reward 2890.0/4000.0 min/max reward 700.0/4700.0 dist entropy 2.3, value loss 0.0, action loss -0.0
selfsup attention loss 0.31829

2023-04-06 13:48:51,516 Updates 19250, num timesteps 1540080, FPS 166 
Last 10 training episodes: mean/median reward 4000.0/4200.0 min/max reward 800.0/8400.0 dist entropy 2.3, value loss 0.0, action loss 0.0
selfsup attention loss 0.36341

2023-04-06 13:50:44,948 Updates 19500, num timesteps 1560080, FPS 166 
Last 10 training episodes: mean/median reward 3260.0/4050.0 min/max reward 600.0/4900.0 dist entropy 2.3, value loss 0.0, action loss 0.0
selfsup attention loss 0.32922

2023-04-06 13:52:45,216 Updates 19750, num timesteps 1580080, FPS 166 
Last 10 training episodes: mean/median reward 3640.0/4200.0 min/max reward 700.0/8000.0 dist entropy 2.3, value loss 0.1, action loss 0.2
selfsup attention loss 0.46391

2023-04-06 13:54:32,235 Updates 20000, num timesteps 1600080, FPS 166 
Last 10 training episodes: mean/median reward 3370.0/4300.0 min/max reward 800.0/8200.0 dist entropy 2.3, value loss 0.0, action loss -0.0
selfsup attention loss 0.37835

2023-04-06 13:55:53,369 TEST: 1600080, 2030.0, 4000.0, ['3800.0', '3800.0', '3800.0', '3800.0', '3800.0', '1100.0', '1100.0', '1100.0', '1100.0', '1100.0', '1100.0', '1100.0', '1100.0', '4000.0', '4000.0', '4000.0', '700.0', '700.0', '700.0', '700.0', '700.0', '700.0', '3900.0', '3900.0', '3900.0', '3900.0', '3900.0', '3900.0', '800.0', '800.0', '800.0', '800.0', '700.0', '700.0', '700.0', '3900.0', '700.0', '3900.0', '700.0', '800.0', '800.0', '3900.0', '800.0', '800.0', '800.0', '3900.0', '800.0', '800.0', '700.0', '3900.0', '3900.0', '3900.0', '3900.0', '700.0', '3900.0', '700.0', '700.0', '3900.0', '700.0', '700.0', '3900.0', '800.0', '3900.0', '800.0', '700.0', '700.0', '3900.0', '3900.0', '3900.0', '700.0', '700.0', '700.0', '3900.0', '700.0', '800.0', '3900.0', '800.0', '3900.0', '3900.0', '800.0', '700.0', '3900.0', '3900.0', '700.0', '800.0', '700.0', '700.0', '700.0', '3900.0', '700.0', '700.0', '800.0', '700.0', '3900.0', '800.0', '3900.0', '3900.0', '700.0', '800.0', '3900.0']

2023-04-06 13:55:53,371 => saving checkpoint to output/TimePilotNoFrameskip-v4/a2c/timepilot/seed_2
2023-04-06 13:57:45,648 Updates 20250, num timesteps 1620080, FPS 165 
Last 10 training episodes: mean/median reward 2430.0/2600.0 min/max reward 600.0/4200.0 dist entropy 2.3, value loss 0.0, action loss -0.1
selfsup attention loss 0.34452

2023-04-06 13:59:36,198 Updates 20500, num timesteps 1640080, FPS 165 
Last 10 training episodes: mean/median reward 4520.0/4450.0 min/max reward 700.0/12300.0 dist entropy 2.3, value loss 0.0, action loss -0.1
selfsup attention loss 0.22962

2023-04-06 14:01:30,796 Updates 20750, num timesteps 1660080, FPS 165 
Last 10 training episodes: mean/median reward 2860.0/3850.0 min/max reward 700.0/4700.0 dist entropy 2.3, value loss 0.0, action loss -0.0
selfsup attention loss 0.42217

2023-04-06 14:03:19,491 Updates 21000, num timesteps 1680080, FPS 165 
Last 10 training episodes: mean/median reward 3620.0/4050.0 min/max reward 500.0/7900.0 dist entropy 2.3, value loss 0.0, action loss -0.0
selfsup attention loss 0.35656

2023-04-06 14:05:21,097 Updates 21250, num timesteps 1700080, FPS 165 
Last 10 training episodes: mean/median reward 2920.0/3900.0 min/max reward 700.0/4800.0 dist entropy 2.3, value loss 0.0, action loss 0.0
selfsup attention loss 0.33696

2023-04-06 14:06:49,664 TEST: 1700080, 542.0, 700.0, ['600.0', '600.0', '600.0', '600.0', '600.0', '600.0', '600.0', '600.0', '600.0', '400.0', '400.0', '400.0', '400.0', '700.0', '700.0', '700.0', '500.0', '500.0', '500.0', '500.0', '500.0', '500.0', '600.0', '600.0', '600.0', '500.0', '500.0', '600.0', '600.0', '500.0', '500.0', '500.0', '600.0', '500.0', '500.0', '600.0', '500.0', '600.0', '500.0', '500.0', '500.0', '500.0', '500.0', '600.0', '600.0', '500.0', '500.0', '500.0', '500.0', '500.0', '600.0', '500.0', '600.0', '500.0', '500.0', '600.0', '600.0', '500.0', '500.0', '500.0', '600.0', '600.0', '600.0', '600.0', '600.0', '500.0', '500.0', '500.0', '600.0', '600.0', '500.0', '600.0', '600.0', '500.0', '500.0', '600.0', '500.0', '500.0', '600.0', '500.0', '500.0', '500.0', '500.0', '500.0', '500.0', '500.0', '600.0', '500.0', '600.0', '600.0', '600.0', '500.0', '500.0', '500.0', '600.0', '500.0', '500.0', '500.0', '500.0', '600.0']

2023-04-06 14:06:49,666 => saving checkpoint to output/TimePilotNoFrameskip-v4/a2c/timepilot/seed_2
2023-04-06 14:08:41,703 Updates 21500, num timesteps 1720080, FPS 164 
Last 10 training episodes: mean/median reward 3830.0/4050.0 min/max reward 700.0/4900.0 dist entropy 2.3, value loss 0.1, action loss 0.2
selfsup attention loss 0.26607

2023-04-06 14:10:37,378 Updates 21750, num timesteps 1740080, FPS 164 
Last 10 training episodes: mean/median reward 4090.0/4350.0 min/max reward 700.0/5100.0 dist entropy 2.3, value loss 0.1, action loss 0.0
selfsup attention loss 0.25787

2023-04-06 14:12:25,156 Updates 22000, num timesteps 1760080, FPS 164 
Last 10 training episodes: mean/median reward 2850.0/4000.0 min/max reward 700.0/4700.0 dist entropy 2.3, value loss 0.0, action loss 0.1
selfsup attention loss 0.24891

2023-04-06 14:14:25,182 Updates 22250, num timesteps 1780080, FPS 164 
Last 10 training episodes: mean/median reward 3620.0/4150.0 min/max reward 700.0/4700.0 dist entropy 2.3, value loss 0.0, action loss 0.0
selfsup attention loss 0.23133

2023-04-06 14:16:12,202 Updates 22500, num timesteps 1800080, FPS 164 
Last 10 training episodes: mean/median reward 3430.0/4050.0 min/max reward 600.0/4400.0 dist entropy 2.3, value loss 0.0, action loss 0.0
selfsup attention loss 0.20344

2023-04-06 14:17:27,640 TEST: 1800080, 1688.0, 4100.0, ['800.0', '800.0', '800.0', '800.0', '800.0', '4000.0', '4000.0', '4000.0', '3900.0', '3900.0', '3900.0', '3900.0', '4100.0', '4100.0', '4100.0', '4100.0', '600.0', '600.0', '500.0', '600.0', '600.0', '500.0', '500.0', '600.0', '500.0', '500.0', '500.0', '4100.0', '4100.0', '4100.0', '600.0', '500.0', '600.0', '600.0', '600.0', '600.0', '4100.0', '500.0', '500.0', '600.0', '600.0', '500.0', '500.0', '500.0', '500.0', '4100.0', '500.0', '4100.0', '4100.0', '4100.0', '4100.0', '4100.0', '4100.0', '500.0', '600.0', '600.0', '500.0', '500.0', '600.0', '600.0', '600.0', '500.0', '500.0', '500.0', '600.0', '600.0', '500.0', '500.0', '4100.0', '4100.0', '4100.0', '500.0', '600.0', '500.0', '500.0', '600.0', '500.0', '4100.0', '600.0', '600.0', '600.0', '600.0', '600.0', '500.0', '4100.0', '500.0', '4100.0', '500.0', '500.0', '600.0', '600.0', '600.0', '600.0', '4100.0', '4100.0', '4100.0', '600.0', '600.0', '4100.0', '500.0']

2023-04-06 14:17:27,641 => saving checkpoint to output/TimePilotNoFrameskip-v4/a2c/timepilot/seed_2
2023-04-06 14:19:24,118 Updates 22750, num timesteps 1820080, FPS 163 
Last 10 training episodes: mean/median reward 3590.0/4250.0 min/max reward 500.0/7600.0 dist entropy 2.3, value loss 0.0, action loss -0.0
selfsup attention loss 0.20476

2023-04-06 14:21:09,786 Updates 23000, num timesteps 1840080, FPS 164 
Last 10 training episodes: mean/median reward 3330.0/4150.0 min/max reward 700.0/8500.0 dist entropy 2.3, value loss 0.0, action loss -0.1
selfsup attention loss 0.19276

2023-04-06 14:23:11,689 Updates 23250, num timesteps 1860080, FPS 164 
Last 10 training episodes: mean/median reward 3300.0/4150.0 min/max reward 400.0/7600.0 dist entropy 2.3, value loss 0.0, action loss -0.1
selfsup attention loss 0.23693

2023-04-06 14:24:58,362 Updates 23500, num timesteps 1880080, FPS 164 
Last 10 training episodes: mean/median reward 3720.0/4400.0 min/max reward 400.0/8300.0 dist entropy 2.3, value loss 0.0, action loss -0.0
selfsup attention loss 0.13777

2023-04-06 14:26:51,106 Updates 23750, num timesteps 1900080, FPS 164 
Last 10 training episodes: mean/median reward 3610.0/4200.0 min/max reward 700.0/5100.0 dist entropy 2.3, value loss 0.0, action loss 0.0
selfsup attention loss 0.27191

2023-04-06 14:28:04,886 TEST: 1900080, 1554.0, 4400.0, ['1000.0', '1000.0', '1000.0', '1000.0', '1000.0', '1000.0', '1000.0', '1000.0', '4100.0', '4100.0', '4100.0', '4400.0', '4400.0', '4400.0', '4400.0', '4400.0', '500.0', '500.0', '500.0', '500.0', '700.0', '800.0', '800.0', '500.0', '500.0', '500.0', '500.0', '4000.0', '4000.0', '4000.0', '700.0', '700.0', '700.0', '700.0', '4000.0', '700.0', '500.0', '700.0', '800.0', '500.0', '500.0', '700.0', '700.0', '700.0', '700.0', '700.0', '800.0', '800.0', '800.0', '500.0', '500.0', '4000.0', '4000.0', '4000.0', '500.0', '500.0', '700.0', '500.0', '500.0', '700.0', '4000.0', '500.0', '500.0', '800.0', '500.0', '4000.0', '500.0', '500.0', '500.0', '800.0', '4000.0', '4000.0', '500.0', '500.0', '500.0', '700.0', '4000.0', '700.0', '800.0', '700.0', '4000.0', '4000.0', '800.0', '4000.0', '4000.0', '500.0', '500.0', '500.0', '4000.0', '500.0', '700.0', '4000.0', '700.0', '500.0', '500.0', '800.0', '800.0', '700.0', '800.0', '700.0']

2023-04-06 14:28:04,888 => saving checkpoint to output/TimePilotNoFrameskip-v4/a2c/timepilot/seed_2
2023-04-06 14:29:55,271 Updates 24000, num timesteps 1920080, FPS 163 
Last 10 training episodes: mean/median reward 2190.0/1050.0 min/max reward 800.0/4200.0 dist entropy 2.3, value loss 0.0, action loss 0.1
selfsup attention loss 0.33869

2023-04-06 14:31:52,961 Updates 24250, num timesteps 1940080, FPS 163 
Last 10 training episodes: mean/median reward 3140.0/4050.0 min/max reward 400.0/4500.0 dist entropy 2.3, value loss 0.0, action loss -0.1
selfsup attention loss 0.17971

2023-04-06 14:33:42,271 Updates 24500, num timesteps 1960080, FPS 163 
Last 10 training episodes: mean/median reward 3440.0/4150.0 min/max reward 700.0/5000.0 dist entropy 2.3, value loss 0.0, action loss 0.0
selfsup attention loss 0.26345

2023-04-06 14:35:33,563 Updates 24750, num timesteps 1980080, FPS 164 
Last 10 training episodes: mean/median reward 3680.0/4250.0 min/max reward 700.0/7900.0 dist entropy 2.3, value loss 0.0, action loss -0.0
selfsup attention loss 0.35590

2023-04-06 14:37:29,550 Updates 25000, num timesteps 2000080, FPS 164 
Last 10 training episodes: mean/median reward 3170.0/4050.0 min/max reward 500.0/7800.0 dist entropy 2.3, value loss 0.0, action loss -0.0
selfsup attention loss 0.28924

2023-04-06 14:38:44,413 TEST: 2000080, 690.0, 700.0, ['700.0', '700.0', '700.0', '500.0', '500.0', '500.0', '500.0', '500.0', '700.0', '700.0', '700.0', '700.0', '700.0', '700.0', '700.0', '700.0', '700.0', '700.0', '700.0', '700.0', '700.0', '700.0', '700.0', '700.0', '700.0', '700.0', '700.0', '700.0', '700.0', '700.0', '700.0', '700.0', '700.0', '700.0', '700.0', '700.0', '700.0', '700.0', '700.0', '700.0', '700.0', '700.0', '700.0', '700.0', '700.0', '700.0', '700.0', '700.0', '700.0', '700.0', '700.0', '700.0', '700.0', '700.0', '700.0', '700.0', '700.0', '700.0', '700.0', '700.0', '700.0', '700.0', '700.0', '700.0', '700.0', '700.0', '700.0', '700.0', '700.0', '700.0', '700.0', '700.0', '700.0', '700.0', '700.0', '700.0', '700.0', '700.0', '700.0', '700.0', '700.0', '700.0', '700.0', '700.0', '700.0', '700.0', '700.0', '700.0', '700.0', '700.0', '700.0', '700.0', '700.0', '700.0', '700.0', '700.0', '700.0', '700.0', '700.0', '700.0']

2023-04-06 14:38:44,414 => saving checkpoint to output/TimePilotNoFrameskip-v4/a2c/timepilot/seed_2
2023-04-06 14:40:39,952 Updates 25250, num timesteps 2020080, FPS 163 
Last 10 training episodes: mean/median reward 3520.0/4050.0 min/max reward 500.0/4900.0 dist entropy 2.3, value loss 0.0, action loss 0.1
selfsup attention loss 0.33378

2023-04-06 14:42:27,131 Updates 25500, num timesteps 2040080, FPS 163 
Last 10 training episodes: mean/median reward 3930.0/4200.0 min/max reward 700.0/7900.0 dist entropy 2.3, value loss 0.0, action loss -0.0
selfsup attention loss 0.38258

2023-04-06 14:44:15,432 Updates 25750, num timesteps 2060080, FPS 163 
Last 10 training episodes: mean/median reward 3590.0/4250.0 min/max reward 700.0/7800.0 dist entropy 2.3, value loss 0.0, action loss -0.0
selfsup attention loss 0.22785

2023-04-06 14:46:07,131 Updates 26000, num timesteps 2080080, FPS 163 
Last 10 training episodes: mean/median reward 2580.0/1000.0 min/max reward 600.0/8400.0 dist entropy 2.3, value loss 0.0, action loss 0.0
selfsup attention loss 0.29557

2023-04-06 14:47:49,333 Updates 26250, num timesteps 2100080, FPS 163 
Last 10 training episodes: mean/median reward 3770.0/4200.0 min/max reward 600.0/8900.0 dist entropy 2.3, value loss 0.0, action loss -0.0
selfsup attention loss 0.31430

2023-04-06 14:49:04,120 TEST: 2100080, 1575.0, 4100.0, ['3900.0', '3900.0', '3900.0', '1100.0', '1100.0', '1100.0', '1100.0', '1100.0', '1100.0', '1100.0', '1100.0', '4100.0', '4100.0', '4100.0', '4100.0', '4100.0', '700.0', '700.0', '600.0', '600.0', '700.0', '600.0', '600.0', '3900.0', '700.0', '700.0', '3900.0', '3900.0', '700.0', '3900.0', '600.0', '600.0', '700.0', '700.0', '700.0', '600.0', '600.0', '700.0', '700.0', '700.0', '600.0', '700.0', '700.0', '700.0', '700.0', '600.0', '600.0', '700.0', '3900.0', '700.0', '700.0', '600.0', '700.0', '700.0', '600.0', '3900.0', '3900.0', '600.0', '600.0', '600.0', '3900.0', '3900.0', '600.0', '3900.0', '600.0', '600.0', '3900.0', '700.0', '700.0', '3900.0', '600.0', '600.0', '600.0', '600.0', '3900.0', '700.0', '700.0', '3900.0', '700.0', '700.0', '3900.0', '600.0', '3900.0', '3900.0', '600.0', '3900.0', '700.0', '600.0', '600.0', '600.0', '600.0', '700.0', '700.0', '700.0', '600.0', '3900.0', '700.0', '600.0', '700.0', '700.0']

2023-04-06 14:49:04,121 => saving checkpoint to output/TimePilotNoFrameskip-v4/a2c/timepilot/seed_2
2023-04-06 14:50:48,528 Updates 26500, num timesteps 2120080, FPS 163 
Last 10 training episodes: mean/median reward 4000.0/4250.0 min/max reward 600.0/8200.0 dist entropy 2.3, value loss 0.0, action loss 0.0
selfsup attention loss 0.36976

2023-04-06 14:52:33,320 Updates 26750, num timesteps 2140080, FPS 163 
Last 10 training episodes: mean/median reward 4960.0/4450.0 min/max reward 3800.0/7900.0 dist entropy 2.3, value loss 0.0, action loss -0.1
selfsup attention loss 0.20959

2023-04-06 14:54:25,533 Updates 27000, num timesteps 2160080, FPS 163 
Last 10 training episodes: mean/median reward 3130.0/4050.0 min/max reward 600.0/7700.0 dist entropy 2.3, value loss 0.0, action loss 0.0
selfsup attention loss 0.34678

2023-04-06 14:56:10,243 Updates 27250, num timesteps 2180080, FPS 163 
Last 10 training episodes: mean/median reward 3520.0/4100.0 min/max reward 600.0/4700.0 dist entropy 2.3, value loss 0.0, action loss 0.0
selfsup attention loss 0.23781

2023-04-06 14:58:18,319 Updates 27500, num timesteps 2200080, FPS 163 
Last 10 training episodes: mean/median reward 3590.0/4100.0 min/max reward 700.0/4900.0 dist entropy 2.3, value loss 0.0, action loss -0.1
selfsup attention loss 0.40833

2023-04-06 14:59:37,192 TEST: 2200080, 550.0, 800.0, ['700.0', '700.0', '700.0', '700.0', '700.0', '500.0', '500.0', '500.0', '500.0', '500.0', '500.0', '500.0', '500.0', '800.0', '800.0', '800.0', '600.0', '600.0', '600.0', '600.0', '600.0', '500.0', '500.0', '600.0', '600.0', '600.0', '400.0', '400.0', '400.0', '500.0', '600.0', '600.0', '400.0', '600.0', '600.0', '600.0', '400.0', '500.0', '600.0', '500.0', '600.0', '600.0', '600.0', '600.0', '600.0', '600.0', '600.0', '600.0', '500.0', '600.0', '600.0', '400.0', '400.0', '600.0', '600.0', '600.0', '500.0', '600.0', '400.0', '600.0', '600.0', '500.0', '400.0', '400.0', '400.0', '400.0', '600.0', '400.0', '400.0', '400.0', '500.0', '600.0', '400.0', '600.0', '600.0', '600.0', '600.0', '600.0', '400.0', '600.0', '600.0', '600.0', '600.0', '600.0', '600.0', '400.0', '600.0', '500.0', '400.0', '600.0', '600.0', '600.0', '600.0', '400.0', '500.0', '400.0', '600.0', '600.0', '600.0', '600.0']

2023-04-06 14:59:37,193 => saving checkpoint to output/TimePilotNoFrameskip-v4/a2c/timepilot/seed_2
2023-04-06 15:01:34,709 Updates 27750, num timesteps 2220080, FPS 162 
Last 10 training episodes: mean/median reward 3900.0/3950.0 min/max reward 800.0/8200.0 dist entropy 2.3, value loss 0.0, action loss -0.0
selfsup attention loss 0.27350

2023-04-06 15:03:38,577 Updates 28000, num timesteps 2240080, FPS 162 
Last 10 training episodes: mean/median reward 3670.0/4250.0 min/max reward 800.0/4900.0 dist entropy 2.3, value loss 0.0, action loss -0.0
selfsup attention loss 0.25337

2023-04-06 15:05:31,980 Updates 28250, num timesteps 2260080, FPS 162 
Last 10 training episodes: mean/median reward 4230.0/4200.0 min/max reward 800.0/8000.0 dist entropy 2.3, value loss 0.0, action loss 0.0
selfsup attention loss 0.37515

2023-04-06 15:07:39,070 Updates 28500, num timesteps 2280080, FPS 162 
Last 10 training episodes: mean/median reward 3130.0/4000.0 min/max reward 700.0/4600.0 dist entropy 2.3, value loss 0.0, action loss -0.1
selfsup attention loss 0.29705

2023-04-06 15:09:34,509 Updates 28750, num timesteps 2300080, FPS 162 
Last 10 training episodes: mean/median reward 3290.0/2650.0 min/max reward 500.0/8000.0 dist entropy 2.3, value loss 0.0, action loss -0.1
selfsup attention loss 0.35747

2023-04-06 15:10:57,830 TEST: 2300080, 1833.0, 3900.0, ['800.0', '800.0', '800.0', '500.0', '500.0', '500.0', '500.0', '500.0', '3800.0', '3800.0', '3800.0', '3800.0', '3800.0', '3800.0', '3800.0', '3800.0', '600.0', '600.0', '600.0', '600.0', '600.0', '600.0', '700.0', '700.0', '700.0', '700.0', '3900.0', '3900.0', '3900.0', '3900.0', '3900.0', '3900.0', '600.0', '600.0', '700.0', '700.0', '700.0', '600.0', '700.0', '700.0', '3900.0', '600.0', '600.0', '3900.0', '700.0', '700.0', '600.0', '600.0', '3900.0', '3900.0', '3900.0', '700.0', '600.0', '600.0', '3900.0', '3900.0', '600.0', '3900.0', '3900.0', '600.0', '700.0', '600.0', '600.0', '600.0', '3900.0', '600.0', '600.0', '3900.0', '700.0', '700.0', '700.0', '600.0', '600.0', '600.0', '700.0', '600.0', '3900.0', '3900.0', '3900.0', '3900.0', '3900.0', '600.0', '3900.0', '3900.0', '3900.0', '600.0', '700.0', '600.0', '3900.0', '600.0', '600.0', '600.0', '3900.0', '600.0', '3900.0', '600.0', '600.0', '600.0', '700.0', '3900.0']

2023-04-06 15:10:57,832 => saving checkpoint to output/TimePilotNoFrameskip-v4/a2c/timepilot/seed_2
2023-04-06 15:13:05,831 Updates 29000, num timesteps 2320080, FPS 161 
Last 10 training episodes: mean/median reward 3970.0/4300.0 min/max reward 600.0/8100.0 dist entropy 2.3, value loss 0.1, action loss 0.2
selfsup attention loss 0.22756

2023-04-06 15:15:03,698 Updates 29250, num timesteps 2340080, FPS 162 
Last 10 training episodes: mean/median reward 3560.0/4100.0 min/max reward 500.0/8300.0 dist entropy 2.3, value loss 0.0, action loss 0.0
selfsup attention loss 0.39292

2023-04-06 15:17:14,678 Updates 29500, num timesteps 2360080, FPS 161 
Last 10 training episodes: mean/median reward 3640.0/4200.0 min/max reward 800.0/4700.0 dist entropy 2.3, value loss 0.0, action loss 0.0
selfsup attention loss 0.16612

2023-04-06 15:19:11,980 Updates 29750, num timesteps 2380080, FPS 162 
Last 10 training episodes: mean/median reward 3090.0/4200.0 min/max reward 600.0/4600.0 dist entropy 2.3, value loss 0.0, action loss 0.0
selfsup attention loss 0.28645

2023-04-06 15:21:20,630 Updates 30000, num timesteps 2400080, FPS 161 
Last 10 training episodes: mean/median reward 3320.0/4150.0 min/max reward 900.0/4700.0 dist entropy 2.3, value loss 0.0, action loss 0.0
selfsup attention loss 0.32849

2023-04-06 15:22:34,302 TEST: 2400080, 575.0, 700.0, ['500.0', '500.0', '500.0', '500.0', '500.0', '500.0', '500.0', '500.0', '600.0', '600.0', '600.0', '700.0', '700.0', '700.0', '700.0', '700.0', '500.0', '500.0', '500.0', '500.0', '500.0', '700.0', '700.0', '700.0', '700.0', '700.0', '700.0', '500.0', '500.0', '500.0', '500.0', '500.0', '500.0', '500.0', '500.0', '500.0', '500.0', '500.0', '500.0', '500.0', '700.0', '500.0', '700.0', '500.0', '500.0', '700.0', '500.0', '700.0', '500.0', '700.0', '700.0', '500.0', '700.0', '500.0', '500.0', '700.0', '500.0', '700.0', '500.0', '700.0', '500.0', '700.0', '500.0', '700.0', '500.0', '500.0', '500.0', '500.0', '500.0', '500.0', '500.0', '500.0', '700.0', '700.0', '700.0', '700.0', '700.0', '700.0', '500.0', '500.0', '500.0', '500.0', '500.0', '700.0', '700.0', '700.0', '700.0', '500.0', '500.0', '500.0', '500.0', '500.0', '500.0', '500.0', '700.0', '500.0', '500.0', '700.0', '700.0', '500.0']

2023-04-06 15:22:34,303 => saving checkpoint to output/TimePilotNoFrameskip-v4/a2c/timepilot/seed_2
2023-04-06 15:24:31,013 Updates 30250, num timesteps 2420080, FPS 161 
Last 10 training episodes: mean/median reward 3300.0/4250.0 min/max reward 800.0/4700.0 dist entropy 2.3, value loss 0.0, action loss 0.1
selfsup attention loss 0.23280

2023-04-06 15:26:41,558 Updates 30500, num timesteps 2440080, FPS 161 
Last 10 training episodes: mean/median reward 2660.0/2500.0 min/max reward 700.0/5000.0 dist entropy 2.3, value loss 0.0, action loss -0.1
selfsup attention loss 0.22583

2023-04-06 15:28:39,028 Updates 30750, num timesteps 2460080, FPS 161 
Last 10 training episodes: mean/median reward 2700.0/3900.0 min/max reward 500.0/4200.0 dist entropy 2.2, value loss 0.0, action loss 0.1
selfsup attention loss 0.31368

2023-04-06 15:30:47,431 Updates 31000, num timesteps 2480080, FPS 161 
Last 10 training episodes: mean/median reward 3210.0/4100.0 min/max reward 600.0/4700.0 dist entropy 2.3, value loss 0.0, action loss -0.0
selfsup attention loss 0.26577

2023-04-06 15:32:46,282 Updates 31250, num timesteps 2500080, FPS 161 
Last 10 training episodes: mean/median reward 2570.0/1000.0 min/max reward 300.0/7900.0 dist entropy 2.3, value loss 0.0, action loss -0.1
selfsup attention loss 0.35970

2023-04-06 15:34:20,248 TEST: 2500080, 534.0, 800.0, ['600.0', '600.0', '600.0', '600.0', '600.0', '600.0', '600.0', '600.0', '500.0', '500.0', '500.0', '800.0', '800.0', '800.0', '800.0', '800.0', '600.0', '600.0', '600.0', '600.0', '600.0', '600.0', '400.0', '500.0', '500.0', '500.0', '500.0', '500.0', '500.0', '400.0', '400.0', '400.0', '600.0', '600.0', '600.0', '400.0', '400.0', '600.0', '600.0', '500.0', '400.0', '400.0', '400.0', '500.0', '400.0', '500.0', '400.0', '500.0', '500.0', '500.0', '600.0', '600.0', '500.0', '400.0', '600.0', '500.0', '600.0', '600.0', '500.0', '600.0', '400.0', '500.0', '500.0', '500.0', '600.0', '600.0', '600.0', '600.0', '600.0', '600.0', '500.0', '400.0', '500.0', '500.0', '400.0', '400.0', '500.0', '500.0', '500.0', '600.0', '600.0', '600.0', '400.0', '500.0', '500.0', '600.0', '600.0', '500.0', '600.0', '500.0', '500.0', '600.0', '600.0', '400.0', '600.0', '400.0', '400.0', '500.0', '500.0', '400.0']

2023-04-06 15:34:20,250 => saving checkpoint to output/TimePilotNoFrameskip-v4/a2c/timepilot/seed_2
2023-04-06 15:36:30,175 Updates 31500, num timesteps 2520080, FPS 160 
Last 10 training episodes: mean/median reward 2690.0/2750.0 min/max reward 700.0/4900.0 dist entropy 2.3, value loss 0.0, action loss 0.0
selfsup attention loss 0.45958

2023-04-06 15:38:27,332 Updates 31750, num timesteps 2540080, FPS 160 
Last 10 training episodes: mean/median reward 2990.0/2600.0 min/max reward 700.0/7900.0 dist entropy 2.3, value loss 0.1, action loss 0.1
selfsup attention loss 0.28624

2023-04-06 15:40:37,754 Updates 32000, num timesteps 2560080, FPS 160 
Last 10 training episodes: mean/median reward 2880.0/2400.0 min/max reward 600.0/7900.0 dist entropy 2.3, value loss 0.0, action loss 0.0
selfsup attention loss 0.52283

2023-04-06 15:42:35,221 Updates 32250, num timesteps 2580080, FPS 160 
Last 10 training episodes: mean/median reward 2580.0/2550.0 min/max reward 500.0/4700.0 dist entropy 2.3, value loss 0.0, action loss -0.2
selfsup attention loss 0.36238

2023-04-06 15:44:42,785 Updates 32500, num timesteps 2600080, FPS 160 
Last 10 training episodes: mean/median reward 3220.0/3950.0 min/max reward 800.0/4500.0 dist entropy 2.3, value loss 0.0, action loss -0.2
selfsup attention loss 0.24983

2023-04-06 15:45:51,003 TEST: 2600080, 1714.0, 4000.0, ['600.0', '600.0', '600.0', '600.0', '600.0', '800.0', '800.0', '800.0', '900.0', '900.0', '900.0', '900.0', '900.0', '900.0', '900.0', '900.0', '800.0', '800.0', '800.0', '800.0', '600.0', '600.0', '600.0', '800.0', '800.0', '600.0', '4000.0', '4000.0', '4000.0', '4000.0', '4000.0', '4000.0', '800.0', '800.0', '800.0', '800.0', '600.0', '600.0', '600.0', '4000.0', '800.0', '4000.0', '600.0', '600.0', '600.0', '4000.0', '600.0', '4000.0', '800.0', '800.0', '4000.0', '600.0', '4000.0', '4000.0', '800.0', '4000.0', '800.0', '4000.0', '800.0', '800.0', '4000.0', '600.0', '4000.0', '4000.0', '800.0', '800.0', '4000.0', '600.0', '600.0', '800.0', '800.0', '800.0', '800.0', '4000.0', '4000.0', '600.0', '4000.0', '4000.0', '4000.0', '4000.0', '800.0', '600.0', '800.0', '800.0', '800.0', '800.0', '600.0', '4000.0', '4000.0', '800.0', '4000.0', '4000.0', '800.0', '4000.0', '800.0', '600.0', '600.0', '800.0', '600.0', '600.0']

2023-04-06 15:45:51,005 => saving checkpoint to output/TimePilotNoFrameskip-v4/a2c/timepilot/seed_2
2023-04-06 15:47:52,101 Updates 32750, num timesteps 2620080, FPS 159 
Last 10 training episodes: mean/median reward 3600.0/4100.0 min/max reward 600.0/7800.0 dist entropy 2.3, value loss 0.0, action loss 0.0
selfsup attention loss 0.45963

2023-04-06 15:50:05,726 Updates 33000, num timesteps 2640080, FPS 159 
Last 10 training episodes: mean/median reward 2490.0/2450.0 min/max reward 600.0/4400.0 dist entropy 2.3, value loss 0.0, action loss -0.2
selfsup attention loss 0.34842

2023-04-06 15:52:05,485 Updates 33250, num timesteps 2660080, FPS 159 
Last 10 training episodes: mean/median reward 2910.0/2400.0 min/max reward 600.0/7700.0 dist entropy 2.2, value loss 0.0, action loss -0.1
selfsup attention loss 0.39499

2023-04-06 15:54:18,185 Updates 33500, num timesteps 2680080, FPS 159 
Last 10 training episodes: mean/median reward 3520.0/4150.0 min/max reward 900.0/4500.0 dist entropy 2.3, value loss 0.0, action loss -0.0
selfsup attention loss 0.32219

2023-04-06 15:56:18,408 Updates 33750, num timesteps 2700080, FPS 159 
Last 10 training episodes: mean/median reward 4670.0/4200.0 min/max reward 900.0/8100.0 dist entropy 2.3, value loss 0.0, action loss -0.0
selfsup attention loss 0.49094

2023-04-06 15:57:15,957 TEST: 2700080, 1389.0, 3800.0, ['700.0', '700.0', '700.0', '700.0', '700.0', '600.0', '600.0', '600.0', '700.0', '700.0', '700.0', '700.0', '700.0', '700.0', '700.0', '700.0', '700.0', '700.0', '700.0', '700.0', '3800.0', '3800.0', '3800.0', '700.0', '700.0', '700.0', '3800.0', '700.0', '700.0', '700.0', '800.0', '800.0', '700.0', '700.0', '700.0', '700.0', '700.0', '3800.0', '700.0', '800.0', '3800.0', '3800.0', '3800.0', '3800.0', '3800.0', '3800.0', '800.0', '800.0', '700.0', '700.0', '700.0', '700.0', '700.0', '800.0', '700.0', '700.0', '3800.0', '700.0', '700.0', '700.0', '700.0', '3800.0', '800.0', '800.0', '700.0', '700.0', '700.0', '700.0', '3800.0', '700.0', '700.0', '700.0', '700.0', '3800.0', '3800.0', '700.0', '700.0', '700.0', '800.0', '700.0', '700.0', '700.0', '3800.0', '700.0', '700.0', '700.0', '700.0', '700.0', '3800.0', '700.0', '700.0', '700.0', '800.0', '700.0', '700.0', '3800.0', '3800.0', '3800.0', '3800.0', '700.0']

2023-04-06 15:57:15,958 => saving checkpoint to output/TimePilotNoFrameskip-v4/a2c/timepilot/seed_2
2023-04-06 15:59:27,802 Updates 34000, num timesteps 2720080, FPS 159 
Last 10 training episodes: mean/median reward 3190.0/4000.0 min/max reward 600.0/4800.0 dist entropy 2.3, value loss 0.0, action loss -0.0
selfsup attention loss 0.31217

2023-04-06 16:01:27,166 Updates 34250, num timesteps 2740080, FPS 159 
Last 10 training episodes: mean/median reward 3250.0/3900.0 min/max reward 600.0/8100.0 dist entropy 2.3, value loss 0.0, action loss 0.0
selfsup attention loss 0.47216

2023-04-06 16:03:40,510 Updates 34500, num timesteps 2760080, FPS 158 
Last 10 training episodes: mean/median reward 3900.0/4200.0 min/max reward 700.0/7900.0 dist entropy 2.3, value loss 0.0, action loss 0.1
selfsup attention loss 0.40005

2023-04-06 16:05:40,060 Updates 34750, num timesteps 2780080, FPS 159 
Last 10 training episodes: mean/median reward 3150.0/4000.0 min/max reward 500.0/4600.0 dist entropy 2.3, value loss 0.0, action loss -0.0
selfsup attention loss 0.34145

2023-04-06 16:07:53,898 Updates 35000, num timesteps 2800080, FPS 158 
Last 10 training episodes: mean/median reward 3210.0/4100.0 min/max reward 600.0/4800.0 dist entropy 2.3, value loss 0.1, action loss 0.1
selfsup attention loss 0.58920

2023-04-06 16:08:55,286 TEST: 2800080, 722.0, 900.0, ['800.0', '800.0', '800.0', '800.0', '700.0', '700.0', '700.0', '700.0', '700.0', '700.0', '700.0', '700.0', '900.0', '700.0', '900.0', '900.0', '700.0', '700.0', '600.0', '700.0', '700.0', '700.0', '800.0', '800.0', '600.0', '600.0', '700.0', '600.0', '800.0', '800.0', '800.0', '800.0', '600.0', '700.0', '700.0', '600.0', '600.0', '600.0', '600.0', '600.0', '700.0', '600.0', '700.0', '800.0', '800.0', '800.0', '800.0', '800.0', '700.0', '600.0', '700.0', '600.0', '800.0', '700.0', '800.0', '800.0', '700.0', '700.0', '800.0', '800.0', '700.0', '700.0', '700.0', '800.0', '700.0', '700.0', '700.0', '600.0', '800.0', '800.0', '700.0', '800.0', '800.0', '600.0', '600.0', '700.0', '700.0', '700.0', '800.0', '800.0', '600.0', '700.0', '800.0', '800.0', '700.0', '700.0', '800.0', '600.0', '800.0', '800.0', '700.0', '800.0', '600.0', '700.0', '800.0', '800.0', '700.0', '700.0', '700.0', '700.0']

2023-04-06 16:08:55,287 => saving checkpoint to output/TimePilotNoFrameskip-v4/a2c/timepilot/seed_2
2023-04-06 16:10:59,004 Updates 35250, num timesteps 2820080, FPS 158 
Last 10 training episodes: mean/median reward 2290.0/1200.0 min/max reward 600.0/4800.0 dist entropy 2.3, value loss 0.0, action loss -0.0
selfsup attention loss 0.58975

2023-04-06 16:13:06,063 Updates 35500, num timesteps 2840080, FPS 158 
Last 10 training episodes: mean/median reward 2130.0/1050.0 min/max reward 500.0/4300.0 dist entropy 2.3, value loss 0.1, action loss 0.1
selfsup attention loss 0.41094

2023-04-06 16:15:04,610 Updates 35750, num timesteps 2860080, FPS 158 
Last 10 training episodes: mean/median reward 3820.0/4000.0 min/max reward 700.0/7700.0 dist entropy 2.2, value loss 0.0, action loss -0.1
selfsup attention loss 0.45524

2023-04-06 16:17:15,410 Updates 36000, num timesteps 2880080, FPS 158 
Last 10 training episodes: mean/median reward 3190.0/4150.0 min/max reward 800.0/4500.0 dist entropy 2.2, value loss 0.0, action loss -0.1
selfsup attention loss 0.45841

2023-04-06 16:19:13,738 Updates 36250, num timesteps 2900080, FPS 158 
Last 10 training episodes: mean/median reward 2420.0/2450.0 min/max reward 700.0/4400.0 dist entropy 2.3, value loss 0.0, action loss -0.0
selfsup attention loss 0.43692

2023-04-06 16:20:16,660 TEST: 2900080, 2134.0, 4200.0, ['700.0', '700.0', '700.0', '3800.0', '3800.0', '3800.0', '3800.0', '3800.0', '3800.0', '3800.0', '3800.0', '700.0', '700.0', '700.0', '700.0', '4000.0', '4000.0', '800.0', '4000.0', '4000.0', '4000.0', '4000.0', '4200.0', '4200.0', '4200.0', '4200.0', '4200.0', '700.0', '700.0', '700.0', '800.0', '800.0', '800.0', '700.0', '800.0', '700.0', '4000.0', '4000.0', '800.0', '800.0', '800.0', '800.0', '800.0', '4000.0', '4000.0', '4000.0', '800.0', '700.0', '700.0', '4000.0', '700.0', '700.0', '4000.0', '4000.0', '4000.0', '800.0', '700.0', '800.0', '4000.0', '700.0', '700.0', '700.0', '700.0', '700.0', '700.0', '800.0', '800.0', '700.0', '700.0', '4000.0', '4000.0', '4000.0', '4000.0', '700.0', '4000.0', '800.0', '4000.0', '700.0', '700.0', '700.0', '700.0', '4000.0', '4000.0', '4000.0', '700.0', '4000.0', '700.0', '4000.0', '800.0', '800.0', '4000.0', '700.0', '800.0', '800.0', '700.0', '4000.0', '4000.0', '800.0', '700.0', '700.0']

2023-04-06 16:20:16,661 => saving checkpoint to output/TimePilotNoFrameskip-v4/a2c/timepilot/seed_2
2023-04-06 16:22:21,974 Updates 36500, num timesteps 2920080, FPS 158 
Last 10 training episodes: mean/median reward 2940.0/3950.0 min/max reward 700.0/4700.0 dist entropy 2.2, value loss 0.1, action loss 0.2
selfsup attention loss 0.31484

2023-04-06 16:24:22,490 Updates 36750, num timesteps 2940080, FPS 158 
Last 10 training episodes: mean/median reward 3230.0/4000.0 min/max reward 500.0/8000.0 dist entropy 2.3, value loss 0.0, action loss -0.1
selfsup attention loss 0.45528

2023-04-06 16:26:30,966 Updates 37000, num timesteps 2960080, FPS 158 
Last 10 training episodes: mean/median reward 3870.0/3900.0 min/max reward 700.0/8200.0 dist entropy 2.2, value loss 0.0, action loss -0.0
selfsup attention loss 0.45311

2023-04-06 16:28:29,739 Updates 37250, num timesteps 2980080, FPS 158 
Last 10 training episodes: mean/median reward 3590.0/3950.0 min/max reward 800.0/8100.0 dist entropy 2.3, value loss 0.0, action loss -0.1
selfsup attention loss 0.38746

2023-04-06 16:30:40,911 Updates 37500, num timesteps 3000080, FPS 158 
Last 10 training episodes: mean/median reward 3720.0/4150.0 min/max reward 900.0/5100.0 dist entropy 2.2, value loss 0.0, action loss -0.0
selfsup attention loss 0.46882

2023-04-06 16:31:46,623 TEST: 3000080, 2418.0, 4100.0, ['900.0', '900.0', '900.0', '900.0', '900.0', '900.0', '900.0', '900.0', '900.0', '900.0', '900.0', '1000.0', '1000.0', '1000.0', '1000.0', '1000.0', '700.0', '700.0', '700.0', '700.0', '700.0', '700.0', '4000.0', '4100.0', '4100.0', '4100.0', '4100.0', '4000.0', '4000.0', '4000.0', '4100.0', '4100.0', '700.0', '4000.0', '4000.0', '4000.0', '700.0', '4000.0', '4100.0', '700.0', '700.0', '4000.0', '4000.0', '4000.0', '4100.0', '4100.0', '4100.0', '700.0', '4100.0', '700.0', '700.0', '4000.0', '4100.0', '700.0', '4100.0', '4100.0', '700.0', '700.0', '700.0', '4100.0', '4000.0', '700.0', '4100.0', '700.0', '700.0', '4100.0', '700.0', '4000.0', '700.0', '700.0', '700.0', '4100.0', '4100.0', '4100.0', '4100.0', '4000.0', '4000.0', '4000.0', '4100.0', '4100.0', '700.0', '4100.0', '700.0', '4100.0', '4100.0', '700.0', '700.0', '700.0', '700.0', '700.0', '4000.0', '4000.0', '4100.0', '4100.0', '4100.0', '4100.0', '700.0', '4100.0', '700.0', '700.0']

2023-04-06 16:31:46,625 => saving checkpoint to output/TimePilotNoFrameskip-v4/a2c/timepilot/seed_2
2023-04-06 16:33:48,796 Updates 37750, num timesteps 3020080, FPS 157 
Last 10 training episodes: mean/median reward 3450.0/4000.0 min/max reward 800.0/4400.0 dist entropy 2.2, value loss 0.0, action loss -0.0
selfsup attention loss 0.31964

2023-04-06 16:35:53,887 Updates 38000, num timesteps 3040080, FPS 157 
Last 10 training episodes: mean/median reward 2570.0/2450.0 min/max reward 600.0/4800.0 dist entropy 2.2, value loss 0.0, action loss 0.1
selfsup attention loss 0.40575

2023-04-06 16:37:52,188 Updates 38250, num timesteps 3060080, FPS 157 
Last 10 training episodes: mean/median reward 3620.0/4250.0 min/max reward 700.0/7700.0 dist entropy 2.2, value loss 0.1, action loss 0.1
selfsup attention loss 0.26870

2023-04-06 16:40:03,146 Updates 38500, num timesteps 3080080, FPS 157 
Last 10 training episodes: mean/median reward 2610.0/2700.0 min/max reward 600.0/4800.0 dist entropy 2.3, value loss 0.1, action loss 0.2
selfsup attention loss 0.41004

2023-04-06 16:42:00,637 Updates 38750, num timesteps 3100080, FPS 157 
Last 10 training episodes: mean/median reward 3550.0/4050.0 min/max reward 800.0/4700.0 dist entropy 2.2, value loss 0.0, action loss 0.0
selfsup attention loss 0.32341

2023-04-06 16:43:02,522 TEST: 3100080, 896.0, 3900.0, ['800.0', '800.0', '800.0', '800.0', '800.0', '800.0', '800.0', '800.0', '1000.0', '1000.0', '1000.0', '3900.0', '3900.0', '3900.0', '3900.0', '3900.0', '700.0', '700.0', '700.0', '700.0', '700.0', '700.0', '800.0', '700.0', '700.0', '700.0', '700.0', '800.0', '700.0', '800.0', '800.0', '700.0', '700.0', '800.0', '800.0', '800.0', '700.0', '800.0', '700.0', '800.0', '800.0', '700.0', '700.0', '700.0', '700.0', '700.0', '700.0', '800.0', '700.0', '700.0', '700.0', '800.0', '700.0', '700.0', '700.0', '700.0', '700.0', '700.0', '800.0', '700.0', '700.0', '700.0', '700.0', '700.0', '700.0', '700.0', '800.0', '700.0', '700.0', '700.0', '700.0', '700.0', '700.0', '700.0', '800.0', '800.0', '700.0', '700.0', '700.0', '700.0', '800.0', '700.0', '700.0', '700.0', '700.0', '700.0', '700.0', '800.0', '700.0', '700.0', '700.0', '700.0', '700.0', '700.0', '700.0', '700.0', '800.0', '700.0', '700.0', '700.0']

2023-04-06 16:43:02,524 => saving checkpoint to output/TimePilotNoFrameskip-v4/a2c/timepilot/seed_2
2023-04-06 16:45:06,585 Updates 39000, num timesteps 3120080, FPS 157 
Last 10 training episodes: mean/median reward 2950.0/4100.0 min/max reward 500.0/4600.0 dist entropy 2.2, value loss 0.0, action loss 0.0
selfsup attention loss 0.34233

2023-04-06 16:47:05,368 Updates 39250, num timesteps 3140080, FPS 157 
Last 10 training episodes: mean/median reward 2800.0/4050.0 min/max reward 500.0/4600.0 dist entropy 2.3, value loss 0.0, action loss -0.0
selfsup attention loss 0.52633

2023-04-06 16:49:14,943 Updates 39500, num timesteps 3160080, FPS 157 
Last 10 training episodes: mean/median reward 3840.0/4150.0 min/max reward 1000.0/4300.0 dist entropy 2.3, value loss 0.1, action loss 0.0
selfsup attention loss 0.38063

2023-04-06 16:51:13,113 Updates 39750, num timesteps 3180080, FPS 157 
Last 10 training episodes: mean/median reward 2930.0/4000.0 min/max reward 700.0/4800.0 dist entropy 2.3, value loss 0.0, action loss 0.0
selfsup attention loss 0.41608

2023-04-06 16:53:24,461 Updates 40000, num timesteps 3200080, FPS 157 
Last 10 training episodes: mean/median reward 3250.0/4050.0 min/max reward 700.0/4800.0 dist entropy 2.2, value loss 0.0, action loss 0.0
selfsup attention loss 0.37776

2023-04-06 16:54:45,139 TEST: 3200080, 2072.0, 4200.0, ['900.0', '900.0', '900.0', '900.0', '900.0', '900.0', '900.0', '900.0', '3800.0', '3800.0', '3800.0', '4200.0', '4200.0', '4200.0', '4200.0', '4200.0', '800.0', '800.0', '800.0', '800.0', '800.0', '800.0', '900.0', '900.0', '900.0', '900.0', '800.0', '4200.0', '4200.0', '4200.0', '4200.0', '900.0', '900.0', '900.0', '800.0', '900.0', '4200.0', '4200.0', '800.0', '900.0', '800.0', '4200.0', '800.0', '900.0', '900.0', '900.0', '800.0', '4200.0', '800.0', '800.0', '800.0', '800.0', '4200.0', '4200.0', '4200.0', '800.0', '4200.0', '4200.0', '800.0', '900.0', '4200.0', '4200.0', '800.0', '900.0', '800.0', '800.0', '900.0', '4200.0', '800.0', '900.0', '800.0', '4200.0', '900.0', '800.0', '4200.0', '4200.0', '4200.0', '4200.0', '4200.0', '4200.0', '800.0', '800.0', '800.0', '800.0', '900.0', '800.0', '800.0', '4200.0', '4200.0', '800.0', '4200.0', '800.0', '800.0', '800.0', '4200.0', '800.0', '800.0', '800.0', '4200.0', '4200.0']

2023-04-06 16:54:45,140 => saving checkpoint to output/TimePilotNoFrameskip-v4/a2c/timepilot/seed_2
2023-04-06 16:56:48,820 Updates 40250, num timesteps 3220080, FPS 156 
Last 10 training episodes: mean/median reward 2510.0/2450.0 min/max reward 700.0/4400.0 dist entropy 2.2, value loss 0.0, action loss 0.0
selfsup attention loss 0.44752

2023-04-06 16:58:54,925 Updates 40500, num timesteps 3240080, FPS 156 
Last 10 training episodes: mean/median reward 3830.0/4100.0 min/max reward 1200.0/4600.0 dist entropy 2.3, value loss 0.0, action loss 0.0
selfsup attention loss 0.45791

2023-04-06 17:00:52,498 Updates 40750, num timesteps 3260080, FPS 156 
Last 10 training episodes: mean/median reward 2640.0/2650.0 min/max reward 700.0/4500.0 dist entropy 2.3, value loss 0.0, action loss 0.1
selfsup attention loss 0.27945

