2023-04-06 20:08:03,400 Namespace(TEST_MODEL_FILE=None, cfg='experiments/atari/timepilot.yaml', eval_only=False, render=False, seed=2)
2023-04-06 20:08:03,401 {'AUTO_RESUME': False,
 'CUDNN': {'BENCHMARK': True, 'DETERMINISTIC': False, 'ENABLED': True},
 'DATASET': {'BRIGHTNESS_FACTOR': 0.0,
             'COLOR_RGB': True,
             'CONTRAST_FACTOR': 0.0,
             'DATASET': 'mpii',
             'GRAYSCALE': True,
             'HISTORY_INPUT': False,
             'HUE_FACTOR': 0.0,
             'HYBRID': False,
             'ROOT': '',
             'SAMPLE_2_FRAME': False,
             'SAMPLE_2_FRAME_OFFSET': 0,
             'SAMPLE_STEP': 1,
             'SAT_FACTOR': 0.0,
             'TEST_SET': 'valid',
             'TRAIN_SET': 'train',
             'TRANSFORM': False},
 'DATA_DIR': '',
 'DEBUG': {'DEBUG': False},
 'GPUS': '0',
 'LOG_DIR': 'log',
 'MODEL': {'HEATMAP_SIZE': [64, 64],
           'IGNORE_BACKGROUND': False,
           'IMAGE_SIZE': array([84, 84]),
           'INIT_WEIGHTS': True,
           'NAME': 'a2c',
           'PRETRAINED': '',
           'SIGMA': 1},
 'MODEL_FILE': '',
 'OUTPUT_DIR': 'output',
 'PIN_MEMORY': True,
 'PRINT_FREQ': 100,
 'RESUME': False,
 'SELFSUP_ATTENTION': {'AUTOENCODER_LOSS': True,
                       'BLOCK_IMAGE_FEAT_GRADIENT': False,
                       'DECODER_WITH_SIGMOID': True,
                       'GAUSS_STD': 0.1,
                       'HEATMAP_SPARSITY_LOSS': True,
                       'HEATMAP_SPARSITY_LOSS_WEIGHT': 0.001,
                       'KEYPOINTER_CLS_AGNOSTIC': True,
                       'NUM_KEYPOINTS': 7,
                       'RECONSTRUCT_LOSS_THRESHOLD': 0.01,
                       'SHARE_PARAMETERS': False,
                       'USE_INSTANCE_NORM': False,
                       'USE_LAYER_NORM': False},
 'TEST': {'BATCH_SIZE_PER_GPU': 32, 'MODEL_FILE': ''},
 'TRAIN': {'BATCH_SIZE_PER_GPU': 32,
           'BEGIN_EPOCH': 0,
           'CHECKPOINT': '',
           'END_EPOCH': 140,
           'GAMMA1': 0.99,
           'GAMMA2': 0.0,
           'LR': 0.001,
           'LR_FACTOR': 0.1,
           'LR_STEP': [90, 110],
           'MOMENTUM': 0.9,
           'NESTEROV': False,
           'OPTIMIZER': 'adam',
           'RESUME': False,
           'SHUFFLE': True,
           'WD': 0.0001},
 'WORKERS': 4,
 'algo': 'a2c',
 'alpha': 0.99,
 'block_selfsup_attention_grad': False,
 'bottom_up_downsample_mask': False,
 'bottom_up_downsample_mask_stride1': False,
 'bottom_up_form_num_of_objects': 10,
 'bottom_up_form_objects': False,
 'cuda': True,
 'cuda_deterministic': False,
 'entropy_coef': 0.01,
 'env_name': 'TimePilotNoFrameskip-v4',
 'env_num': 3,
 'eps': 1e-05,
 'eval_interval': 1250,
 'feat_add_selfsup_attention': True,
 'feat_from_selfsup_attention': False,
 'feat_mul_selfsup_attention_mask': True,
 'feat_mul_selfsup_attention_mask_residual': False,
 'feat_pool_with_selfsup_attention': False,
 'fix_feature': False,
 'gae_lambda': 0.95,
 'gail': False,
 'gail_batch_size': 128,
 'gail_epoch': 5,
 'gail_experts_dir': './gail_experts',
 'gamma': 0.99,
 'gaussian_std': 0.1,
 'hidden_size': 512,
 'log_interval': 250,
 'lr': 0.0007,
 'mask_threshold': -1.0,
 'max_grad_norm': 0.5,
 'no_cuda': False,
 'num_env_steps': 10000000,
 'num_processes': 16,
 'num_steps': 5,
 'ppo_epoch': 4,
 'recurrent_policy': False,
 'resized_size': 84,
 'save_dir': './trained_models/',
 'save_interval': 1250,
 'seed': 2,
 'selfsup_attention_feat_load_pretrained': True,
 'selfsup_attention_feat_masked': True,
 'selfsup_attention_feat_masked_residual': False,
 'selfsup_attention_fix': False,
 'selfsup_attention_fix_keypointer': False,
 'selfsup_attention_image_feat_only': False,
 'selfsup_attention_keyp_maps_pool': True,
 'selfsup_attention_multiframe': False,
 'selfsup_attention_pretrain': '',
 'sep_bg_fg_feat': False,
 'temperature': 0.07,
 'train_selfsup_attention': True,
 'train_selfsup_attention_batch_size': 256,
 'train_selfsup_attention_buffer_size': 10000,
 'use_gae': False,
 'use_layer_norm': False,
 'use_linear_lr_decay': False,
 'use_proper_time_limits': False,
 'value_loss_coef': 0.5,
 'weight_decay': 0.0}
2023-04-06 20:08:21,308 Updates 250, num timesteps 20080, FPS 1478 
Last 4 training episodes: mean/median reward 2275.0/2350.0 min/max reward 600.0/3800.0 dist entropy 2.3, value loss 0.0, action loss 0.0

2023-04-06 20:08:37,503 Updates 500, num timesteps 40080, FPS 1345 
Last 10 training episodes: mean/median reward 3280.0/3950.0 min/max reward 600.0/8400.0 dist entropy 2.3, value loss 0.0, action loss -0.1

2023-04-06 20:08:53,801 Updates 750, num timesteps 60080, FPS 1303 
Last 10 training episodes: mean/median reward 3720.0/4150.0 min/max reward 600.0/8100.0 dist entropy 2.3, value loss 0.0, action loss 0.1

2023-04-06 20:09:09,633 Updates 1000, num timesteps 80080, FPS 1293 
Last 10 training episodes: mean/median reward 3730.0/4100.0 min/max reward 900.0/5000.0 dist entropy 2.3, value loss 0.0, action loss -0.1

2023-04-06 20:09:26,917 Updates 1250, num timesteps 100080, FPS 1263 
Last 10 training episodes: mean/median reward 3280.0/4100.0 min/max reward 800.0/4700.0 dist entropy 2.3, value loss 0.0, action loss -0.0

2023-04-06 20:10:40,255 TEST: 100080, 454.0, 500.0, ['400.0', '400.0', '400.0', '300.0', '300.0', '300.0', '300.0', '300.0', '300.0', '300.0', '300.0', '300.0', '400.0', '400.0', '400.0', '400.0', '400.0', '400.0', '400.0', '400.0', '500.0', '500.0', '500.0', '500.0', '500.0', '500.0', '500.0', '500.0', '500.0', '500.0', '500.0', '500.0', '400.0', '500.0', '400.0', '500.0', '400.0', '400.0', '400.0', '400.0', '400.0', '500.0', '500.0', '500.0', '500.0', '500.0', '500.0', '500.0', '500.0', '400.0', '400.0', '500.0', '500.0', '500.0', '500.0', '500.0', '500.0', '500.0', '500.0', '500.0', '500.0', '500.0', '500.0', '500.0', '400.0', '400.0', '500.0', '500.0', '400.0', '500.0', '500.0', '500.0', '500.0', '500.0', '500.0', '500.0', '500.0', '500.0', '500.0', '400.0', '500.0', '500.0', '500.0', '500.0', '400.0', '500.0', '500.0', '500.0', '500.0', '500.0', '500.0', '500.0', '400.0', '500.0', '500.0', '500.0', '500.0', '500.0', '400.0', '400.0']

2023-04-06 20:10:40,263 => saving checkpoint to output/TimePilotNoFrameskip-v4/a2c/timepilot/seed_2
2023-04-06 20:10:58,521 Updates 1500, num timesteps 120080, FPS 703 
Last 10 training episodes: mean/median reward 4170.0/4100.0 min/max reward 800.0/8000.0 dist entropy 2.3, value loss 0.0, action loss 0.1

2023-04-06 20:11:16,409 Updates 1750, num timesteps 140080, FPS 742 
Last 10 training episodes: mean/median reward 3650.0/4200.0 min/max reward 800.0/4800.0 dist entropy 2.3, value loss 0.0, action loss 0.1

2023-04-06 20:11:34,210 Updates 2000, num timesteps 160080, FPS 775 
Last 10 training episodes: mean/median reward 3330.0/4100.0 min/max reward 600.0/7800.0 dist entropy 2.3, value loss 0.0, action loss 0.0

2023-04-06 20:13:10,576 Updates 2250, num timesteps 180080, FPS 594 
Last 10 training episodes: mean/median reward 3240.0/4250.0 min/max reward 700.0/4400.0 dist entropy 2.3, value loss 0.0, action loss -0.0
selfsup attention loss 0.38082

2023-04-06 20:15:17,444 Updates 2500, num timesteps 200080, FPS 465 
Last 10 training episodes: mean/median reward 4430.0/4400.0 min/max reward 1100.0/8000.0 dist entropy 2.3, value loss 0.0, action loss -0.0
selfsup attention loss 0.21754

2023-04-06 20:17:09,222 TEST: 200080, 503.0, 600.0, ['600.0', '600.0', '600.0', '500.0', '500.0', '500.0', '500.0', '500.0', '500.0', '500.0', '500.0', '500.0', '500.0', '500.0', '500.0', '500.0', '500.0', '500.0', '500.0', '500.0', '500.0', '500.0', '500.0', '500.0', '500.0', '500.0', '500.0', '500.0', '500.0', '500.0', '500.0', '500.0', '500.0', '500.0', '500.0', '500.0', '500.0', '500.0', '500.0', '500.0', '500.0', '500.0', '500.0', '500.0', '500.0', '500.0', '500.0', '500.0', '500.0', '500.0', '500.0', '500.0', '500.0', '500.0', '500.0', '500.0', '500.0', '500.0', '500.0', '500.0', '500.0', '500.0', '500.0', '500.0', '500.0', '500.0', '500.0', '500.0', '500.0', '500.0', '500.0', '500.0', '500.0', '500.0', '500.0', '500.0', '500.0', '500.0', '500.0', '500.0', '500.0', '500.0', '500.0', '500.0', '500.0', '500.0', '500.0', '500.0', '500.0', '500.0', '500.0', '500.0', '500.0', '500.0', '500.0', '500.0', '500.0', '500.0', '500.0', '500.0']

2023-04-06 20:17:09,223 => saving checkpoint to output/TimePilotNoFrameskip-v4/a2c/timepilot/seed_2
2023-04-06 20:18:48,253 Updates 2750, num timesteps 220080, FPS 343 
Last 10 training episodes: mean/median reward 2910.0/4050.0 min/max reward 600.0/4500.0 dist entropy 2.3, value loss 0.0, action loss -0.1
selfsup attention loss 0.39452

2023-04-06 20:20:26,438 Updates 3000, num timesteps 240080, FPS 324 
Last 10 training episodes: mean/median reward 2620.0/2700.0 min/max reward 500.0/4600.0 dist entropy 2.3, value loss 0.0, action loss -0.0
selfsup attention loss 0.25585

2023-04-06 20:22:04,791 Updates 3250, num timesteps 260080, FPS 310 
Last 10 training episodes: mean/median reward 2970.0/4050.0 min/max reward 700.0/4500.0 dist entropy 2.3, value loss 0.0, action loss -0.0
selfsup attention loss 0.41198

