2023-04-06 19:58:33,005 Namespace(TEST_MODEL_FILE=None, cfg='experiments/atari/ast_trans.yaml', eval_only=False, render=False, seed=2)
2023-04-06 19:58:33,006 {'AUTO_RESUME': False,
 'CUDNN': {'BENCHMARK': True, 'DETERMINISTIC': False, 'ENABLED': True},
 'DATASET': {'BRIGHTNESS_FACTOR': 0.0,
             'COLOR_RGB': True,
             'CONTRAST_FACTOR': 0.0,
             'DATASET': 'mpii',
             'GRAYSCALE': True,
             'HISTORY_INPUT': False,
             'HUE_FACTOR': 0.0,
             'HYBRID': False,
             'ROOT': '',
             'SAMPLE_2_FRAME': False,
             'SAMPLE_2_FRAME_OFFSET': 0,
             'SAMPLE_STEP': 1,
             'SAT_FACTOR': 0.0,
             'TEST_SET': 'valid',
             'TRAIN_SET': 'train',
             'TRANSFORM': False},
 'DATA_DIR': '',
 'DEBUG': {'DEBUG': False},
 'GPUS': '2',
 'LOG_DIR': 'log',
 'MODEL': {'HEATMAP_SIZE': [64, 64],
           'IGNORE_BACKGROUND': False,
           'IMAGE_SIZE': array([84, 84]),
           'INIT_WEIGHTS': True,
           'NAME': 'a2c',
           'PRETRAINED': '',
           'SIGMA': 1},
 'MODEL_FILE': '',
 'OUTPUT_DIR': 'output',
 'PIN_MEMORY': True,
 'PRINT_FREQ': 100,
 'RESUME': False,
 'SELFSUP_ATTENTION': {'AUTOENCODER_LOSS': True,
                       'BLOCK_IMAGE_FEAT_GRADIENT': False,
                       'DECODER_WITH_SIGMOID': True,
                       'GAUSS_STD': 0.1,
                       'HEATMAP_SPARSITY_LOSS': True,
                       'HEATMAP_SPARSITY_LOSS_WEIGHT': 0.001,
                       'KEYPOINTER_CLS_AGNOSTIC': True,
                       'NUM_KEYPOINTS': 7,
                       'RECONSTRUCT_LOSS_THRESHOLD': 0.01,
                       'SHARE_PARAMETERS': False,
                       'USE_INSTANCE_NORM': False,
                       'USE_LAYER_NORM': False},
 'TEST': {'BATCH_SIZE_PER_GPU': 32, 'MODEL_FILE': ''},
 'TRAIN': {'BATCH_SIZE_PER_GPU': 32,
           'BEGIN_EPOCH': 0,
           'CHECKPOINT': '',
           'END_EPOCH': 140,
           'GAMMA1': 0.99,
           'GAMMA2': 0.0,
           'LR': 0.001,
           'LR_FACTOR': 0.1,
           'LR_STEP': [90, 110],
           'MOMENTUM': 0.9,
           'NESTEROV': False,
           'OPTIMIZER': 'adam',
           'RESUME': False,
           'SHUFFLE': True,
           'WD': 0.0001},
 'WORKERS': 4,
 'algo': 'a2c',
 'alpha': 0.99,
 'block_selfsup_attention_grad': False,
 'bottom_up_downsample_mask': False,
 'bottom_up_downsample_mask_stride1': False,
 'bottom_up_form_num_of_objects': 10,
 'bottom_up_form_objects': False,
 'cuda': True,
 'cuda_deterministic': False,
 'entropy_coef': 0.01,
 'env_name': 'AsteroidsNoFrameskip-v4',
 'env_num': 3,
 'eps': 1e-05,
 'eval_interval': 1250,
 'feat_add_selfsup_attention': True,
 'feat_from_selfsup_attention': False,
 'feat_mul_selfsup_attention_mask': True,
 'feat_mul_selfsup_attention_mask_residual': False,
 'feat_pool_with_selfsup_attention': False,
 'fix_feature': False,
 'gae_lambda': 0.95,
 'gail': False,
 'gail_batch_size': 128,
 'gail_epoch': 5,
 'gail_experts_dir': './gail_experts',
 'gamma': 0.99,
 'gaussian_std': 0.1,
 'hidden_size': 512,
 'log_interval': 250,
 'lr': 0.0007,
 'mask_threshold': -1.0,
 'max_grad_norm': 0.5,
 'no_cuda': False,
 'num_env_steps': 10000000,
 'num_processes': 16,
 'num_steps': 5,
 'ppo_epoch': 4,
 'recurrent_policy': False,
 'resized_size': 84,
 'save_dir': './trained_models/',
 'save_interval': 1250,
 'seed': 2,
 'selfsup_attention_feat_load_pretrained': True,
 'selfsup_attention_feat_masked': True,
 'selfsup_attention_feat_masked_residual': False,
 'selfsup_attention_fix': True,
 'selfsup_attention_fix_keypointer': True,
 'selfsup_attention_image_feat_only': False,
 'selfsup_attention_keyp_maps_pool': True,
 'selfsup_attention_multiframe': False,
 'selfsup_attention_pretrain': '/media/disk2/yangsy/final/DM-homework/output/MsPacmanNoFrameskip-v4/a2c/aug34256/seed_2/model_best.pth.tar',
 'sep_bg_fg_feat': False,
 'temperature': 0.07,
 'train_selfsup_attention': False,
 'train_selfsup_attention_batch_size': 256,
 'train_selfsup_attention_buffer_size': 10000,
 'use_gae': False,
 'use_layer_norm': False,
 'use_linear_lr_decay': False,
 'use_proper_time_limits': False,
 'value_loss_coef': 0.5,
 'weight_decay': 0.0}
2023-04-06 19:58:38,593 => loading pretrained model /media/disk2/yangsy/final/DM-homework/output/MsPacmanNoFrameskip-v4/a2c/aug34256/seed_2/model_best.pth.tar
2023-04-06 19:58:55,353 Updates 250, num timesteps 20080, FPS 1203 
Last 10 training episodes: mean/median reward 854.0/705.0 min/max reward 360.0/1630.0 dist entropy 2.6, value loss 0.3, action loss -0.1

2023-04-06 19:59:12,071 Updates 500, num timesteps 40080, FPS 1200 
Last 10 training episodes: mean/median reward 998.0/1030.0 min/max reward 380.0/1560.0 dist entropy 2.6, value loss 0.1, action loss 0.2

2023-04-06 19:59:29,400 Updates 750, num timesteps 60080, FPS 1184 
Last 10 training episodes: mean/median reward 979.0/930.0 min/max reward 330.0/2100.0 dist entropy 2.6, value loss 0.1, action loss 0.1

2023-04-06 19:59:46,350 Updates 1000, num timesteps 80080, FPS 1183 
Last 10 training episodes: mean/median reward 1137.0/1050.0 min/max reward 430.0/1900.0 dist entropy 2.6, value loss 0.1, action loss 0.3

2023-04-06 20:00:03,401 Updates 1250, num timesteps 100080, FPS 1181 
Last 10 training episodes: mean/median reward 954.0/905.0 min/max reward 360.0/1480.0 dist entropy 2.6, value loss 0.0, action loss -0.1

2023-04-06 20:00:37,143 TEST: 100080, 110.6, 140.0, ['110.0', '110.0', '110.0', '110.0', '110.0', '110.0', '110.0', '110.0', '110.0', '110.0', '110.0', '110.0', '110.0', '110.0', '110.0', '140.0', '110.0', '110.0', '110.0', '110.0', '110.0', '110.0', '110.0', '110.0', '110.0', '110.0', '110.0', '110.0', '110.0', '110.0', '110.0', '110.0', '110.0', '110.0', '110.0', '110.0', '110.0', '110.0', '110.0', '110.0', '110.0', '110.0', '110.0', '110.0', '110.0', '110.0', '110.0', '110.0', '110.0', '110.0', '110.0', '110.0', '110.0', '110.0', '110.0', '110.0', '110.0', '110.0', '110.0', '110.0', '110.0', '110.0', '110.0', '110.0', '110.0', '110.0', '110.0', '110.0', '110.0', '110.0', '110.0', '110.0', '110.0', '110.0', '110.0', '110.0', '110.0', '110.0', '110.0', '110.0', '110.0', '110.0', '110.0', '110.0', '110.0', '110.0', '110.0', '110.0', '110.0', '110.0', '110.0', '110.0', '110.0', '110.0', '110.0', '140.0', '110.0', '110.0', '110.0', '110.0']

2023-04-06 20:00:37,150 => saving checkpoint to output/AsteroidsNoFrameskip-v4/a2c/ast_trans/seed_2
2023-04-06 20:00:51,892 Updates 1500, num timesteps 120080, FPS 901 
Last 10 training episodes: mean/median reward 1045.0/1280.0 min/max reward 480.0/1930.0 dist entropy 2.6, value loss 0.2, action loss -0.1

2023-04-06 20:01:05,797 Updates 1750, num timesteps 140080, FPS 952 
Last 10 training episodes: mean/median reward 1067.0/1140.0 min/max reward 310.0/2050.0 dist entropy 2.6, value loss 0.2, action loss 0.0

2023-04-06 20:01:19,410 Updates 2000, num timesteps 160080, FPS 995 
Last 10 training episodes: mean/median reward 1086.0/1090.0 min/max reward 430.0/1910.0 dist entropy 2.6, value loss 0.1, action loss -0.2

2023-04-06 20:01:33,967 Updates 2250, num timesteps 180080, FPS 1027 
Last 10 training episodes: mean/median reward 1030.0/955.0 min/max reward 630.0/1540.0 dist entropy 2.6, value loss 0.1, action loss -0.0

2023-04-06 20:01:48,729 Updates 2500, num timesteps 200080, FPS 1052 
Last 10 training episodes: mean/median reward 1215.0/1250.0 min/max reward 730.0/1660.0 dist entropy 2.5, value loss 0.0, action loss 0.0

