2023-04-05 14:43:21,618 Namespace(TEST_MODEL_FILE=None, cfg='experiments/atari/freeway.yaml', eval_only=False, render=False, seed=2)
2023-04-05 14:43:21,620 {'AUTO_RESUME': False,
 'CUDNN': {'BENCHMARK': True, 'DETERMINISTIC': False, 'ENABLED': True},
 'DATASET': {'BRIGHTNESS_FACTOR': 0.0,
             'COLOR_RGB': True,
             'CONTRAST_FACTOR': 0.0,
             'DATASET': 'mpii',
             'GRAYSCALE': True,
             'HISTORY_INPUT': False,
             'HUE_FACTOR': 0.0,
             'HYBRID': False,
             'ROOT': '',
             'SAMPLE_2_FRAME': False,
             'SAMPLE_2_FRAME_OFFSET': 0,
             'SAMPLE_STEP': 1,
             'SAT_FACTOR': 0.0,
             'TEST_SET': 'valid',
             'TRAIN_SET': 'train',
             'TRANSFORM': False},
 'DATA_DIR': '',
 'DEBUG': {'DEBUG': False},
 'GPUS': '2',
 'LOG_DIR': 'log',
 'MODEL': {'HEATMAP_SIZE': [64, 64],
           'IGNORE_BACKGROUND': False,
           'IMAGE_SIZE': array([84, 84]),
           'INIT_WEIGHTS': True,
           'NAME': 'a2c',
           'PRETRAINED': '',
           'SIGMA': 1},
 'MODEL_FILE': '',
 'OUTPUT_DIR': 'output',
 'PIN_MEMORY': True,
 'PRINT_FREQ': 100,
 'RESUME': False,
 'SELFSUP_ATTENTION': {'AUTOENCODER_LOSS': True,
                       'BLOCK_IMAGE_FEAT_GRADIENT': False,
                       'DECODER_WITH_SIGMOID': True,
                       'GAUSS_STD': 0.1,
                       'HEATMAP_SPARSITY_LOSS': True,
                       'HEATMAP_SPARSITY_LOSS_WEIGHT': 0.001,
                       'KEYPOINTER_CLS_AGNOSTIC': True,
                       'NUM_KEYPOINTS': 7,
                       'RECONSTRUCT_LOSS_THRESHOLD': 0.01,
                       'SHARE_PARAMETERS': False,
                       'USE_INSTANCE_NORM': False,
                       'USE_LAYER_NORM': False},
 'TEST': {'BATCH_SIZE_PER_GPU': 32, 'MODEL_FILE': ''},
 'TRAIN': {'BATCH_SIZE_PER_GPU': 32,
           'BEGIN_EPOCH': 0,
           'CHECKPOINT': '',
           'END_EPOCH': 140,
           'GAMMA1': 0.99,
           'GAMMA2': 0.0,
           'LR': 0.001,
           'LR_FACTOR': 0.1,
           'LR_STEP': [90, 110],
           'MOMENTUM': 0.9,
           'NESTEROV': False,
           'OPTIMIZER': 'adam',
           'RESUME': False,
           'SHUFFLE': True,
           'WD': 0.0001},
 'WORKERS': 4,
 'algo': 'a2c',
 'alpha': 0.99,
 'block_selfsup_attention_grad': False,
 'bottom_up_downsample_mask': False,
 'bottom_up_downsample_mask_stride1': False,
 'bottom_up_form_num_of_objects': 10,
 'bottom_up_form_objects': False,
 'cuda': True,
 'cuda_deterministic': False,
 'entropy_coef': 0.01,
 'env_name': 'FreewayNoFrameskip-v4',
 'eps': 1e-05,
 'eval_interval': 1250,
 'feat_add_selfsup_attention': True,
 'feat_from_selfsup_attention': False,
 'feat_mul_selfsup_attention_mask': True,
 'feat_mul_selfsup_attention_mask_residual': False,
 'feat_pool_with_selfsup_attention': False,
 'fix_feature': False,
 'gae_lambda': 0.95,
 'gail': False,
 'gail_batch_size': 128,
 'gail_epoch': 5,
 'gail_experts_dir': './gail_experts',
 'gamma': 0.99,
 'gaussian_std': 0.1,
 'hidden_size': 512,
 'log_interval': 250,
 'lr': 0.0007,
 'mask_threshold': -1.0,
 'max_grad_norm': 0.5,
 'no_cuda': False,
 'num_env_steps': 10000000,
 'num_processes': 16,
 'num_steps': 5,
 'ppo_epoch': 4,
 'recurrent_policy': False,
 'resized_size': 84,
 'save_dir': './trained_models/',
 'save_interval': 1250,
 'seed': 2,
 'selfsup_attention_feat_load_pretrained': True,
 'selfsup_attention_feat_masked': True,
 'selfsup_attention_feat_masked_residual': False,
 'selfsup_attention_fix': False,
 'selfsup_attention_fix_keypointer': False,
 'selfsup_attention_image_feat_only': False,
 'selfsup_attention_keyp_maps_pool': True,
 'selfsup_attention_multiframe': False,
 'selfsup_attention_pretrain': '',
 'sep_bg_fg_feat': False,
 'temperature': 0.07,
 'train_selfsup_attention': True,
 'train_selfsup_attention_batch_size': 256,
 'train_selfsup_attention_buffer_size': 20000,
 'use_gae': False,
 'use_layer_norm': False,
 'use_linear_lr_decay': False,
 'use_proper_time_limits': False,
 'value_loss_coef': 0.5,
 'weight_decay': 0.0}
2023-04-05 14:44:05,090 Updates 500, num timesteps 40080, FPS 1052 
Last 10 training episodes: mean/median reward 0.0/0.0 min/max reward 0.0/0.0 dist entropy 1.1, value loss 0.0, action loss 0.0

2023-04-05 14:44:24,577 Updates 750, num timesteps 60080, FPS 1043 
Last 10 training episodes: mean/median reward 0.0/0.0 min/max reward 0.0/0.0 dist entropy 1.1, value loss 0.0, action loss -0.0

2023-04-05 14:44:43,634 Updates 1000, num timesteps 80080, FPS 1044 
Last 10 training episodes: mean/median reward 0.0/0.0 min/max reward 0.0/0.0 dist entropy 1.1, value loss 0.0, action loss -0.0

2023-04-05 14:45:02,821 Updates 1250, num timesteps 100080, FPS 1044 
Last 10 training episodes: mean/median reward 0.0/0.0 min/max reward 0.0/0.0 dist entropy 1.1, value loss 0.0, action loss -0.0

2023-04-05 14:47:46,886 TEST: 100080, 0.0, 0.0, ['0.0', '0.0', '0.0', '0.0', '0.0', '0.0', '0.0', '0.0', '0.0', '0.0', '0.0', '0.0', '0.0', '0.0', '0.0', '0.0', '0.0', '0.0', '0.0', '0.0', '0.0', '0.0', '0.0', '0.0', '0.0', '0.0', '0.0', '0.0', '0.0', '0.0', '0.0', '0.0', '0.0', '0.0', '0.0', '0.0', '0.0', '0.0', '0.0', '0.0', '0.0', '0.0', '0.0', '0.0', '0.0', '0.0', '0.0', '0.0', '0.0', '0.0', '0.0', '0.0', '0.0', '0.0', '0.0', '0.0', '0.0', '0.0', '0.0', '0.0', '0.0', '0.0', '0.0', '0.0', '0.0', '0.0', '0.0', '0.0', '0.0', '0.0', '0.0', '0.0', '0.0', '0.0', '0.0', '0.0', '0.0', '0.0', '0.0', '0.0', '0.0', '0.0', '0.0', '0.0', '0.0', '0.0', '0.0', '0.0', '0.0', '0.0', '0.0', '0.0', '0.0', '0.0', '0.0', '0.0', '0.0', '0.0', '0.0', '0.0']

2023-04-05 14:47:46,892 => saving checkpoint to output/FreewayNoFrameskip-v4/a2c/freeway/seed_2
2023-04-05 14:48:05,320 Updates 1500, num timesteps 120080, FPS 431 
Last 10 training episodes: mean/median reward 0.0/0.0 min/max reward 0.0/0.0 dist entropy 1.1, value loss 0.0, action loss 0.0

2023-04-05 14:48:24,063 Updates 1750, num timesteps 140080, FPS 471 
Last 10 training episodes: mean/median reward 0.0/0.0 min/max reward 0.0/0.0 dist entropy 1.1, value loss 0.0, action loss -0.0

2023-04-05 14:48:43,105 Updates 2000, num timesteps 160080, FPS 506 
Last 10 training episodes: mean/median reward 0.0/0.0 min/max reward 0.0/0.0 dist entropy 1.1, value loss 0.0, action loss -0.0

2023-04-05 14:49:03,400 Updates 2250, num timesteps 180080, FPS 535 
Last 10 training episodes: mean/median reward 0.0/0.0 min/max reward 0.0/0.0 dist entropy 1.1, value loss 0.0, action loss 0.0

2023-04-05 14:49:22,749 Updates 2500, num timesteps 200080, FPS 562 
Last 10 training episodes: mean/median reward 0.0/0.0 min/max reward 0.0/0.0 dist entropy 1.1, value loss 0.0, action loss -0.0

2023-04-05 14:51:58,079 TEST: 200080, 21.51, 26.0, ['23.0', '23.0', '23.0', '22.0', '22.0', '22.0', '20.0', '20.0', '20.0', '21.0', '21.0', '20.0', '24.0', '24.0', '24.0', '21.0', '23.0', '23.0', '23.0', '21.0', '22.0', '20.0', '23.0', '21.0', '22.0', '21.0', '26.0', '22.0', '20.0', '20.0', '21.0', '24.0', '21.0', '20.0', '22.0', '20.0', '26.0', '23.0', '20.0', '21.0', '21.0', '19.0', '22.0', '21.0', '20.0', '21.0', '21.0', '20.0', '20.0', '21.0', '23.0', '23.0', '22.0', '21.0', '21.0', '22.0', '23.0', '22.0', '21.0', '20.0', '24.0', '21.0', '20.0', '20.0', '20.0', '20.0', '21.0', '22.0', '23.0', '21.0', '21.0', '23.0', '26.0', '21.0', '20.0', '21.0', '23.0', '20.0', '21.0', '21.0', '20.0', '26.0', '23.0', '21.0', '20.0', '21.0', '23.0', '21.0', '20.0', '20.0', '21.0', '21.0', '20.0', '21.0', '21.0', '20.0', '20.0', '20.0', '23.0', '21.0']

2023-04-05 14:51:58,080 => saving checkpoint to output/FreewayNoFrameskip-v4/a2c/freeway/seed_2
2023-04-05 14:52:12,808 Updates 2750, num timesteps 220080, FPS 418 
Last 10 training episodes: mean/median reward 0.0/0.0 min/max reward 0.0/0.0 dist entropy 1.1, value loss 0.0, action loss -0.0

2023-04-05 14:52:28,052 Updates 3000, num timesteps 240080, FPS 443 
Last 10 training episodes: mean/median reward 0.0/0.0 min/max reward 0.0/0.0 dist entropy 1.1, value loss 0.0, action loss -0.0

2023-04-05 14:52:42,824 Updates 3250, num timesteps 260080, FPS 467 
Last 10 training episodes: mean/median reward 0.0/0.0 min/max reward 0.0/0.0 dist entropy 1.1, value loss 0.0, action loss -0.0

2023-04-05 14:52:58,174 Updates 3500, num timesteps 280080, FPS 490 
Last 10 training episodes: mean/median reward 0.0/0.0 min/max reward 0.0/0.0 dist entropy 1.1, value loss 0.0, action loss -0.0

2023-04-05 14:53:13,318 Updates 3750, num timesteps 300080, FPS 511 
Last 10 training episodes: mean/median reward 0.1/0.0 min/max reward 0.0/1.0 dist entropy 1.1, value loss 0.0, action loss 0.0

2023-04-05 14:55:20,025 TEST: 300080, 21.51, 26.0, ['23.0', '23.0', '23.0', '22.0', '22.0', '22.0', '20.0', '20.0', '20.0', '21.0', '21.0', '20.0', '24.0', '24.0', '24.0', '21.0', '23.0', '23.0', '23.0', '21.0', '22.0', '20.0', '23.0', '21.0', '22.0', '21.0', '26.0', '22.0', '20.0', '20.0', '21.0', '24.0', '21.0', '20.0', '22.0', '20.0', '26.0', '23.0', '20.0', '21.0', '21.0', '19.0', '22.0', '21.0', '20.0', '21.0', '21.0', '20.0', '20.0', '21.0', '23.0', '23.0', '22.0', '21.0', '21.0', '22.0', '23.0', '22.0', '21.0', '20.0', '24.0', '21.0', '20.0', '20.0', '20.0', '20.0', '21.0', '22.0', '23.0', '21.0', '21.0', '23.0', '26.0', '21.0', '20.0', '21.0', '23.0', '20.0', '21.0', '21.0', '20.0', '26.0', '23.0', '21.0', '20.0', '21.0', '23.0', '21.0', '20.0', '20.0', '21.0', '21.0', '20.0', '21.0', '21.0', '20.0', '20.0', '20.0', '23.0', '21.0']

2023-04-05 14:55:20,026 => saving checkpoint to output/FreewayNoFrameskip-v4/a2c/freeway/seed_2
2023-04-05 14:55:34,711 Updates 4000, num timesteps 320080, FPS 439 
Last 10 training episodes: mean/median reward 0.1/0.0 min/max reward 0.0/1.0 dist entropy 1.1, value loss 0.0, action loss -0.0

2023-04-05 14:57:38,544 Updates 4250, num timesteps 340080, FPS 399 
Last 10 training episodes: mean/median reward 0.0/0.0 min/max reward 0.0/0.0 dist entropy 1.1, value loss 0.0, action loss -0.0
selfsup attention loss 0.14168

2023-04-05 14:59:26,922 Updates 4500, num timesteps 360080, FPS 375 
Last 10 training episodes: mean/median reward 0.0/0.0 min/max reward 0.0/0.0 dist entropy 1.1, value loss 0.0, action loss -0.0
selfsup attention loss 0.10104

2023-04-05 15:01:26,210 Updates 4750, num timesteps 380080, FPS 352 
Last 10 training episodes: mean/median reward 0.0/0.0 min/max reward 0.0/0.0 dist entropy 1.1, value loss 0.0, action loss -0.0
selfsup attention loss 0.10778

2023-04-05 15:03:29,917 Updates 5000, num timesteps 400080, FPS 332 
Last 10 training episodes: mean/median reward 0.0/0.0 min/max reward 0.0/0.0 dist entropy 1.1, value loss 0.0, action loss -0.0
selfsup attention loss 0.10796

2023-04-05 15:05:23,828 TEST: 400080, 0.0, 0.0, ['0.0', '0.0', '0.0', '0.0', '0.0', '0.0', '0.0', '0.0', '0.0', '0.0', '0.0', '0.0', '0.0', '0.0', '0.0', '0.0', '0.0', '0.0', '0.0', '0.0', '0.0', '0.0', '0.0', '0.0', '0.0', '0.0', '0.0', '0.0', '0.0', '0.0', '0.0', '0.0', '0.0', '0.0', '0.0', '0.0', '0.0', '0.0', '0.0', '0.0', '0.0', '0.0', '0.0', '0.0', '0.0', '0.0', '0.0', '0.0', '0.0', '0.0', '0.0', '0.0', '0.0', '0.0', '0.0', '0.0', '0.0', '0.0', '0.0', '0.0', '0.0', '0.0', '0.0', '0.0', '0.0', '0.0', '0.0', '0.0', '0.0', '0.0', '0.0', '0.0', '0.0', '0.0', '0.0', '0.0', '0.0', '0.0', '0.0', '0.0', '0.0', '0.0', '0.0', '0.0', '0.0', '0.0', '0.0', '0.0', '0.0', '0.0', '0.0', '0.0', '0.0', '0.0', '0.0', '0.0', '0.0', '0.0', '0.0', '0.0']

2023-04-05 15:05:23,830 => saving checkpoint to output/FreewayNoFrameskip-v4/a2c/freeway/seed_2
2023-04-05 15:07:26,113 Updates 5250, num timesteps 420080, FPS 291 
Last 10 training episodes: mean/median reward 0.0/0.0 min/max reward 0.0/0.0 dist entropy 1.1, value loss 0.0, action loss -0.0
selfsup attention loss 0.08363

2023-04-05 15:09:18,011 Updates 5500, num timesteps 440080, FPS 283 
Last 10 training episodes: mean/median reward 0.0/0.0 min/max reward 0.0/0.0 dist entropy 1.1, value loss 0.0, action loss -0.0
selfsup attention loss 0.09355

2023-04-05 15:11:10,830 Updates 5750, num timesteps 460080, FPS 276 
Last 10 training episodes: mean/median reward 0.0/0.0 min/max reward 0.0/0.0 dist entropy 1.1, value loss 0.0, action loss -0.0
selfsup attention loss 0.09013

2023-04-05 15:13:13,107 Updates 6000, num timesteps 480080, FPS 268 
Last 10 training episodes: mean/median reward 0.0/0.0 min/max reward 0.0/0.0 dist entropy 1.1, value loss 0.0, action loss -0.0
selfsup attention loss 0.06187

2023-04-05 15:15:15,764 Updates 6250, num timesteps 500080, FPS 261 
Last 10 training episodes: mean/median reward 0.0/0.0 min/max reward 0.0/0.0 dist entropy 1.1, value loss 0.0, action loss 0.0
selfsup attention loss 0.06725

2023-04-05 15:17:07,808 TEST: 500080, 0.0, 0.0, ['0.0', '0.0', '0.0', '0.0', '0.0', '0.0', '0.0', '0.0', '0.0', '0.0', '0.0', '0.0', '0.0', '0.0', '0.0', '0.0', '0.0', '0.0', '0.0', '0.0', '0.0', '0.0', '0.0', '0.0', '0.0', '0.0', '0.0', '0.0', '0.0', '0.0', '0.0', '0.0', '0.0', '0.0', '0.0', '0.0', '0.0', '0.0', '0.0', '0.0', '0.0', '0.0', '0.0', '0.0', '0.0', '0.0', '0.0', '0.0', '0.0', '0.0', '0.0', '0.0', '0.0', '0.0', '0.0', '0.0', '0.0', '0.0', '0.0', '0.0', '0.0', '0.0', '0.0', '0.0', '0.0', '0.0', '0.0', '0.0', '0.0', '0.0', '0.0', '0.0', '0.0', '0.0', '0.0', '0.0', '0.0', '0.0', '0.0', '0.0', '0.0', '0.0', '0.0', '0.0', '0.0', '0.0', '0.0', '0.0', '0.0', '0.0', '0.0', '0.0', '0.0', '0.0', '0.0', '0.0', '0.0', '0.0', '0.0', '0.0']

2023-04-05 15:17:07,810 => saving checkpoint to output/FreewayNoFrameskip-v4/a2c/freeway/seed_2
2023-04-05 15:19:07,473 Updates 6500, num timesteps 520080, FPS 242 
Last 10 training episodes: mean/median reward 0.0/0.0 min/max reward 0.0/0.0 dist entropy 1.1, value loss 0.0, action loss -0.0
selfsup attention loss 0.06241

2023-04-05 15:20:50,618 Updates 6750, num timesteps 540080, FPS 240 
Last 10 training episodes: mean/median reward 0.0/0.0 min/max reward 0.0/0.0 dist entropy 1.1, value loss 0.0, action loss 0.0
selfsup attention loss 0.05667

2023-04-05 15:22:54,315 Updates 7000, num timesteps 560080, FPS 236 
Last 10 training episodes: mean/median reward 0.0/0.0 min/max reward 0.0/0.0 dist entropy 1.1, value loss 0.0, action loss 0.0
selfsup attention loss 0.05920

2023-04-05 15:24:53,141 Updates 7250, num timesteps 580080, FPS 233 
Last 10 training episodes: mean/median reward 0.0/0.0 min/max reward 0.0/0.0 dist entropy 1.1, value loss 0.0, action loss -0.0
selfsup attention loss 0.05729

2023-04-05 15:26:57,166 Updates 7500, num timesteps 600080, FPS 229 
Last 10 training episodes: mean/median reward 0.0/0.0 min/max reward 0.0/0.0 dist entropy 1.1, value loss 0.0, action loss 0.0
selfsup attention loss 0.05306

2023-04-05 15:28:49,504 TEST: 600080, 0.0, 0.0, ['0.0', '0.0', '0.0', '0.0', '0.0', '0.0', '0.0', '0.0', '0.0', '0.0', '0.0', '0.0', '0.0', '0.0', '0.0', '0.0', '0.0', '0.0', '0.0', '0.0', '0.0', '0.0', '0.0', '0.0', '0.0', '0.0', '0.0', '0.0', '0.0', '0.0', '0.0', '0.0', '0.0', '0.0', '0.0', '0.0', '0.0', '0.0', '0.0', '0.0', '0.0', '0.0', '0.0', '0.0', '0.0', '0.0', '0.0', '0.0', '0.0', '0.0', '0.0', '0.0', '0.0', '0.0', '0.0', '0.0', '0.0', '0.0', '0.0', '0.0', '0.0', '0.0', '0.0', '0.0', '0.0', '0.0', '0.0', '0.0', '0.0', '0.0', '0.0', '0.0', '0.0', '0.0', '0.0', '0.0', '0.0', '0.0', '0.0', '0.0', '0.0', '0.0', '0.0', '0.0', '0.0', '0.0', '0.0', '0.0', '0.0', '0.0', '0.0', '0.0', '0.0', '0.0', '0.0', '0.0', '0.0', '0.0', '0.0', '0.0']

2023-04-05 15:28:49,506 => saving checkpoint to output/FreewayNoFrameskip-v4/a2c/freeway/seed_2
2023-04-05 15:30:37,273 Updates 7750, num timesteps 620080, FPS 219 
Last 10 training episodes: mean/median reward 0.0/0.0 min/max reward 0.0/0.0 dist entropy 1.1, value loss 0.0, action loss 0.0
selfsup attention loss 0.07730

2023-04-05 15:32:43,089 Updates 8000, num timesteps 640080, FPS 216 
Last 10 training episodes: mean/median reward 0.0/0.0 min/max reward 0.0/0.0 dist entropy 1.1, value loss 0.0, action loss -0.0
selfsup attention loss 0.05682

2023-04-05 15:34:43,805 Updates 8250, num timesteps 660080, FPS 214 
Last 10 training episodes: mean/median reward 0.0/0.0 min/max reward 0.0/0.0 dist entropy 1.1, value loss 0.0, action loss -0.0
selfsup attention loss 0.05727

2023-04-05 15:36:45,277 Updates 8500, num timesteps 680080, FPS 212 
Last 10 training episodes: mean/median reward 0.0/0.0 min/max reward 0.0/0.0 dist entropy 1.1, value loss 0.0, action loss 0.0
selfsup attention loss 0.07114

2023-04-05 15:38:51,871 Updates 8750, num timesteps 700080, FPS 210 
Last 10 training episodes: mean/median reward 0.0/0.0 min/max reward 0.0/0.0 dist entropy 1.1, value loss 0.0, action loss 0.0
selfsup attention loss 0.04932

2023-04-05 15:40:55,846 TEST: 700080, 0.0, 0.0, ['0.0', '0.0', '0.0', '0.0', '0.0', '0.0', '0.0', '0.0', '0.0', '0.0', '0.0', '0.0', '0.0', '0.0', '0.0', '0.0', '0.0', '0.0', '0.0', '0.0', '0.0', '0.0', '0.0', '0.0', '0.0', '0.0', '0.0', '0.0', '0.0', '0.0', '0.0', '0.0', '0.0', '0.0', '0.0', '0.0', '0.0', '0.0', '0.0', '0.0', '0.0', '0.0', '0.0', '0.0', '0.0', '0.0', '0.0', '0.0', '0.0', '0.0', '0.0', '0.0', '0.0', '0.0', '0.0', '0.0', '0.0', '0.0', '0.0', '0.0', '0.0', '0.0', '0.0', '0.0', '0.0', '0.0', '0.0', '0.0', '0.0', '0.0', '0.0', '0.0', '0.0', '0.0', '0.0', '0.0', '0.0', '0.0', '0.0', '0.0', '0.0', '0.0', '0.0', '0.0', '0.0', '0.0', '0.0', '0.0', '0.0', '0.0', '0.0', '0.0', '0.0', '0.0', '0.0', '0.0', '0.0', '0.0', '0.0', '0.0']

2023-04-05 15:40:55,848 => saving checkpoint to output/FreewayNoFrameskip-v4/a2c/freeway/seed_2
2023-04-05 15:43:00,337 Updates 9000, num timesteps 720080, FPS 201 
Last 10 training episodes: mean/median reward 0.0/0.0 min/max reward 0.0/0.0 dist entropy 1.1, value loss 0.0, action loss 0.0
selfsup attention loss 0.06066

2023-04-05 15:45:01,842 Updates 9250, num timesteps 740080, FPS 200 
Last 10 training episodes: mean/median reward 0.0/0.0 min/max reward 0.0/0.0 dist entropy 1.1, value loss 0.0, action loss -0.0
selfsup attention loss 0.05106

2023-04-05 15:47:04,311 Updates 9500, num timesteps 760080, FPS 199 
Last 10 training episodes: mean/median reward 0.0/0.0 min/max reward 0.0/0.0 dist entropy 1.1, value loss 0.0, action loss 0.0
selfsup attention loss 0.05176

2023-04-05 15:49:05,212 Updates 9750, num timesteps 780080, FPS 198 
Last 10 training episodes: mean/median reward 0.0/0.0 min/max reward 0.0/0.0 dist entropy 1.1, value loss 0.0, action loss -0.0
selfsup attention loss 0.04470

2023-04-05 15:51:03,197 Updates 10000, num timesteps 800080, FPS 197 
Last 10 training episodes: mean/median reward 0.0/0.0 min/max reward 0.0/0.0 dist entropy 1.1, value loss 0.0, action loss -0.0
selfsup attention loss 0.04444

2023-04-05 15:53:11,921 TEST: 800080, 0.0, 0.0, ['0.0', '0.0', '0.0', '0.0', '0.0', '0.0', '0.0', '0.0', '0.0', '0.0', '0.0', '0.0', '0.0', '0.0', '0.0', '0.0', '0.0', '0.0', '0.0', '0.0', '0.0', '0.0', '0.0', '0.0', '0.0', '0.0', '0.0', '0.0', '0.0', '0.0', '0.0', '0.0', '0.0', '0.0', '0.0', '0.0', '0.0', '0.0', '0.0', '0.0', '0.0', '0.0', '0.0', '0.0', '0.0', '0.0', '0.0', '0.0', '0.0', '0.0', '0.0', '0.0', '0.0', '0.0', '0.0', '0.0', '0.0', '0.0', '0.0', '0.0', '0.0', '0.0', '0.0', '0.0', '0.0', '0.0', '0.0', '0.0', '0.0', '0.0', '0.0', '0.0', '0.0', '0.0', '0.0', '0.0', '0.0', '0.0', '0.0', '0.0', '0.0', '0.0', '0.0', '0.0', '0.0', '0.0', '0.0', '0.0', '0.0', '0.0', '0.0', '0.0', '0.0', '0.0', '0.0', '0.0', '0.0', '0.0', '0.0', '0.0']

2023-04-05 15:53:11,923 => saving checkpoint to output/FreewayNoFrameskip-v4/a2c/freeway/seed_2
2023-04-05 15:55:19,196 Updates 10250, num timesteps 820080, FPS 190 
Last 10 training episodes: mean/median reward 0.0/0.0 min/max reward 0.0/0.0 dist entropy 1.1, value loss 0.0, action loss -0.0
selfsup attention loss 0.06909

2023-04-05 15:57:24,194 Updates 10500, num timesteps 840080, FPS 189 
Last 10 training episodes: mean/median reward 0.0/0.0 min/max reward 0.0/0.0 dist entropy 1.1, value loss 0.0, action loss 0.0
selfsup attention loss 0.06474

2023-04-05 15:59:28,768 Updates 10750, num timesteps 860080, FPS 188 
Last 10 training episodes: mean/median reward 0.0/0.0 min/max reward 0.0/0.0 dist entropy 1.1, value loss 0.0, action loss -0.0
selfsup attention loss 0.04619

2023-04-05 16:01:24,495 Updates 11000, num timesteps 880080, FPS 188 
Last 10 training episodes: mean/median reward 0.0/0.0 min/max reward 0.0/0.0 dist entropy 1.1, value loss 0.0, action loss 0.0
selfsup attention loss 0.05061

2023-04-05 16:03:16,041 Updates 11250, num timesteps 900080, FPS 187 
Last 10 training episodes: mean/median reward 0.0/0.0 min/max reward 0.0/0.0 dist entropy 1.1, value loss 0.0, action loss 0.0
selfsup attention loss 0.05420

2023-04-05 16:05:10,194 TEST: 900080, 0.0, 0.0, ['0.0', '0.0', '0.0', '0.0', '0.0', '0.0', '0.0', '0.0', '0.0', '0.0', '0.0', '0.0', '0.0', '0.0', '0.0', '0.0', '0.0', '0.0', '0.0', '0.0', '0.0', '0.0', '0.0', '0.0', '0.0', '0.0', '0.0', '0.0', '0.0', '0.0', '0.0', '0.0', '0.0', '0.0', '0.0', '0.0', '0.0', '0.0', '0.0', '0.0', '0.0', '0.0', '0.0', '0.0', '0.0', '0.0', '0.0', '0.0', '0.0', '0.0', '0.0', '0.0', '0.0', '0.0', '0.0', '0.0', '0.0', '0.0', '0.0', '0.0', '0.0', '0.0', '0.0', '0.0', '0.0', '0.0', '0.0', '0.0', '0.0', '0.0', '0.0', '0.0', '0.0', '0.0', '0.0', '0.0', '0.0', '0.0', '0.0', '0.0', '0.0', '0.0', '0.0', '0.0', '0.0', '0.0', '0.0', '0.0', '0.0', '0.0', '0.0', '0.0', '0.0', '0.0', '0.0', '0.0', '0.0', '0.0', '0.0', '0.0']

2023-04-05 16:05:10,195 => saving checkpoint to output/FreewayNoFrameskip-v4/a2c/freeway/seed_2
