2023-04-06 20:09:48,865 Namespace(TEST_MODEL_FILE=None, cfg='experiments/atari/time_top.yaml', eval_only=False, render=False, seed=1)
2023-04-06 20:09:48,866 {'AUTO_RESUME': False,
 'CUDNN': {'BENCHMARK': True, 'DETERMINISTIC': False, 'ENABLED': True},
 'DATASET': {'BRIGHTNESS_FACTOR': 0.0,
             'COLOR_RGB': True,
             'CONTRAST_FACTOR': 0.0,
             'DATASET': 'mpii',
             'GRAYSCALE': True,
             'HISTORY_INPUT': False,
             'HUE_FACTOR': 0.0,
             'HYBRID': False,
             'ROOT': '',
             'SAMPLE_2_FRAME': False,
             'SAMPLE_2_FRAME_OFFSET': 0,
             'SAMPLE_STEP': 1,
             'SAT_FACTOR': 0.0,
             'TEST_SET': 'valid',
             'TRAIN_SET': 'train',
             'TRANSFORM': False},
 'DATA_DIR': '',
 'DEBUG': {'DEBUG': False},
 'GPUS': '2',
 'LOG_DIR': 'log',
 'MODEL': {'HEATMAP_SIZE': [64, 64],
           'IGNORE_BACKGROUND': False,
           'IMAGE_SIZE': array([84, 84]),
           'INIT_WEIGHTS': True,
           'NAME': 'a2c',
           'PRETRAINED': '',
           'SIGMA': 1},
 'MODEL_FILE': '',
 'OUTPUT_DIR': 'output',
 'PIN_MEMORY': True,
 'PRINT_FREQ': 100,
 'RESUME': False,
 'SELFSUP_ATTENTION': {'AUTOENCODER_LOSS': True,
                       'BLOCK_IMAGE_FEAT_GRADIENT': False,
                       'DECODER_WITH_SIGMOID': True,
                       'GAUSS_STD': 0.1,
                       'HEATMAP_SPARSITY_LOSS': True,
                       'HEATMAP_SPARSITY_LOSS_WEIGHT': 0.001,
                       'KEYPOINTER_CLS_AGNOSTIC': True,
                       'NUM_KEYPOINTS': 7,
                       'RECONSTRUCT_LOSS_THRESHOLD': 0.01,
                       'SHARE_PARAMETERS': False,
                       'USE_INSTANCE_NORM': False,
                       'USE_LAYER_NORM': False},
 'TEST': {'BATCH_SIZE_PER_GPU': 32, 'MODEL_FILE': ''},
 'TRAIN': {'BATCH_SIZE_PER_GPU': 32,
           'BEGIN_EPOCH': 0,
           'CHECKPOINT': '',
           'END_EPOCH': 140,
           'GAMMA1': 0.99,
           'GAMMA2': 0.0,
           'LR': 0.001,
           'LR_FACTOR': 0.1,
           'LR_STEP': [90, 110],
           'MOMENTUM': 0.9,
           'NESTEROV': False,
           'OPTIMIZER': 'adam',
           'RESUME': False,
           'SHUFFLE': True,
           'WD': 0.0001},
 'WORKERS': 4,
 'algo': 'a2c',
 'alpha': 0.99,
 'block_selfsup_attention_grad': False,
 'bottom_up_downsample_mask': False,
 'bottom_up_downsample_mask_stride1': False,
 'bottom_up_form_num_of_objects': 10,
 'bottom_up_form_objects': False,
 'cuda': True,
 'cuda_deterministic': False,
 'entropy_coef': 0.01,
 'env_name': 'TimePilotNoFrameskip-v4',
 'env_num': 3,
 'eps': 1e-05,
 'eval_interval': 1250,
 'feat_add_selfsup_attention': True,
 'feat_from_selfsup_attention': False,
 'feat_mul_selfsup_attention_mask': True,
 'feat_mul_selfsup_attention_mask_residual': False,
 'feat_pool_with_selfsup_attention': False,
 'fix_feature': False,
 'gae_lambda': 0.95,
 'gail': False,
 'gail_batch_size': 128,
 'gail_epoch': 5,
 'gail_experts_dir': './gail_experts',
 'gamma': 0.99,
 'gaussian_std': 0.1,
 'hidden_size': 512,
 'log_interval': 250,
 'lr': 0.0007,
 'mask_threshold': -1.0,
 'max_grad_norm': 0.5,
 'no_cuda': False,
 'num_env_steps': 10000000,
 'num_processes': 16,
 'num_steps': 5,
 'ppo_epoch': 4,
 'recurrent_policy': False,
 'resized_size': 84,
 'save_dir': './trained_models/',
 'save_interval': 1250,
 'seed': 1,
 'selfsup_attention_feat_load_pretrained': True,
 'selfsup_attention_feat_masked': True,
 'selfsup_attention_feat_masked_residual': False,
 'selfsup_attention_fix': False,
 'selfsup_attention_fix_keypointer': False,
 'selfsup_attention_image_feat_only': False,
 'selfsup_attention_keyp_maps_pool': True,
 'selfsup_attention_multiframe': False,
 'selfsup_attention_pretrain': '',
 'sep_bg_fg_feat': False,
 'temperature': 0.07,
 'train_selfsup_attention': False,
 'train_selfsup_attention_batch_size': 256,
 'train_selfsup_attention_buffer_size': 10000,
 'use_gae': False,
 'use_layer_norm': False,
 'use_linear_lr_decay': False,
 'use_proper_time_limits': False,
 'value_loss_coef': 0.5,
 'weight_decay': 0.0}
2023-04-06 20:10:12,136 Updates 250, num timesteps 20080, FPS 1147 
Last 5 training episodes: mean/median reward 1320.0/700.0 min/max reward 500.0/4000.0 dist entropy 2.3, value loss 0.1, action loss 0.0

2023-04-06 20:10:29,295 Updates 500, num timesteps 40080, FPS 1156 
Last 10 training episodes: mean/median reward 3280.0/4200.0 min/max reward 700.0/4400.0 dist entropy 2.3, value loss 0.0, action loss -0.0

2023-04-06 20:10:45,018 Updates 750, num timesteps 60080, FPS 1192 
Last 10 training episodes: mean/median reward 3590.0/4200.0 min/max reward 600.0/7900.0 dist entropy 2.3, value loss 0.0, action loss 0.0

2023-04-06 20:11:01,269 Updates 1000, num timesteps 80080, FPS 1201 
Last 10 training episodes: mean/median reward 3960.0/4100.0 min/max reward 800.0/8000.0 dist entropy 2.3, value loss 0.0, action loss 0.1

2023-04-06 20:11:17,917 Updates 1250, num timesteps 100080, FPS 1201 
Last 10 training episodes: mean/median reward 2520.0/2400.0 min/max reward 400.0/4800.0 dist entropy 2.3, value loss 0.0, action loss -0.0

2023-04-06 20:12:23,616 TEST: 100080, 415.84158415841586, 500.0, ['500.0', '500.0', '500.0', '500.0', '500.0', '500.0', '500.0', '500.0', '500.0', '500.0', '500.0', '500.0', '500.0', '500.0', '500.0', '500.0', '400.0', '400.0', '400.0', '400.0', '400.0', '400.0', '400.0', '400.0', '400.0', '400.0', '400.0', '400.0', '400.0', '400.0', '400.0', '400.0', '400.0', '400.0', '400.0', '400.0', '400.0', '400.0', '400.0', '400.0', '400.0', '400.0', '400.0', '400.0', '400.0', '400.0', '400.0', '400.0', '400.0', '400.0', '400.0', '400.0', '400.0', '400.0', '400.0', '400.0', '400.0', '400.0', '400.0', '400.0', '400.0', '400.0', '400.0', '400.0', '400.0', '400.0', '400.0', '400.0', '400.0', '400.0', '400.0', '400.0', '400.0', '400.0', '400.0', '400.0', '400.0', '400.0', '400.0', '400.0', '400.0', '400.0', '400.0', '400.0', '400.0', '400.0', '400.0', '400.0', '400.0', '400.0', '400.0', '400.0', '400.0', '400.0', '400.0', '400.0', '400.0', '400.0', '400.0', '400.0', '400.0']

2023-04-06 20:12:23,622 => saving checkpoint to output/TimePilotNoFrameskip-v4/a2c/time_top/seed_1
2023-04-06 20:12:41,059 Updates 1500, num timesteps 120080, FPS 721 
Last 10 training episodes: mean/median reward 1910.0/850.0 min/max reward 500.0/8100.0 dist entropy 2.3, value loss 0.0, action loss 0.0

2023-04-06 20:12:58,949 Updates 1750, num timesteps 140080, FPS 760 
Last 10 training episodes: mean/median reward 3760.0/4050.0 min/max reward 900.0/8100.0 dist entropy 2.3, value loss 0.0, action loss -0.2

2023-04-06 20:13:17,468 Updates 2000, num timesteps 160080, FPS 789 
Last 10 training episodes: mean/median reward 4170.0/4500.0 min/max reward 600.0/8200.0 dist entropy 2.3, value loss 0.0, action loss -0.1

2023-04-06 20:13:34,873 Updates 2250, num timesteps 180080, FPS 817 
Last 10 training episodes: mean/median reward 4050.0/4500.0 min/max reward 800.0/4700.0 dist entropy 2.3, value loss 0.0, action loss -0.1

2023-04-06 20:13:52,191 Updates 2500, num timesteps 200080, FPS 842 
Last 10 training episodes: mean/median reward 4100.0/4150.0 min/max reward 900.0/8100.0 dist entropy 2.3, value loss 0.1, action loss 0.1

2023-04-06 20:15:00,399 TEST: 200080, 415.84158415841586, 500.0, ['500.0', '500.0', '500.0', '500.0', '500.0', '500.0', '500.0', '500.0', '500.0', '500.0', '500.0', '500.0', '500.0', '500.0', '500.0', '500.0', '400.0', '400.0', '400.0', '400.0', '400.0', '400.0', '400.0', '400.0', '400.0', '400.0', '400.0', '400.0', '400.0', '400.0', '400.0', '400.0', '400.0', '400.0', '400.0', '400.0', '400.0', '400.0', '400.0', '400.0', '400.0', '400.0', '400.0', '400.0', '400.0', '400.0', '400.0', '400.0', '400.0', '400.0', '400.0', '400.0', '400.0', '400.0', '400.0', '400.0', '400.0', '400.0', '400.0', '400.0', '400.0', '400.0', '400.0', '400.0', '400.0', '400.0', '400.0', '400.0', '400.0', '400.0', '400.0', '400.0', '400.0', '400.0', '400.0', '400.0', '400.0', '400.0', '400.0', '400.0', '400.0', '400.0', '400.0', '400.0', '400.0', '400.0', '400.0', '400.0', '400.0', '400.0', '400.0', '400.0', '400.0', '400.0', '400.0', '400.0', '400.0', '400.0', '400.0', '400.0', '400.0']

2023-04-06 20:15:00,401 => saving checkpoint to output/TimePilotNoFrameskip-v4/a2c/time_top/seed_1
2023-04-06 20:15:18,446 Updates 2750, num timesteps 220080, FPS 679 
Last 10 training episodes: mean/median reward 3940.0/4300.0 min/max reward 1000.0/4500.0 dist entropy 2.3, value loss 0.0, action loss 0.1

2023-04-06 20:15:36,495 Updates 3000, num timesteps 240080, FPS 702 
Last 10 training episodes: mean/median reward 4410.0/4400.0 min/max reward 4100.0/4800.0 dist entropy 2.3, value loss 0.0, action loss 0.1

2023-04-06 20:15:54,300 Updates 3250, num timesteps 260080, FPS 723 
Last 10 training episodes: mean/median reward 3600.0/4150.0 min/max reward 300.0/7800.0 dist entropy 2.3, value loss 0.1, action loss 0.2

2023-04-06 20:16:12,355 Updates 3500, num timesteps 280080, FPS 741 
Last 10 training episodes: mean/median reward 3460.0/4100.0 min/max reward 600.0/4700.0 dist entropy 2.3, value loss 0.0, action loss -0.0

2023-04-06 20:16:31,435 Updates 3750, num timesteps 300080, FPS 756 
Last 10 training episodes: mean/median reward 3690.0/4200.0 min/max reward 700.0/8400.0 dist entropy 2.3, value loss 0.0, action loss -0.0

2023-04-06 20:18:23,361 TEST: 300080, 487.0, 500.0, ['400.0', '400.0', '400.0', '400.0', '400.0', '400.0', '400.0', '400.0', '400.0', '400.0', '400.0', '400.0', '400.0', '500.0', '500.0', '500.0', '500.0', '500.0', '500.0', '500.0', '500.0', '500.0', '500.0', '500.0', '500.0', '500.0', '500.0', '500.0', '500.0', '500.0', '500.0', '500.0', '500.0', '500.0', '500.0', '500.0', '500.0', '500.0', '500.0', '500.0', '500.0', '500.0', '500.0', '500.0', '500.0', '500.0', '500.0', '500.0', '500.0', '500.0', '500.0', '500.0', '500.0', '500.0', '500.0', '500.0', '500.0', '500.0', '500.0', '500.0', '500.0', '500.0', '500.0', '500.0', '500.0', '500.0', '500.0', '500.0', '500.0', '500.0', '500.0', '500.0', '500.0', '500.0', '500.0', '500.0', '500.0', '500.0', '500.0', '500.0', '500.0', '500.0', '500.0', '500.0', '500.0', '500.0', '500.0', '500.0', '500.0', '500.0', '500.0', '500.0', '500.0', '500.0', '500.0', '500.0', '500.0', '500.0', '500.0', '500.0']

2023-04-06 20:18:23,363 => saving checkpoint to output/TimePilotNoFrameskip-v4/a2c/time_top/seed_1
2023-04-06 20:18:40,972 Updates 4000, num timesteps 320080, FPS 608 
Last 10 training episodes: mean/median reward 3890.0/4050.0 min/max reward 900.0/7800.0 dist entropy 2.3, value loss 0.0, action loss -0.0

2023-04-06 20:18:58,427 Updates 4250, num timesteps 340080, FPS 625 
Last 10 training episodes: mean/median reward 3500.0/4100.0 min/max reward 400.0/4800.0 dist entropy 2.3, value loss 0.0, action loss -0.0

2023-04-06 20:19:16,202 Updates 4500, num timesteps 360080, FPS 641 
Last 10 training episodes: mean/median reward 3900.0/4050.0 min/max reward 800.0/8200.0 dist entropy 2.3, value loss 0.0, action loss 0.1

2023-04-06 20:19:34,490 Updates 4750, num timesteps 380080, FPS 655 
Last 10 training episodes: mean/median reward 2540.0/2500.0 min/max reward 800.0/4700.0 dist entropy 2.3, value loss 0.1, action loss 0.1

2023-04-06 20:19:53,822 Updates 5000, num timesteps 400080, FPS 667 
Last 10 training episodes: mean/median reward 3710.0/4350.0 min/max reward 700.0/8000.0 dist entropy 2.3, value loss 0.0, action loss -0.0

2023-04-06 20:21:47,576 TEST: 400080, 487.0, 500.0, ['400.0', '400.0', '400.0', '400.0', '400.0', '400.0', '400.0', '400.0', '400.0', '400.0', '400.0', '400.0', '400.0', '500.0', '500.0', '500.0', '500.0', '500.0', '500.0', '500.0', '500.0', '500.0', '500.0', '500.0', '500.0', '500.0', '500.0', '500.0', '500.0', '500.0', '500.0', '500.0', '500.0', '500.0', '500.0', '500.0', '500.0', '500.0', '500.0', '500.0', '500.0', '500.0', '500.0', '500.0', '500.0', '500.0', '500.0', '500.0', '500.0', '500.0', '500.0', '500.0', '500.0', '500.0', '500.0', '500.0', '500.0', '500.0', '500.0', '500.0', '500.0', '500.0', '500.0', '500.0', '500.0', '500.0', '500.0', '500.0', '500.0', '500.0', '500.0', '500.0', '500.0', '500.0', '500.0', '500.0', '500.0', '500.0', '500.0', '500.0', '500.0', '500.0', '500.0', '500.0', '500.0', '500.0', '500.0', '500.0', '500.0', '500.0', '500.0', '500.0', '500.0', '500.0', '500.0', '500.0', '500.0', '500.0', '500.0', '500.0']

2023-04-06 20:21:47,578 => saving checkpoint to output/TimePilotNoFrameskip-v4/a2c/time_top/seed_1
2023-04-06 20:22:05,708 Updates 5250, num timesteps 420080, FPS 574 
Last 10 training episodes: mean/median reward 2980.0/4150.0 min/max reward 700.0/4600.0 dist entropy 2.3, value loss 0.0, action loss -0.0

